procs -----------memory---------- ---swap-- -----io---- -system-- ----cpu----
 r  b   swpd   free   buff  cache   si   so    bi    bo   in   cs us sy id wa
 2  0      0 14838796 621732 7442780    0    0     2   151   21   11  0  0 99  0
 0  0      0 14949836 621944 7329004    0    0     0 101516 1512 1574  5  1 94  0
 1  0      0 14952220 621944 7329628    0    0     0 26250  844 1177  3  0 97  0
 1  0      0 14876472 621944 7402052    0    0     0     0  862 1110  6  1 93  0
 0  0      0 14947068 621952 7333716    0    0     0 105768 1161 1211  3  1 95  1
 0  0      0 14948600 621952 7333980    0    0     0   198  851 1127  0  0 99  0
 0  0      0 14944120 621960 7334252    0    0     0   188  762 1238  1  0 99  0
 0  0      0 14947804 621960 7334020    0    0     0     0  663 1139  0  0 100  0
 0  0      0 14946336 621960 7334044    0    0     0     0  712 1167  1  0 99  0
 0  0      0 14947452 621960 7334300    0    0     0    34  819 1236  1  0 99  0
 0  0      0 14949904 621960 7334052    0    0     0     8  431  797  0  0 100  0
 0  0      0 14945656 621960 7334060    0    0     0    28  651 1097  0  0 99  0
 1  0      0 14950420 621960 7334064    0    0     0     0  504  923  0  0 100  0
 0  0      0 14949756 621960 7334064    0    0     0     0  672 1091  1  0 99  0
 0  0      0 14948952 621960 7334316    0    0     0   680  623 1047  0  0 99  0
 0  0      0 14949436 621960 7334068    0    0     0     0  526  930  0  0 100  0
 1  0      0 14944352 621960 7334072    0    0     0    26  603  992  0  0 99  0
 0  0      0 14949280 621964 7334072    0    0     0   244  590 1009  0  0 100  0
 0  0      0 14949180 621964 7334072    0    0     0     0  522  906  0  0 100  0
 0  0      0 14948724 621964 7334080    0    0     0    46  627 1091  0  0 99  0
 0  0      0 14948464 621964 7334080    0    0     0     0  495  886  0  0 100  0
procs -----------memory---------- ---swap-- -----io---- -system-- ----cpu----
 r  b   swpd   free   buff  cache   si   so    bi    bo   in   cs us sy id wa
 2  0      0 14944152 621964 7334332    0    0     0    30  700 1200  1  0 99  0
 0  0      0 14949440 621964 7334084    0    0     0   186  668 1139  1  0 99  0
 0  0      0 14948788 621964 7334084    0    0     0     0  782 1099  0  0 100  0
 0  0      0 14947984 621964 7334340    0    0     0    40  924 1425  1  0 99  0
 0  0      0 14948356 621964 7334088    0    0     0     0  440  823  0  0 100  0
 0  0      0 14941204 621976 7334364    0    0     0  3654  784 1098  2  0 98  0
 0  0      0 14945876 622044 7334544    0    0     0 32232  754 1107  1  1 98  0
 0  0      0 14946164 622044 7334280    0    0     0     0  633  961  0  0 100  0
 0  0      0 14946752 622056 7334536    0    0     0   142  696 1205  0  0 99  0
 0  0      0 14947092 622056 7334284    0    0     0   192  509  913  0  0 100  0
 0  0      0 14944672 622056 7334292    0    0     0    38  709 1097  1  0 99  0
 0  0      0 14949504 622056 7334288    0    0     0    94  561  996  0  0 100  0
 0  0      0 14949388 622056 7334288    0    0     0     0  551  897  0  0 100  0
 0  0      0 14949456 622056 7334544    0    0     0    30  681 1163  1  0 99  0
 0  0      0 14949628 622056 7334296    0    0     0   190  498  873  0  0 100  0
 0  0      0 14944792 622056 7334548    0    0     0    40  633 1063  0  0 99  0
 1  0      0 14948072 622056 7334300    0    0     0   182  628 1106  1  0 99  0
 0  0      0 14948712 622056 7334308    0    0     0     0  664 1084  0  0 100  0
 0  0      0 14949200 622060 7334304    0    0     0    52  777 1255  1  0 99  0
 0  0      0 14948540 622060 7334316    0    0     0     0  494  894  0  0 100  0
 0  0      0 14945400 622060 7334324    0    0     0    32  522  918  0  0 100  0
procs -----------memory---------- ---swap-- -----io---- -system-- ----cpu----
 r  b   swpd   free   buff  cache   si   so    bi    bo   in   cs us sy id wa
 1  0      0 14949024 622060 7334320    0    0     0   198  763 1078  0  0 100  0
 0  0      0 14948996 622060 7334320    0    0     0     0  597 1012  0  0 99  0
 0  0      0 14949476 622060 7334320    0    0     0    44  609 1050  1  0 99  0
 0  0      0 14947748 622060 7334328    0    0     0   182  673 1106  1  0 99  0
 0  0      0 14943676 622060 7334576    0    0     0    40  723 1065  0  0 99  0
 1  0      0 14945932 622064 7334328    0    0     0     8  543  962  0  0 100  0
 0  0      0 14945328 622064 7334328    0    0     0     0  567  965  0  0 100  0
 0  0      0 14945584 622064 7334336    0    0     0    30  562 1002  0  0 100  0
 0  0      0 14947640 622064 7334336    0    0     0   198  585  985  0  0 100  0
 0  0      0 14944004 622068 7334588    0    0     0    48  629 1055  1  0 99  0
 1  0      0 14948368 622068 7334340    0    0     0   192  548  955  0  0 100  0
 0  0      0 14947236 622068 7334344    0    0     0     0  670 1136  0  0 99  0
 0  0      0 14948032 622068 7334348    0    0     0    36  725 1176  1  0 99  0
 0  0      0 14947332 622068 7334348    0    0     0   174  549  985  0  0 100  0
 0  0      0 14940872 622072 7334608    0    0     0    40  765 1137  2  0 98  0
 3  0      0 14945912 622108 7334592    0    0     0 32428  740 1006  2  1 98  0
 0  0      0 14946188 622108 7334500    0    0     0     0  562  949  0  0 100  0
 0  0      0 14946568 622108 7334508    0    0     0   130  665 1146  1  0 99  0
 0  0      0 14946500 622108 7334512    0    0     0     0  498  900  0  0 100  0
 0  0      0 14943512 622112 7334512    0    0     0    32  960 1284  0  0 99  0
 0  0      0 14947224 622112 7334516    0    0     0   214  509  887  0  0 100  0
procs -----------memory---------- ---swap-- -----io---- -system-- ----cpu----
 r  b   swpd   free   buff  cache   si   so    bi    bo   in   cs us sy id wa
 1  0      0 14947288 622112 7334516    0    0     0    10  506  886  0  0 100  0
 0  0      0 14947356 622112 7334520    0    0     0    44  636 1096  1  0 99  0
 0  0      0 14946956 622112 7334520    0    0     0     0  589  923  0  0 100  0
 0  0      0 14944540 622112 7334520    0    0     0    32  697 1137  1  0 99  0
 0  0      0 14947532 622112 7334532    0    0     0   192  542  944  0  0 100  0
 0  0      0 14946624 622112 7334540    0    0     0     0  643 1097  0  0 100  0
 0  0      0 14945380 622112 7334540    0    0     0    40  787 1273  1  0 99  0
 0  0      0 14945896 622112 7334540    0    0     0   178  448  811  0  0 100  0
 0  0      0 14941028 622112 7334796    0    0     0    34  632 1059  1  0 99  0
 0  0      0 14946044 622112 7334544    0    0     0   172  489  896  0  0 100  0
 0  0      0 14945952 622112 7334544    0    0     0     0  539  918  0  0 100  0
 0  0      0 14945456 622112 7334548    0    0     0   110  666 1143  1  0 99  0
 0  0      0 14945392 622112 7334548    0    0     0   170  510  891  0  0 100  0
 0  0      0 14942240 622112 7334804    0    0     0    38  685 1087  0  0 100  0
 0  0      0 14946472 622112 7334552    0    0     0   188  565  960  0  0 100  0
 0  0      0 14946568 622112 7334552    0    0     0     0  513  894  0  0 100  0
 0  0      0 14945384 622112 7334808    0    0     0    36  595 1037  1  0 99  0
 0  0      0 14945660 622112 7334556    0    0     0     0  764 1064  0  0 100  0
 0  0      0 14942152 622112 7334808    0    0     0    28  634 1095  0  0 99  0
 0  0      0 14945544 622112 7334560    0    0     0   186  617 1053  0  0 100  0
 0  0      0 14945448 622112 7334564    0    0     0     0  618 1044  0  0 100  0
procs -----------memory---------- ---swap-- -----io---- -system-- ----cpu----
 r  b   swpd   free   buff  cache   si   so    bi    bo   in   cs us sy id wa
 1  0      0 14946108 622116 7334572    0    0     0    44  810 1240  1  0 99  0
 0  0      0 14945384 622116 7334572    0    0     0   182  550  962  0  0 100  0
 0  0      0 14940284 622116 7334832    0    0     0    40  738 1093  2  0 98  0
 0  0      0 14944332 622144 7334604    0    0     0 32366  786 1057  1  1 98  0
 0  0      0 14944036 622144 7334716    0    0     0     0  595  968  0  0 99  0
 0  0      0 14945700 622148 7334716    0    0     0   126  619 1075  0  0 99  0
 0  0      0 14944964 622148 7334720    0    0     0     0  557  982  0  0 100  0
 0  0      0 14941636 622152 7334976    0    0     0    28  612 1004  0  0 100  0
 0  0      0 14945396 622152 7334724    0    0     0   200  572  977  0  0 100  0
 0  0      0 14945140 622152 7334724    0    0     0     0  555  911  0  0 100  0
 0  0      0 14945324 622156 7334984    0    0     0    42  562  980  0  0 100  0
 0  0      0 14945324 622156 7334732    0    0     0   184  538  927  0  0 100  0
 1  0      0 14941968 622156 7334732    0    0     0    40  583  983  0  0 100  0
 0  0      0 14944932 622156 7334732    0    0     0   178  614 1046  1  0 99  0
 0  0      0 14944736 622156 7334744    0    0     0     0  965 1334  0  0 100  0
 0  0      0 14944176 622156 7334744    0    0     0    48  676 1108  0  0 99  0
 0  0      0 14943832 622156 7334752    0    0     0     0  440  823  0  0 100  0
 0  0      0 14940832 622156 7335004    0    0     0    32  583 1002  0  0 99  0
 0  0      0 14943804 622156 7335004    0    0     0   194  496  887  0  0 100  0
 0  0      0 14944080 622156 7334756    0    0     0     0  724 1101  0  0 100  0
 0  0      0 14945200 622156 7335012    0    0     0    44  622 1075  0  0 100  0
procs -----------memory---------- ---swap-- -----io---- -system-- ----cpu----
 r  b   swpd   free   buff  cache   si   so    bi    bo   in   cs us sy id wa
 1  0      0 14944904 622156 7334760    0    0     0   188  507  891  0  0 100  0
 0  0      0 14940936 622156 7335008    0    0     0   106  716 1114  0  0 100  0
 0  0      0 14945184 622156 7335012    0    0     0     0  487  867  0  0 100  0
 0  0      0 14944548 622156 7334760    0    0     0     0  590 1014  0  0 100  0
 0  0      0 14944124 622156 7335016    0    0     0    30  572  992  1  0 99  0
 0  0      0 14944324 622156 7334768    0    0     0   188  452  795  0  0 100  0
 0  0      0 14939144 622156 7335024    0    0     0    38  659 1116  1  0 99  0
 0  0      0 14943736 622156 7334772    0    0     0     0  500  897  0  0 100  0
 0  0      0 14943184 622156 7334776    0    0     0     0  696 1173  0  0 100  0
 0  0      0 14942712 622156 7334776    0    0     0    34  753 1198  1  0 99  0
 0  0      0 14943664 622156 7334776    0    0     0   186  454  827  0  0 100  0
 0  0      0 14936176 622176 7334940    0    0     0  3676  817 1162  2  0 97  0
 0  0      0 14942124 622252 7334940    0    0     0 32434  980 1130  1  1 98  0
 0  0      0 14942292 622252 7334940    0    0     0     0  555  934  0  0 100  0
 0  0      0 14943892 622252 7334692    0    0     0   132  652 1132  0  0 99  0
 0  0      0 14943604 622252 7334948    0    0     0   188  489  863  0  0 100  0
 0  0      0 14939628 622252 7335200    0    0     0    38  778 1131  1  0 99  0
 0  0      0 14943456 622252 7334952    0    0     0     0  543  948  0  0 100  0
 0  0      0 14943192 622256 7334952    0    0     0    10  521  907  0  0 100  0
 0  0      0 14943148 622256 7334960    0    0     0    32  650 1128  1  0 99  0
 0  0      0 14942928 622256 7334960    0    0     0   192  506  848  0  0 100  0
procs -----------memory---------- ---swap-- -----io---- -system-- ----cpu----
 r  b   swpd   free   buff  cache   si   so    bi    bo   in   cs us sy id wa
 1  0      0 14939784 622256 7335212    0    0     0    42  578  993  0  0 99  0
 0  0      0 14942392 622256 7334964    0    0     0   180  631 1081  1  0 99  0
 0  0      0 14936972 622256 7335288    0    0     0     0 1479 2085  2  0 97  0
 0  0      0 14934992 622256 7335640    0    0     0    40  908 1377  1  0 99  0
 0  0      0 14934576 622256 7335432    0    0     0     8  613 1021  0  0 100  0
 0  0      0 14929852 622256 7335736    0    0     0   388  754 1179  1  0 99  0
 0  0      0 14935756 622256 7335516    0    0     0     0  600 1059  0  0 99  0
 0  0      0 14935336 622256 7335552    0    0     0    24  747 1165  1  0 99  0
 0  0      0 14935024 622256 7335608    0    0     0    28  852 1332  2  0 98  0
 0  0      0 14934732 622256 7335608    0    0     0   194  526  917  0  0 100  0
 0  0      0 14931356 622260 7335628    0    0     0    52  954 1243  1  0 99  0
 1  0      0 14935196 622260 7335644    0    0     0     0  497  896  0  0 100  0
 0  0      0 14934800 622260 7335648    0    0     0     8  550  958  0  0 100  0
 0  0      0 14933404 622260 7335652    0    0     0    32  574 1013  0  0 100  0
 0  0      0 14934112 622260 7335656    0    0     0   194  685 1052  0  0 100  0
 0  0      0 14929496 622260 7335760    0    0     0    42  601 1033  0  0 100  0
 0  0      0 14933376 622260 7335660    0    0     0     0  542  971  0  0 100  0
 0  0      0 14933652 622260 7335660    0    0     0     0  667 1136  0  0 100  0
 0  0      0 14932076 622260 7335916    0    0     0    26  737 1154  1  0 99  0
 3  0      0 14934224 622260 7335668    0    0     0   190  521  926  0  0 100  0
 0  0      0 14927484 622260 7336184    0    0     0    40  788 1171  2  0 98  0
procs -----------memory---------- ---swap-- -----io---- -system-- ----cpu----
 r  b   swpd   free   buff  cache   si   so    bi    bo   in   cs us sy id wa
 1  0      0 14931516 622304 7335896    0    0     0 32690  659  965  1  1 98  0
 1  0      0 14931876 622304 7335792    0    0     0     0  619 1022  0  0 99  0
 0  0      0 14931792 622316 7336048    0    0     0   152  895 1289  1  0 99  0
 0  0      0 14933124 622316 7335800    0    0     0   296  549  956  0  0 99  0
 0  0      0 14929700 622324 7335792    0    0     0    52  664 1065  0  0 99  0
 0  0      0 14932860 622324 7335804    0    0     0     0  476  851  0  0 100  0
 0  0      0 14932688 622324 7335804    0    0     0     0  604 1023  0  0 99  0
 0  0      0 14932648 622324 7336060    0    0     0    32  570  989  0  0 100  0
 0  0      0 14932988 622324 7335808    0    0     0   192  850 1145  0  0 100  0
 0  0      0 14929276 622324 7336056    0    0     0    44  584  991  0  0 99  0
 0  0      0 14933472 622324 7335812    0    0     0   182  545  948  0  0 100  0
 0  0      0 14932344 622324 7335816    0    0     0     0  652 1111  0  0 99  0
 0  0      0 14932688 622328 7336072    0    0     0    46  941 1371  1  0 99  0
 0  0      0 14933016 622328 7335824    0    0     0     0  449  828  0  0 100  0
 0  0      0 14929384 622332 7336076    0    0     0    32  635 1061  0  0 99  0
 0  0      0 14932608 622332 7336080    0    0     0   188  495  892  0  0 100  0
 0  0      0 14932672 622332 7335828    0    0     0     0  584  937  0  0 100  0
 0  0      0 14931728 622332 7336088    0    0     0    42  673 1148  0  0 99  0
 0  0      0 14931968 622332 7335836    0    0     0   192  482  856  0  0 100  0
 0  0      0 14928924 622332 7336088    0    0     0    36  784 1247  0  0 100  0
 0  0      0 14932524 622336 7335836    0    0     0    20  488  870  0  0 100  0
procs -----------memory---------- ---swap-- -----io---- -system-- ----cpu----
 r  b   swpd   free   buff  cache   si   so    bi    bo   in   cs us sy id wa
 1  0      0 14932592 622336 7335840    0    0     0     0  515  892  0  0 100  0
 0  0      0 14931916 622336 7336096    0    0     0    32  619 1073  0  0 99  0
 0  0      0 14929724 622336 7335944    0    0     0   190  769 1131  1  0 99  0
 0  0      0 14924320 622340 7336412    0    0     0    38  697 1156  1  0 99  0
 0  0      0 14928604 622344 7336168    0    0     0   182  502  901  0  0 100  0
 0  0      0 14928640 622344 7336172    0    0     0   180  856 1191  0  0 100  0
 0  0      0 14927940 622344 7336344    0    0     0    40  809 1315  1  0 99  0
 0  0      0 14928648 622352 7336180    0    0     0    14  444  830  0  0 100  0
 1  0      0 14877004 622352 7381844    0    0     0    48  821 1181  2  1 97  0
 0  0      0 14928904 622372 7336536    0    0     0 27874  609  909  0  0 99  0
 0  0      0 14929696 622380 7336276    0    0     0   260  632  950  0  0 100  0
 0  0      0 14929184 622384 7336284    0    0     0    46  647 1115  1  0 99  0
 0  0      0 14928712 622384 7336320    0    0     0   182  715 1145  1  0 99  0
 0  0      0 14923616 622388 7336624    0    0     0    38  781 1191  1  0 99  0
 0  0      0 14929924 622396 7336372    0    0     0    10  528  942  0  0 100  0
 0  0      0 14924772 622396 7336404    0    0     0     0  705 1040  3  0 97  0
 0  0      0 14925732 622396 7336680    0    0     0    32  662 1080  1  0 99  0
 0  0      0 14929572 622396 7336452    0    0     0   200  553  933  0  0 100  0
 0  0      0 14925404 622396 7336724    0    0     0    44  663 1089  1  0 99  0
 0  0      0 14929424 622396 7336492    0    0     0    62  734 1203  1  0 99  0
 0  0      0 14929132 622396 7336536    0    0     0   190  712 1143  0  0 100  0
procs -----------memory---------- ---swap-- -----io---- -system-- ----cpu----
 r  b   swpd   free   buff  cache   si   so    bi    bo   in   cs us sy id wa
 1  0      0 14930048 622400 7336792    0    0     0    48  675 1123  0  0 100  0
 0  0      0 14929008 622400 7336792    0    0     0     4  503  906  0  0 100  0
 0  0      0 14925692 622400 7337044    0    0     0    32  527  921  0  0 100  0
 0  0      0 14929272 622404 7336548    0    0     0    12  820 1162  0  0 99  0
 0  0      0 14929156 622404 7336556    0    0     0   192  545  905  0  0 100  0
 0  0      0 14929060 622404 7336560    0    0     0    44  598 1030  0  0 99  0
 0  0      0 14926276 622404 7336560    0    0     0   292  554  957  0  0 100  0
 0  0      0 14922924 622408 7336804    0    0     0    34  779 1162  1  0 99  0
 0  0      0 14925772 622416 7336560    0    0     0    18  503  898  0  0 100  0
 0  0      0 14927784 622416 7336560    0    0     0   180  593  982  0  0 100  0
 0  0      0 14928200 622416 7336812    0    0     0    34  554  979  0  0 100  0
 0  0      0 14928264 622420 7336560    0    0     0   174  503  850  0  0 100  0
 0  0      0 14925140 622420 7336560    0    0     0    30  637 1067  1  0 99  0
 0  0      0 14927520 622420 7336564    0    0     0     0  565 1009  0  0 100  0
 0  0      0 14928124 622420 7336568    0    0     0   170  677 1121  0  0 100  0
 0  0      0 14928336 622420 7336824    0    0     0    36  736 1197  1  0 99  0
 0  0      0 14928304 622420 7336824    0    0     0   194  459  825  0  0 100  0
 1  0      0 14894604 622420 7365484    0    0     0    52  797 1150  2  0 97  0
 2  0      0 14926040 622472 7336724    0    0     0 32430 1034 1394  2  1 98  0
 0  0      0 14922016 622472 7336724    0    0     0   284 1097 1704  1  0 99  0
 0  0      0 14921916 622472 7336728    0    0     0    40  650 1107  1  0 99  0
procs -----------memory---------- ---swap-- -----io---- -system-- ----cpu----
 r  b   swpd   free   buff  cache   si   so    bi    bo   in   cs us sy id wa
 1  0      0 14922084 622472 7336728    0    0     0     0  464  841  0  0 100  0
 0  0      0 14921420 622476 7336724    0    0     0    40 1017 1396  1  0 99  0
 0  0      0 14925540 622476 7336728    0    0     0     0  465  841  0  0 100  0
 0  0      0 14924704 622476 7336728    0    0     0   196  627 1036  0  0 100  0
 0  0      0 14925564 622480 7336736    0    0     0    36  570  995  0  0 100  0
 0  0      0 14925548 622480 7336736    0    0     0   182  577  891  0  0 100  0
 0  0      0 14920532 622484 7336740    0    0     0    44  652 1095  1  0 99  0
 0  0      0 14924536 622484 7336740    0    0     0     0  526  932  0  0 100  0
 0  0      0 14923508 622484 7336752    0    0     0   174  662 1094  0  0 100  0
 0  0      0 14924448 622488 7337000    0    0     0    50  823 1284  1  0 99  0
 0  0      0 14924584 622488 7336756    0    0     0     0  430  798  0  0 100  0
 0  0      0 14919444 622488 7336764    0    0     0    32  584 1010  1  0 99  0
 0  0      0 14923376 622488 7336772    0    0     0     0  529  949  0  0 100  0
 0  0      0 14926692 622488 7336772    0    0     0   214 1070 1301  1  0 99  0
 0  0      0 14927048 622488 7337032    0    0     0    66  690 1158  0  0 99  0
 0  0      0 14927476 622488 7337032    0    0     0   178  494  873  0  0 100  0
 0  0      0 14924940 622488 7336784    0    0     0   130  648 1057  0  0 100  0
 0  0      0 14928372 622488 7336788    0    0     0     0  544  956  0  0 100  0
 0  0      0 14928124 622488 7336788    0    0     0   176  532  907  0  0 100  0
 0  0      0 14926812 622488 7336792    0    0     0    38  637 1102  0  0 99  0
 0  0      0 14926936 622488 7336796    0    0     0     0  680  930  0  0 100  0
procs -----------memory---------- ---swap-- -----io---- -system-- ----cpu----
 r  b   swpd   free   buff  cache   si   so    bi    bo   in   cs us sy id wa
 1  0      0 14924068 622496 7336800    0    0     0    34  587 1007  0  0 100  0
 0  0      0 14927412 622496 7336804    0    0     0     0  583 1019  1  0 99  0
 0  0      0 14927072 622496 7336804    0    0     0   184  589 1008  0  0 100  0
 0  0      0 14927512 622496 7337060    0    0     0    46  864 1320  1  0 99  0
 0  0      0 14927388 622496 7336812    0    0     0   188  441  814  0  0 100  0
 1  0      0 14896764 622508 7361636    0    0     0  3702  841 1204  3  0 97  0
 0  0      0 14925916 622568 7336904    0    0     0 27976  669  981  1  1 99  0
 0  0      0 14926144 622576 7336896    0    0     0   394  567  916  0  0 100  0
 0  0      0 14926320 622576 7337156    0    0     0    62  616 1067  0  0 99  0
 0  0      0 14926276 622576 7336904    0    0     0   204  517  917  0  0 100  0
 0  0      0 14922632 622580 7337164    0    0     0    34  909 1320  1  0 99  0
 0  0      0 14926464 622580 7336920    0    0     0     0  484  874  0  0 100  0
 0  0      0 14926628 622580 7336920    0    0     0   180  615 1017  0  0 100  0
 0  0      0 14926464 622584 7336924    0    0     0    46  573 1004  0  0 99  0
 0  0      0 14926256 622584 7336928    0    0     0     0  565  967  0  0 100  0
 0  0      0 14922936 622584 7337200    0    0     0    32  756 1173  1  0 99  0
 0  0      0 14925972 622584 7336980    0    0     0     0  793 1235  1  0 99  0
 0  0      0 14925912 622592 7336988    0    0     0   260  980 1346  0  0 99  0
 0  0      0 14926168 622592 7337256    0    0     0    40  755 1203  1  0 99  0
 0  0      0 14926080 622592 7337004    0    0     0     0  509  908  0  0 100  0
 0  0      0 14923256 622596 7337004    0    0     0    38  554  942  0  0 99  0
procs -----------memory---------- ---swap-- -----io---- -system-- ----cpu----
 r  b   swpd   free   buff  cache   si   so    bi    bo   in   cs us sy id wa
 1  0      0 14926220 622596 7337008    0    0     0     0  547  967  1  0 99  0
 0  0      0 14926072 622596 7337032    0    0     0   188  735 1080  0  0 100  0
 0  0      0 14925676 622596 7337284    0    0     0    44  621 1045  0  0 99  0
 0  0      0 14925676 622604 7337044    0    0     0    12  565  984  0  0 100  0
 0  0      0 14922908 622604 7337048    0    0     0    28  713 1106  1  0 99  0
 0  0      0 14926572 622604 7337296    0    0     0     0  520  900  0  0 100  0
 0  0      0 14925832 622604 7337048    0    0     0   240  574  944  0  0 100  0
 0  0      0 14925372 622608 7337324    0    0     0    60  652 1103  1  0 99  0
 0  0      0 14924920 622608 7337076    0    0     0     0  567  933  0  0 100  0
 0  0      0 14921716 622608 7337328    0    0     0    28  629 1061  0  0 100  0
 0  0      0 14925024 622608 7337080    0    0     0     8  522  920  0  0 100  0
 0  0      0 14924860 622608 7337080    0    0     0   190  611 1062  0  0 100  0
 0  0      0 14925624 622608 7337336    0    0     0    40  881 1351  1  0 99  0
 0  0      0 14925524 622608 7337088    0    0     0   180  443  804  0  0 100  0
 2  0      0 14893192 622624 7364072    0    0     0  3728  847 1210  3  1 97  0
 0  0      0 14925960 622684 7337188    0    0     0 28008  966 1148  1  1 99  0
 0  0      0 14925928 622696 7337176    0    0     0   290  578  922  0  0 100  0
 0  0      0 14925080 622700 7337200    0    0     0    36  669 1135  1  0 99  0
 0  0      0 14925108 622700 7337204    0    0     0     0  491  860  0  0 100  0
 0  0      0 14921376 622704 7337452    0    0     0    38  880 1291  1  0 99  0
 0  0      0 14923152 622704 7337204    0    0     0     0  487  864  0  0 100  0
procs -----------memory---------- ---swap-- -----io---- -system-- ----cpu----
 r  b   swpd   free   buff  cache   si   so    bi    bo   in   cs us sy id wa
 1  0      0 14923208 622704 7337204    0    0     0   190  575  949  0  0 100  0
 0  0      0 14922112 622704 7337460    0    0     0    40  657 1116  1  0 99  0
 0  0      0 14922480 622708 7337208    0    0     0   196  525  860  0  0 100  0
 0  0      0 14918944 622708 7337216    0    0     0    48  648 1101  0  0 99  0
 0  0      0 14923296 622708 7337220    0    0     0     0  546  950  0  0 100  0
 1  0      0 14923296 622708 7337228    0    0     0   184  727 1125  0  0 99  0
 0  0      0 14922072 622716 7337228    0    0     0    46  780 1248  1  0 99  0
 0  0      0 14922204 622716 7337236    0    0     0     0  481  863  0  0 100  0
 0  0      0 14917652 622720 7337240    0    0     0   104  563  955  0  0 99  0
 0  0      0 14922288 622720 7337240    0    0     0     0  548  984  0  0 100  0
 0  0      0 14922400 622724 7337236    0    0     0   208  562  917  0  0 100  0
 0  0      0 14922156 622728 7336988    0    0     0    44  579 1010  0  0 100  0
 0  0      0 14921476 622728 7337248    0    0     0   176  552  949  0  0 100  0
 0  0      0 14919040 622728 7337248    0    0     0    58  906 1202  0  0 100  0
 0  0      0 14921988 622728 7337252    0    0     0     0  579 1009  0  0 100  0
 0  0      0 14921980 622732 7337248    0    0     0   184  536  900  0  0 100  0
 0  0      0 14921716 622736 7337504    0    0     0    38  566  985  0  0 100  0
 0  0      0 14921340 622736 7337252    0    0     0     0  654 1009  0  0 100  0
 0  0      0 14917836 622736 7337256    0    0     0    28  554  945  0  0 99  0
 0  0      0 14921980 622736 7337260    0    0     0     0  604 1041  0  0 99  0
 0  0      0 14921464 622736 7337264    0    0     0   190  591 1005  0  0 100  0
procs -----------memory---------- ---swap-- -----io---- -system-- ----cpu----
 r  b   swpd   free   buff  cache   si   so    bi    bo   in   cs us sy id wa
 1  0      0 14921516 622736 7337272    0    0     0    42  834 1283  1  0 99  0
 0  0      0 14921364 622736 7337276    0    0     0     0  498  905  0  0 100  0
 2  0      0 14883432 622736 7368092    0    0     0    40 1038 1132  9  2 89  0
 0  0      0 14919252 622748 7337348    0    0     0 28118  741 1038  2  0 98  0
 1  0      0 14782260 622748 7471372    0    0     0   200  693  972  3  1 96  0
 0  0      0 14915556 622748 7340200    0    0     0 125426 1373 1266  7  1 91  1
 0  0      0 14913400 622876 7341792    0    0     0 61914 1352 1341  6  2 92  0
 0  0      0 14908516 623028 7344032    0    0     0 67798 1441 1369  3  2 95  0
 0  0      0 14911764 623028 7343740    0    0     0     0  501  886  0  0 100  0
 0  0      0 14908164 623252 7348216    0    0     0 108066 1555 1201  4  2 93  1
 0  0      0 14908696 623252 7348272    0    0     0    40  571  992  1  0 99  0
 0  0      0 14909152 623252 7348020    0    0     0   190  751  991  0  0 100  0
 0  0      0 14904384 623260 7348768    0    0     0   180 1384 1837  2  0 98  0
 0  0      0 14908592 623260 7348444    0    0     0     0  604 1004  0  0 100  0
 0  0      0 14907684 623260 7348452    0    0     0   184  739 1196  0  0 99  0
 0  0      0 14907552 623260 7348512    0    0     0    54 1018 1455  1  0 99  0
 0  0      0 14907776 623260 7348564    0    0     0     0  555  925  0  0 100  0
 0  0      0 14903372 623268 7348836    0    0     0    52  681 1115  0  0 99  0
 0  0      0 14907232 623268 7348636    0    0     0     0  588  994  1  0 99  0
 1  0      0 14907448 623268 7348656    0    0     0   196  716 1100  0  0 99  0
 0  0      0 14907724 623272 7348672    0    0     0   552  676 1085  1  0 99  0
procs -----------memory---------- ---swap-- -----io---- -system-- ----cpu----
 r  b   swpd   free   buff  cache   si   so    bi    bo   in   cs us sy id wa
 1  0      0 14907708 623272 7348672    0    0     0     0  470  842  0  0 100  0
 0  0      0 14902996 623276 7348928    0    0     0    28  724 1160  1  0 99  0
 0  0      0 14907176 623280 7348672    0    0     0    12  515  921  0  0 100  0
 0  0      0 14907208 623280 7348676    0    0     0     0  590 1015  0  0 100  0
 0  0      0 14908660 623284 7348680    0    0     0    28  561  982  0  0 100  0
 0  0      0 14908644 623284 7348680    0    0     0   194  459  798  0  0 100  0
 0  0      0 14903288 623288 7348932    0    0     0    38  584  986  0  0 100  0
 0  0      0 14907896 623288 7348692    0    0     0   316  579 1006  0  0 100  0
 1  0      0 14906896 623288 7348696    0    0     0   178  971 1334  1  0 99  0
 0  0      0 14906820 623288 7348708    0    0     0    44  946 1439  1  0 99  0
 0  0      0 14906932 623288 7348716    0    0     0   208  527  903  1  0 99  0
 1  0      0 14861768 623288 7387444    0    0     0  3722  850 1171  3  1 97  0
 0  0      0 14905360 623288 7349076    0    0     0 28074  631 1012  1  0 99  0
 2  0      0 14905672 623292 7348796    0    0     0    70  664 1001  0  0 100  0
 0  0      0 14905200 623292 7349056    0    0     0    36  675 1147  0  0 99  0
 0  0      0 14905492 623292 7348808    0    0     0   340  514  863  0  0 99  0
 0  0      0 14902340 623296 7349064    0    0     0    54  733 1139  0  0 100  0
 0  0      0 14905768 623296 7348824    0    0     0     0  542  944  0  0 100  0
 0  0      0 14905688 623296 7348824    0    0     0   186  553  931  0  0 100  0
 1  0      0 14905904 623300 7349072    0    0     0    48  630 1091  0  0 99  0
 0  0      0 14906324 623300 7348824    0    0     0    80  485  832  0  0 100  0
procs -----------memory---------- ---swap-- -----io---- -system-- ----cpu----
 r  b   swpd   free   buff  cache   si   so    bi    bo   in   cs us sy id wa
 1  0      0 14902280 623304 7349072    0    0     0   212  600  996  0  0 99  0
 0  0      0 14904968 623312 7348824    0    0     0     8  594 1038  0  0 99  0
 0  0      0 14904876 623312 7348836    0    0     0   176  616 1027  0  0 100  0
 0  0      0 14905232 623312 7348840    0    0     0    42  840 1300  1  0 99  0
 0  0      0 14905532 623312 7348848    0    0     0    20  506  895  0  0 100  0
 0  0      0 14901376 623316 7349100    0    0     0    52  553  949  1  0 99  0
 0  0      0 14904428 623316 7348852    0    0     0     0  753 1080  0  0 100  0
 0  0      0 14904964 623316 7348852    0    0     0   192  613  997  0  0 100  0
 0  0      0 14905552 623316 7349104    0    0     0    42  573 1005  0  0 100  0
 0  0      0 14905848 623316 7348852    0    0     0     0  630 1049  0  0 100  0
 0  0      0 14902664 623316 7349108    0    0     0   212  835 1195  1  0 99  0
 0  0      0 14906732 623320 7348860    0    0     0     8  500  879  0  0 100  0
 0  0      0 14906316 623320 7348864    0    0     0   176  739 1103  0  0 100  0
 0  0      0 14904520 623320 7349264    0    0     0    38 1170 1527  1  0 98  0
 0  0      0 14902912 623320 7349316    0    0     0   230  809 1199  1  0 99  0
 0  0      0 14898740 623324 7349592    0    0     0   248  680 1071  1  0 99  0
 0  0      0 14902624 623324 7349400    0    0     0     0  643 1060  1  0 99  0
 0  0      0 14902636 623332 7349420    0    0     0    12  757 1224  0  0 99  0
 0  0      0 14903268 623332 7349700    0    0     0    32  892 1279  2  0 98  0
 0  0      0 14902600 623332 7349468    0    0     0     0  599 1026  0  0 99  0
 2  0      0 14847512 623352 7398636    0    0     0  4336  944 1218  3  1 96  0
procs -----------memory---------- ---swap-- -----io---- -system-- ----cpu----
 r  b   swpd   free   buff  cache   si   so    bi    bo   in   cs us sy id wa
 1  0      0 14902664 623428 7349604    0    0     0 32602  695  949  0  0 99  0
 0  0      0 14901940 623432 7349608    0    0     0   104  624 1047  0  0 100  0
 0  0      0 14902264 623432 7349868    0    0     0    36  610 1032  0  0 99  0
 0  0      0 14902168 623432 7349868    0    0     0     0  472  857  0  0 100  0
 0  0      0 14899476 623436 7349612    0    0     0    34  945 1263  1  0 99  0
 0  0      0 14903560 623436 7349620    0    0     0     0  543  955  0  0 100  0
 0  0      0 14902800 623436 7349620    0    0     0   206  587  968  0  0 100  0
 0  0      0 14902440 623436 7349620    0    0     0    42  609 1064  0  0 100  0
 0  0      0 14902732 623436 7349620    0    0     0    86  571  887  0  0 100  0
 0  0      0 14898780 623440 7349876    0    0     0   236  902 1221  1  0 99  0
 0  0      0 14902664 623440 7349632    0    0     0   112  525  904  0  0 100  0
 0  0      0 14902100 623440 7349640    0    0     0    20  616 1048  0  0 100  0
 0  0      0 14902120 623444 7349648    0    0     0    32 1008 1424  1  0 99  0
 0  0      0 14902096 623444 7349648    0    0     0     6  520  833  0  0 100  0
 0  0      0 14898344 623448 7349644    0    0     0    28  668 1092  0  0 99  0
 0  0      0 14901944 623456 7349644    0    0     0    20  628  970  0  0 99  0
 0  0      0 14902024 623456 7349656    0    0     0   194  564  939  0  0 100  0
 0  0      0 14900748 623464 7349904    0    0     0    54  649 1113  0  0 99  0
 0  0      0 14900900 623464 7349664    0    0     0     0  471  855  0  0 100  0
 0  0      0 14897484 623464 7349668    0    0     0    30  693 1113  0  0 99  0
 0  0      0 14900936 623464 7349664    0    0     0     0  554  964  0  0 100  0
procs -----------memory---------- ---swap-- -----io---- -system-- ----cpu----
 r  b   swpd   free   buff  cache   si   so    bi    bo   in   cs us sy id wa
 1  0      0 14901088 623464 7349664    0    0     0     0  515  898  0  0 100  0
 1  0      0 14900592 623464 7349920    0    0     0    28  608 1043  0  0 100  0
 0  0      0 14900396 623464 7349672    0    0     0     0  821 1126  0  0 99  0
 0  0      0 14896924 623468 7349672    0    0     0    28  597  990  1  0 99  0
 0  0      0 14901008 623472 7349924    0    0     0     8  561  972  0  0 100  0
 0  0      0 14900108 623472 7349684    0    0     0     0  594 1039  0  0 100  0
 0  0      0 14901068 623472 7349936    0    0     0    26  932 1332  1  0 99  0
 0  0      0 14900440 623472 7349688    0    0     0    28  518  942  0  0 100  0
 1  0      0 14871252 623480 7373004    0    0     0    54  786 1141  2  1 97  0
 0  0      0 14899584 623556 7349744    0    0     0 32630  758 1050  1  1 98  0
 0  0      0 14899708 623568 7349732    0    0     0   118  609  987  0  0 100  0
 0  0      0 14900740 623572 7349752    0    0     0    36  539  965  0  0 99  0
 0  0      0 14900336 623572 7349752    0    0     0     4  515  926  0  0 100  0
 0  0      0 14902080 623572 7350004    0    0     0    82  702 1119  1  0 99  0
 0  0      0 14906016 623572 7349756    0    0     0    12  615 1051  0  0 100  0
 0  0      0 14905948 623572 7349756    0    0     0     4  529  919  0  0 100  0
 0  0      0 14905672 623572 7349764    0    0     0    34 1037 1497  1  0 99  0
 0  0      0 14905272 623572 7350180    0    0     0     0  610  997  0  0 100  0
 0  0      0 14900600 623572 7350244    0    0     0    38  708 1089  1  0 99  0
 0  0      0 14904584 623572 7350264    0    0     0     6  654 1107  1  0 99  0
 0  0      0 14904624 623572 7350272    0    0     0     0  890 1227  0  0 100  0
procs -----------memory---------- ---swap-- -----io---- -system-- ----cpu----
 r  b   swpd   free   buff  cache   si   so    bi    bo   in   cs us sy id wa
 1  0      0 14904096 623576 7350524    0    0     0    42  741 1187  0  0 99  0
 0  0      0 14904476 623576 7350276    0    0     0   338  481  844  0  0 100  0
 0  0      0 14901356 623576 7350532    0    0     0    34  805 1134  0  0 99  0
 0  0      0 14904684 623580 7350276    0    0     0    18  500  915  0  0 100  0
 0  0      0 14904628 623580 7350284    0    0     0    48  789 1140  0  0 99  0
 0  0      0 14904252 623580 7350536    0    0     0    32  578 1002  0  0 100  0
 0  0      0 14904468 623580 7350544    0    0     0    10  464  825  0  0 100  0
 0  0      0 14901244 623580 7350544    0    0     0    28  690 1102  0  0 99  0
 0  0      0 14904728 623580 7350296    0    0     0     0  620 1037  0  0 100  0
 0  0      0 14904416 623580 7350372    0    0     0    30  789 1234  1  0 99  0
 0  0      0 14905148 623580 7350652    0    0     0    34  637 1044  1  0 99  0
 0  0      0 14905220 623580 7350420    0    0     0     8  481  827  0  0 100  0
 0  0      0 14901064 623580 7350716    0    0     0    40  708 1151  1  0 99  0
 0  0      0 14904620 623584 7350488    0    0     0     6  532  938  0  0 100  0
 0  0      0 14903932 623584 7350528    0    0     0    10  759 1230  0  0 99  0
 0  0      0 14904772 623584 7350820    0    0     0    30  819 1248  1  0 99  0
 0  0      0 14904700 623588 7350572    0    0     0     8  447  827  0  0 100  0
 1  0      0 14867996 623600 7381568    0    0     0  3740  949 1319  2  1 97  0
 0  0      0 14904360 623676 7350704    0    0     0 32672  901 1055  1  1 99  0
 0  0      0 14904188 623676 7350704    0    0     0   128  631 1034  0  0 100  0
 0  0      0 14903000 623676 7350956    0    0     0   134  562  975  0  0 100  0
procs -----------memory---------- ---swap-- -----io---- -system-- ----cpu----
 r  b   swpd   free   buff  cache   si   so    bi    bo   in   cs us sy id wa
 1  0      0 14903260 623676 7350956    0    0     0     0  420  784  0  0 100  0
 0  0      0 14899552 623676 7350956    0    0     0    38  738 1120  0  0 100  0
 0  0      0 14903872 623676 7350704    0    0     0     0  590 1026  0  0 100  0
 0  0      0 14903476 623676 7350704    0    0     0     2  551  944  0  0 100  0
 0  0      0 14903148 623676 7350712    0    0     0   172  621 1063  0  0 100  0
 0  0      0 14903120 623676 7350716    0    0     0     0  503  851  0  0 100  0
 0  0      0 14899764 623680 7350716    0    0     0   106  576  960  0  0 100  0
 0  0      0 14903052 623680 7350720    0    0     0     0  575 1015  0  0 100  0
 2  0      0 14902772 623680 7350728    0    0     0    10  612 1049  0  0 100  0
 0  0      0 14902820 623680 7350736    0    0     0    32  886 1372  1  0 99  0
 0  0      0 14902556 623680 7350736    0    0     0     0  430  799  0  0 100  0
 0  0      0 14899592 623680 7350988    0    0     0    52  534  922  0  0 100  0
 0  0      0 14902044 623680 7350744    0    0     0     0  543  981  0  0 100  0
 0  0      0 14902360 623680 7350744    0    0     0   178  562  943  0  0 100  0
 0  0      0 14901728 623680 7350996    0    0     0    38  647 1121  0  0 99  0
 0  0      0 14902168 623680 7350748    0    0     0     0  445  810  0  0 100  0
 0  0      0 14900288 623680 7350752    0    0     0    26  881 1173  0  0 100  0
 0  0      0 14903204 623680 7350748    0    0     0     0  609 1064  0  0 100  0
 0  0      0 14903112 623680 7350748    0    0     0     8  519  907  0  0 100  0
 0  0      0 14903108 623680 7351004    0    0     0    32  630 1092  0  0 99  0
 0  0      0 14902924 623680 7350756    0    0     0     0  595  915  0  0 100  0
procs -----------memory---------- ---swap-- -----io---- -system-- ----cpu----
 r  b   swpd   free   buff  cache   si   so    bi    bo   in   cs us sy id wa
 1  0      0 14899332 623684 7351004    0    0     0    24  568  970  0  0 100  0
 0  0      0 14902728 623684 7350756    0    0     0     0  512  915  0  0 100  0
 0  0      0 14903132 623684 7350760    0    0     0    42  660 1113  0  0 100  0
 0  0      0 14901916 623684 7351016    0    0     0    32  787 1265  1  0 99  0
 0  0      0 14902044 623684 7350764    0    0     0     0  511  914  0  0 100  0
 3  0      0 14879792 623688 7369340    0    0     0  3742  851 1205  3  0 97  0
 0  0      0 14902312 623744 7350912    0    0     0 32714  815 1141  2  0 98  0
 0  0      0 14902116 623748 7350960    0    0     0   130  779 1193  1  0 99  0
 0  0      0 14901252 623748 7351008    0    0     0    34  647 1093  1  0 99  0
 0  0      0 14901540 623748 7351016    0    0     0     0  595 1000  0  0 99  0
 0  0      0 14898032 623748 7351268    0    0     0    30  617 1003  0  0 99  0
 0  0      0 14901660 623752 7351024    0    0     0     6  541  960  0  0 100  0
 0  0      0 14901732 623752 7351024    0    0     0     4  607 1030  0  0 100  0
 0  0      0 14901908 623752 7351284    0    0     0    32  557  980  0  0 100  0
 0  0      0 14901824 623752 7351032    0    0     0     0  834 1138  0  0 100  0
 0  0      0 14899396 623756 7351032    0    0     0    44  558  948  0  0 100  0
 0  0      0 14902060 623756 7351288    0    0     0     0  505  887  0  0 100  0
 0  0      0 14901256 623756 7351040    0    0     0     2  654 1124  0  0 99  0
 0  0      0 14901928 623760 7351048    0    0     0    36  801 1211  1  0 99  0
 0  0      0 14901524 623760 7351056    0    0     0     0  504  903  0  0 100  0
 0  0      0 14898044 623764 7351056    0    0     0   256  659 1063  1  0 99  0
procs -----------memory---------- ---swap-- -----io---- -system-- ----cpu----
 r  b   swpd   free   buff  cache   si   so    bi    bo   in   cs us sy id wa
 1  0      0 14902076 623764 7351068    0    0     0     0  519  915  0  0 100  0
 0  0      0 14901140 623764 7351168    0    0     0    68  677 1040  0  0 100  0
 0  0      0 14900856 623768 7351448    0    0     0    28  641 1083  1  0 99  0
 0  0      0 14901000 623768 7351452    0    0     0     0  437  803  0  0 100  0
 0  0      0 14898040 623776 7351192    0    0     0    48  703 1144  0  0 99  0
 0  0      0 14901328 623776 7351456    0    0     0     0  549  949  0  0 100  0
 0  0      0 14901560 623776 7351208    0    0     0     0  550  928  0  0 100  0
 0  0      0 14900540 623776 7351464    0    0     0    28  618 1064  0  0 99  0
 0  0      0 14901032 623776 7351216    0    0     0    12  489  841  0  0 100  0
 0  0      0 14897968 623780 7351216    0    0     0    28  647 1073  1  0 99  0
 0  0      0 14899668 623780 7351472    0    0     0     0  530  933  0  0 100  0
 0  0      0 14899204 623780 7351620    0    0     0     8 1365 1703  1  0 99  0
 0  0      0 14898836 623784 7351908    0    0     0   350  910 1359  1  0 99  0
 0  0      0 14899080 623784 7351712    0    0     0     0  659 1050  0  0 100  0
 1  0      0 14865820 623788 7380568    0    0     0  3746  900 1230  3  1 97  0
 0  0      0 14899712 623808 7351920    0    0     0 32860  747  999  1  1 98  0
 0  0      0 14900208 623808 7351920    0    0     0    86  674  991  0  0 98  2
 0  0      0 14899928 623816 7352184    0    0     0    40  615 1053  0  0 99  0
 0  0      0 14899920 623820 7351984    0    0     0     8  541  895  0  0 100  0
 0  0      0 14895724 623824 7352236    0    0     0    26  648 1051  0  0 100  0
 0  0      0 14899560 623828 7352568    0    0     0     6  752 1146  1  0 99  0
procs -----------memory---------- ---swap-- -----io---- -system-- ----cpu----
 r  b   swpd   free   buff  cache   si   so    bi    bo   in   cs us sy id wa
 1  0      0 14899444 623828 7352360    0    0     0     2  642 1045  0  0 100  0
 0  0      0 14898900 623828 7352400    0    0     0    30  693 1133  1  0 99  0
 0  0      0 14899388 623836 7352444    0    0     0     8  584  941  0  0 100  0
 0  0      0 14896588 623836 7352752    0    0     0    26  679 1062  1  0 99  0
 0  0      0 14899544 623836 7352508    0    0     0     0  583 1016  0  0 100  0
 0  0      0 14899324 623840 7352520    0    0     0    18  621 1050  1  0 99  0
 0  0      0 14899404 623840 7352776    0    0     0   130  716 1132  1  0 99  0
 0  0      0 14899564 623840 7352524    0    0     0     0  553  981  0  0 100  0
 0  0      0 14896516 623848 7352528    0    0     0    50  536  928  0  0 100  0
 0  0      0 14899128 623848 7352780    0    0     0   356  836 1178  0  0 99  0
 0  0      0 14899144 623848 7352780    0    0     0    42  563  914  0  0 100  0
 0  0      0 14900772 623852 7352352    0    0     0    50  552  964  0  0 100  0
 0  0      0 14900080 623852 7352536    0    0     0     0  522  921  0  0 100  0
 0  0      0 14896508 623852 7352788    0    0     0    64  772 1107  0  0 99  0
 0  0      0 14898796 623852 7352800    0    0     0    22  628 1076  0  0 100  0
 0  0      0 14898896 623852 7352548    0    0     0     6  535  922  0  0 100  0
 0  0      0 14900020 623860 7352808    0    0     0    50  597 1018  0  0 99  0
 0  0      0 14899052 623860 7352840    0    0     0     0  505  853  0  0 100  0
 0  0      0 14895676 623860 7352588    0    0     0    50  625 1031  0  0 99  0
 0  0      0 14898388 623868 7352588    0    0     0    14  495  890  0  0 100  0
 0  0      0 14898228 623868 7352596    0    0     0     2  632 1070  0  0 100  0
procs -----------memory---------- ---swap-- -----io---- -system-- ----cpu----
 r  b   swpd   free   buff  cache   si   so    bi    bo   in   cs us sy id wa
 1  0      0 14898384 623868 7352852    0    0     0    26  747 1169  1  0 99  0
 0  0      0 14898900 623868 7352608    0    0     0    12  561  988  0  0 100  0
 1  0      0 14856704 623884 7388860    0    0     0  3808  886 1236  3  1 96  0
 0  0      0 14898080 623960 7352748    0    0     0 32802  664  918  1  0 99  0
 0  0      0 14898252 623972 7352736    0    0     0   128  642 1036  0  0 100  0
 0  0      0 14898144 623972 7353008    0    0     0    36  580  976  0  0 100  0
 0  0      0 14898184 623972 7353008    0    0     0     0  462  810  0  0 100  0
 0  0      0 14895140 623972 7352756    0    0     0    28  938 1260  1  0 99  0
 0  0      0 14898392 623972 7352756    0    0     0     0  563  953  0  0 100  0
 0  0      0 14898112 623972 7352756    0    0     0    54  639 1064  0  0 100  0
 0  0      0 14899324 623972 7353012    0    0     0    42  554  970  0  0 100  0
 0  0      0 14898984 623972 7352764    0    0     0     0  598  929  0  0 100  0
 0  0      0 14894676 623972 7352764    0    0     0    40  830 1155  1  0 99  0
 0  0      0 14897464 623972 7353020    0    0     0     0  530  931  0  0 100  0
 0  0      0 14897272 623976 7352772    0    0     0    10  675 1147  0  0 100  0
 0  0      0 14898624 623976 7352784    0    0     0    26  735 1150  0  0 99  0
 0  0      0 14898684 623976 7352780    0    0     0    92  517  896  0  0 100  0
 0  0      0 14894124 623976 7352780    0    0     0   184  547  944  0  0 100  0
 0  0      0 14897984 623976 7352788    0    0     0     0  531  958  0  0 100  0
 0  0      0 14897572 623980 7352788    0    0     0    54  589  969  0  0 100  0
 0  0      0 14898024 623980 7352792    0    0     0    28  609 1050  0  0 100  0
procs -----------memory---------- ---swap-- -----io---- -system-- ----cpu----
 r  b   swpd   free   buff  cache   si   so    bi    bo   in   cs us sy id wa
 1  0      0 14898224 623980 7352788    0    0     0     8  462  837  0  0 100  0
 0  0      0 14894212 623980 7353020    0    0     0    42  787 1144  1  0 99  0
 0  0      0 14897524 623980 7352908    0    0     0     0  728 1167  1  0 99  0
 0  0      0 14897556 623984 7352928    0    0     0    92  572  945  0  0 100  0
 0  0      0 14898208 623984 7352936    0    0     0    28  647 1099  0  0 99  0
 0  0      0 14898492 623984 7352940    0    0     0     0  715  969  0  0 100  0
 0  0      0 14895452 623992 7352940    0    0     0    98  558  944  0  0 100  0
 0  0      0 14898100 623992 7352944    0    0     0     0  544  971  0  0 100  0
 0  0      0 14897716 623992 7352948    0    0     0    20  583 1006  0  0 100  0
 0  0      0 14897332 623996 7353200    0    0     0    34  881 1303  0  0 99  0
 0  0      0 14897796 623996 7352952    0    0     0     0  507  914  0  0 100  0
 1  0      0 14871572 623996 7374400    0    0     0    36  759 1105  2  1 97  0
 0  0      0 14897124 624048 7353036    0    0     0 32840  717 1073  1  0 98  0
 0  0      0 14897316 624048 7353044    0    0     0   296  632  952  0  0 100  0
 0  0      0 14896908 624048 7353052    0    0     0    50  640 1096  0  0 100  0
 0  0      0 14897292 624048 7353052    0    0     0     0  446  803  0  0 100  0
 0  0      0 14894668 624048 7353052    0    0     0    30  631 1005  0  0 100  0
 0  0      0 14897352 624048 7353052    0    0     0     0  558  989  0  0 100  0
 0  0      0 14897064 624052 7353056    0    0     0    10  612 1004  0  0 100  0
 0  0      0 14896356 624052 7353060    0    0     0    26  611 1008  0  0 99  0
 0  0      0 14897088 624052 7353064    0    0     0     0  552  951  0  0 100  0
procs -----------memory---------- ---swap-- -----io---- -system-- ----cpu----
 r  b   swpd   free   buff  cache   si   so    bi    bo   in   cs us sy id wa
 2  0      0 14895356 624056 7353068    0    0     0    26  556  938  0  0 100  0
 0  0      0 14898712 624064 7353060    0    0     0     8  505  908  0  0 100  0
 0  0      0 14897184 624064 7353084    0    0     0     0  942 1306  0  0 100  0
 0  0      0 14896492 624064 7353340    0    0     0    32  674 1086  1  0 99  0
 0  0      0 14896872 624068 7353088    0    0     0    10  609 1062  0  0 100  0
 5  1      0 14896848 624068 7353096    0    0     0   116  512  874  0  0 100  0
 0  0      0 14896732 624068 7353100    0    0     0     0  500  921  0  0 100  0
 0  0      0 14896736 624068 7353100    0    0     0    18  713 1074  0  0 100  0
 0  0      0 14893612 624068 7353104    0    0     0    98  540  927  0  0 100  0
 4  0      0 14897512 624068 7353100    0    0     0     0  550  986  0  0 100  0
 0  0      0 14897052 624068 7353100    0    0     0    52  575  918  0  0 100  0
 0  0      0 14896860 624072 7353356    0    0     0    34  543  959  0  0 100  0
 0  0      0 14897308 624072 7353104    0    0     0     0  669 1128  0  0 100  0
 0  0      0 14893356 624072 7353232    0    0     0    48  529  925  0  0 100  0
 0  0      0 14897004 624072 7353112    0    0     0     0  556  978  0  0 100  0
 0  0      0 14896936 624072 7353116    0    0     0     0  513  874  0  0 100  0
 0  0      0 14897492 624072 7353120    0    0     0    28  519  942  0  0 100  0
 0  0      0 14896628 624072 7353328    0    0     0     0 1194 1679  1  0 99  0
 0  0      0 14893012 624072 7353540    0    0     0    26  803 1213  1  0 99  0
 0  0      0 14895492 624072 7353580    0    0     0     0  668 1140  1  0 99  0
 1  0      0 14865092 624080 7382852    0    0     0   248  941 1265  2  1 97  0
procs -----------memory---------- ---swap-- -----io---- -system-- ----cpu----
 r  b   swpd   free   buff  cache   si   so    bi    bo   in   cs us sy id wa
 2  0      0 14895068 624120 7353712    0    0     0 32892 1024 1300  1  1 98  0
 0  0      0 14895216 624120 7353720    0    0     0    92  542  904  0  0 100  0
 0  0      0 14891928 624120 7353976    0    0     0    78  604 1022  1  0 99  0
 0  0      0 14896008 624120 7353724    0    0     0     0  440  812  0  0 100  0
 0  0      0 14895496 624124 7353720    0    0     0    16  778 1130  0  0 100  0
 0  0      0 14895604 624124 7353728    0    0     0    30  556  965  1  0 99  0
 0  0      0 14895596 624124 7353728    0    0     0     0  625 1034  0  0 100  0
 0  0      0 14890712 624124 7353984    0    0     0    72  630 1033  0  0 99  0
 0  0      0 14894832 624124 7353732    0    0     0     0  546  902  0  0 100  0
 0  0      0 14894692 624124 7353736    0    0     0     6  722 1088  0  0 99  0
 0  0      0 14895284 624124 7353736    0    0     0    30  676 1027  1  0 99  0
 0  0      0 14895564 624124 7353744    0    0     0     0  617 1047  0  0 100  0
 0  0      0 14891484 624128 7354004    0    0     0    38  734 1176  1  0 99  0
 0  0      0 14895604 624128 7354008    0    0     0     0  510  926  0  0 100  0
 0  0      0 14895468 624128 7353760    0    0     0   164  605  997  0  0 100  0
 0  0      0 14895928 624128 7353760    0    0     0    32  541  974  0  0 100  0
 0  0      0 14896056 624136 7354004    0    0     0    22  537  906  0  0 100  0
 0  0      0 14891892 624136 7354016    0    0     0    72  540  946  0  0 100  0
 0  0      0 14896668 624136 7353764    0    0     0     0  507  912  0  0 100  0
 0  0      0 14895956 624136 7353764    0    0     0     0 1021 1202  0  0 100  0
 0  0      0 14895604 624136 7353768    0    0     0    28  627 1076  1  0 99  0
procs -----------memory---------- ---swap-- -----io---- -system-- ----cpu----
 r  b   swpd   free   buff  cache   si   so    bi    bo   in   cs us sy id wa
 1  0      0 14895800 624136 7353768    0    0     0     0  604 1012  0  0 100  0
 0  0      0 14891648 624144 7354356    0    0     0    44 1422 2380  1  0 98  0
 0  0      0 14895128 624144 7354200    0    0     0     0  665 1038  0  0 100  0
 0  0      0 14894960 624144 7354236    0    0     0   280  642 1025  0  0 100  0
 0  0      0 14895088 624148 7354524    0    0     0    54  707 1155  1  0 99  0
 0  0      0 14894364 624148 7354276    0    0     0     0  587 1013  0  0 100  0
 0  0      0 14890696 624156 7354280    0    0     0    54  809 1204  1  0 99  0
 0  0      0 14894084 624156 7354336    0    0     0     0  676 1132  1  0 99  0
 2  0      0 14844736 624156 7400788    0    0     0   410 1071 1152  9  1 89  0
 0  0      0 14892204 624196 7354496    0    0     0 33080  777 1149  1  0 98  0
 1  0      0 14772160 624196 7471744    0    0     0     0  816 1044  2  1 97  0
 0  0      0 14884340 624448 7357500    0    0     0 126818 1490 1196 11  2 87  0
 0  0      0 14885980 624576 7359212    0    0     0 62710 1080 1214  3  1 96  0
 0  0      0 14883892 624736 7360944    0    0     0 68622 1053  991  3  1 96  0
 0  0      0 14884256 624736 7361200    0    0     0    28  577 1010  0  0 99  0
 0  0      0 14879532 624956 7365592    0    0     0 110148 1622 1333  5  2 92  2
 0  0      0 14877496 624956 7365480    0    0     0    34  605  956  0  0 100  0
 0  0      0 14881620 624956 7365488    0    0     0     0  815 1106  0  0 99  0
 0  0      0 14881612 624956 7365488    0    0     0   220  576  953  0  0 100  0
 0  0      0 14881640 624956 7365496    0    0     0    32  555  978  1  0 99  0
 0  0      0 14881264 624960 7365500    0    0     0   568  734 1163  0  0 99  0
procs -----------memory---------- ---swap-- -----io---- -system-- ----cpu----
 r  b   swpd   free   buff  cache   si   so    bi    bo   in   cs us sy id wa
 1  0      0 14877492 624960 7365508    0    0     0    92  786 1145  1  0 99  0
 0  0      0 14881384 624960 7365508    0    0     0     0  517  931  0  0 100  0
 0  0      0 14880784 624964 7365512    0    0     0   156  584  997  0  0 100  0
 0  0      0 14881576 624964 7365512    0    0     0    38  585  998  0  0 99  0
 0  0      0 14881460 624964 7365512    0    0     0     0  613 1033  0  0 100  0
 0  0      0 14877272 624964 7365772    0    0     0    74  551  947  0  0 100  0
 0  0      0 14880920 624964 7365772    0    0     0     0  460  849  0  0 100  0
 1  0      0 14880860 624964 7365796    0    0     0     0 1305 1814  8  0 92  0
 1  0      0 14880424 624964 7365940    0    0     0    26  824  990 13  0 87  0
 0  0      0 14879840 624964 7366000    0    0     0     0  879 1308  3  0 97  0
 0  0      0 14876444 624964 7366304    0    0     0    60  654 1022  1  0 99  0
 0  0      0 14880956 624964 7366076    0    0     0     0  568  917  0  0 100  0
 0  0      0 14880064 624968 7366100    0    0     0   346  527  898  0  0 100  0
 0  0      0 14879452 624968 7366356    0    0     0    24  614 1074  0  0 99  0
 0  0      0 14879720 624968 7366112    0    0     0     0  867 1217  0  0 100  0
 0  0      0 14875012 624968 7366116    0    0     0    30  809 1253  1  0 99  0
 0  0      0 14879100 624968 7366120    0    0     0     0  547  997  0  0 100  0
 1  0      0 14853108 624968 7390988    0    0     0   462  768 1080  2  0 97  0
 0  0      0 14877912 624988 7366500    0    0     0 33028  859 1168  2  0 98  0
 0  0      0 14878344 624988 7366248    0    0     0     0  565  917  0  0 100  0
 0  0      0 14876388 624996 7366496    0    0     0   170  638 1082  1  0 99  0
procs -----------memory---------- ---swap-- -----io---- -system-- ----cpu----
 r  b   swpd   free   buff  cache   si   so    bi    bo   in   cs us sy id wa
 1  0      0 14879992 624996 7366500    0    0     0     0  434  815  0  0 100  0
 0  0      0 14879704 624996 7366252    0    0     0     0  621  968  0  0 100  0
 0  0      0 14879168 625000 7366252    0    0     0    36  630 1094  1  0 99  0
 0  0      0 14879112 625000 7366256    0    0     0     0  627 1038  0  0 100  0
 0  0      0 14875224 625000 7366516    0    0     0    28  620 1068  0  0 99  0
 0  0      0 14879588 625000 7366264    0    0     0     0  506  890  0  0 100  0
 0  0      0 14879460 625008 7366264    0    0     0   114  530  892  0  0 100  0
 1  0      0 14878800 625008 7366268    0    0     0    28  802 1243  1  0 98  0
 0  0      0 14878856 625008 7366272    0    0     0     0  789 1123  0  0 99  0
 0  0      0 14874504 625016 7366528    0    0     0    50  911 1285  1  0 99  0
 0  0      0 14878248 625016 7366288    0    0     0     0  504  912  0  0 100  0
 0  0      0 14877872 625016 7366692    0    0     0   242 1447 2536  0  0 99  0
 0  0      0 14877832 625020 7366708    0    0     0    64  857 1215  0  0 99  0
 0  0      0 14878024 625020 7366744    0    0     0     0  641 1033  0  0 99  0
 0  0      0 14873860 625020 7367028    0    0     0   122  604 1014  0  0 99  0
 0  0      0 14877976 625020 7366808    0    0     0     0  598  996  0  0 100  0
 0  0      0 14878176 625020 7366828    0    0     0     8  683  992  0  0 100  0
 0  0      0 14878384 625020 7366848    0    0     0    28  604 1029  1  0 99  0
 0  0      0 14877956 625024 7366860    0    0     0     8  706 1151  0  0 99  0
 0  0      0 14874480 625024 7367116    0    0     0    40  549  954  0  0 100  0
 0  0      0 14878736 625024 7366864    0    0     0     0  564  951  0  0 100  0
procs -----------memory---------- ---swap-- -----io---- -system-- ----cpu----
 r  b   swpd   free   buff  cache   si   so    bi    bo   in   cs us sy id wa
 1  0      0 14878772 625024 7366864    0    0     0     0  517  882  0  0 100  0
 0  0      0 14878064 625024 7367120    0    0     0    24  519  939  0  0 100  0
 0  0      0 14877472 625024 7366868    0    0     0     0  618 1066  0  0 100  0
 0  0      0 14874024 625024 7367124    0    0     0    26  662 1072  1  0 99  0
 0  0      0 14877364 625024 7366900    0    0     0     0  629 1094  0  0 100  0
 2  0      0 14846408 625028 7395740    0    0     0   414  888 1140  4  1 96  0
 0  0      0 14876776 625088 7367120    0    0     0 33096  853 1094  5  1 94  0
 0  0      0 14876908 625096 7367124    0    0     0    94  579  975  0  0 100  0
 0  0      0 14872660 625096 7367124    0    0     0    88  545  943  0  0 99  0
 0  0      0 14876960 625096 7367380    0    0     0   130  533  965  0  0 100  0
 0  0      0 14877032 625096 7367128    0    0     0    68  827 1097  0  0 100  0
 0  0      0 14877352 625100 7367384    0    0     0    34  549  969  0  0 100  0
 0  0      0 14877100 625100 7367136    0    0     0     0  603 1018  0  0 100  0
 0  0      0 14873192 625100 7367148    0    0     0    38  599 1022  0  0 99  0
 0  0      0 14876884 625100 7367144    0    0     0     0  627  991  0  0 100  0
 0  0      0 14876752 625100 7367144    0    0     0     0  578  973  0  0 100  0
 0  0      0 14877316 625108 7367396    0    0     0    28  618 1019  1  0 99  0
 0  0      0 14876808 625108 7367152    0    0     0     0  624 1045  0  0 100  0
 0  0      0 14873320 625116 7367412    0    0     0    40  747 1176  1  0 99  0
 0  0      0 14877120 625116 7367168    0    0     0   104  506  892  0  0 100  0
 0  0      0 14876488 625116 7367172    0    0     0    14  651 1090  0  0 100  0
procs -----------memory---------- ---swap-- -----io---- -system-- ----cpu----
 r  b   swpd   free   buff  cache   si   so    bi    bo   in   cs us sy id wa
 1  0      0 14876352 625120 7367176    0    0     0    36  594 1012  1  0 99  0
 0  0      0 14876248 625124 7367176    0    0     0    18  531  914  0  0 100  0
 0  0      0 14871948 625124 7367900    0    0     0    70 1103 1503  2  0 98  0
 0  0      0 14876152 625124 7367596    0    0     0   218  557  922  0  0 100  0
 0  0      0 14876076 625124 7367636    0    0     0    30  727 1105  0  0 100  0
 0  0      0 14876720 625128 7367688    0    0     0    34  661 1075  1  0 99  0
 0  0      0 14876752 625132 7367704    0    0     0     8  671 1062  0  0 100  0
 0  0      0 14871816 625136 7367980    0    0     0    80  598 1030  0  0 99  0
 0  0      0 14876624 625136 7367980    0    0     0    80  750 1020  0  0 100  0
 0  0      0 14876104 625140 7367728    0    0     0    22  588  998  0  0 100  0
 0  0      0 14876732 625140 7367732    0    0     0    24  517  929  0  0 99  0
 0  0      0 14876128 625140 7367732    0    0     0     0  574  977  0  0 99  0
 0  0      0 14872304 625140 7367988    0    0     0    28  811 1160  1  0 99  0
 0  0      0 14876028 625140 7367740    0    0     0     0  536  969  0  0 100  0
 1  0      0 14836492 625144 7404896    0    0     0  3752  949 1364  3  1 97  0
 0  0      0 14875276 625160 7367904    0    0     0 33168  830 1152  1  0 98  0
 0  0      0 14875308 625160 7367904    0    0     0     0  513  889  0  0 100  0
 0  0      0 14872416 625172 7368156    0    0     0   174  538  936  0  0 100  0
 0  0      0 14876036 625172 7367916    0    0     0     0  499  905  0  0 100  0
 1  0      0 14876004 625172 7367920    0    0     0     0  550  909  0  0 100  0
 0  0      0 14875728 625172 7368172    0    0     0    28  665 1135  0  0 99  0
procs -----------memory---------- ---swap-- -----io---- -system-- ----cpu----
 r  b   swpd   free   buff  cache   si   so    bi    bo   in   cs us sy id wa
 1  0      0 14876220 625172 7367920    0    0     0     0  602 1000  0  0 100  0
 0  0      0 14872712 625172 7367924    0    0     0    46  550  952  0  0 99  0
 0  0      0 14875768 625172 7368172    0    0     0     0  557  976  0  0 100  0
 0  0      0 14876000 625172 7367924    0    0     0   158  530  875  0  0 100  0
 0  0      0 14876096 625172 7368180    0    0     0    28  643 1114  1  0 99  0
 0  0      0 14876280 625172 7367940    0    0     0     8  822 1146  0  0 100  0
 0  0      0 14872932 625180 7368188    0    0     0    62  656 1052  0  0 99  0
 0  0      0 14876032 625180 7367944    0    0     0     0  611 1038  0  0 100  0
 0  0      0 14875216 625180 7368372    0    0     0   346  914 1294  2  0 98  0
 0  0      0 14874696 625180 7368416    0    0     0    30  883 1298  2  0 97  0
 0  0      0 14865604 625188 7368460    0    0     0    24  786 1007  6  0 94  0
 0  0      0 14861812 625188 7368720    0    0     0    72  546  931  0  0 100  0
 0  0      0 14865332 625188 7368468    0    0     0     0  464  852  0  0 100  0
 0  0      0 14865228 625196 7368480    0    0     0     8  719 1085  0  0 100  0
 0  0      0 14865224 625196 7368556    0    0     0    26  711 1134  1  0 99  0
 0  0      0 14874440 625200 7368572    0    0     0    12  684 1111  0  0 100  0
 0  0      0 14871772 625200 7368824    0    0     0    32  540  947  0  0 100  0
 0  0      0 14874312 625200 7368576    0    0     0     0  522  904  0  0 100  0
 0  0      0 14874772 625200 7368580    0    0     0     2  585  979  0  0 100  0
 0  0      0 14874960 625204 7368828    0    0     0    36  510  912  0  0 100  0
 0  0      0 14874340 625204 7368584    0    0     0     0  643 1091  0  0 100  0
procs -----------memory---------- ---swap-- -----io---- -system-- ----cpu----
 r  b   swpd   free   buff  cache   si   so    bi    bo   in   cs us sy id wa
 1  0      0 14871020 625204 7368588    0    0     0    66  640 1024  0  0 99  0
 0  0      0 14874936 625204 7368592    0    0     0     0  501  918  0  0 100  0
 0  0      0 14873280 625212 7368588    0    0     0    20  824 1209  2  0 98  0
 0  0      0 14873876 625292 7368736    0    0     0 33556 1017 1173  1  1 98  0
 0  0      0 14873580 625292 7368736    0    0     0     0  614 1030  0  0 100  0
 0  0      0 14869996 625300 7368744    0    0     0   296  529  916  0  0 99  0
 0  0      0 14873048 625300 7368748    0    0     0     0  428  798  0  0 100  0
 0  0      0 14872616 625304 7368744    0    0     0    18  725 1082  0  0 100  0
 0  0      0 14873972 625304 7368752    0    0     0    24  578  997  1  0 99  0
 0  0      0 14874124 625304 7368752    0    0     0     0  609 1030  0  0 100  0
 0  0      0 14869992 625304 7369412    0    0     0    30 1602 2809  1  0 98  0
 0  0      0 14873020 625304 7369212    0    0     0     0  600  967  0  0 100  0
 0  0      0 14872324 625312 7369256    0    0     0     6  649 1007  0  0 100  0
 0  0      0 14873728 625312 7369324    0    0     0    26  681 1112  1  0 99  0
 0  0      0 14873368 625312 7369384    0    0     0     0  703 1108  1  0 99  0
 0  0      0 14869412 625316 7369660    0    0     0    38  805 1234  1  0 99  0
 0  0      0 14873308 625316 7369448    0    0     0     0  582  966  0  0 99  0
 0  0      0 14873388 625316 7369468    0    0     0   474  587  965  0  0 100  0
 0  0      0 14873028 625320 7369504    0    0     0    62  758 1169  2  0 98  0
 0  0      0 14873212 625320 7369552    0    0     0     0  607  974  0  0 100  0
 0  0      0 14869436 625320 7369860    0    0     0   100  728 1125  1  0 99  0
procs -----------memory---------- ---swap-- -----io---- -system-- ----cpu----
 r  b   swpd   free   buff  cache   si   so    bi    bo   in   cs us sy id wa
 1  0      0 14873056 625320 7369640    0    0     0     8  533  909  0  0 100  0
 0  0      0 14873184 625320 7369648    0    0     0     0  802 1049  0  0 100  0
 0  0      0 14872236 625320 7369900    0    0     0   140  618 1061  0  0 99  0
 0  0      0 14872592 625320 7369668    0    0     0     0  622 1017  0  0 100  0
 0  0      0 14868960 625320 7369676    0    0     0    38  623 1075  0  0 100  0
 0  0      0 14872636 625320 7369672    0    0     0     8  617  965  0  0 100  0
 0  0      0 14872496 625320 7369676    0    0     0     0  503  866  0  0 100  0
 0  0      0 14872456 625320 7369680    0    0     0    26  545  967  0  0 99  0
 0  0      0 14872680 625320 7369684    0    0     0     0  608 1036  0  0 99  0
 0  0      0 14868300 625320 7369940    0    0     0    26  684 1071  0  0 99  0
 0  0      0 14872636 625320 7369688    0    0     0     0  537  977  0  0 100  0
 1  0      0 14859716 625320 7380856    0    0     0     4  823 1183  2  0 98  0
 0  0      0 14872512 625388 7370072    0    0     0 33280  697 1036  2  1 98  0
 0  0      0 14872172 625388 7369820    0    0     0     0  579  991  0  0 100  0
 0  0      0 14869312 625392 7369824    0    0     0   204  528  923  0  0 99  0
 0  0      0 14872268 625392 7369824    0    0     0     0  518  942  0  0 100  0
 0  0      0 14872304 625392 7369824    0    0     0    10  545  917  0  0 100  0
 0  0      0 14872948 625392 7369824    0    0     0   120  575  978  0  0 100  0
 0  0      0 14872820 625392 7369824    0    0     0     0  650 1102  0  0 100  0
 0  0      0 14869200 625396 7370076    0    0     0    40  543  951  0  0 100  0
 0  0      0 14872756 625396 7369832    0    0     0    16  818 1136  0  0 100  0
procs -----------memory---------- ---swap-- -----io---- -system-- ----cpu----
 r  b   swpd   free   buff  cache   si   so    bi    bo   in   cs us sy id wa
 1  0      0 14872860 625396 7369836    0    0     0     0  508  869  0  0 100  0
 0  0      0 14873320 625396 7370088    0    0     0    26  547  966  0  0 100  0
 0  0      0 14872284 625400 7369880    0    0     0    20 1144 1531  2  0 98  0
 0  0      0 14868552 625400 7370508    0    0     0    32  822 1175  1  0 99  0
 0  0      0 14872132 625400 7370292    0    0     0     0  658 1069  0  0 99  0
 0  0      0 14872500 625404 7370372    0    0     0    20  755 1110  1  0 98  0
 0  0      0 14871752 625404 7370664    0    0     0   332  660 1060  1  0 99  0
 0  0      0 14871912 625412 7370468    0    0     0    18  656 1042  0  0 100  0
 0  0      0 14867872 625412 7370728    0    0     0    52  596 1012  0  0 100  0
 0  0      0 14871292 625412 7370476    0    0     0     0  479  866  0  0 100  0
 0  0      0 14871436 625412 7370476    0    0     0    60  626 1002  0  0 100  0
 1  0      0 14871832 625416 7370476    0    0     0    34  571  987  0  0 99  0
 0  0      0 14871740 625416 7370476    0    0     0     0  584  993  0  0 100  0
 0  0      0 14868556 625416 7370480    0    0     0   240  625 1050  1  0 99  0
 0  0      0 14871776 625416 7370732    0    0     0     0  474  851  0  0 100  0
 0  0      0 14871508 625416 7370492    0    0     0     6  635 1062  0  0 100  0
 0  0      0 14871236 625416 7370496    0    0     0    30  529  946  0  0 100  0
 0  0      0 14870840 625416 7370496    0    0     0     0  833 1138  0  0 100  0
 0  0      0 14868292 625416 7370500    0    0     0    28  774 1207  1  0 99  0
 0  0      0 14871768 625416 7370500    0    0     0     0  493  907  0  0 100  0
 1  0      0 14854616 625416 7386896    0    0     0     0  861 1261  2  0 97  0
procs -----------memory---------- ---swap-- -----io---- -system-- ----cpu----
 r  b   swpd   free   buff  cache   si   so    bi    bo   in   cs us sy id wa
 1  0      0 14871720 625464 7370584    0    0     0 33332  798 1098  1  1 98  0
 0  0      0 14871816 625464 7370584    0    0     0    32  520  882  0  0 100  0
 0  0      0 14867216 625476 7370852    0    0     0   112  636 1073  1  0 99  0
 0  0      0 14871504 625476 7370636    0    0     0    78  510  872  0  0 100  0
 0  0      0 14871392 625476 7370660    0    0     0     0  679 1062  0  0 100  0
 0  0      0 14870836 625488 7370660    0    0     0    40  552  972  0  0 100  0
 0  0      0 14871104 625488 7370668    0    0     0     0  577  966  0  0 100  0
 1  0      0 14867216 625488 7370928    0    0     0    74  648 1078  0  0 99  0
 0  0      0 14871504 625488 7370696    0    0     0     0  594  990  0  0 100  0
 0  0      0 14871012 625492 7370728    0    0     0    76  593  961  0  0 100  0
 0  0      0 14870688 625492 7370740    0    0     0    42  630 1087  0  0 99  0
 0  0      0 14870820 625492 7370740    0    0     0     0  597 1011  0  0 100  0
 0  0      0 14868152 625492 7371000    0    0     0    28  703 1090  0  0 100  0
 0  0      0 14871308 625492 7370748    0    0     0    68  539  960  0  0 100  0
 0  0      0 14871220 625496 7370752    0    0     0   160  556  955  0  0 100  0
 0  0      0 14870404 625496 7371004    0    0     0    38  887 1255  1  0 99  0
 0  0      0 14870340 625496 7371004    0    0     0     0  523  897  0  0 100  0
 0  0      0 14867672 625500 7371004    0    0     0    26  523  917  0  0 100  0
 0  0      0 14870596 625500 7370760    0    0     0     0  522  938  0  0 100  0
 0  0      0 14873824 625500 7370760    0    0     0     0  668  975  1  0 99  0
 0  0      0 14873724 625504 7370760    0    0     0    28  635 1092  1  0 99  0
procs -----------memory---------- ---swap-- -----io---- -system-- ----cpu----
 r  b   swpd   free   buff  cache   si   so    bi    bo   in   cs us sy id wa
 1  0      0 14873824 625504 7370760    0    0     0     0  575  957  1  0 99  0
 0  0      0 14870528 625504 7370764    0    0     0    76  606 1029  0  0 100  0
 0  0      0 14873500 625504 7370768    0    0     0     0  566  980  0  0 100  0
 0  0      0 14873792 625504 7370768    0    0     0     0  537  903  1  0 99  0
 0  0      0 14873160 625504 7371028    0    0     0    30  607 1052  1  0 99  0
 0  0      0 14873320 625504 7370776    0    0     0     0  567  974  0  0 100  0
 0  0      0 14870172 625504 7370780    0    0     0    90  633 1019  0  0 99  0
 0  0      0 14874056 625504 7370780    0    0     0     0  499  915  0  0 100  0
 1  0      0 14873688 625504 7370784    0    0     0    18  797 1166  1  0 98  0
 0  0      0 14873564 625552 7370884    0    0     0 33368  809 1112  2  1 98  0
 0  0      0 14873548 625552 7370884    0    0     0     0  587  986  0  0 100  0
 0  0      0 14869992 625572 7371132    0    0     0   104  506  913  0  0 100  0
 0  0      0 14873844 625572 7370888    0    0     0     0  454  839  0  0 100  0
 0  0      0 14873868 625572 7370888    0    0     0     0  878 1153  0  0 100  0
 0  0      0 14873928 625580 7370888    0    0     0    32  566  975  1  0 99  0
 0  0      0 14873404 625580 7370888    0    0     0     0  648 1086  0  0 100  0
 0  0      0 14870400 625580 7371140    0    0     0    76  623 1056  0  0 100  0
 0  0      0 14875152 625580 7370896    0    0     0     0  597  923  0  0 100  0
 0  0      0 14874564 625580 7370896    0    0     0     0  572  970  0  0 100  0
 0  0      0 14873964 625580 7370900    0    0     0    26  532  947  0  0 99  0
 0  0      0 14873608 625580 7370912    0    0     0     0  693 1163  0  0 100  0
procs -----------memory---------- ---swap-- -----io---- -system-- ----cpu----
 r  b   swpd   free   buff  cache   si   so    bi    bo   in   cs us sy id wa
 1  0      0 14872596 625588 7370908    0    0     0    44  689 1078  0  0 99  0
 0  0      0 14874224 625588 7370916    0    0     0     0  493  890  0  0 100  0
 0  0      0 14874216 625588 7370920    0    0     0     0  647 1083  0  0 99  0
 0  0      0 14874272 625588 7370924    0    0     0    80  577  998  0  0 99  0
 0  0      0 14873852 625588 7370924    0    0     0     0  623 1045  0  0 100  0
 0  0      0 14870892 625588 7371172    0    0     0    44  551  949  0  0 99  0
 0  0      0 14874320 625588 7370924    0    0     0     0  454  835  0  0 100  0
 0  0      0 14874456 625596 7370928    0    0     0    86  571  930  0  0 100  0
 0  0      0 14873912 625596 7370932    0    0     0    26  604 1049  0  0 99  0
 0  0      0 14873772 625596 7370936    0    0     0     0  575  973  0  0 100  0
 0  0      0 14870064 625596 7371192    0    0     0    96  781 1262  1  0 99  0
 0  0      0 14874500 625596 7370944    0    0     0     0  743 1011  0  0 100  0
 0  0      0 14874664 625596 7370944    0    0     0     0  521  892  0  0 100  0
 0  0      0 14874436 625600 7370944    0    0     0    28  580 1016  1  0 99  0
 0  0      0 14873692 625600 7371340    0    0     0     6  993 1359  1  0 99  0
 0  0      0 14870176 625604 7371620    0    0     0    28  888 1278  0  0 99  0
 0  0      0 14873864 625604 7371624    0    0     0     0  487  905  0  0 100  0
 1  0      0 14861612 625612 7381852    0    0     0   224  791 1135  2  0 98  0
 0  0      0 14873248 625628 7371420    0    0     0 33394  837 1126  2  1 98  0
 0  0      0 14873156 625628 7371420    0    0     0     0  511  889  0  0 100  0
 0  0      0 14869860 625636 7371728    0    0     0   178  722 1128  1  0 99  0
procs -----------memory---------- ---swap-- -----io---- -system-- ----cpu----
 r  b   swpd   free   buff  cache   si   so    bi    bo   in   cs us sy id wa
 1  0      0 14873704 625636 7371564    0    0     0     0  619  960  1  0 99  0
 0  0      0 14873864 625644 7371616    0    0     0     6  629  968  0  0 100  0
 0  0      0 14873224 625644 7371904    0    0     0    26  723 1157  1  0 99  0
 0  0      0 14873348 625644 7371708    0    0     0     0  631 1005  0  0 100  0
 0  0      0 14869316 625648 7371752    0    0     0    82  785 1249  0  0 99  0
 1  0      0 14873032 625648 7371804    0    0     0     0  685  985  3  0 97  0
 0  0      0 14872912 625648 7371808    0    0     0     0  578  908  1  0 99  0
 0  0      0 14873692 625656 7371820    0    0     0    34  540  964  0  0 100  0
 0  0      0 14872832 625656 7371832    0    0     0     0  913 1252  0  0 99  0
 1  0      0 14865888 625660 7371856    0    0     0    30  785 1229  1  0 99  0
 0  0      0 14868216 625660 7371868    0    0     0     0  823 1413  1  1 99  0
 0  0      0 14863968 625668 7371880    0    0     0   298  976 1600  1  1 98  0
 0  0      0 14864308 625668 7371880    0    0     0    72  719 1121  1  0 99  0
 0  0      0 14864044 625668 7371884    0    0     0     0  649 1102  0  0 100  0
 0  0      0 14860764 625672 7371880    0    0     0    52  539  930  1  0 99  0
 0  0      0 14864440 625672 7371884    0    0     0     0  527  939  0  0 100  0
 0  0      0 14864856 625672 7371888    0    0     0     0  549  877  0  0 100  0
 0  0      0 14864248 625672 7372140    0    0     0    86  564  980  0  0 99  0
 0  0      0 14864312 625672 7371888    0    0     0     0  611 1034  0  0 100  0
 0  0      0 14860464 625676 7371892    0    0     0   104  628 1074  0  0 100  0
 0  0      0 14864068 625676 7371892    0    0     0     0  552  970  0  0 100  0
procs -----------memory---------- ---swap-- -----io---- -system-- ----cpu----
 r  b   swpd   free   buff  cache   si   so    bi    bo   in   cs us sy id wa
 1  0      0 14863872 625676 7371896    0    0     0     0  522  894  0  0 100  0
 0  0      0 14864580 625684 7372152    0    0     0    28  513  924  0  0 100  0
 0  0      0 14863996 625684 7371900    0    0     0     0  602 1039  0  0 100  0
 0  0      0 14860656 625684 7372156    0    0     0    40  700 1089  1  0 99  0
 0  0      0 14864072 625684 7372160    0    0     0     0  503  925  0  0 100  0
 1  0      0 14845672 625696 7388940    0    0     0  3750  913 1302  2  1 97  0
 0  0      0 14862892 625780 7371992    0    0     0 33768  985 1242  1  1 98  0
 1  0      0 14863188 625780 7371992    0    0     0     2  562  962  0  0 100  0
 0  0      0 14860524 625792 7371992    0    0     0   116  575 1006  0  0 99  0
 0  0      0 14864528 625792 7371748    0    0     0     0  438  815  0  0 100  0
 0  0      0 14863596 625792 7371992    0    0     0   100  753 1083  0  0 100  0
 0  0      0 14863676 625792 7372004    0    0     0    30  556  978  0  0 99  0
 0  0      0 14863820 625792 7372004    0    0     0     0  572  961  0  0 100  0
 0  0      0 14860268 625792 7372264    0    0     0   128  694 1137  0  0 99  1
 0  0      0 14863804 625792 7372012    0    0     0     0  528  896  0  0 100  0
 0  0      0 14863020 625792 7372012    0    0     0     0  607 1019  0  0 100  0
 0  0      0 14862972 625792 7372268    0    0     0    40  557  973  1  0 99  0
 0  0      0 14862516 625792 7372024    0    0     0     0  595 1009  0  0 100  0
 1  0      0 14858780 625800 7372280    0    0     0    40  674 1100  0  0 99  0
 0  0      0 14863628 625800 7372032    0    0     0     0  475  863  0  0 100  0
 0  0      0 14863752 625800 7372032    0    0     0     0  624 1056  0  0 100  0
procs -----------memory---------- ---swap-- -----io---- -system-- ----cpu----
 r  b   swpd   free   buff  cache   si   so    bi    bo   in   cs us sy id wa
 1  0      0 14863848 625800 7372036    0    0     0   168  576  994  0  0 99  0
 0  0      0 14863980 625800 7372036    0    0     0     0  542  929  0  0 100  0
 0  0      0 14859724 625804 7372288    0    0     0    26  548  966  0  0 100  0
 0  0      0 14863336 625804 7372352    0    0     0     0  950 1309  1  0 99  0
 0  0      0 14862888 625804 7372456    0    0     0   226  843 1087  0  0 100  0
 0  0      0 14862564 625804 7372456    0    0     0    42  623 1068  0  0 99  0
 0  0      0 14863080 625808 7372456    0    0     0    16  554  951  0  0 100  0
 0  0      0 14859628 625812 7372712    0    0     0    90  590 1013  0  0 100  0
 0  0      0 14861932 625812 7372464    0    0     0     0  662 1043  0  0 100  0
 0  0      0 14861960 625816 7372460    0    0     0     6  552  932  0  0 100  0
 0  0      0 14862220 625816 7372216    0    0     0    58  607 1055  0  0 99  0
 0  0      0 14862452 625816 7372468    0    0     0     0  567  973  0  0 100  0
 0  0      0 14859008 625816 7372728    0    0     0    44  671 1028  0  0 99  0
 0  0      0 14862480 625816 7372732    0    0     0     0  533  961  0  0 100  0
 2  0      0 14860948 625816 7372512    0    0     0  3758 1060 1121  9  1 90  0
 0  0      0 14861368 625872 7372544    0    0     0 28732  903 1233  2  1 97  0
 1  0      0 14734520 625876 7496096    0    0     0    80  684  978  3  1 97  0
 1  0      0 14854004 626132 7375552    0    0     0 128130 1354 1226 11  2 87  1
 0  0      0 14854856 626132 7377484    0    0     0 63668  944 1192  3  1 96  0
 0  0      0 14850532 626280 7380656    0    0     0 70388  950  937  3  1 96  0
 0  0      0 14851588 626280 7380912    0    0     0    28  631 1074  1  0 99  0
procs -----------memory---------- ---swap-- -----io---- -system-- ----cpu----
 r  b   swpd   free   buff  cache   si   so    bi    bo   in   cs us sy id wa
 1  1      0 14622008 626380 7605072    0    0     0 49002 1040 1041  4  2 93  1
 0  0      0 14845432 626512 7384896    0    0     0 63744  909 1166  0  1 97  2
 0  0      0 14848720 626512 7385148    0    0     0     2  779 1067  0  0 100  0
 0  0      0 14849036 626512 7384900    0    0     0     0  574  964  0  0 99  0
 0  0      0 14847948 626512 7384904    0    0     0    88  581  999  1  0 99  0
 0  0      0 14848072 626516 7384908    0    0     0     2  652 1092  0  0 100  0
 0  0      0 14843936 626520 7385176    0    0     0    42  738 1082  0  0 99  0
 0  0      0 14848712 626520 7384924    0    0     0     0  462  852  0  0 100  0
 0  0      0 14848612 626520 7384924    0    0     0     0  615 1035  0  0 100  0
 0  0      0 14847396 626520 7384928    0    0     0    40  638 1096  0  0 99  0
 0  0      0 14847496 626520 7384928    0    0     0     0  622 1035  0  0 100  0
 0  0      0 14843992 626520 7385380    0    0     0    46  747 1090  1  0 99  0
 0  0      0 14847916 626520 7385348    0    0     0   232  518  859  1  0 99  0
 0  0      0 14847420 626520 7385352    0    0     0     0  601  972  0  0 100  0
 0  0      0 14847524 626524 7385628    0    0     0    50  623 1025  0  0 99  0
 0  0      0 14847272 626524 7385412    0    0     0     0  700 1115  0  0 100  0
 0  0      0 14843184 626524 7385688    0    0     0    68  622 1028  0  0 100  0
 0  0      0 14847100 626528 7385492    0    0     0   190  618  958  0  0 99  0
 0  0      0 14846488 626528 7385544    0    0     0     0  697 1083  1  0 99  0
 0  0      0 14846828 626532 7385624    0    0     0    36  666 1073  1  0 99  0
 0  0      0 14846300 626532 7385724    0    0     0     0 1195 1515  1  0 99  0
procs -----------memory---------- ---swap-- -----io---- -system-- ----cpu----
 r  b   swpd   free   buff  cache   si   so    bi    bo   in   cs us sy id wa
 1  0      0 14843312 626532 7386160    0    0     0    84  714 1103  1  0 99  0
 0  0      0 14846600 626532 7386164    0    0     0   276  512  897  0  0 100  0
 1  0      0 14840704 626532 7391160    0    0     0    22  883 1192  2  0 98  0
 0  0      0 14847084 626612 7386204    0    0     0 33452 1006 1249  2  1 98  0
 0  0      0 14846784 626620 7385952    0    0     0    90  597 1011  0  0 100  0
 0  0      0 14843264 626620 7385956    0    0     0    28  599 1034  0  0 99  0
 0  0      0 14846660 626620 7385960    0    0     0     0  449  830  0  0 100  0
 0  0      0 14846644 626620 7385960    0    0     0     0  543  893  0  0 100  0
 0  0      0 14847104 626620 7385964    0    0     0    28  603 1050  1  0 99  0
 0  0      0 14847136 626620 7385964    0    0     0     0  584  986  0  0 100  0
 0  0      0 14844016 626624 7385968    0    0     0    68  668 1125  0  0 99  0
 0  0      0 14847700 626624 7385972    0    0     0     0  494  875  0  0 100  0
 0  0      0 14847660 626624 7385976    0    0     0     0  535  907  0  0 100  0
 0  0      0 14845900 626624 7386232    0    0     0   382  660 1091  1  0 99  0
 0  0      0 14846380 626624 7385980    0    0     0     0  630 1040  0  0 99  0
 0  0      0 14842072 626628 7386244    0    0     0    62  684 1131  0  0 99  0
 0  0      0 14846484 626628 7385996    0    0     0     0  504  894  0  0 100  0
 0  0      0 14846484 626628 7386000    0    0     0    96  518  892  0  0 100  0
 0  0      0 14846004 626636 7386248    0    0     0    44  948 1350  0  0 99  0
 0  0      0 14850672 626636 7386000    0    0     0     8  597 1028  0  0 100  0
 1  0      0 14845084 626636 7386248    0    0     0    36  797 1379  1  1 99  0
procs -----------memory---------- ---swap-- -----io---- -system-- ----cpu----
 r  b   swpd   free   buff  cache   si   so    bi    bo   in   cs us sy id wa
 1  0      0 14845572 626636 7386012    0    0     0     2  685 1183  1  0 99  0
 0  0      0 14845580 626640 7386008    0    0     0    14  637  945  0  0 100  0
 0  0      0 14846480 626644 7386012    0    0     0    40  556  982  0  0 99  0
 0  0      0 14846744 626644 7386012    0    0     0     0  583  997  0  0 100  0
 0  0      0 14843584 626644 7386268    0    0     0    26  830 1183  1  0 99  0
 0  0      0 14847384 626644 7386016    0    0     0     0  584  985  0  0 100  0
 0  0      0 14847416 626644 7386020    0    0     0     0  530  897  0  0 100  0
 0  0      0 14846996 626648 7386272    0    0     0    78  557  961  0  0 100  0
 0  0      0 14846792 626648 7386036    0    0     0     0  682 1106  1  0 99  0
 0  0      0 14843288 626648 7386308    0    0     0   112  745 1106  1  0 99  0
 0  0      0 14847080 626656 7386048    0    0     0    12  565 1009  0  0 100  0
 1  0      0 14826596 626656 7405144    0    0     0     0  795 1133  2  0 97  0
 0  0      0 14846268 626728 7386584    0    0     0 33970 1040 1291  2  1 97  0
 0  0      0 14846268 626736 7386940    0    0     0   170  746 1087  1  0 99  0
 0  0      0 14842584 626736 7387364    0    0     0    42  610  992  1  0 99  0
 0  0      0 14845484 626740 7387116    0    0     0    10  521  938  0  0 100  0
 1  0      0 14845588 626740 7387292    0    0     0     0  968 1153  1  0 99  0
 0  0      0 14846272 626740 7387728    0    0     0    30  557  969  1  0 99  0
 0  0      0 14845652 626740 7387492    0    0     0     0  664 1083  0  0 100  0
 0  0      0 14842056 626748 7387740    0    0     0    34  593 1013  0  0 100  0
 0  0      0 14845560 626748 7387500    0    0     2     0  675 1063  0  0 100  0
procs -----------memory---------- ---swap-- -----io---- -system-- ----cpu----
 r  b   swpd   free   buff  cache   si   so    bi    bo   in   cs us sy id wa
 1  0      0 14845432 626748 7387536    0    0     0     6  671 1020  0  0 100  0
 0  0      0 14845648 626748 7388036    0    0     0    28  542  967  0  0 100  0
 0  0      0 14845064 626752 7387780    0    0     0   864  626 1042  0  0 100  0
 0  0      0 14841184 626752 7387792    0    0     0    28  661 1074  0  0 100  0
 0  0      0 14844924 626752 7387544    0    0     0     0  493  895  0  0 100  0
 0  0      0 14845000 626756 7387548    0    0     0    18  601 1005  0  0 100  0
 0  0      0 14844592 626760 7388052    0    0     0   372  624 1053  0  0 99  0
 0  0      0 14844852 626760 7387800    0    0     0     0  536  911  0  0 99  0
 0  0      0 14841372 626760 7387808    0    0     0    46  589 1028  0  0 99  0
 0  0      0 14845668 626760 7388060    0    0     0     0  466  845  0  0 100  0
 0  0      0 14845468 626760 7387812    0    0     0    26  634 1011  0  0 100  0
 0  0      0 14845496 626760 7387812    0    0     0    32  556  978  0  0 100  0
 0  0      0 14845508 626760 7387812    0    0     0     0  560  949  0  0 100  0
 0  0      0 14841560 626760 7388064    0    0     0    26  657 1119  0  0 99  0
 0  0      0 14845856 626760 7387848    0    0     0   330  827 1103  0  0 99  0
 0  0      0 14844972 626760 7387848    0    0     0     0  612 1025  0  0 100  0
 0  0      0 14845716 626760 7388108    0    0     0    42  721 1039  1  0 99  0
 0  0      0 14845208 626768 7387856    0    0     0    10  573  984  0  0 100  0
 0  0      0 14840228 626768 7388380    0    0     0    34  954 1337  1  0 99  0
 0  0      0 14844092 626768 7388144    0    0     0   174  564  938  0  0 100  0
 1  0      0 14839876 626772 7391456    0    0     0    20 1312 1541  2  0 97  0
procs -----------memory---------- ---swap-- -----io---- -system-- ----cpu----
 r  b   swpd   free   buff  cache   si   so    bi    bo   in   cs us sy id wa
 1  0      0 14845132 626808 7388724    0    0     0 33830  891 1171  2  1 98  0
 0  0      0 14843824 626820 7388464    0    0     0    86  575  997  0  0 100  0
 1  0      0 14840476 626824 7388728    0    0     0    40  550  984  0  0 100  0
 0  0      0 14843708 626824 7388480    0    0     0     0  529  939  0  0 100  0
 0  0      0 14843236 626824 7388480    0    0     0     0  590  974  0  0 100  0
 0  0      0 14844372 626824 7388740    0    0     0    32  637 1114  0  0 99  0
 0  0      0 14844312 626824 7388488    0    0     0     0  556  955  0  0 100  0
 0  0      0 14840776 626824 7388492    0    0     0    30  593 1037  0  0 99  0
 0  0      0 14843260 626824 7388744    0    0     0   332  594  986  0  0 99  0
 0  0      0 14843760 626824 7388496    0    0     0     0  577  949  0  0 100  0
 0  0      0 14843132 626836 7388244    0    0     0    50  629 1090  1  0 99  0
 0  0      0 14843464 626836 7388516    0    0     0     0  920 1221  1  0 99  0
 0  0      0 14840728 626836 7388516    0    0     0    32  588  982  0  0 100  0
 0  0      0 14844224 626836 7388524    0    0     0     0  535  960  0  0 100  0
 0  0      0 14844192 626844 7388520    0    0     0   248  524  901  0  0 100  0
 0  0      0 14843664 626848 7388780    0    0     0   360  820 1258  0  0 99  0
 0  0      0 14844300 626848 7388528    0    0     0     0  549  932  0  0 100  0
 0  0      0 14841292 626856 7388784    0    0     0    70  537  955  0  0 100  0
 0  0      0 14844664 626856 7388532    0    0     0     0  468  856  0  0 100  0
 0  0      0 14844132 626856 7388532    0    0     0     0  588  965  0  0 100  0
 0  0      0 14843108 626856 7388784    0    0     0    28  552  974  0  0 99  0
procs -----------memory---------- ---swap-- -----io---- -system-- ----cpu----
 r  b   swpd   free   buff  cache   si   so    bi    bo   in   cs us sy id wa
 1  0      0 14843584 626856 7388536    0    0     0     0  619 1044  0  0 100  0
 0  0      0 14841396 626856 7388540    0    0     0    24  575  988  0  0 100  0
 0  0      0 14844948 626856 7388536    0    0     0   328  558  956  0  0 100  0
 0  0      0 14843924 626856 7388540    0    0     0     0  675 1144  0  0 100  0
 0  0      0 14844608 626856 7388808    0    0     0    38  593 1057  0  0 99  0
 1  1      0 14844240 626856 7388556    0    0     0     0  624 1066  0  0 100  0
 1  0      0 14841112 626856 7388808    0    0     0    32  662 1036  1  0 99  0
 2  0      0 14844496 626856 7388556    0    0     0     0  522  961  0  0 100  0
 1  0      0 14825676 626856 7405128    0    0     0    30  829 1215  2  0 98  0
 0  0      0 14844024 626908 7388508    0    0     0 29146  965 1221  1  0 98  0
 0  0      0 14843548 626908 7388620    0    0     0     2  600 1013  0  0 100  0
 0  0      0 14840244 626912 7388624    0    0     0   108  579 1051  0  0 99  0
 0  0      0 14843772 626912 7388624    0    0     0     0  494  925  0  0 100  0
 0  0      0 14843420 626912 7388624    0    0     0     0  837 1220  0  0 100  0
 0  0      0 14841936 626912 7388876    0    0     0    28  545  957  0  0 99  0
 0  0      0 14842064 626912 7388624    0    0     0     0  617 1043  0  0 100  0
 0  0      0 14839468 626912 7388628    0    0     0    28  581 1000  0  0 100  0
 0  0      0 14842664 626912 7388628    0    0     0   340  655 1095  0  0 100  0
 0  0      0 14842388 626912 7388632    0    0     0     0  531  912  0  0 100  0
 0  0      0 14842848 626916 7388640    0    0     0    44  598 1038  0  0 99  0
 0  0      0 14840892 626916 7388648    0    0     0     0  717 1206  0  0 99  0
procs -----------memory---------- ---swap-- -----io---- -system-- ----cpu----
 r  b   swpd   free   buff  cache   si   so    bi    bo   in   cs us sy id wa
 1  0      0 14838372 626920 7388896    0    0     0    36  675 1100  0  0 99  0
 0  0      0 14841372 626920 7388648    0    0     0     0  456  845  0  0 100  0
 0  0      0 14841288 626920 7388652    0    0     0     0  519  897  0  0 100  0
 0  0      0 14841388 626920 7388904    0    0     0    26  660 1134  0  0 99  0
 0  0      0 14841580 626920 7388656    0    0     0     0  533  918  0  0 100  0
 0  0      0 14839072 626920 7388660    0    0     0    26  635 1091  0  0 99  0
 0  0      0 14842788 626920 7388912    0    0     0     0  462  842  0  0 100  0
 0  0      0 14842928 626920 7388664    0    0     0    52  809 1061  0  0 100  0
 0  0      0 14841484 626920 7388664    0    0     0    26  629 1097  0  0 99  0
 0  0      0 14841616 626920 7388672    0    0     0     0  586 1058  0  0 100  0
 0  0      0 14838832 626920 7388680    0    0     0    26  635 1100  0  0 100  0
 0  0      0 14841612 626920 7388676    0    0     0    42  670 1015  0  0 100  0
 0  0      0 14841684 626920 7388676    0    0     0     0  586  978  0  0 100  0
 0  0      0 14841000 626920 7388932    0    0     0    88  600 1047  0  0 99  0
 0  0      0 14841148 626920 7388680    0    0     0     0  554  961  0  0 100  0
 0  0      0 14838976 626924 7388688    0    0     0    48  801 1262  1  0 99  0
 0  0      0 14841700 626924 7388944    0    0     0     8  482  888  0  0 100  0
 1  0      0 14832732 626924 7396388    0    0     0  3766  809 1146  2  1 98  0
 0  0      0 14841400 626932 7388820    0    0     0 28906  728 1126  1  1 98  0
 0  0      0 14841368 626932 7388820    0    0     0     0  557  961  0  0 100  0
 0  0      0 14836532 626944 7388812    0    0     0    86  585 1054  0  0 100  0
procs -----------memory---------- ---swap-- -----io---- -system-- ----cpu----
 r  b   swpd   free   buff  cache   si   so    bi    bo   in   cs us sy id wa
 1  0      0 14840496 626944 7388560    0    0     0     0  502  916  0  0 100  0
 0  0      0 14840840 626944 7388824    0    0     0     0  540  892  0  0 100  0
 0  0      0 14841192 626944 7389076    0    0     0    30  534  941  0  0 100  0
 0  0      0 14841060 626944 7388860    0    0     0     0  852 1255  0  0 99  0
 0  0      0 14838356 626944 7389388    0    0     0    32  787 1206  0  0 99  0
 0  0      0 14840668 626944 7389140    0    0     0    48  956 1321  0  0 100  0
 0  0      0 14840836 626948 7389140    0    0     0    16  538  915  0  0 100  0
 0  0      0 14841184 626948 7389392    0    0     0    30  565  985  1  0 99  0
 0  0      0 14840648 626948 7389156    0    0     0     0  712 1173  1  0 99  0
 0  0      0 14837288 626948 7389164    0    0     0    40  702 1063  0  0 99  0
 0  0      0 14840508 626948 7389168    0    0     0    72  521  934  0  0 94  6
 0  0      0 14841032 626948 7389176    0    0     0    78  761 1306  0  0 99  0
 0  0      0 14839752 626948 7389428    0    0     0    38  620 1044  0  0 99  0
 0  0      0 14840564 626948 7389340    0    0     0   138  716 1113  0  0 100  0
 0  0      0 14840644 626952 7389340    0    0     0     8  502  868  0  0 100  0
 0  0      0 14839932 626952 7389344    0    0     0    44  623 1077  0  0 99  0
 0  0      0 14839864 626952 7389348    0    0     0     0  504  844  0  0 100  0
 0  0      0 14836180 626956 7389596    0    0     0    44  508  880  0  0 100  0
 0  0      0 14840004 626956 7389600    0    0     0     0  595  992  1  0 99  0
 0  0      0 14839648 626956 7389356    0    0     0   246  569  963  0  0 100  0
 0  0      0 14839980 626956 7389608    0    0     0    82  604 1033  0  0 99  0
procs -----------memory---------- ---swap-- -----io---- -system-- ----cpu----
 r  b   swpd   free   buff  cache   si   so    bi    bo   in   cs us sy id wa
 1  0      0 14839476 626960 7389352    0    0     0    20  619 1033  0  0 100  0
 0  0      0 14835492 626960 7389608    0    0     0    36  499  882  0  0 99  0
 0  0      0 14839064 626960 7389360    0    0     0     0  861 1178  0  0 100  0
 0  0      0 14838592 626960 7389524    0    0     0     0  818 1216  1  0 99  0
 0  0      0 14839928 626960 7389692    0    0     0    40  491  913  0  0 100  0
 1  0      0 14836904 626972 7390592    0    0     0  3778  884 1214  2  0 98  0
 0  0      0 14835504 627064 7390020    0    0     0 33630  851 1088  2  1 97  1
 0  0      0 14839084 627064 7389772    0    0     0    58  567  954  0  0 100  0
 0  0      0 14838532 627072 7389772    0    0     0    84  541  952  0  0 100  0
 0  0      0 14839456 627072 7389784    0    0     0    32  499  902  0  0 100  0
 0  0      0 14838912 627072 7389788    0    0     0   106  643 1017  0  0 100  0
 0  0      0 14835888 627076 7390060    0    0     0    42  527  905  0  0 100  0
 0  0      0 14839464 627076 7389808    0    0     0     2  565  969  0  0 100  0
 0  0      0 14839256 627076 7389816    0    0     0     0  606 1023  0  0 100  0
 0  0      0 14839180 627084 7389820    0    0     0    78  604 1041  0  0 100  0
 0  0      0 14838496 627084 7389820    0    0     0     0  603 1001  0  0 100  0
 0  0      0 14834816 627084 7390076    0    0     0    30  538  950  0  0 100  0
 0  0      0 14838460 627084 7389832    0    0     0     0  628 1050  1  0 99  0
 0  0      0 14838288 627084 7389840    0    0     0     0  567  941  0  0 100  0
 0  0      0 14838668 627084 7390092    0    0     0    38  547  978  0  0 99  0
 0  0      0 14839056 627088 7389836    0    0     0   188  528  915  0  0 99  1
procs -----------memory---------- ---swap-- -----io---- -system-- ----cpu----
 r  b   swpd   free   buff  cache   si   so    bi    bo   in   cs us sy id wa
 1  0      0 14835352 627088 7389844    0    0     0    34  890 1268  1  0 99  0
 0  0      0 14839836 627088 7389592    0    0     0    12  559  967  0  0 100  0
 0  0      0 14839836 627088 7389844    0    0     0    34  469  842  0  0 100  0
 0  0      0 14838844 627088 7390100    0    0     0    62  552  991  0  0 99  0
 0  0      0 14838904 627088 7389848    0    0     0     2  626  923  0  0 100  0
 0  0      0 14835028 627088 7390092    0    0     0    30  559  975  0  0 99  0
 0  0      0 14838980 627088 7389848    0    0     0     8  564  974  0  0 100  0
 0  0      0 14839204 627088 7389856    0    0     0    32  520  894  0  0 100  0
 0  0      0 14838808 627088 7389856    0    0     0    72  684 1147  0  0 99  0
 0  0      0 14839056 627088 7389860    0    0     0     0  512  878  0  0 100  0
 0  0      0 14834256 627088 7389860    0    0     0    30  685 1096  1  0 99  0
 0  0      0 14838100 627088 7389860    0    0     0     0  575  991  0  0 100  0
 0  0      0 14838288 627092 7389868    0    0     0    10  585  938  1  0 99  0
 0  0      0 14837916 627092 7389876    0    0     0    30  554 1012  0  0 99  0
 1  0      0 14834888 627104 7392860    0    0     0  3794  791 1103  2  0 98  0
 0  0      0 14833884 627172 7390188    0    0     0 33600  804 1074  2  0 98  0
 0  0      0 14837392 627172 7389936    0    0     0     0  632 1063  0  0 100  0
 0  0      0 14837292 627172 7389940    0    0     0    84  504  898  0  0 100  0
 1  0      0 14837320 627172 7389944    0    0     0    34  526  945  0  0 99  0
 0  0      0 14838224 627172 7389944    0    0     0     0  859 1136  0  0 100  0
 0  0      0 14835416 627172 7390196    0    0     0    32  512  897  0  0 100  0
procs -----------memory---------- ---swap-- -----io---- -system-- ----cpu----
 r  b   swpd   free   buff  cache   si   so    bi    bo   in   cs us sy id wa
 1  0      0 14837996 627172 7390196    0    0     0    36  659 1106  0  0 100  0
 0  0      0 14837748 627172 7389948    0    0     0     0  530  910  0  0 100  0
