procs -----------memory---------- ---swap-- -----io---- -system-- ----cpu----
 r  b   swpd   free   buff  cache   si   so    bi    bo   in   cs us sy id wa
 1  0  25456 1337576 156928 2927272    0    0     0    60    0    0  1  0 98  0
 0  0  25456 1337444 156928 2927180    0    0     0    32  328  669  0  0 100  0
 0  0  25456 1338312 156928 2927180    0    0     0     0  325  708  0  0 99  0
 0  0  25456 1338188 156928 2927180    0    0     0    36  331  697  0  0 99  0
 0  0  25456 1337940 156928 2927180    0    0     0     6  336  731  0  0 99  0
 0  0  25456 1337940 156928 2927184    0    0     0     0  407  790  0  0 99  0
 0  0  25456 1337816 156928 2927184    0    0     0    12  309  621  1  0 99  0
 0  0  25456 1337692 156928 2927184    0    0     0    14  350  703  1  0 99  0
 0  0  25456 1337540 156928 2927184    0    0     0     0  315  697  0  0 100  0
 0  0  25456 1337444 156928 2927184    0    0     0     0  350  744  0  0 100  0
 0  0  25456 1337444 156928 2927184    0    0     0     6  464  884  3  4 93  0
 0  0  25456 1337228 156928 2927184    0    0     0     6  325  638  0  0 99  0
 0  0  25456 1337196 156928 2927184    0    0     0     0  352  711  1  0 99  0
 0  0  25456 1337064 156928 2927184    0    0     0    16  333  710  0  0 99  0
 0  0  25456 1337404 156928 2927184    0    0     0     0  344  739  0  0 100  0
 0  0  25456 1337508 156928 2927184    0    0     0     0  355  737  0  0 100  0
 0  0  25456 1337384 156928 2927184    0    0     0    36  315  619  0  0 100  0
 0  0  25456 1337228 156928 2927184    0    0     0     0  345  725  1  0 99  0
 0  0  25456 1337228 156928 2927184    0    0     0     0  306  682  0  0 100  0
 0  0  25456 1337228 156928 2927184    0    0     0     8  336  722  0  0 100  0
 0  0  25456 1337408 156928 2927192    0    0     0     0  520  887  1  1 98  0
procs -----------memory---------- ---swap-- -----io---- -system-- ----cpu----
 r  b   swpd   free   buff  cache   si   so    bi    bo   in   cs us sy id wa
 1  0  25456 1337312 156928 2927192    0    0     0    16  310  638  0  0 100  0
 0  0  25456 1337312 156928 2927192    0    0     0    12  386  773  0  0 99  0
 0  0  25456 1337072 156928 2927192    0    0     0     0  321  692  0  0 99  0
 0  0  25456 1336948 156928 2927192    0    0     0     0  359  748  1  0 99  0
 1  0  25456 1335204 156928 2927196    0    0     0    10  493  909  2  2 95  0
 0  0  25456 1335188 156928 2927200    0    0     0     0  372  654  1  2 97  0
 0  0  25456 1335560 156928 2927200    0    0     0     0  332  695  1  0 99  0
 0  0  25456 1335312 156928 2927200    0    0     0    24  330  717  0  0 100  0
 0  0  25456 1335624 156928 2927200    0    0     0     0  345  750  0  0 99  0
 0  0  25456 1335800 156928 2927196    0    0     0     0  350  724  0  0 99  0
 0  0  25456 1335800 156928 2927196    0    0     0    36  333  650  0  0 100  0
 0  0  25456 1335768 156928 2927196    0    0     0     0  346  718  1  0 99  0
 0  0  25456 1336112 156928 2927196    0    0     0     8  314  688  0  0 100  0
 0  0  25456 1336140 156928 2927196    0    0     0    10  345  719  0  0 99  0
 0  0  25456 1336048 156928 2927200    0    0     0     0  424  827  1  0 99  0
 0  0  25456 1336016 156928 2927200    0    0     0    14  302  597  1  0 99  0
 0  0  25456 1336016 156928 2927200    0    0     0    20  329  697  0  0 99  0
 0  0  25456 1335768 156928 2927200    0    0     0    30  352  721  0  0 100  0
 0  0  25456 1336160 156928 2927200    0    0     0     0  345  697  1  0 99  0
 0  0  25456 1336232 156928 2927200    0    0     0     6  357  743  1  0 99  0
 0  0  25456 1336232 156928 2927200    0    0     0     4  449  657  3  3 94  0
procs -----------memory---------- ---swap-- -----io---- -system-- ----cpu----
 r  b   swpd   free   buff  cache   si   so    bi    bo   in   cs us sy id wa
 1  0  25456 1336232 156928 2927200    0    0     0     0  344  725  1  0 99  0
 0  0  25456 1336016 156928 2927200    0    0     0     6  308  694  0  0 100  0
 0  0  25456 1335984 156928 2927200    0    0     0     0  334  706  1  0 99  0
 0  0  25456 1335984 156928 2927200    0    0     0     0  361  651  1  0 99  0
 0  0  25456 1335952 156928 2927204    0    0     0     8  370  751  0  0 99  0
 0  0  25456 1336572 156928 2927204    0    0     0     0  369  755  1  0 99  0
 0  0  25456 1336572 156928 2927204    0    0     0    14  314  678  0  0 99  0
 0  0  25456 1336572 156928 2927204    0    0     0    10  340  730  1  0 99  0
 0  0  25456 1336432 156928 2927212    0    0     0     0  450  747  1  0 99  0
 0  0  25456 1335976 156928 2927212    0    0     0    10  332  737  1  0 99  0
 0  0  25456 1335820 156928 2927212    0    0     0    18  378  777  1  0 99  0
 0  0  25456 1336440 156928 2927212    0    0     0     0  317  679  0  0 100  0
 0  0  25456 1336448 156928 2927212    0    0     0     0  369  773  1  0 99  0
 0  0  25456 1334656 156928 2927216    0    0     0     8  392  742  1  0 99  0
 0  0  25456 1334284 156928 2927220    0    0     0    12  485  787  3  4 93  0
 0  0  25456 1334192 156928 2927220    0    0     0     0  333  713  1  0 99  0
 0  0  25456 1334068 156928 2927220    0    0     0    22  332  721  0  0 99  0
 0  0  25456 1335444 156928 2927220    0    0     0     0  382  834  1  0 99  0
 0  0  25456 1335548 156928 2927216    0    0     0     0  330  623  0  0 100  0
 0  0  25456 1335516 156928 2927216    0    0     0    20  368  785  0  0 99  0
 0  0  25456 1335268 156928 2927216    0    0     0     0  354  731  1  0 99  0
procs -----------memory---------- ---swap-- -----io---- -system-- ----cpu----
 r  b   swpd   free   buff  cache   si   so    bi    bo   in   cs us sy id wa
 1  0  25456 1335176 156928 2927216    0    0     0     0  320  687  0  0 100  0
 0  0  25456 1335208 156928 2927216    0    0     0     8  460  869  1  0 99  0
 0  0  25456 1335148 156928 2927224    0    0     0     0  406  711  0  0 99  0
 0  0  25456 1336016 156928 2927224    0    0     0    28  332  731  1  0 99  0
 0  0  25456 1335860 156928 2927224    0    0     0    26  334  709  0  0 99  0
 0  0  25456 1335736 156928 2927224    0    0     0     8  340  731  0  0 99  0
 0  0  25456 1335736 156928 2927224    0    0     0     0  365  773  1  0 99  0
 0  0  25456 1335676 156928 2927224    0    0     0    10  335  624  0  0 100  0
 0  0  25456 1335428 156928 2927224    0    0     0     4  497  800  4  3 93  0
 0  0  25456 1335772 156928 2927224    0    0     0     0  353  749  0  0 99  0
 0  0  25456 1335676 156928 2927224    0    0     0    40  339  700  0  0 100  0
 0  0  25456 1335552 156928 2927224    0    0     0     0  322  697  1  0 99  0
 0  0  25456 1335428 156928 2927224    0    0     0     0  362  699  0  0 100  0
 0  0  25456 1335180 156928 2927224    0    0     0    12  407  863  1  0 99  0
 0  0  25456 1335024 156928 2927224    0    0     0     0  346  724  1  0 99  0
 0  0  25456 1335520 156928 2927224    0    0     0     0  318  685  0  0 100  0
 0  0  25456 1335584 156928 2927228    0    0     0     8  429  845  1  0 99  0
 0  0  25456 1335424 156928 2927232    0    0     0     0  455  759  1  0 99  0
 0  0  25456 1335300 156928 2927232    0    0     0     6  332  736  1  0 99  0
 0  0  25456 1335176 156928 2927232    0    0     0    16  361  767  0  0 99  0
 0  0  25456 1335028 156928 2927232    0    0     0    16  315  666  1  0 99  0
procs -----------memory---------- ---swap-- -----io---- -system-- ----cpu----
 r  b   swpd   free   buff  cache   si   so    bi    bo   in   cs us sy id wa
 1  0  25456 1335372 156928 2927232    0    0     0     0  358  759  1  0 99  0
 0  0  25456 1333764 156928 2927236    0    0     0    14  362  704  0  0 99  0
 2  0  25456 1333516 156928 2927240    0    0     0     8  462  773  3  3 95  0
 0  0  25456 1333644 156928 2927240    0    0     0     0  391  769  1  1 98  0
 0  0  25456 1333488 156928 2927240    0    0     0    26  321  684  0  0 99  0
 0  0  25456 1334192 156928 2927240    0    0     0     0  323  649  1  0 99  0
 0  0  25456 1334224 156928 2927236    0    0     0     0  364  739  0  0 100  0
 0  0  25456 1334256 156928 2927236    0    0     0    34  345  731  1  0 99  0
 0  0  25456 1335000 156928 2927236    0    0     0     0  393  733  1  0 99  0
 0  0  25456 1334876 156928 2927240    0    0     0     0  439  850  1  0 99  0
 0  0  25456 1334752 156928 2927240    0    0     0     8  308  624  0  0 100  0
 0  0  25456 1334628 156928 2927244    0    0     0     0  428  813  0  1 99  0
 0  0  25456 1334380 156928 2927244    0    0     0    10  329  710  1  0 99  0
 0  0  25456 1334224 156928 2927244    0    0     0    14  354  728  1  0 99  0
 0  0  25456 1334876 156928 2927244    0    0     0     0  363  783  1  0 99  0
 1  0  25456 1334844 156928 2927248    0    0     0     0  337  630  0  0 100  0
 0  0  25456 1334720 156928 2927248    0    0     0     8  357  721  0  0 100  0
 0  0  25456 1334472 156928 2927248    0    0     0    20  391  788  0  0 100  0
 0  0  25456 1334316 156928 2927248    0    0     0     0  481  784  4  3 93  0
 0  0  25456 1334316 156928 2927248    0    0     0    28  313  675  0  0 100  0
 0  0  25456 1334192 156928 2927248    0    0     0     0  303  610  0  0 100  0
procs -----------memory---------- ---swap-- -----io---- -system-- ----cpu----
 r  b   swpd   free   buff  cache   si   so    bi    bo   in   cs us sy id wa
 0  0  25456 1334688 156928 2927248    0    0     0     0  354  730  0  0 100  0
 0  0  25456 1334532 156928 2927248    0    0     0    12  340  717  1  0 99  0
 0  0  25456 1334408 156928 2927248    0    0     0     0  362  743  1  0 99  0
 0  0  25456 1334408 156928 2927248    0    0     0    28  322  696  0  0 100  0
 0  0  25456 1334284 156928 2927248    0    0     0     8  305  619  0  0 100  0
 0  0  25456 1334028 156928 2927252    0    0     0     0  525  914  1  0 99  0
 0  0  25456 1334332 156928 2927252    0    0     0     0  329  706  0  0 99  0
 0  0  25456 1334360 156928 2927252    0    0     0    12  364  755  1  0 99  0
 0  0  25456 1334212 156928 2927252    0    0     0     0  308  669  0  0 99  0
 0  0  25456 1334184 156928 2927256    0    0     0     0  471  816  1  0 99  0
 0  0  25456 1332548 156928 2927260    0    0     0    10  376  805  1  0 99  0
 0  0  25456 1332176 156928 2927268    0    0     0     0  357  748  0  0 100  0
 0  0  25456 1332488 156928 2927268    0    0     0     0  498  825  4  3 93  0
 0  0  25456 1332640 156928 2927268    0    0     0    44  327  707  1  0 99  0
 0  0  25456 1332548 156928 2927268    0    0     0     0  325  620  1  0 99  0
 0  0  25456 1333316 156928 2927264    0    0     0     0  356  761  0  0 100  0
 0  0  25456 1333160 156928 2927264    0    0     0    36  349  743  0  1 99  0
 0  0  25456 1333036 156928 2927264    0    0     0     0  369  740  1  0 99  0
 0  0  25456 1333084 156928 2927264    0    0     0     0  328  713  1  0 99  0
 0  0  25456 1333036 156928 2927264    0    0     0     8  304  602  0  0 100  0
 0  0  25456 1333068 156928 2927264    0    0     0     0  412  777  1  0 99  0
procs -----------memory---------- ---swap-- -----io---- -system-- ----cpu----
 r  b   swpd   free   buff  cache   si   so    bi    bo   in   cs us sy id wa
 1  0  25456 1333068 156928 2927268    0    0     0    36  324  687  1  0 99  0
 0  0  25456 1332944 156928 2927268    0    0     0    14  342  715  1  0 99  0
 0  0  25456 1332944 156928 2927268    0    0     0     0  327  698  0  0 99  0
 0  0  25456 1332912 156928 2927268    0    0     0     0  325  628  0  0 100  0
 1  0  25456 1333408 156928 2927268    0    0     0     6  352  703  0  0 99  0
 0  0  25456 1333440 156928 2927268    0    0     0     6  331  687  0  0 99  0
 0  0  25456 1333448 156928 2927268    0    0     0     0  476  813  3  4 93  0
 1  0  25456 1333200 156928 2927268    0    0     0    14  288  609  0  0 100  0
 0  0  25456 1333076 156928 2927268    0    0     0     0  321  653  1  0 99  0
 0  0  25456 1332952 156928 2927268    0    0     0     0  337  697  0  0 100  0
 0  0  25456 1332828 156928 2927268    0    0     0    22  368  754  1  0 99  0
 0  0  25456 1333200 156928 2927268    0    0     0     0  384  769  1  0 99  0
 0  0  25456 1333168 156928 2927268    0    0     0     8  286  574  0  0 100  0
 0  0  25456 1332920 156928 2927268    0    0     0    10  343  720  0  0 100  0
 0  0  25456 1332736 156928 2927276    0    0     0     0  463  825  1  0 99  0
 0  0  25456 1332736 156928 2927276    0    0     0     0  318  681  0  0 99  0
 0  0  25456 1332672 156928 2927276    0    0     0    12  368  720  1  0 99  0
 0  0  25456 1332464 156928 2927276    0    0     0    18  296  591  0  0 100  0
 0  0  25456 1333084 156928 2927276    0    0     0     0  373  744  1  0 99  0
 0  0  25456 1332960 156928 2927284    0    0     0     8  380  723  0  0 100  0
 0  0  25456 1331420 156928 2927288    0    0     0     0  377  790  1  0 99  0
procs -----------memory---------- ---swap-- -----io---- -system-- ----cpu----
 r  b   swpd   free   buff  cache   si   so    bi    bo   in   cs us sy id wa
 2  0  25456 1331388 156928 2927288    0    0     0     0  500  859  3  4 93  0
 0  0  25456 1331140 156928 2927288    0    0     0    26  315  595  1  0 99  0
 0  0  25456 1330892 156928 2927288    0    0     0     0  346  709  1  0 99  0
 1  0  25456 1332528 156928 2927284    0    0     0     0  360  710  0  0 99  0
 0  0  25456 1332372 156928 2927284    0    0     0    28  350  734  0  0 100  0
 0  0  25456 1332372 156928 2927284    0    0     0     0  360  718  1  0 99  0
 0  0  25456 1332248 156928 2927284    0    0     0     8  280  576  0  0 100  0
 0  0  25456 1332248 156928 2927284    0    0     0    10  328  694  1  0 99  0
 0  0  25456 1332000 156928 2927288    0    0     0     0  452  854  1  0 99  0
 0  0  25456 1332496 156928 2927288    0    0     0    24  334  711  1  0 99  0
 0  0  25456 1332496 156928 2927288    0    0     0    22  360  726  0  0 100  0
 0  0  25456 1332372 156928 2927288    0    0     0     0  298  592  0  0 100  0
 0  0  25456 1332216 156928 2927288    0    0     0     0  364  744  1  0 99  0
 0  0  25456 1332092 156928 2927288    0    0     0     8  357  729  0  0 99  0
 0  0  25456 1331844 156928 2927288    0    0     0    36  341  709  1  0 99  0
 0  0  25456 1332328 156928 2927288    0    0     0     0  327  694  0  0 100  0
 0  0  25456 1332432 156928 2927288    0    0     0     6  445  657  3  3 93  0
 0  0  25456 1332340 156928 2927288    0    0     0     0  350  766  0  0 100  0
 0  0  25456 1332216 156928 2927288    0    0     0     0  365  732  1  0 99  0
 0  0  25456 1332060 156928 2927288    0    0     0     6  354  735  0  0 99  0
 0  0  25456 1331936 156928 2927288    0    0     0     0  348  720  0  0 99  0
procs -----------memory---------- ---swap-- -----io---- -system-- ----cpu----
 r  b   swpd   free   buff  cache   si   so    bi    bo   in   cs us sy id wa
 0  0  25456 1331812 156928 2927288    0    0     0    14  293  597  0  0 100  0
 0  0  25456 1331984 156928 2927288    0    0     0    10  322  704  1  0 99  0
 0  0  25456 1331868 156928 2927292    0    0     0     0  473  839  1  0 99  0
 1  0  25456 1331744 156928 2927292    0    0     0     0  323  708  1  0 99  0
 0  0  25456 1331680 156928 2927292    0    0     0    12  376  764  0  0 99  0
 0  0  25456 1331596 156928 2927292    0    0     0     8  287  570  0  0 100  0
 0  0  25456 1331596 156928 2927292    0    0     0     0  368  761  0  0 99  0
 0  0  25456 1331816 156928 2927296    0    0     0    10  371  748  0  0 100  0
 0  0  25456 1330052 156928 2927300    0    0     0     2  350  743  1  0 99  0
 0  0  25456 1329928 156928 2927300    0    0     0     0  363  721  1  0 99  0
 0  0  25456 1329960 156928 2927300    0    0     0    24  425  690  3  4 93  0
 0  0  25456 1329900 156928 2927300    0    0     0     0  378  756  0  0 99  0
 0  0  25456 1331040 156928 2927296    0    0     0     0  365  730  1  0 99  0
 0  0  25456 1331104 156928 2927296    0    0     0    30  354  728  1  0 99  0
 0  0  25456 1330980 156928 2927296    0    0     0     0  326  637  0  0 100  0
 0  0  25456 1331600 156928 2927296    0    0     0     0  306  648  0  0 100  0
 0  0  25456 1331568 156928 2927296    0    0     0     6  340  698  1  0 99  0
 0  0  25456 1331444 156928 2927300    0    0     0     0  445  796  1  0 99  0
 0  0  25456 1331444 156928 2927300    0    0     0    26  320  677  1  0 99  0
 0  0  25456 1331320 156928 2927304    0    0     0    20  322  605  0  0 100  0
 0  0  25456 1331320 156928 2927304    0    0     0     0  316  683  0  0 99  0
procs -----------memory---------- ---swap-- -----io---- -system-- ----cpu----
 r  b   swpd   free   buff  cache   si   so    bi    bo   in   cs us sy id wa
 0  0  25456 1331660 156928 2927304    0    0     0     0  327  697  0  0 99  0
 0  0  25456 1331660 156928 2927304    0    0     0     8  362  716  1  0 99  0
 0  0  25456 1331660 156928 2927304    0    0     0    14  324  669  1  0 99  0
 0  0  25456 1331412 156928 2927304    0    0     0     0  314  610  0  0 100  0
 0  0  25456 1331196 156928 2927304    0    0     0    12  417  766  3  3 93  0
 0  0  25456 1330916 156928 2927304    0    0     0     0  335  691  1  0 99  0
 0  0  25456 1331412 156928 2927304    0    0     0     0  342  692  0  0 99  0
 0  0  25456 1331412 156928 2927304    0    0     0     6  344  716  0  0 99  0
 0  0  25456 1331288 156928 2927304    0    0     0     0  333  628  0  0 99  0
 0  0  25456 1331164 156928 2927304    0    0     0    28  331  696  1  0 99  0
 0  0  25456 1331008 156928 2927304    0    0     0     6  331  682  0  0 99  0
 0  0  25456 1330720 156928 2927308    0    0     0     0  481  853  1  0 99  0
 0  0  25456 1331064 156928 2927308    0    0     0     2  311  681  1  0 99  0
 0  0  25456 1331092 156928 2927308    0    0     0    12  329  654  0  0 99  0
 0  0  25456 1331068 156928 2927308    0    0     0    16  323  702  1  0 99  0
 0  0  25456 1330944 156928 2927308    0    0     0     0  331  702  0  0 99  0
 0  0  25456 1329060 156928 2927316    0    0     0    26  398  834  1  1 99  0
 0  0  25456 1329060 156928 2927316    0    0     0     0  344  734  1  0 99  0
 0  0  25456 1328904 156928 2927316    0    0     0     0  306  606  0  0 99  0
 0  0  25456 1329400 156928 2927316    0    0     0    20  443  798  3  4 93  0
 0  0  25456 1330200 156928 2927312    0    0     0     0  332  743  1  0 99  0
procs -----------memory---------- ---swap-- -----io---- -system-- ----cpu----
 r  b   swpd   free   buff  cache   si   so    bi    bo   in   cs us sy id wa
 1  0  25456 1330168 156928 2927312    0    0     0     0  361  756  0  0 99  0
 0  0  25456 1330168 156928 2927312    0    0     0    22  341  735  0  0 99  0
 0  0  25456 1330168 156928 2927312    0    0     0     0  328  614  0  0 99  0
 0  0  25456 1330044 156928 2927312    0    0     0     6  304  676  0  0 100  0
 0  0  25456 1330388 156928 2927312    0    0     0     0  338  749  1  0 99  0
 0  0  25456 1330480 156928 2927316    0    0     0     0  427  834  0  0 100  0
 0  0  25456 1330232 156928 2927316    0    0     0    46  348  745  0  0 99  0
 0  0  25456 1330232 156928 2927316    0    0     0     0  321  616  0  0 100  0
 0  0  25456 1330076 156928 2927316    0    0     0     0  329  728  0  0 99  0
 0  0  25456 1329952 156928 2927316    0    0     0     6  357  738  1  0 99  0
 0  0  25456 1330296 156928 2927316    0    0     0     0  357  721  1  0 99  0
 0  0  25456 1330324 156928 2927316    0    0     0    20  343  736  0  0 99  0
 0  0  25456 1330292 156928 2927316    0    0     0    10  318  615  1  0 99  0
 1  0  25456 1330044 156928 2927316    0    0     0     0  334  702  1  1 98  0
 0  0  25456 1330044 156928 2927316    0    0     0     0  409  775  3  3 94  0
 0  0  25456 1329920 156928 2927316    0    0     0     6  344  761  0  0 100  0
 0  0  25456 1329828 156928 2927316    0    0     0     8  338  740  1  0 99  0
 0  0  25456 1329796 156928 2927316    0    0     0     0  349  667  1  0 99  0
 0  0  25456 1330416 156928 2927316    0    0     0    10  308  690  0  0 99  0
 0  0  25456 1330168 156928 2927316    0    0     0     0  324  707  0  0 99  0
 0  0  25456 1329756 156928 2927320    0    0     0     0  497  906  1  0 99  0
procs -----------memory---------- ---swap-- -----io---- -system-- ----cpu----
 r  b   swpd   free   buff  cache   si   so    bi    bo   in   cs us sy id wa
 0  0  25456 1329632 156928 2927320    0    0     0    12  287  613  0  0 100  0
 0  0  25456 1329508 156928 2927324    0    0     0     0  418  822  1  0 99  0
 0  0  25456 1329352 156928 2927324    0    0     0    14  333  705  0  0 100  0
 0  0  25456 1329732 156928 2927324    0    0     0     6  359  740  0  0 99  0
 0  0  25456 1328344 156928 2927328    0    0     0     0  408  814  1  1 99  0
 0  0  25456 1328096 156928 2927332    0    0     0     0  321  619  0  0 99  0
 0  0  25456 1327940 156928 2927332    0    0     0    24  358  739  0  0 99  0
 0  0  25456 1327816 156928 2927332    0    0     0    14  324  696  0  0 100  0
 0  0  25456 1328468 156928 2927328    0    0     0     0  539  909  4  4 93  0
 0  0  25456 1329524 156928 2927328    0    0     0    22  360  741  1  0 99  0
 0  0  25456 1329640 156928 2927328    0    0     0     6  345  662  1  0 99  0
 0  0  25456 1329516 156928 2927328    0    0     0     0  360  752  0  0 99  0
 0  0  25456 1329392 156928 2927328    0    0     0    22  317  674  0  0 99  0
 0  0  25456 1329300 156928 2927328    0    0     0     0  352  741  0  0 99  0
 0  0  25456 1329332 156928 2927332    0    0     0     0  442  819  1  0 99  0
 0  0  25456 1329176 156928 2927332    0    0     0    24  298  604  0  0 100  0
 0  0  25456 1329672 156928 2927332    0    0     0     0  348  708  1  0 99  0
 0  0  25456 1329548 156928 2927332    0    0     0     0  335  698  1  0 99  0
 0  0  25456 1329548 156928 2927332    0    0     0     6  358  730  0  0 99  0
 0  0  25456 1329424 156928 2927332    0    0     0     0  385  739  1  0 99  0
 0  0  25456 1329268 156928 2927332    0    0     0    36  342  654  0  0 100  0
procs -----------memory---------- ---swap-- -----io---- -system-- ----cpu----
 r  b   swpd   free   buff  cache   si   so    bi    bo   in   cs us sy id wa
 1  0  25456 1329176 156928 2927336    0    0     0     8  354  688  1  0 99  0
 0  0  25456 1329548 156928 2927336    0    0     0     0  331  682  0  0 100  0
 0  0  25456 1329392 156928 2927336    0    0     0     0  500  840  4  3 93  0
 0  0  25456 1329392 156928 2927336    0    0     0     6  364  716  0  1 99  0
 0  0  25456 1329144 156928 2927336    0    0     0    16  372  685  1  0 99  0
 0  0  25456 1329020 156928 2927336    0    0     0     0  360  706  1  0 99  0
 0  0  25456 1329020 156928 2927336    0    0     0    18  317  695  0  0 100  0
 0  0  25456 1329268 156928 2927336    0    0     0     0  337  698  1  0 99  0
 0  0  25456 1329076 156928 2927340    0    0     0     0  490  869  1  0 99  0
 0  0  25456 1329108 156928 2927340    0    0     0    16  303  611  0  0 100  0
 0  0  25456 1328860 156928 2927340    0    0     0     0  347  727  1  0 99  0
 0  0  25456 1328868 156928 2927340    0    0     0     0  320  668  0  0 99  0
 0  0  25456 1328744 156928 2927340    0    0     0     6  350  702  1  0 99  0
 0  0  25456 1326808 156928 2927344    0    0     0     0  408  842  1  0 99  0
 0  0  25456 1326704 156928 2927348    0    0     0     0  323  625  1  0 99  0
 0  0  25456 1326704 156928 2927348    0    0     0    24  365  721  0  0 99  0
 0  0  25456 1326704 156928 2927348    0    0     0    24  330  696  0  0 99  0
 0  0  25456 1327392 156928 2927348    0    0     0     0  462  925  4  4 93  0
 0  0  25456 1327440 156928 2927344    0    0     0    24  360  707  0  0 99  0
 0  0  25456 1327440 156928 2927344    0    0     0     0  340  659  0  0 99  0
 0  0  25456 1327844 156928 2927344    0    0     0     0  363  746  1  0 99  0
procs -----------memory---------- ---swap-- -----io---- -system-- ----cpu----
 r  b   swpd   free   buff  cache   si   so    bi    bo   in   cs us sy id wa
 1  0  25456 1327812 156928 2927344    0    0     0    20  329  703  0  0 100  0
 0  0  25456 1327812 156928 2927344    0    0     0     0  354  733  0  0 99  0
 0  0  25456 1327812 156928 2927348    0    0     0     0  416  721  0  0 99  0
 0  0  25456 1327812 156928 2927348    0    0     0    34  332  700  1  0 99  0
 0  0  25456 1327844 156928 2927348    0    0     0     0  352  707  1  0 99  0
 0  0  25456 1327844 156928 2927348    0    0     0    10  326  696  0  0 99  0
 0  0  25456 1328188 156928 2927348    0    0     0     0  333  704  0  0 100  0
 0  0  25456 1328308 156928 2927352    0    0     0     0  321  622  0  0 100  0
 0  0  25456 1328184 156928 2927352    0    0     0    10  343  729  1  0 99  0
 0  0  25456 1328184 156928 2927356    0    0     0     0  370  730  1  0 99  0
 0  0  25456 1327936 156928 2927356    0    0     0     0  316  680  1  0 99  0
 1  0  25456 1327688 156928 2927356    0    0     0     8  366  715  2  1 97  0
 0  0  25456 1327688 156928 2927356    0    0     0     0  404  683  2  3 96  0
 0  0  25456 1328092 156928 2927356    0    0     0    24  357  728  1  0 99  0
 0  0  25456 1328000 156928 2927356    0    0     0     8  351  700  1  0 99  0
 0  0  25456 1327908 156928 2927356    0    0     0     0  353  714  1  0 99  0
 0  0  25456 1327876 156928 2927356    0    0     0     0  327  695  1  0 99  0
 0  0  25456 1327528 156928 2927360    0    0     0    12  446  749  1  0 99  0
 0  0  25456 1327404 156928 2927360    0    0     0    20  329  688  1  0 99  0
 0  0  25456 1327620 156928 2927360    0    0     0     0  344  692  1  0 99  0
 0  0  25456 1327536 156928 2927360    0    0     0    12  327  694  0  0 100  0
procs -----------memory---------- ---swap-- -----io---- -system-- ----cpu----
 r  b   swpd   free   buff  cache   si   so    bi    bo   in   cs us sy id wa
 2  0  25456 1327536 156928 2927360    0    0     0     0  365  731  1  0 99  0
 0  0  25456 1326164 156928 2927364    0    0     0     0  383  776  0  0 99  0
 0  0  25456 1325776 156928 2927372    0    0     0    34  351  722  1  0 99  0
 0  0  25456 1325620 156928 2927372    0    0     0     0  353  710  1  0 99  0
 0  0  25456 1325992 156928 2927372    0    0     0     4  310  679  0  0 100  0
 0  0  25456 1326628 156928 2927368    0    0     0    14  339  724  1  0 99  0
 0  0  25456 1326636 156928 2927368    0    0     0     0  524  745  4  4 93  0
 0  0  25456 1326636 156928 2927368    0    0     0     0  337  698  1  0 99  0
 0  0  25456 1326512 156928 2927368    0    0     0    20  377  731  1  0 99  0
 0  0  25456 1326512 156928 2927368    0    0     0    32  335  721  0  0 100  0
 0  0  25456 1327232 156928 2927368    0    0     0     0  394  768  1  0 99  0
 0  0  25456 1327420 156928 2927372    0    0     0    10  450  776  0  0 99  0
 0  0  25456 1327296 156928 2927372    0    0     0    10  323  704  0  0 100  0
 0  0  25456 1327204 156928 2927376    0    0     0     0  360  715  1  0 99  0
 0  0  25456 1326956 156928 2927376    0    0     0    38  329  720  0  0 100  0
 0  0  25456 1326956 156928 2927376    0    0     0     0  335  705  1  0 99  0
 0  0  25456 1326956 156928 2927376    0    0     0     0  349  638  0  0 100  0
 0  0  25456 1327576 156928 2927376    0    0     0    24  341  744  0  0 99  0
 0  0  25456 1327576 156928 2927376    0    0     0     0  353  738  0  0 100  0
 0  0  25456 1327420 156928 2927376    0    0     0     8  328  689  1  0 99  0
 0  0  25456 1327296 156928 2927376    0    0     0     0  326  730  0  0 99  0
procs -----------memory---------- ---swap-- -----io---- -system-- ----cpu----
 r  b   swpd   free   buff  cache   si   so    bi    bo   in   cs us sy id wa
 0  0  25456 1327172 156928 2927376    0    0     0     0  475  708  3  3 94  0
 0  0  25456 1326892 156928 2927376    0    0     0     6  341  726  0  0 99  0
 0  0  25456 1327264 156928 2927376    0    0     0     0  359  735  1  0 99  0
 0  0  25456 1327264 156928 2927376    0    0     0     0  343  723  1  0 99  0
 1  0  25456 1327264 156928 2927376    0    0     0     6  333  708  0  0 99  0
 0  0  25456 1327040 156928 2927380    0    0     0     0  452  765  1  0 99  0
 0  0  25456 1326916 156928 2927380    0    0     0    12  326  703  1  0 99  0
 0  0  25456 1326792 156928 2927380    0    0     0    18  384  755  1  0 99  0
 0  0  25456 1326676 156928 2927380    0    0     0     0  337  725  1  0 99  0
 0  0  25456 1326552 156928 2927380    0    0     0     0  300  600  1  0 99  0
 0  0  25456 1325544 156928 2927388    0    0     0     8  404  834  1  1 99  0
 0  0  25456 1325008 156928 2927392    0    0     0    20  347  726  1  0 99  0
 0  0  25456 1325008 156928 2927396    0    0     0     0  334  696  0  0 99  0
 0  0  25456 1325008 156928 2927396    0    0     0    36  331  699  1  0 99  0
 0  0  25456 1325620 156928 2927396    0    0     0     0  323  655  0  0 99  0
 0  0  25456 1325560 156928 2927392    0    0     0     0  525  940  4  3 93  0
 1  0  25456 1326180 156928 2927392    0    0     0    28  329  681  0  0 99  0
 2  0  25456 1326056 156928 2927392    0    0     0     0  379  780  1  1 99  0
 0  0  25456 1326056 156928 2927392    0    0     0     0  353  732  1  0 99  0
 0  0  25456 1325808 156928 2927392    0    0     0     6  315  604  1  0 99  0
 0  0  25456 1325716 156928 2927396    0    0     0     0  408  771  1  0 99  0
procs -----------memory---------- ---swap-- -----io---- -system-- ----cpu----
 r  b   swpd   free   buff  cache   si   so    bi    bo   in   cs us sy id wa
 0  0  25456 1325716 156928 2927396    0    0     0    12  325  706  1  0 99  0
 0  0  25456 1326212 156928 2927396    0    0     0    14  362  747  1  0 99  0
 0  0  25456 1326180 156928 2927396    0    0     0    44  329  668  0  0 99  0
 0  0  25456 1326180 156928 2927396    0    0     0     0  319  615  0  0 99  0
 0  0  25456 1326056 156928 2927396    0    0     0     6  387  755  1  0 99  0
 0  0  25456 1325932 156928 2927396    0    0     0     4  342  703  1  0 99  0
 0  0  25456 1325900 156928 2927396    0    0     0     0  332  706  1  0 99  0
 2  0  25456 1326416 156928 2927396    0    0     0    30  325  702  1  0 99  0
 0  0  25456 1326520 156928 2927396    0    0     0     0  309  596  1  0 99  0
 1  0  25456 1326396 156928 2927396    0    0     0     0  431  767  2  2 96  0
 0  0  25456 1326180 156928 2927396    0    0     0    18  410  779  2  2 96  0
 0  0  25456 1325280 156928 2927396    0    0     0     0  559  975  2  0 98  0
 0  0  25456 1325128 156928 2927400    0    0     0     2  336  708  1  0 99  0
 0  0  25456 1324972 156928 2927400    0    0     0    10  321  611  1  0 99  0
 0  0  25456 1325120 156928 2927400    0    0     0     0  452  838  1  0 99  0
 0  0  25456 1324964 156928 2927400    0    0     0     0  345  718  1  0 99  0
 0  0  25456 1324840 156928 2927400    0    0     0    10  371  758  1  0 99  0
 0  0  25456 1324600 156928 2927400    0    0     0     0  331  686  1  0 99  0
 0  0  25456 1324600 156928 2927400    0    0     0     0  340  633  1  0 99  0
 0  0  25456 1322972 156928 2927408    0    0     0    10  394  809  1  0 99  0
 0  0  25456 1323428 156928 2927412    0    0     0    12  347  725  1  0 99  0
procs -----------memory---------- ---swap-- -----io---- -system-- ----cpu----
 r  b   swpd   free   buff  cache   si   so    bi    bo   in   cs us sy id wa
 1  0  25456 1323428 156928 2927412    0    0     0     0  334  697  1  0 99  0
 0  0  25456 1323304 156928 2927412    0    0     0    22  342  721  1  0 99  0
 0  0  25456 1323900 156928 2927412    0    0     0     0  348  694  1  0 99  0
 0  0  25456 1323980 156928 2927408    0    0     0     0  345  743  0  0 99  0
 0  0  25456 1323980 156928 2927408    0    0     0    44  512  829  4  4 93  0
 0  0  25456 1324324 156928 2927408    0    0     0     0  374  763  1  0 99  0
 0  0  25456 1324352 156928 2927408    0    0     0     4  339  719  0  0 99  0
 0  0  25456 1324352 156928 2927408    0    0     0    16  310  602  0  0 100  0
 0  0  25456 1324260 156928 2927412    0    0     0     0  402  805  0  0 100  0
 0  0  25456 1323980 156928 2927412    0    0     0    12  346  737  1  0 99  0
 0  0  25456 1323980 156928 2927412    0    0     0    14  350  733  1  0 99  0
 0  0  25456 1323856 156928 2927412    0    0     0     0  310  628  0  0 100  0
 0  0  25456 1323764 156928 2927412    0    0     0     0  339  730  1  0 99  0
 8  0  25456 1324352 156928 2927412    0    0     0     6  366  752  1  0 99  0
 0  0  25456 1324228 156928 2927412    0    0     0     4  342  712  1  0 99  0
 0  0  25456 1324228 156928 2927412    0    0     0     0  350  741  1  0 99  0
 0  0  25456 1324104 156928 2927412    0    0     0    36  288  586  0  0 100  0
 0  0  25456 1323980 156928 2927416    0    0     0     0  363  751  1  0 99  0
 0  0  25456 1323952 156928 2927420    0    0     0     0  439  848  1  0 99  0
 0  0  25456 1324200 156928 2927420    0    0     0     8  482  836  3  4 93  0
 0  0  25456 1324200 156928 2927420    0    0     0     0  360  719  0  0 99  0
procs -----------memory---------- ---swap-- -----io---- -system-- ----cpu----
 r  b   swpd   free   buff  cache   si   so    bi    bo   in   cs us sy id wa
 1  0  25456 1324076 156928 2927420    0    0     0    20  321  620  0  0 100  0
 0  0  25456 1323796 156928 2927420    0    0     0    10  330  702  1  0 99  0
 0  0  25456 1323696 156928 2927428    0    0     0     0  459  816  1  0 99  0
 0  0  25456 1323448 156928 2927428    0    0     0     0  325  701  1  0 99  0
 0  0  25456 1323792 156928 2927428    0    0     0    12  355  697  1  0 99  0
 0  0  25456 1323944 156928 2927428    0    0     0     4  314  614  0  0 99  0
 0  0  25456 1323788 156928 2927428    0    0     0     0  334  700  1  0 99  0
 0  0  25456 1322192 156928 2927432    0    0     0    14  435  860  1  1 99  0
 0  0  25456 1321788 156928 2927436    0    0     0     0  358  723  1  0 99  0
 0  0  25456 1321788 156928 2927436    0    0     0     0  333  693  0  0 100  0
 0  0  25456 1321664 156928 2927436    0    0     0    24  324  620  0  0 99  0
 0  0  25456 1322896 156928 2927436    0    0     0     0  327  728  0  0 99  0
 0  0  25456 1322928 156928 2927432    0    0     0     0  354  720  0  0 99  0
 0  0  25456 1322804 156928 2927432    0    0     0    42  493  904  4  3 93  0
 0  0  25456 1322804 156928 2927432    0    0     0     0  367  750  1  0 99  0
 0  0  25456 1322680 156928 2927432    0    0     0     0  309  607  0  0 99  0
 0  0  25456 1322556 156928 2927432    0    0     0     6  310  657  1  0 99  0
 0  0  25456 1323084 156928 2927436    0    0     0     0  426  817  0  0 99  0
 0  0  25456 1323084 156928 2927436    0    0     0    34  340  707  0  0 99  0
 0  0  25456 1323084 156928 2927436    0    0     0    26  343  703  1  0 99  0
 0  0  25456 1323084 156928 2927436    0    0     0     0  296  596  0  0 99  0
procs -----------memory---------- ---swap-- -----io---- -system-- ----cpu----
 r  b   swpd   free   buff  cache   si   so    bi    bo   in   cs us sy id wa
 1  0  25456 1323084 156928 2927436    0    0     0     0  319  681  1  0 99  0
 0  0  25456 1322960 156928 2927436    0    0     0     6  381  741  1  0 99  0
 0  0  25456 1323132 156928 2927436    0    0     0     6  375  764  0  0 99  0
 0  0  25456 1323208 156928 2927436    0    0     0     0  346  702  1  0 99  0
 0  0  25456 1323084 156928 2927436    0    0     0     6  292  580  0  0 100  0
 0  0  25456 1322868 156928 2927436    0    0     0     0  331  710  0  0 100  0
 0  0  25456 1322836 156928 2927436    0    0     0     0  360  726  0  0 99  0
 1  0  25456 1322836 156928 2927436    0    0     0     6  448  814  2  2 96  0
 0  0  25456 1323056 156928 2927436    0    0     0     0  383  741  2  1 97  0
 0  0  25456 1322960 156928 2927436    0    0     0    32  327  614  0  0 99  0
 0  0  25456 1322836 156928 2927436    0    0     0     6  329  707  0  0 100  0
 0  0  25456 1322600 156928 2927436    0    0     0     0  460  829  1  0 99  0
 0  0  25456 1322228 156928 2927440    0    0     0     0  314  689  0  0 99  0
 0  0  25456 1322228 156928 2927440    0    0     0    12  351  697  1  0 99  0
 0  0  25456 1322104 156928 2927440    0    0     0    22  303  597  0  0 100  0
 0  0  25456 1321948 156928 2927440    0    0     0     0  356  726  1  0 99  0
 0  0  25456 1321104 156928 2927444    0    0     0    14  394  795  0  0 99  0
 0  0  25456 1320692 156928 2927448    0    0     0     0  367  765  1  0 99  0
 0  0  25456 1320568 156928 2927448    0    0     0     0  313  605  0  0 100  0
 0  0  25456 1320444 156928 2927448    0    0     0    24  324  692  0  0 99  0
 0  0  25456 1320320 156928 2927448    0    0     0     0  341  704  1  0 99  0
procs -----------memory---------- ---swap-- -----io---- -system-- ----cpu----
 r  b   swpd   free   buff  cache   si   so    bi    bo   in   cs us sy id wa
 0  0  25456 1321088 156928 2927444    0    0     0     0  349  750  1  0 99  0
 0  0  25456 1321916 156928 2927448    0    0     0    18  349  726  1  0 99  0
 0  0  25456 1321924 156928 2927448    0    0     0     0  493  745  4  3 93  0
 0  0  25456 1321924 156928 2927448    0    0     0     0  344  740  1  0 99  0
 0  0  25456 1321924 156928 2927448    0    0     0    10  337  713  1  0 99  0
 0  0  25456 1321768 156928 2927452    0    0     0     0  446  835  1  0 99  0
 0  0  25456 1321768 156928 2927452    0    0     0    32  342  712  1  0 99  0
 0  0  25456 1321612 156928 2927452    0    0     0    14  323  606  1  0 99  0
 0  0  25456 1322108 156928 2927452    0    0     0     0  323  707  0  0 100  0
 0  0  25456 1321984 156928 2927452    0    0     0     0  332  713  0  0 99  0
 0  0  25456 1321860 156928 2927452    0    0     0     6  360  735  1  0 99  0
 0  0  25456 1321860 156928 2927452    0    0     0    28  362  750  1  0 99  0
 0  0  25456 1321736 156928 2927452    0    0     0     0  326  623  1  0 99  0
 0  0  25456 1321612 156928 2927452    0    0     0    12  335  719  1  0 99  0
 0  0  25456 1322300 156928 2927452    0    0     0     0  326  692  0  1 99  0
 0  0  25456 1322068 156928 2927452    0    0     0     0  326  706  0  0 100  0
 0  0  25456 1321944 156928 2927452    0    0     0    14  346  745  1  0 99  0
 1  0  25456 1321944 156928 2927452    0    0     0     0  444  696  3  3 94  0
 0  0  25456 1321820 156928 2927452    0    0     0     0  338  726  0  0 99  0
 0  0  25456 1321696 156928 2927452    0    0     0     6  342  729  0  0 99  0
 0  0  25456 1321792 156928 2927456    0    0     0     0  458  840  1  0 99  0
procs -----------memory---------- ---swap-- -----io---- -system-- ----cpu----
 r  b   swpd   free   buff  cache   si   so    bi    bo   in   cs us sy id wa
 1  0  25456 1321792 156928 2927456    0    0     0     0  330  735  0  0 99  0
 0  0  25456 1321668 156928 2927456    0    0     0    12  329  607  0  0 99  0
 0  0  25456 1321668 156928 2927456    0    0     0    18  335  714  1  0 99  0
 0  0  25456 1321544 156928 2927456    0    0     0     0  353  730  1  0 99  0
 0  0  25456 1321336 156928 2927460    0    0     0    10  388  798  0  0 99  0
 0  0  25456 1319796 156928 2927464    0    0     0     0  386  840  1  0 99  0
 0  0  25456 1319916 156928 2927464    0    0     0     0  318  619  0  0 100  0
 0  0  25456 1319792 156928 2927464    0    0     0    44  328  701  1  0 99  0
 0  0  25456 1319792 156928 2927464    0    0     0     0  349  719  1  0 99  0
 0  0  25456 1320592 156928 2927460    0    0     0     0  348  771  1  0 99  0
 0  0  25456 1320592 156928 2927460    0    0     0    22  333  728  0  0 100  0
 0  0  25456 1320560 156928 2927460    0    0     0     0  445  706  3  4 94  0
 0  0  25456 1321180 156928 2927460    0    0     0     2  363  774  0  0 99  0
 0  0  25456 1321056 156928 2927460    0    0     0     6  356  741  1  0 99  0
 0  0  25456 1321088 156928 2927464    0    0     0     0  420  823  1  0 99  0
 0  0  25456 1320964 156928 2927464    0    0     0    10  333  714  0  0 100  0
 0  0  25456 1320840 156928 2927464    0    0     0    16  326  617  1  0 99  0
 0  0  25456 1320684 156928 2927464    0    0     0     0  372  794  0  0 99  0
 0  0  25456 1320560 156928 2927464    0    0     0     0  358  751  0  0 100  0
 0  0  25456 1320952 156928 2927464    0    0     0     8  357  765  0  0 100  0
 0  0  25456 1320980 156928 2927464    0    0     0    32  350  650  1  0 99  0
procs -----------memory---------- ---swap-- -----io---- -system-- ----cpu----
 r  b   swpd   free   buff  cache   si   so    bi    bo   in   cs us sy id wa
 3  0  25456 1320700 156928 2927464    0    0     0     0  355  736  1  0 99  0
 0  0  25456 1320700 156928 2927464    0    0     0     6  379  787  1  0 99  0
 0  0  25456 1320700 156928 2927464    0    0     0     0  325  702  0  0 99  0
 0  0  25456 1320576 156928 2927464    0    0     0     0  354  740  0  0 100  0
 0  0  25456 1320296 156928 2927468    0    0     0    30  321  627  0  0 100  0
 1  0  25456 1320576 156928 2927468    0    0     0     0  456  787  3  2 94  0
 0  0  25456 1320452 156928 2927468    0    0     0     0  358  764  1  1 98  0
 0  0  25456 1320452 156928 2927468    0    0     0     8  331  695  0  0 99  0
 0  0  25456 1320196 156928 2927476    0    0     0     0  474  859  1  0 99  0
 0  0  25456 1320072 156928 2927476    0    0     0     4  314  631  0  0 100  0
 0  0  25456 1319948 156928 2927476    0    0     0    16  482  869  1  0 98  0
 0  0  25456 1320288 156928 2927476    0    0     0     4  373  788  0  0 99  0
 0  0  25456 1320172 156928 2927476    0    0     0     0  349  743  1  0 99  0
 0  0  25456 1318636 156928 2927488    0    0     0    28  392  810  1  1 99  0
 0  0  25456 1318628 156928 2927488    0    0     0     0  325  628  0  0 100  0
 0  0  25456 1318412 156928 2927492    0    0     0     0  466  856  1  0 99  0
 0  0  25456 1318288 156928 2927492    0    0     0    14  322  682  0  0 100  0
 0  0  25456 1319460 156928 2927492    0    0     0     0  368  786  1  0 99  0
 0  0  25456 1319644 156928 2927488    0    0     0     0  368  737  1  0 99  0
 0  0  25456 1319584 156928 2927488    0    0     0    38  441  762  1  0 99  0
 0  0  25456 1319556 156928 2927496    0    0     0     0  368  745  1  0 99  0
procs -----------memory---------- ---swap-- -----io---- -system-- ----cpu----
 r  b   swpd   free   buff  cache   si   so    bi    bo   in   cs us sy id wa
 1  0  25456 1319308 156928 2927496    0    0     0    22  466  827  3  4 93  0
 0  0  25456 1319308 156928 2927496    0    0     0    12  336  705  1  0 99  0
 0  0  25456 1320108 156928 2927500    0    0     0     0  474  916  1  0 99  0
 0  0  25456 1320240 156928 2927500    0    0     0    10  302  608  0  0 100  0
 0  0  25456 1320116 156928 2927500    0    0     0    20  350  722  0  0 99  0
 0  0  25456 1319992 156928 2927500    0    0     0     2  326  714  0  0 100  0
 0  0  25456 1319992 156928 2927500    0    0     0     0  345  727  1  0 99  0
 0  0  25456 1319836 156928 2927500    0    0     0     6  365  748  0  0 99  0
 0  0  25456 1319744 156928 2927500    0    0     0    14  328  648  0  0 100  0
 0  0  25456 1319868 156928 2927500    0    0     0     0  346  727  0  0 99  0
 0  0  25456 1319744 156928 2927500    0    0     0    18  318  690  0  0 100  0
 0  0  25456 1319712 156928 2927500    0    0     0     0  345  738  0  0 99  0
 0  0  25456 1319588 156928 2927500    0    0     0     0  367  753  0  0 100  0
 0  0  25456 1319340 156928 2927500    0    0     0     8  324  640  0  0 99  0
 0  0  25456 1319184 156928 2927500    0    0     0     0  340  715  1  0 99  0
 0  0  25456 1319804 156928 2927500    0    0     0    36  488  875  3  3 94  0
 0  0  25456 1319804 156928 2927500    0    0     0    12  328  693  0  0 99  0
 0  0  25456 1319644 156928 2927504    0    0     0     0  424  724  1  0 99  0
 0  0  25456 1319520 156928 2927504    0    0     0    14  323  703  0  0 99  0
 0  0  25456 1319364 156928 2927504    0    0     0    14  351  730  1  0 99  0
 0  0  25456 1319248 156928 2927504    0    0     0     0  325  690  0  0 100  0
procs -----------memory---------- ---swap-- -----io---- -system-- ----cpu----
 r  b   swpd   free   buff  cache   si   so    bi    bo   in   cs us sy id wa
 1  0  25456 1319164 156928 2927504    0    0     0     0  348  730  1  0 99  0
 0  0  25456 1318024 156928 2927512    0    0     0    10  358  690  0  0 99  0
 1  0  25456 1318024 156928 2927516    0    0     0     2  378  763  1  0 99  0
 0  0  25456 1317900 156928 2927516    0    0     0     0  347  696  1  0 99  0
 0  0  25456 1317808 156928 2927520    0    0     0    24  329  704  0  0 100  0
 0  0  25456 1318768 156928 2927516    0    0     0     0  347  746  0  0 99  0
 0  0  25456 1318792 156928 2927516    0    0     0     0  328  609  0  0 100  0
 0  0  25456 1318792 156928 2927516    0    0     0    28  336  723  0  0 100  0
 0  0  25456 1319684 156928 2927516    0    0     0     0  337  699  1  0 99  0
 0  0  25456 1319536 156928 2927516    0    0     0     0  450  807  4  3 93  0
 0  0  25456 1319536 156928 2927520    0    0     0     6  352  726  0  0 99  0
 0  0  25456 1319444 156928 2927520    0    0     0     0  363  669  0  0 100  0
 0  0  25456 1319196 156928 2927520    0    0     0    42  344  721  1  0 99  0
 0  0  25456 1318916 156928 2927520    0    0     0    16  330  701  1  0 99  0
 0  0  25456 1319164 156928 2927520    0    0     0    14  324  684  0  0 100  0
 0  0  25456 1319164 156928 2927520    0    0     0     0  343  707  1  0 99  0
 0  0  25456 1319032 156928 2927520    0    0     0    12  393  672  0  0 99  0
 0  0  25456 1318844 156928 2927528    0    0     0     4  487  903  1  0 99  0
 0  0  25456 1318720 156928 2927528    0    0     0     0  348  722  1  0 99  0
 0  0  25456 1318564 156928 2927528    0    0     0    14  309  667  0  0 100  0
 0  0  25456 1318908 156928 2927528    0    0     0     0  385  782  0  0 99  0
procs -----------memory---------- ---swap-- -----io---- -system-- ----cpu----
 r  b   swpd   free   buff  cache   si   so    bi    bo   in   cs us sy id wa
 1  0  25456 1318936 156928 2927528    0    0     0     0  335  620  0  0 99  0
 0  0  25456 1318780 156928 2927528    0    0     0    12  331  700  1  0 99  0
 0  0  25456 1318532 156928 2927528    0    0     0     0  351  725  0  0 99  0
 1  0  25456 1318532 156928 2927528    0    0     0     0  427  793  3  3 94  0
 0  0  25456 1318440 156928 2927528    0    0     0     6  352  735  1  0 99  0
 0  0  25456 1317968 156928 2927536    0    0     0     0  484  775  1  0 99  0
 0  0  25456 1318464 156928 2927536    0    0     0     0  336  709  1  0 99  0
 0  0  25456 1318308 156928 2927536    0    0     0    10  348  708  1  0 99  0
 0  0  25456 1318308 156928 2927536    0    0     0    26  322  681  0  0 100  0
 0  0  25456 1318184 156928 2927536    0    0     0     0  350  717  1  0 99  0
 0  0  25456 1316572 156928 2927544    0    0     0    12  374  721  0  1 99  0
 0  0  25456 1316060 156928 2927548    0    0     0    22  363  749  0  0 100  0
 0  0  25456 1316400 156928 2927548    0    0     0     0  334  676  0  0 100  0
 0  0  25456 1316432 156928 2927548    0    0     0    32  335  699  0  0 99  0
 0  0  25456 1316996 156928 2927548    0    0     0     0  353  738  1  0 99  0
 0  0  25456 1317044 156928 2927544    0    0     0     0  333  634  0  0 100  0
 0  0  25456 1316788 156928 2927544    0    0     0    22  329  696  0  0 100  0
 0  0  25456 1316788 156928 2927544    0    0     0     0  328  692  1  0 99  0
 1  0  25456 1317648 156928 2927544    0    0     0     0  341  711  1  0 99  0
 0  0  25456 1317656 156928 2927544    0    0     0     6  487  818  4  3 93  0
 0  0  25456 1317688 156928 2927548    0    0     0     0  398  704  0  0 99  0
procs -----------memory---------- ---swap-- -----io---- -system-- ----cpu----
 r  b   swpd   free   buff  cache   si   so    bi    bo   in   cs us sy id wa
 1  0  25456 1317688 156928 2927548    0    0     0    12  315  675  1  0 99  0
 0  0  25456 1317440 156928 2927548    0    0     0    14  329  679  1  0 99  0
 0  0  25456 1317160 156928 2927548    0    0     0     0  351  746  0  0 99  0
 0  0  25456 1317160 156928 2927548    0    0     0     0  326  633  0  0 100  0
 0  0  25456 1317004 156928 2927548    0    0     0     8  349  709  0  0 100  0
 0  0  25456 1317408 156928 2927548    0    0     0    40  391  777  1  0 99  0
 0  0  25456 1317308 156928 2927548    0    0     0     0  369  722  1  0 99  0
 0  0  25456 1317276 156928 2927552    0    0     0    22  459  859  1  0 99  0
 0  0  25456 1317256 156928 2927560    0    0     0     0  331  633  1  0 99  0
 0  0  25456 1317132 156928 2927560    0    0     0     0  378  763  0  0 99  0
 0  0  25456 1317008 156928 2927564    0    0     0    26  390  777  0  1 99  0
 0  0  25456 1317628 156928 2927564    0    0     0     0  364  751  1  0 99  0
 0  0  25456 1317596 156928 2927564    0    0     0     2  336  721  1  0 99  0
 0  0  25456 1317472 156928 2927564    0    0     0     8  477  720  3  4 93  0
 0  0  25456 1317148 156928 2927568    0    0     0     0  467  835  1  0 99  0
 0  0  25456 1317148 156928 2927572    0    0     0     0  330  719  0  0 99  0
 0  0  25456 1316900 156928 2927572    0    0     0    10  492  868  1  0 99  0
 0  0  25456 1317148 156928 2927576    0    0     0     0  307  666  0  0 100  0
 0  0  25456 1317108 156928 2927576    0    0     0     0  333  651  0  0 99  0
 0  0  25456 1315480 156928 2927580    0    0     0    10  391  788  1  0 99  0
 0  0  25456 1315232 156928 2927584    0    0     0     0  370  733  0  0 100  0
procs -----------memory---------- ---swap-- -----io---- -system-- ----cpu----
 r  b   swpd   free   buff  cache   si   so    bi    bo   in   cs us sy id wa
 1  0  25456 1315108 156928 2927584    0    0     0     0  398  757  1  0 99  0
 0  0  25456 1314952 156928 2927600    0    0     0    60  449  817  1  0 99  0
 0  0  25456 1315656 156928 2927600    0    0     0     0  380  755  0  0 99  0
 0  0  25456 1316712 156928 2927596    0    0     0     0  434  856  0  0 99  0
 0  0  25456 1316556 156928 2927596    0    0     0    36  343  721  0  0 99  0
 0  0  25456 1316556 156928 2927596    0    0     0     0  361  711  1  0 99  0
 0  0  25456 1316556 156928 2927596    0    0     0    32  335  717  0  0 99  0
 0  0  25456 1316308 156928 2927596    0    0     0     0  429  705  4  3 94  0
 0  0  25456 1316152 156928 2927600    0    0     0     0  414  808  1  0 99  0
 0  0  25456 1316648 156928 2927600    0    0     0    36  333  717  0  0 99  0
 0  0  25456 1316648 156928 2927600    0    0     0     0  357  727  1  0 99  0
 0  0  25456 1316492 156928 2927600    0    0     0     0  319  673  0  0 99  0
 0  0  25456 1316368 156928 2927600    0    0     0     8  312  608  0  0 99  0
 0  0  25456 1316120 156928 2927600    0    0     0     0  354  724  0  0 99  0
 0  0  25456 1315872 156928 2927600    0    0     0     4  361  738  1  0 99  0
 0  0  25456 1316216 156928 2927600    0    0     0     8  336  690  0  0 100  0
 0  0  25456 1316244 156928 2927600    0    0     0     0  316  690  1  0 99  0
 0  0  25456 1316292 156928 2927604    0    0     0     0  458  808  1  0 99  0
 0  0  25456 1316044 156928 2927604    0    0     0     8  339  683  0  0 99  0
 2  0  25456 1315920 156928 2927604    0    0     0    40  349  725  0  0 99  0
 0  0  25456 1315764 156928 2927604    0    0     0     0  343  705  1  0 99  0
procs -----------memory---------- ---swap-- -----io---- -system-- ----cpu----
 r  b   swpd   free   buff  cache   si   so    bi    bo   in   cs us sy id wa
 0  0  25456 1315984 156928 2927604    0    0     0    22  352  760  0  0 99  0
 0  0  25456 1316028 156928 2927604    0    0     0     0  461  693  4  3 93  0
 0  0  25456 1316028 156928 2927616    0    0     0     0  656 1069  2  1 98  0
 0  0  25456 1315936 156928 2927628    0    0     0    14  342  731  1  0 99  0
 0  0  25456 1315968 156928 2927628    0    0     0     0  394  786  1  0 99  0
 1  0  25456 1315876 156928 2927628    0    0     0     2  324  652  0  0 99  0
 0  0  25456 1315720 156928 2927628    0    0     0     8  340  689  0  0 100  0
 0  0  25456 1314480 156928 2927632    0    0     0     0  407  834  1  0 99  0
 0  0  25456 1314216 156928 2927636    0    0     0     0  362  725  1  0 99  0
 0  0  25456 1314216 156928 2927636    0    0     0    24  356  720  1  0 99  0
 0  0  25456 1314092 156928 2927636    0    0     0    14  307  618  0  0 100  0
 0  0  25456 1314360 156928 2927636    0    0     0     0  340  738  0  0 99  0
 0  0  25456 1314364 156928 2927632    0    0     0    24  350  755  1  0 99  0
 0  0  25456 1314364 156928 2927632    0    0     0     0  372  771  1  0 99  0
 0  0  25456 1315192 156928 2927636    0    0     0     0  382  804  1  0 99  0
 0  0  25456 1315200 156928 2927636    0    0     0    64  320  620  0  0 100  0
 1  0  25456 1314952 156928 2927636    0    0     0     0  394  785  1  1 98  0
 0  0  25456 1314828 156928 2927640    0    0     0     0  546  868  3  3 94  0
 0  0  25456 1314836 156928 2927640    0    0     0    34  327  681  1  0 99  0
 0  0  25456 1314836 156928 2927640    0    0     0     0  353  724  1  0 99  0
 0  0  25456 1314712 156928 2927644    0    0     0    18  301  588  0  0 100  0
procs -----------memory---------- ---swap-- -----io---- -system-- ----cpu----
 r  b   swpd   free   buff  cache   si   so    bi    bo   in   cs us sy id wa
 1  0  25456 1315176 156928 2927644    0    0     0     0  329  720  1  0 99  0
 0  0  25456 1315052 156928 2927644    0    0     0     0  352  684  1  0 99  0
 0  0  25456 1315116 156928 2927644    0    0     0    20  365  737  1  0 99  0
 1  0  25456 1315116 156928 2927644    0    0     0     0  363  746  0  0 100  0
 0  0  25456 1314960 156928 2927644    0    0     0     0  285  569  0  0 100  0
 0  0  25456 1314836 156928 2927644    0    0     0     6  352  732  1  0 99  0
 0  0  25456 1315336 156928 2927644    0    0     0     0  477  902  1  0 99  0
 0  0  25456 1315304 156928 2927644    0    0     0     0  348  726  1  0 99  0
 0  0  25456 1315180 156928 2927644    0    0     0    10  352  717  1  0 99  0
 0  0  25456 1315056 156928 2927644    0    0     0     2  327  651  0  0 100  0
 0  0  25456 1314776 156928 2927648    0    0     0     0  418  804  1  0 99  0
 0  0  25456 1314552 156928 2927672    0    0     0    24  777 1168  4  4 91  0
 0  0  25456 1314924 156928 2927672    0    0     0    32  405  830  1  0 99  0
 0  0  25456 1314800 156928 2927676    0    0     0     0  342  688  0  0 100  0
 0  0  25456 1314644 156928 2927676    0    0     0    26  302  596  0  0 100  0
 1  0  25456 1314520 156928 2927676    0    0     0     0  356  759  1  0 99  0
 0  0  25456 1312560 156928 2927680    0    0     0     0  430  877  1  0 99  0
 2  0  25456 1312520 156928 2927684    0    0     0    30  381  752  1  0 99  0
 0  0  25456 1312864 156928 2927684    0    0     0     0  362  740  1  0 99  0
 0  0  25456 1312892 156928 2927684    0    0     0     2  307  605  0  0 100  0
 0  0  25456 1313784 156928 2927684    0    0     0     8  345  744  1  0 99  0
procs -----------memory---------- ---swap-- -----io---- -system-- ----cpu----
 r  b   swpd   free   buff  cache   si   so    bi    bo   in   cs us sy id wa
 1  0  25456 1313816 156928 2927680    0    0     0     0  357  731  0  0 100  0
 0  0  25456 1313660 156928 2927680    0    0     0     0  336  710  1  0 99  0
 0  0  25456 1313412 156928 2927680    0    0     0    18  335  691  1  0 99  0
 0  0  25456 1313420 156928 2927680    0    0     0     0  321  626  1  0 99  0
 0  0  25456 1314196 156928 2927680    0    0     0     0  357  752  1  0 99  0
 1  0  25456 1314040 156928 2927684    0    0     0     8  520  868  3  4 93  0
 0  0  25456 1314040 156928 2927684    0    0     0    24  337  721  1  0 99  0
 0  0  25456 1313884 156928 2927684    0    0     0     0  352  705  0  0 99  0
 0  0  25456 1313884 156928 2927684    0    0     0    62  308  593  1  0 99  0
 0  0  25456 1313884 156928 2927684    0    0     0     0  331  712  0  0 99  0
 0  0  25456 1314372 156928 2927684    0    0     0     0  477  869  1  0 99  0
 0  0  25456 1314372 156928 2927684    0    0     0    28  377  801  1  0 99  0
 0  0  25456 1314248 156928 2927684    0    0     0     0  311  599  0  0 100  0
 0  0  25456 1314092 156928 2927684    0    0     0     0  318  680  1  0 99  0
 0  0  25456 1313844 156928 2927684    0    0     0    10  361  756  1  0 99  0
 0  0  25456 1313720 156928 2927684    0    0     0     0  361  725  1  0 99  0
 0  0  25456 1313752 156928 2927684    0    0     0     2  355  735  0  0 99  0
 0  0  25456 1313596 156928 2927684    0    0     0     6  308  576  0  0 100  0
 0  0  25456 1314092 156928 2927684    0    0     0     0  351  745  1  0 99  0
 0  0  25456 1313968 156928 2927684    0    0     0     0  331  689  0  0 100  0
 0  0  25456 1313804 156928 2927688    0    0     0    12  646  953  4  4 93  0
procs -----------memory---------- ---swap-- -----io---- -system-- ----cpu----
 r  b   swpd   free   buff  cache   si   so    bi    bo   in   cs us sy id wa
 1  0  25456 1313556 156928 2927692    0    0     0     0  451  869  1  0 99  0
 0  0  25456 1313432 156928 2927712    0    0     0     0  409  684  1  0 99  0
 0  0  25456 1313308 156928 2927716    0    0     0    12  354  736  1  0 99  0
 0  0  25456 1313524 156928 2927716    0    0     0     0  342  720  1  0 99  0
 0  0  25456 1312052 156928 2927724    0    0     0     0  434  867  1  0 99  0
 0  0  25456 1311524 156928 2927732    0    0     0    58  370  779  1  0 99  0
 0  0  25456 1311524 156928 2927732    0    0     0     0  331  606  0  0 100  0
 0  0  25456 1311464 156928 2927732    0    0     0    14  347  716  0  0 99  0
 0  0  25456 1312200 156928 2927732    0    0     0    12  377  794  1  0 99  0
 0  0  25456 1312840 156928 2927728    0    0     0     0  362  735  0  0 100  0
 0  0  25456 1312944 156928 2927728    0    0     0     0  341  724  0  0 100  0
 0  0  25456 1312820 156928 2927728    0    0     0    18  349  637  0  0 99  0
 0  0  25456 1312664 156928 2927732    0    0     0     4  334  726  1  0 99  0
 0  0  25456 1312416 156928 2927732    0    0     0     0  359  747  1  0 99  0
 1  0  25456 1312324 156928 2927732    0    0     0    16  448  801  2  1 97  0
 0  0  25456 1313060 156928 2927732    0    0     0    10  433  799  2  2 95  0
 0  0  25456 1312944 156928 2927732    0    0     0     0  317  616  0  0 100  0
 0  0  25456 1312944 156928 2927732    0    0     0    14  324  689  0  0 100  0
 0  0  25456 1312820 156928 2927732    0    0     0     0  347  739  0  0 99  0
 0  0  25456 1312788 156928 2927732    0    0     0     0  350  702  0  0 100  0
 0  0  25456 1312664 156928 2927732    0    0     0    20  363  763  1  0 99  0
procs -----------memory---------- ---swap-- -----io---- -system-- ----cpu----
 r  b   swpd   free   buff  cache   si   so    bi    bo   in   cs us sy id wa
 0  0  25456 1312540 156928 2927732    0    0     0     0  344  643  0  0 100  0
 0  0  25456 1312912 156928 2927732    0    0     0    46  458  855  1  0 99  0
 0  0  25456 1312880 156928 2927732    0    0     0    16  337  714  0  0 99  0
 1  0  25456 1312880 156928 2927732    0    0     0     0  344  713  0  0 99  0
 0  0  25456 1312632 156928 2927732    0    0     0     6  352  736  1  0 99  0
 0  0  25456 1312508 156928 2927732    0    0     0    12  319  600  0  0 100  0
 0  0  25456 1312352 156928 2927732    0    0     0     0  334  713  1  0 99  0
 0  0  25456 1312848 156928 2927732    0    0     0     0  375  766  1  0 99  0
 0  0  25456 1312744 156928 2927736    0    0     0    12  468  805  1  0 99  0
 0  0  25456 1312716 156928 2927740    0    0     0     2  600 1008  4  4 92  0
 0  0  25456 1312752 156928 2927760    0    0     0     0  411  662  1  0 99  0
 0  0  25456 1312596 156928 2927760    0    0     0    12  343  715  1  0 99  0
 0  0  25456 1312472 156928 2927760    0    0     0     0  416  836  1  0 99  0
 0  0  25456 1311100 156928 2927772    0    0     0     0  387  778  0  1 99  0
 1  0  25456 1310720 156928 2927776    0    0     0    28  358  694  0  0 100  0
 0  0  25456 1310596 156928 2927776    0    0     0     0  369  725  0  0 100  0
 0  0  25456 1310440 156928 2927776    0    0     0     8  327  720  1  0 99  0
 0  0  25456 1310440 156928 2927776    0    0     0    24  338  712  0  0 99  0
 0  0  25456 1311340 156928 2927772    0    0     0     0  350  767  0  0 100  0
 0  0  25456 1311216 156928 2927772    0    0     0    48  349  657  0  0 99  0
 0  0  25456 1311060 156928 2927772    0    0     0    26  360  751  0  0 99  0
procs -----------memory---------- ---swap-- -----io---- -system-- ----cpu----
 r  b   swpd   free   buff  cache   si   so    bi    bo   in   cs us sy id wa
 0  0  25456 1311556 156928 2927772    0    0     0     6  342  711  1  0 99  0
 0  0  25456 1311432 156928 2927772    0    0     0     0  370  748  1  0 99  0
 0  0  25456 1311372 156928 2927776    0    0     0    10  412  808  0  0 99  0
 0  0  25456 1311372 156928 2927776    0    0     0    12  605  872  4  3 93  0
 0  0  25456 1311052 156928 2927776    0    0     0     0  309  658  0  0 100  0
 0  0  25456 1311020 156928 2927776    0    0     0    18  336  718  1  0 99  0
 0  0  25456 1311392 156928 2927776    0    0     0     0  348  735  0  0 99  0
 0  0  25456 1311392 156928 2927780    0    0     0     0  337  701  0  0 100  0
 0  0  25456 1311268 156928 2927780    0    0     0    10  373  682  1  0 99  0
 0  0  25456 1311144 156928 2927784    0    0     0     0  510  862  1  0 99  0
 0  0  25456 1311272 156928 2927808    0    0     0     0  390  759  1  0 99  0
 0  0  25456 1311024 156928 2927808    0    0     0     8  385  778  1  0 99  0
 0  0  25456 1311276 156928 2927808    0    0     0     0  351  744  0  0 99  0
 0  0  25456 1311396 156928 2927808    0    0     0    10  328  643  0  0 100  0
 0  0  25456 1311396 156928 2927808    0    0     0    16  352  721  0  0 100  0
 0  0  25456 1311148 156928 2927808    0    0     0    34  351  720  0  0 100  0
 0  0  25456 1311180 156928 2927808    0    0     0     0  438  878  1  0 99  0
 0  0  25456 1310860 156928 2927812    0    0     0    14  475  837  1  0 99  0
 1  0  25456 1310668 156928 2927816    0    0     0     6  561  792  5  5 90  0
 0  0  25456 1311164 156928 2927816    0    0     0     0  473  854  3  3 94  0
 0  0  25456 1311172 156928 2927816    0    0     0    30  321  689  1  0 99  0
procs -----------memory---------- ---swap-- -----io---- -system-- ----cpu----
 r  b   swpd   free   buff  cache   si   so    bi    bo   in   cs us sy id wa
 1  0  25456 1311048 156928 2927816    0    0     0     0  348  744  1  0 99  0
 0  0  25456 1309412 156928 2927824    0    0     0     0  385  896  0  0 99  0
 0  0  25456 1309132 156928 2927828    0    0     0    50  338  655  0  0 99  0
 0  0  25456 1309008 156928 2927828    0    0     0     0  349  702  1  0 99  0
 0  0  25456 1309504 156928 2927828    0    0     0     0  338  714  1  0 99  0
 0  0  25456 1310396 156928 2927824    0    0     0    10  336  720  0  0 99  0
 0  0  25456 1310364 156928 2927824    0    0     0     0  379  747  0  0 99  0
 0  0  25456 1310364 156928 2927824    0    0     0     0  310  618  0  0 100  0
 0  0  25456 1310364 156928 2927824    0    0     0    18  347  702  1  0 99  0
 0  0  25456 1309868 156928 2927824    0    0     0    14  513  911  2  0 98  0
 0  0  25456 1310212 156928 2927824    0    0     0     0  362  777  1  0 99  0
 0  0  25456 1310364 156928 2927828    0    0     0    14  437  815  1  0 99  0
 0  0  25456 1310240 156928 2927828    0    0     0    48  314  614  0  0 100  0
 0  0  25456 1309992 156928 2927828    0    0     0     0  480  848  3  4 93  0
 0  0  25456 1309836 156928 2927828    0    0     0    22  382  791  1  0 99  0
 0  0  25456 1309836 156928 2927832    0    0     0     0  338  730  0  0 100  0
 1  0  25456 1309712 156928 2927832    0    0     0     0  322  596  0  0 100  0
 0  0  25456 1309928 156928 2927832    0    0     0    16  356  737  1  0 99  0
 0  0  25456 1309804 156928 2927832    0    0     0     0  361  755  0  0 99  0
 0  0  25456 1309804 156928 2927832    0    0     0    20  313  694  0  0 99  0
 0  0  25456 1309804 156928 2927832    0    0     0     0  328  699  0  0 99  0
procs -----------memory---------- ---swap-- -----io---- -system-- ----cpu----
 r  b   swpd   free   buff  cache   si   so    bi    bo   in   cs us sy id wa
 1  0  25456 1309712 156928 2927832    0    0     0     0  330  631  0  0 100  0
 0  0  25456 1309556 156928 2927832    0    0     0    12  335  730  0  0 100  0
 0  0  25456 1309432 156928 2927832    0    0     0     0  336  712  0  0 99  0
 0  0  25456 1309796 156928 2927832    0    0     0     0  346  730  1  0 99  0
 0  0  25456 1309424 156928 2927832    0    0     0     6  366  757  0  0 99  0
 0  0  25456 1309464 156928 2927836    0    0     0     0  493  822  1  0 99  0
 0  0  25456 1309464 156928 2927836    0    0     0    16  342  740  1  0 99  0
 0  0  25456 1309340 156928 2927836    0    0     0    14  513  803  4  3 93  0
 0  0  25456 1309192 156928 2927836    0    0     0    16  342  718  1  0 99  0
 0  0  25456 1309536 156928 2927836    0    0     0     0  329  711  0  0 100  0
 0  0  25456 1308184 156928 2927840    0    0     0    22  357  703  0  0 100  0
 0  0  25456 1307812 156928 2927844    0    0     0     6  371  761  0  0 99  0
 0  0  25456 1307812 156928 2927844    0    0     0     0  365  739  0  0 99  0
 0  0  25456 1307440 156928 2927848    0    0     0    14  328  692  0  0 99  0
 0  0  25456 1308308 156928 2927844    0    0     0     0  349  775  0  0 99  0
 1  0  25456 1308208 156928 2927844    0    0     0     0  340  625  0  0 100  0
 0  0  25456 1308724 156928 2927844    0    0     0    26  344  751  0  0 99  0
 0  0  25456 1308424 156928 2927844    0    0     0     0  362  719  1  0 99  0
 0  0  25456 1308424 156928 2927844    0    0     0     0  360  739  1  0 99  0
 0  0  25456 1308460 156928 2927848    0    0     0     8  495  947  1  0 99  0
 0  0  25456 1308336 156928 2927852    0    0     0     0  381  690  0  0 100  0
procs -----------memory---------- ---swap-- -----io---- -system-- ----cpu----
 r  b   swpd   free   buff  cache   si   so    bi    bo   in   cs us sy id wa
 1  0  25456 1308212 156928 2927852    0    0     0    14  326  703  0  0 100  0
 0  0  25456 1308708 156928 2927852    0    0     0    16  443  758  3  3 93  0
 0  0  25456 1308708 156928 2927852    0    0     0    16  339  698  0  0 99  0
 0  0  25456 1308304 156928 2927852    0    0     0     0  345  704  1  0 99  0
 0  0  25456 1308304 156928 2927852    0    0     0    10  309  607  0  0 100  0
 0  0  25456 1308304 156928 2927852    0    0     0    34  364  749  1  0 99  0
 0  0  25456 1308024 156928 2927852    0    0     0     0  352  727  0  0 99  0
 0  0  25456 1308368 156928 2927852    0    0     0    14  343  700  1  0 99  0
 0  0  25456 1308520 156928 2927852    0    0     0     0  333  681  0  0 99  0
 0  0  25456 1308396 156928 2927852    0    0     0     0  313  636  0  0 100  0
 0  0  25456 1308428 156928 2927852    0    0     0     8  325  688  0  0 100  0
 0  0  25456 1308148 156928 2927852    0    0     0     0  319  673  0  0 100  0
 0  0  25456 1308280 156928 2927852    0    0     0     2  333  710  0  0 100  0
 0  0  25456 1308328 156928 2927852    0    0     0     6  372  754  1  0 99  0
 0  0  25456 1308300 156928 2927856    0    0     0     0  429  721  1  0 99  0
 0  0  25456 1308300 156928 2927856    0    0     0     0  331  725  0  0 99  0
 1  0  25456 1308176 156928 2927856    0    0     0    12  395  728  1  1 98  0
 0  0  25456 1308060 156928 2927856    0    0     0     0  460  737  3  3 94  0
 0  0  25456 1307772 156928 2927856    0    0     0     0  486  801  1  0 98  0
 0  0  25456 1306384 156928 2927868    0    0     0    10  542  957  1  0 99  0
 0  0  25456 1306504 156928 2927888    0    0     0    16  407  765  1  0 99  0
procs -----------memory---------- ---swap-- -----io---- -system-- ----cpu----
 r  b   swpd   free   buff  cache   si   so    bi    bo   in   cs us sy id wa
 2  0  25456 1306472 156928 2927892    0    0     0     0  445  865  1  0 99  0
 0  0  25456 1306348 156932 2927892    0    0     0    56  339  719  0  0 99  0
 0  0  25456 1307084 156932 2927896    0    0     0     0  335  665  0  0 99  0
 0  0  25456 1306992 156932 2927892    0    0     0     0  362  763  0  0 99  0
 0  0  25456 1306868 156932 2927892    0    0     0    24  332  699  1  0 99  0
 0  0  25456 1306712 156932 2927892    0    0     0     0  347  691  0  0 99  0
 0  0  25456 1306932 156932 2927892    0    0     0     8  311  672  0  0 99  0
 0  0  25456 1307084 156932 2927892    0    0     0     0  363  685  1  0 99  0
 0  0  25456 1306960 156932 2927896    0    0     0     0  390  782  0  0 100  0
 0  0  25456 1306836 156932 2927896    0    0     0    26  322  704  0  0 99  0
 0  0  25456 1306836 156932 2927896    0    0     0     0  333  690  0  0 99  0
 0  0  25456 1306712 156932 2927896    0    0     0     0  436  757  4  3 93  0
 0  0  25456 1306556 156932 2927896    0    0     0     6  324  632  1  0 99  0
 0  0  25456 1307052 156932 2927896    0    0     0     0  322  687  0  0 100  0
 0  0  25456 1307052 156932 2927896    0    0     0     4  356  751  1  0 99  0
 0  0  25456 1306928 156932 2927896    0    0     0     6  360  717  1  0 99  0
 0  0  25456 1306772 156932 2927896    0    0     0    50  326  687  1  0 99  0
 0  0  25456 1306712 156932 2927896    0    0     0     0  346  632  1  0 99  0
 0  0  25456 1306684 156932 2927900    0    0     0    12  481  873  1  0 99  0
 0  0  25456 1307184 156932 2927924    0    0     0     0  449  805  1  0 99  0
 0  0  25456 1307280 156932 2927928    0    0     0     0  387  785  1  0 99  0
procs -----------memory---------- ---swap-- -----io---- -system-- ----cpu----
 r  b   swpd   free   buff  cache   si   so    bi    bo   in   cs us sy id wa
 1  0  25456 1307188 156932 2927932    0    0     0    52  328  691  0  0 99  0
 0  0  25456 1307064 156932 2927932    0    0     0     0  372  688  0  0 100  0
 0  0  25456 1306808 156932 2927936    0    0     0     0  443  830  1  0 99  0
 0  0  25456 1306684 156932 2927936    0    0     0    22  324  708  0  0 99  0
 0  0  25456 1307028 156932 2927936    0    0     0     0  333  720  0  0 100  0
 0  0  25456 1307032 156932 2927936    0    0     0     0  424  764  4  3 93  0
 0  0  25456 1307032 156932 2927936    0    0     0     8  361  681  0  0 100  0
 0  0  25456 1305180 156932 2927940    0    0     0     0  354  742  1  0 99  0
 0  0  25456 1304932 156932 2927944    0    0     0     0  352  737  0  0 100  0
 0  0  25456 1304900 156932 2927944    0    0     0    24  355  730  0  0 99  0
 0  0  25456 1305292 156932 2927944    0    0     0     0  332  699  1  0 99  0
 0  0  25456 1306572 156932 2927944    0    0     0     0  349  672  0  0 99  0
 0  0  25456 1306536 156932 2927940    0    0     0    18  335  710  0  0 100  0
 0  0  25456 1306288 156932 2927940    0    0     0     0  331  714  0  0 99  0
 0  0  25456 1306288 156932 2927940    0    0     0     0  394  780  1  0 99  0
 0  0  25456 1306164 156932 2927940    0    0     0    16  335  705  1  0 99  0
 0  0  25456 1305916 156932 2927940    0    0     0     0  385  714  1  0 99  0
 0  0  25456 1306356 156932 2927940    0    0     0     0  383  759  0  0 99  0
 0  0  25456 1306384 156932 2927944    0    0     0    38  333  700  0  0 99  0
 0  0  25456 1306352 156932 2927944    0    0     0     0  344  704  0  0 99  0
 0  0  25456 1306260 156932 2927944    0    0     0    38  544  861  3  4 93  0
procs -----------memory---------- ---swap-- -----io---- -system-- ----cpu----
 r  b   swpd   free   buff  cache   si   so    bi    bo   in   cs us sy id wa
 2  0  25456 1306232 156932 2927960    0    0     0     0  477  751  1  0 99  0
 0  0  25456 1306112 156932 2927976    0    0     0     0  412  796  1  0 99  0
 0  0  25456 1306424 156932 2927976    0    0     0    14  385  814  0  0 100  0
 0  0  25456 1306392 156932 2927976    0    0     0     0  334  691  0  0 100  0
 0  0  25456 1306360 156932 2927976    0    0     0     0  298  596  0  0 100  0
 0  0  25456 1306112 156932 2927976    0    0     0     8  349  734  0  0 99  0
 0  0  25456 1305988 156932 2927976    0    0     0     0  319  676  1  0 99  0
 0  0  25456 1305864 156932 2927976    0    0     0     0  462  893  1  0 99  0
 0  0  25456 1305772 156932 2927980    0    0     0     8  359  720  1  0 99  0
 0  0  25456 1306164 156932 2927980    0    0     0     0  313  630  0  0 99  0
 0  0  25456 1306144 156932 2927980    0    0     0     0  399  792  1  0 99  0
 0  0  25456 1306044 156932 2927980    0    0     0    10  431  778  1  0 99  0
 0  0  25456 1306044 156932 2927984    0    0     0     8  339  736  1  0 99  0
 0  0  25456 1305888 156932 2927984    0    0     0     0  344  711  1  0 99  0
 1  0  25456 1305680 156932 2927984    0    0     0    42  370  634  2  1 97  0
 0  0  25456 1305556 156932 2927984    0    0     0     0  453  845  2  2 96  0
 0  0  25456 1304524 156932 2927996    0    0     0     0  366  772  0  0 99  0
 0  0  25456 1304508 156932 2928000    0    0     0    36  360  723  1  0 99  0
 0  0  25456 1304384 156932 2928000    0    0     0     0  350  723  0  0 99  0
 0  0  25456 1304228 156932 2928000    0    0     0     0  385  686  1  0 99  0
 0  0  25456 1305184 156932 2928012    0    0     0     8  554  943  1  0 98  0
procs -----------memory---------- ---swap-- -----io---- -system-- ----cpu----
 r  b   swpd   free   buff  cache   si   so    bi    bo   in   cs us sy id wa
 0  0  25456 1305120 156932 2928028    0    0     0     0  397  751  0  0 99  0
 0  0  25456 1305740 156932 2928036    0    0     0     0  381  790  1  0 99  0
 0  0  25456 1305708 156932 2928036    0    0     0    20  367  728  1  0 99  0
 0  0  25456 1305740 156932 2928036    0    0     0     0  291  591  0  0 100  0
 0  0  25456 1305492 156932 2928036    0    0     0     0  398  790  0  0 99  0
 0  0  25456 1305336 156932 2928036    0    0     0    10  415  782  1  0 99  0
 0  0  25456 1305212 156932 2928036    0    0     0    10  321  695  1  0 99  0
 0  0  25456 1305556 156932 2928036    0    0     0     0  324  684  0  0 99  0
 0  0  25456 1305584 156932 2928036    0    0     0    28  293  588  0  0 100  0
 0  0  25456 1305460 156932 2928036    0    0     0     0  434  786  4  3 94  0
 0  0  25456 1305212 156932 2928036    0    0     0     0  324  693  0  0 100  0
 0  0  25456 1305212 156932 2928036    0    0     0    52  355  743  1  0 99  0
 0  0  25456 1305180 156932 2928036    0    0     0     0  344  709  0  0 99  0
 1  0  25456 1304932 156932 2928036    0    0     0    18  322  623  0  0 100  0
 0  0  25456 1305276 156932 2928036    0    0     0    22  333  702  0  0 100  0
 0  0  25456 1305180 156932 2928036    0    0     0     0  347  726  0  0 99  0
 0  0  25456 1305148 156932 2928040    0    0     0     0  374  742  0  0 99  0
 0  0  25456 1305024 156932 2928040    0    0     0    10  324  652  1  0 99  0
 0  0  25456 1304992 156932 2928040    0    0     0     0  300  613  0  0 100  0
 0  0  25456 1304744 156932 2928040    0    0     0     0  422  790  1  0 99  0
 0  0  25456 1304920 156932 2928052    0    0     0    12  669 1037  1  0 98  0
procs -----------memory---------- ---swap-- -----io---- -system-- ----cpu----
 r  b   swpd   free   buff  cache   si   so    bi    bo   in   cs us sy id wa
 0  0  25456 1304916 156932 2928072    0    0     0     0  399  774  1  0 99  0
 1  0  25456 1304792 156932 2928084    0    0     0     0  354  734  0  0 100  0
 0  0  25456 1304636 156932 2928084    0    0     0     8  360  697  0  0 100  0
 0  0  25456 1304552 156932 2928084    0    0     0     0  474  821  4  3 93  0
 0  0  25456 1303296 156932 2928092    0    0     0    22  395  846  0  0 99  0
 0  0  25456 1303352 156932 2928096    0    0     0     8  411  823  1  0 99  0
 0  0  25456 1303380 156932 2928096    0    0     0     0  341  699  0  0 99  0
 0  0  25456 1303380 156932 2928096    0    0     0    32  321  622  0  0 100  0
 1  0  25456 1304116 156932 2928096    0    0     0     0  350  724  0  0 99  0
 0  0  25456 1304016 156932 2928092    0    0     0     0  342  722  0  0 99  0
 0  0  25456 1303860 156932 2928092    0    0     0   104  344  709  1  0 99  0
 0  0  25456 1303768 156932 2928092    0    0     0     0  341  624  0  0 99  0
 0  0  25456 1304232 156932 2928092    0    0     0    54  345  727  0  0 99  0
 0  0  25456 1304200 156932 2928092    0    0     0     0  452  830  1  0 99  0
 0  0  25456 1304076 156932 2928112    0    0     0     0  532  900  1  0 99  0
 0  0  25456 1304076 156932 2928124    0    0     0    14  395  768  1  0 99  0
 0  0  25456 1303860 156932 2928140    0    0     0     0  367  690  0  0 99  0
 0  0  25456 1303736 156932 2928152    0    0     0     0  328  692  0  0 99  0
 0  0  25456 1303612 156932 2928152    0    0     0     8  620  960  4  4 92  0
 0  0  25456 1304048 156932 2928152    0    0     0     0  344  720  1  0 99  0
 0  0  25456 1304072 156932 2928152    0    0     0     0  353  731  1  0 99  0
procs -----------memory---------- ---swap-- -----io---- -system-- ----cpu----
 r  b   swpd   free   buff  cache   si   so    bi    bo   in   cs us sy id wa
 1  0  25456 1303948 156932 2928152    0    0     0    10  343  630  0  0 100  0
 0  0  25456 1303792 156932 2928152    0    0     0     0  333  709  1  0 99  0
 0  0  25456 1303668 156932 2928152    0    0     0     0  333  688  0  0 99  0
 0  0  25456 1303668 156932 2928152    0    0     0     6  339  706  0  0 99  0
 0  0  25456 1303764 156932 2928152    0    0     0     0  341  738  0  0 100  0
 0  0  25456 1303792 156932 2928156    0    0     0     0  302  594  0  0 100  0
 0  0  25456 1303668 156932 2928156    0    0     0    22  338  695  0  0 99  0
 0  0  25456 1303636 156932 2928156    0    0     0     0  372  739  0  0 99  0
 0  0  25456 1303608 156932 2928164    0    0     0     0  441  801  1  0 99  0
 0  0  25456 1303484 156932 2928164    0    0     0    84  343  738  0  0 99  0
 1  0  25456 1303484 156932 2928164    0    0     0     0  314  594  1  0 99  0
 2  0  25456 1303576 156932 2928164    0    0     0     6  334  699  0  0 100  0
 1  0  25456 1303452 156932 2928164    0    0     0    14  545  948  2  2 95  0
 0  0  25456 1301972 156932 2928192    0    0     0     0  528  913  2  2 96  0
 0  0  25456 1301600 156932 2928212    0    0     0     0  404  765  1  0 99  0
 0  0  25456 1301344 156932 2928212    0    0     0    26  359  672  0  0 100  0
 0  0  25456 1301312 156932 2928212    0    0     0     0  366  745  1  0 99  0
 0  0  25456 1302716 156932 2928212    0    0     0     0  416  870  0  0 99  0
 0  0  25456 1302792 156932 2928208    0    0     0    20  336  699  0  0 99  0
 0  0  25456 1302792 156932 2928208    0    0     0     0  350  730  1  0 99  0
 0  0  25456 1302668 156932 2928208    0    0     0     0  312  593  0  0 100  0
procs -----------memory---------- ---swap-- -----io---- -system-- ----cpu----
 r  b   swpd   free   buff  cache   si   so    bi    bo   in   cs us sy id wa
 1  0  25456 1302544 156932 2928208    0    0     0     6  334  700  1  0 99  0
 0  0  25456 1302296 156932 2928208    0    0     0     0  387  758  1  0 99  0
 0  0  25456 1302468 156932 2928208    0    0     0     0  397  774  0  0 99  0
 0  0  25456 1302544 156932 2928212    0    0     0     8  336  706  1  0 99  0
 0  0  25456 1302480 156932 2928212    0    0     0     0  320  591  0  0 100  0
 0  0  25456 1302388 156932 2928212    0    0     0    58  325  665  1  0 99  0
 0  0  25456 1302296 156932 2928216    0    0     0    12  381  739  1  0 99  0
 0  0  25456 1302172 156932 2928216    0    0     0     0  433  743  3  3 93  0
 0  0  25456 1302352 156932 2928216    0    0     0    34  341  717  0  0 99  0
 0  0  25456 1302380 156932 2928216    0    0     0    18  327  604  0  0 100  0
 3  0  25456 1302380 156932 2928216    0    0     0     0  446  852  1  0 99  0
 0  0  25456 1302132 156932 2928216    0    0     0     0  405  742  1  0 99  0
 1  0  25456 1302164 156932 2928220    0    0     0     8  511  896  1  0 98  0
 1  0  25456 1302044 156932 2928244    0    0     0     0  423  727  1  0 99  0
 0  0  25456 1301912 156932 2928260    0    0     0     0  405  773  1  0 99  0
 0  0  25456 1302160 156932 2928260    0    0     0    10  356  750  0  0 99  0
 0  0  25456 1302036 156932 2928260    0    0     0     0  394  778  1  0 99  0
 0  0  25456 1302036 156932 2928264    0    0     0     0  438  787  1  0 99  0
 0  0  25456 1301904 156932 2928268    0    0     0    10  318  642  0  0 100  0
 0  0  25456 1301780 156932 2928268    0    0     0     0  347  711  1  0 99  0
 0  0  25456 1301912 156932 2928268    0    0     0     8  325  679  1  0 99  0
procs -----------memory---------- ---swap-- -----io---- -system-- ----cpu----
 r  b   swpd   free   buff  cache   si   so    bi    bo   in   cs us sy id wa
 0  0  25456 1301788 156932 2928268    0    0     0     8  386  770  1  0 99  0
 0  0  25456 1301028 156932 2928272    0    0     0     0  547  878  4  3 92  0
 0  0  25456 1300772 156932 2928276    0    0     0    24  342  649  0  0 100  0
 0  0  25456 1300640 156932 2928276    0    0     0    28  360  716  1  0 99  0
 0  0  25456 1300516 156932 2928276    0    0     0     0  355  725  1  0 99  0
 0  0  25456 1301424 156932 2928276    0    0     0     0  369  752  1  0 99  0
 0  0  25456 1301376 156932 2928272    0    0     0    18  336  690  0  0 100  0
 0  0  25456 1301244 156932 2928272    0    0     0    26  330  644  0  0 100  0
 0  0  25456 1301864 156932 2928272    0    0     0     0  355  720  0  0 100  0
 0  0  25456 1301740 156932 2928272    0    0     0    16  365  730  1  0 99  0
 0  0  25456 1301616 156932 2928276    0    0     0     0  398  775  0  0 99  0
 0  0  25456 1301648 156932 2928280    0    0     0     0  384  737  0  0 100  0
 0  0  25456 1301400 156932 2928280    0    0     0    24  332  646  0  0 99  0
 0  0  25456 1301400 156932 2928280    0    0     0     0  336  695  0  0 100  0
 0  0  25456 1301772 156932 2928280    0    0     0     0  341  719  1  0 99  0
 0  0  25456 1301772 156932 2928280    0    0     0     6  362  734  0  0 99  0
 0  0  25456 1301648 156932 2928280    0    0     0     0  429  769  3  4 93  0
 0  0  25456 1301524 156932 2928280    0    0     0    10  339  660  0  0 99  0
 0  0  25456 1301400 156932 2928280    0    0     0     8  336  711  0  0 100  0
 0  0  25456 1301120 156932 2928280    0    0     0    42  359  733  1  0 99  0
 0  0  25456 1301464 156932 2928280    0    0     0     0  366  735  1  0 99  0
procs -----------memory---------- ---swap-- -----io---- -system-- ----cpu----
 r  b   swpd   free   buff  cache   si   so    bi    bo   in   cs us sy id wa
 1  0  25456 1301492 156932 2928280    0    0     0    16  330  722  0  0 99  0
 0  0  25456 1301328 156932 2928280    0    0     0     0  327  657  0  0 100  0
 0  0  25456 1301204 156932 2928280    0    0     0     0  345  721  0  0 100  0
 0  0  25456 1301080 156932 2928280    0    0     0     6  353  729  1  0 99  0
 0  0  25456 1301080 156932 2928280    0    0     0     0  383  755  1  0 99  0
 0  0  25456 1301096 156932 2928284    0    0     0     0  431  823  1  0 99  0
 0  0  25456 1301000 156932 2928284    0    0     0    12  358  670  0  0 100  0
 0  0  25456 1300876 156932 2928284    0    0     0     0  332  714  0  0 99  0
 0  0  25456 1300876 156932 2928284    0    0     0     0  340  726  1  0 99  0
 0  0  25456 1300752 156932 2928284    0    0     0     6  387  778  1  0 99  0
 1  0  25456 1298884 156932 2928288    0    0     0     0  429  938  2  3 95  0
 0  0  25456 1298676 156932 2928292    0    0     0     0  374  691  1  1 98  0
 0  0  25456 1299192 156932 2928292    0    0     0    24  370  760  1  0 99  0
 0  0  25456 1299296 156932 2928292    0    0     0    10  347  704  1  0 99  0
 0  0  25456 1300156 156932 2928292    0    0     0     0  378  833  1  0 99  0
 2  0  25456 1300032 156932 2928288    0    0     0    20  311  642  0  0 100  0
 0  0  25456 1299876 156932 2928288    0    0     0    42  352  715  0  0 100  0
 0  0  25456 1299876 156932 2928288    0    0     0     0  343  690  1  0 99  0
 0  0  25456 1300564 156932 2928288    0    0     0     8  324  707  0  0 99  0
 0  0  25456 1300620 156932 2928288    0    0     0     0  392  792  0  0 99  0
 0  0  25456 1300496 156932 2928292    0    0     0     0  370  676  0  0 100  0
procs -----------memory---------- ---swap-- -----io---- -system-- ----cpu----
 r  b   swpd   free   buff  cache   si   so    bi    bo   in   cs us sy id wa
 1  0  25456 1300372 156932 2928292    0    0     0    26  354  774  0  0 100  0
 0  0  25456 1300216 156932 2928292    0    0     0     0  349  715  1  0 99  0
 0  0  25456 1300216 156932 2928292    0    0     0     0  327  708  0  0 99  0
 0  0  25456 1300092 156932 2928292    0    0     0     6  365  730  1  0 99  0
 0  0  25456 1299968 156932 2928292    0    0     0     0  314  616  0  0 100  0
 0  0  25456 1300348 156932 2928292    0    0     0     4  514  887  3  4 93  0
 0  0  25456 1300224 156932 2928292    0    0     0    14  329  707  0  0 99  0
 0  0  25456 1299944 156932 2928292    0    0     0     0  344  717  1  0 99  0
 0  0  25456 1299912 156932 2928292    0    0     0     0  385  779  1  0 99  0
 0  0  25456 1299788 156932 2928292    0    0     0     0  296  600  0  0 100  0
 0  0  25456 1299696 156932 2928292    0    0     0    14  357  775  0  0 100  0
 0  0  25456 1300000 156932 2928292    0    0     0     0  352  755  1  0 99  0
 0  0  25456 1299968 156932 2928292    0    0     0    40  344  736  0  0 99  0
 0  0  25456 1299844 156932 2928292    0    0     0     0  395  802  1  0 99  0
 0  0  25456 1299744 156932 2928296    0    0     0     0  409  688  1  0 99  0
 0  0  25456 1299528 156932 2928300    0    0     0    14  364  776  0  0 99  0
 0  0  25456 1299372 156932 2928300    0    0     0     0  327  693  1  0 99  0
 0  0  25456 1299716 156932 2928300    0    0     0     0  319  720  0  0 99  0
 0  0  25456 1299868 156932 2928300    0    0     0     8  377  775  1  0 99  0
 0  0  25456 1298612 156932 2928308    0    0     0     0  358  717  1  0 99  0
 0  0  25456 1298456 156932 2928308    0    0     0     0  490  875  4  3 93  0
procs -----------memory---------- ---swap-- -----io---- -system-- ----cpu----
 r  b   swpd   free   buff  cache   si   so    bi    bo   in   cs us sy id wa
 0  0  25456 1298208 156932 2928308    0    0     0    28  352  737  1  0 99  0
 0  0  25456 1298208 156932 2928308    0    0     0     0  340  722  0  0 99  0
 0  0  25456 1299580 156932 2928304    0    0     0     0  364  779  1  0 99  0
 0  0  25456 1299596 156932 2928304    0    0     0     0  312  616  0  0 100  0
 0  0  25456 1299408 156932 2928304    0    0     0    18  413  817  1  0 99  0
 0  0  25456 1299284 156932 2928304    0    0     0     0  333  697  1  0 99  0
 0  0  25456 1299252 156932 2928304    0    0     0    32  343  724  1  0 99  0
 0  0  25456 1299128 156932 2928304    0    0     0    10  414  786  1  0 99  0
 0  0  25456 1299036 156932 2928308    0    0     0     0  460  754  1  0 99  0
 0  0  25456 1299252 156932 2928308    0    0     0    30  431  882  1  0 99  0
 0  0  25456 1299252 156932 2928308    0    0     0    22  324  668  1  0 99  0
 0  0  25456 1299252 156932 2928308    0    0     0     0  328  676  1  0 99  0
 0  0  25456 1299252 156932 2928308    0    0     0     0  369  736  1  0 99  0
 0  0  25456 1299220 156932 2928308    0    0     0     0  326  610  1  0 99  0
 1  0  25456 1299220 156932 2928308    0    0     0    10  480  807  3  4 93  0
 0  0  25456 1299716 156932 2928308    0    0     0     0  342  689  1  0 99  0
 0  0  25456 1299716 156932 2928308    0    0     0     6  336  690  1  0 99  0
 1  0  25456 1299592 156932 2928308    0    0     0     0  370  681  1  1 99  0
 0  0  25456 1299468 156932 2928308    0    0     0     0  331  671  0  0 99  0
 0  0  25456 1299312 156932 2928312    0    0     0     0  369  755  1  0 99  0
 0  0  25456 1299312 156932 2928312    0    0     0    10  403  784  1  0 99  0
procs -----------memory---------- ---swap-- -----io---- -system-- ----cpu----
 r  b   swpd   free   buff  cache   si   so    bi    bo   in   cs us sy id wa
 0  0  25456 1299368 156932 2928312    0    0     0     0  394  787  1  0 99  0
 0  0  25456 1299364 156932 2928312    0    0     0     0  429  784  1  0 99  0
 0  0  25456 1299192 156932 2928316    0    0     0    10  445  811  1  0 99  0
 0  0  25456 1299044 156932 2928316    0    0     0    20  357  754  1  0 99  0
 0  0  25456 1299044 156932 2928316    0    0     0    12  348  691  1  0 99  0
 0  0  25456 1298796 156932 2928316    0    0     0    20  353  734  1  0 99  0
 0  0  25456 1298796 156932 2928316    0    0     0     0  359  664  1  0 99  0
 0  0  25456 1297044 156932 2928320    0    0     0    28  378  782  1  0 99  0
 1  0  25456 1297664 156932 2928328    0    0     0     0  460  856  3  3 94  0
 0  0  25456 1297540 156932 2928328    0    0     0     0  358  721  1  1 98  0
 0  0  25456 1297416 156932 2928328    0    0     0    14  380  767  1  0 99  0
 0  0  25456 1297764 156932 2928324    0    0     0     0  338  653  1  0 99  0
 0  0  25456 1297780 156932 2928324    0    0     0     0  328  720  1  0 99  0
 0  0  25456 1297780 156932 2928324    0    0     0    20  348  755  0  0 99  0
 0  0  25456 1298524 156932 2928324    0    0     0     0  324  688  0  0 99  0
 0  0  25456 1298492 156932 2928324    0    0     0     0  327  714  1  0 99  0
 0  0  25456 1298492 156932 2928324    0    0     0     6  370  671  0  0 100  0
 0  0  25456 1298244 156932 2928328    0    0     0     0  390  777  0  0 99  0
 0  0  25456 1297932 156932 2928332    0    0     0    10  410  810  1  0 99  0
 0  0  25456 1297836 156932 2928352    0    0     0    16  480  824  1  0 99  0
 1  0  25456 1298024 156932 2928356    0    0     0    36  396  773  1  0 99  0
procs -----------memory---------- ---swap-- -----io---- -system-- ----cpu----
 r  b   swpd   free   buff  cache   si   so    bi    bo   in   cs us sy id wa
 0  0  25456 1297924 156932 2928384    0    0     0     0  483  802  1  0 99  0
 0  0  25456 1297768 156932 2928392    0    0     0    10  333  712  1  0 99  0
 0  0  25456 1297644 156932 2928392    0    0     0    24  341  729  1  0 99  0
 0  0  25456 1297644 156932 2928392    0    0     0     0  469  817  4  3 93  0
 0  0  25456 1297520 156932 2928392    0    0     0    20  357  752  1  0 99  0
 0  0  25456 1297404 156932 2928392    0    0     0     0  320  603  0  0 99  0
 0  0  25456 1297748 156932 2928392    0    0     0     0  332  729  0  0 99  0
 0  0  25456 1297620 156932 2928392    0    0     0    44  367  745  1  0 99  0
 0  0  25456 1297404 156932 2928392    0    0     0     0  351  690  0  0 99  0
 0  0  25456 1297156 156932 2928392    0    0     0     0  347  727  1  0 99  0
 0  0  25456 1297164 156932 2928404    0    0     0     8  504  823  1  0 99  0
 1  0  25456 1297040 156932 2928420    0    0     0     0  499  847  1  0 99  0
 0  0  25456 1297288 156932 2928444    0    0     0     0  453  818  1  0 99  0
 0  0  25456 1297296 156932 2928448    0    0     0    10  367  722  1  0 99  0
 0  0  25456 1297172 156932 2928448    0    0     0     8  329  701  1  0 99  0
 0  0  25456 1297048 156932 2928448    0    0     0    12  376  707  0  0 100  0
 0  0  25456 1295272 156932 2928460    0    0     0     0  344  754  1  0 99  0
 0  0  25456 1295132 156932 2928464    0    0     0    16  346  730  1  0 99  0
 0  0  25456 1295444 156932 2928464    0    0     0    30  433  774  4  3 93  0
 0  0  25456 1295472 156932 2928464    0    0     0    14  360  756  1  0 99  0
 0  0  25456 1296100 156932 2928460    0    0     0     0  329  657  0  0 100  0
procs -----------memory---------- ---swap-- -----io---- -system-- ----cpu----
 r  b   swpd   free   buff  cache   si   so    bi    bo   in   cs us sy id wa
 1  0  25456 1295992 156932 2928460    0    0     0    22  338  726  0  0 100  0
 0  0  25456 1295960 156932 2928460    0    0     0     0  366  765  1  0 99  0
 0  0  25456 1295960 156932 2928460    0    0     0     0  336  711  1  0 99  0
 1  0  25456 1295804 156932 2928460    0    0     0    22  400  722  1  0 99  0
 0  0  25456 1295712 156932 2928460    0    0     0     0  448  897  1  0 99  0
 0  0  25456 1295712 156932 2928468    0    0     0    10  481  870  1  0 99  0
 0  0  25456 1295680 156932 2928468    0    0     0    42  347  736  1  0 99  0
 0  0  25456 1295340 156932 2928468    0    0     0     0  327  667  0  0 99  0
 0  0  25456 1295340 156932 2928468    0    0     0    18  314  610  1  0 99  0
 0  0  25456 1295276 156932 2928468    0    0     0     0  364  715  1  0 99  0
 0  0  25456 1295308 156932 2928468    0    0     0     0  327  711  0  0 100  0
 0  0  25456 1295928 156932 2928468    0    0     0    20  324  706  1  0 99  0
 0  0  25456 1295804 156932 2928468    0    0     0     0  426  755  3  3 94  0
 0  0  25456 1295804 156932 2928468    0    0     0    42  314  591  0  0 99  0
 0  0  25456 1295648 156932 2928468    0    0     0     8  377  759  0  0 99  0
 0  0  25456 1295648 156932 2928468    0    0     0     0  322  678  0  0 99  0
 0  0  25456 1295648 156932 2928468    0    0     0    18  370  772  1  0 99  0
 0  0  25456 1296112 156932 2928468    0    0     0    14  338  686  0  0 100  0
 0  0  25456 1296112 156932 2928468    0    0     0     0  297  604  0  0 99  0
 0  0  25456 1296144 156932 2928468    0    0     0     0  382  763  1  0 99  0
 0  0  25456 1295640 156932 2928472    0    0     0    12  462  818  1  0 99  0
procs -----------memory---------- ---swap-- -----io---- -system-- ----cpu----
 r  b   swpd   free   buff  cache   si   so    bi    bo   in   cs us sy id wa
 0  0  25456 1295484 156932 2928472    0    0     0     0  331  742  0  0 100  0
 0  0  25456 1295360 156932 2928472    0    0     0     0  329  698  0  0 99  0
 0  0  25456 1295360 156932 2928472    0    0     0     6  321  613  0  0 99  0
 0  0  25456 1295732 156932 2928476    0    0     0     0  370  839  1  0 99  0
 0  0  25456 1293888 156932 2928480    0    0     0     0  361  793  1  0 99  0
 0  0  25456 1293888 156932 2928484    0    0     0    28  340  734  0  0 100  0
 1  0  25456 1293608 156932 2928484    0    0     0     0  443  778  4  3 93  0
 0  0  25456 1293608 156932 2928484    0    0     0     8  324  637  1  0 99  0
 0  0  25456 1294236 156932 2928480    0    0     0    10  366  773  1  0 99  0
 0  0  25456 1295244 156932 2928480    0    0     0     0  339  711  1  0 99  0
 0  0  25456 1295184 156932 2928480    0    0     0    14  374  773  1  0 99  0
 0  0  25456 1295028 156932 2928480    0    0     0    20  368  739  1  0 99  0
 0  0  25456 1295028 156932 2928480    0    0     0    18  329  622  1  0 99  0
 0  0  25456 1294904 156932 2928480    0    0     0     0  390  780  0  0 100  0
 0  0  25456 1294656 156932 2928484    0    0     0    28  372  757  1  0 99  0
 0  0  25456 1295028 156932 2928484    0    0     0     0  387  799  1  0 99  0
 0  0  25456 1295060 156932 2928484    0    0     0     0  351  738  0  0 100  0
 0  0  25456 1294936 156932 2928484    0    0     0    14  310  598  1  0 99  0
 0  0  25456 1294936 156932 2928484    0    0     0     0  344  717  0  0 99  0
 0  0  25456 1294936 156932 2928484    0    0     0     4  350  722  0  0 100  0
 0  0  25456 1294812 156932 2928484    0    0     0     6  336  721  1  0 99  0
procs -----------memory---------- ---swap-- -----io---- -system-- ----cpu----
 r  b   swpd   free   buff  cache   si   so    bi    bo   in   cs us sy id wa
 1  0  25456 1295204 156932 2928484    0    0     0     0  345  742  0  0 99  0
 0  0  25456 1295184 156932 2928484    0    0     0     0  439  674  3  3 93  0
 0  0  25456 1295152 156932 2928484    0    0     0     6  367  742  1  0 99  0
 0  0  25456 1295060 156932 2928484    0    0     0     6  337  713  0  0 100  0
 0  0  25456 1294936 156932 2928484    0    0     0     0  335  710  0  0 100  0
 0  0  25456 1294936 156932 2928484    0    0     0     8  349  720  0  1 99  0
 1  0  25456 1294812 156932 2928484    0    0     0    28  319  619  0  0 99  0
 0  0  25456 1295152 156932 2928484    0    0     0     0  377  781  0  0 100  0
 0  0  25456 1295080 156932 2928488    0    0     0    26  442  792  1  0 98  0
 0  0  25456 1294956 156932 2928488    0    0     0     0  339  739  0  0 99  0
 0  0  25456 1294800 156932 2928488    0    0     0     0  306  590  0  0 100  0
 0  0  25456 1294560 156932 2928488    0    0     0     8  331  702  1  0 99  0
 0  0  25456 1294436 156932 2928492    0    0     0     0  370  744  1  0 99  0
 0  0  25456 1292444 156932 2928492    0    0     0     0  371  813  1  0 99  0
 1  0  25456 1292684 156932 2928496    0    0     0    24  346  763  1  0 99  0
 0  0  25456 1292684 156932 2928496    0    0     0     0  343  623  0  0 100  0
 0  0  25456 1292684 156932 2928496    0    0     0     0  472  788  3  4 93  0
 0  0  25456 1292912 156932 2928496    0    0     0    10  357  794  1  0 99  0
 0  0  25456 1293080 156932 2928492    0    0     0     0  340  732  0  0 99  0
 1  0  25456 1293048 156932 2928492    0    0     0     0  346  739  0  0 99  0
 0  0  25456 1293048 156932 2928492    0    0     0    18  318  618  0  0 100  0
procs -----------memory---------- ---swap-- -----io---- -system-- ----cpu----
 r  b   swpd   free   buff  cache   si   so    bi    bo   in   cs us sy id wa
 1  0  25456 1293916 156932 2928492    0    0     0     8  319  714  0  0 99  0
 0  0  25456 1293824 156932 2928492    0    0     0     0  405  796  1  0 99  0
