procs -----------memory---------- ---swap-- -----io---- -system-- ----cpu----
 r  b   swpd   free   buff  cache   si   so    bi    bo   in   cs us sy id wa
 1  0      0 14643504 615400 7252792    0    0     2   149   20    9  0  0 99  0
 0  0      0 14642472 615404 7253084    0    0    16    62  564 1013  0  0 99  0
 0  0      0 14643320 615404 7252832    0    0     0     0  574  975  0  0 100  0
 0  0      0 14640668 615404 7252832    0    0     0   334  770 1051  0  0 99  0
 0  0      0 14648848 615404 7252832    0    0     0     0  640 1085  1  0 99  0
 0  0      0 14649188 615412 7252832    0    0     0     6  640 1061  0  0 100  0
 0  0      0 14648448 615412 7252848    0    0     0    30  610 1023  0  0 99  0
 0  0      0 14649116 615412 7252848    0    0     0     0  687 1044  0  0 100  0
 0  0      0 14644292 615416 7252848    0    0     0   238  553  927  0  0 98  2
 0  0      0 14646920 615416 7252848    0    0     0     0  618 1055  0  0 100  0
 0  0      0 14646200 615416 7252852    0    0     0   184  619 1048  0  0 100  0
 0  0      0 14646136 615416 7253108    0    0     0    36  567  975  0  0 100  0
 0  0      0 14646736 615416 7252856    0    0     0   106  618  944  0  0 100  0
 0  0      0 14643648 615416 7253104    0    0     0    30  571  955  1  0 99  0
 0  0      0 14645640 615420 7253176    0    0     0    32  813 1270  0  0 99  0
 0  0      0 14646432 615420 7253260    0    0     0   132  711 1199  0  0 100  0
 0  0      0 14646720 615424 7253516    0    0     0   232  535  958  0  0 100  0
 0  0      0 14642276 615428 7253696    0    0     0   378 1028 1367  2  1 98  0
 0  0      0 14641552 615492 7253936    0    0     0 29604  774 1053  2  1 97  0
 0  0      0 14644892 615492 7253940    0    0     0     0  547  943  0  0 100  0
 0  0      0 14644320 615496 7253964    0    0     0   100  703 1144  0  0 100  0
procs -----------memory---------- ---swap-- -----io---- -system-- ----cpu----
 r  b   swpd   free   buff  cache   si   so    bi    bo   in   cs us sy id wa
 1  0      0 14644904 615496 7253968    0    0     0    32  556 1011  0  0 100  0
 0  0      0 14645140 615496 7253968    0    0     0     0  882 1199  0  0 100  0
 0  0      0 14642196 615504 7253972    0    0     0   268  573  990  0  0 99  0
 0  0      0 14644856 615504 7253976    0    0     0     0  582  987  0  0 100  0
 0  0      0 14644988 615504 7253976    0    0     0     0  627 1073  0  0 100  0
 0  0      0 14645236 615508 7254232    0    0     0   232  820 1222  0  0 99  0
 0  0      0 14645452 615508 7254044    0    0     0     0  488  861  0  0 100  0
 0  0      0 14641660 615512 7254040    0    0     0    34  632 1012  0  0 99  0
 0  0      0 14645384 615512 7254132    0    0     0    12  685 1139  0  0 100  0
 0  0      0 14644936 615512 7254148    0    0     0   190  792 1275  0  0 100  0
 0  0      0 14644452 615516 7254400    0    0     0   244  597 1047  0  0 99  0
 0  0      0 14644780 615516 7254160    0    0     0     0  596  986  0  0 100  0
 0  0      0 14640640 615520 7254160    0    0     0   250  507  911  0  0 100  0
 0  0      0 14644880 615520 7254412    0    0     0     0  543  933  0  0 100  0
 0  0      0 14644648 615520 7254160    0    0     0     0  565  973  0  0 100  0
 0  0      0 14644384 615520 7254416    0    0     0    30  653 1158  0  0 99  0
 0  0      0 14644768 615520 7254168    0    0     0     0  595  987  0  0 100  0
 0  0      0 14642204 615524 7254168    0    0     0   228  570  982  0  0 100  0
 0  0      0 14645144 615524 7254168    0    0     0     0  553  952  0  0 100  0
 0  0      0 14645184 615524 7254172    0    0     0     0  516  926  0  0 100  0
 0  0      0 14644260 615524 7254424    0    0     0   208  891 1257  0  0 99  0
procs -----------memory---------- ---swap-- -----io---- -system-- ----cpu----
 r  b   swpd   free   buff  cache   si   so    bi    bo   in   cs us sy id wa
 2  0      0 14644468 615524 7254424    0    0     0     0  542  938  0  0 100  0
 2  0      0 14641452 615524 7254176    0    0     0   214  544  938  0  0 100  0
 0  0      0 14645208 615524 7254184    0    0     0     0  698 1135  0  0 100  0
 0  0      0 14644820 615524 7254188    0    0     0     6  795 1209  0  0 100  0
 0  0      0 14644340 615524 7254444    0    0     0   230  635 1093  0  0 99  0
 0  0      0 14642516 615536 7254436    0    0     0  3484 1067 1385  2  0 97  0
 0  0      0 14642668 615608 7254880    0    0     0 29338  651  978  1  1 98  0
 0  0      0 14646656 615608 7254888    0    0     0   104  592  954  0  0 100  0
 0  0      0 14646804 615608 7254644    0    0     0     0  552  950  0  0 100  0
 1  0      0 14646432 615608 7254896    0    0     0   226  669 1122  0  0 100  0
 0  0      0 14646660 615608 7254716    0    0     0    10  709 1132  0  0 100  0
 0  0      0 14644188 615608 7254716    0    0     0   216  555  965  0  0 100  0
 0  0      0 14649516 615608 7254968    0    0     0    12  554  965  0  0 100  0
 0  0      0 14649700 615608 7254720    0    0     0     0  534  938  0  0 100  0
 0  0      0 14649232 615608 7254976    0    0     0   210  596 1020  0  0 100  0
 0  0      0 14649096 615608 7254728    0    0     0     0  604 1019  0  0 100  0
 0  0      0 14646072 615612 7254732    0    0     0   232  647 1059  0  0 99  0
 0  0      0 14649264 615612 7254740    0    0     0     0  720 1176  0  0 100  0
 0  0      0 14649340 615612 7254780    0    0     0     0  916 1251  0  0 100  0
 0  0      0 14648812 615616 7255040    0    0     0   238  591 1045  0  0 99  0
 0  0      0 14647452 615616 7254788    0    0     0   288  681 1105  0  0 100  0
procs -----------memory---------- ---swap-- -----io---- -system-- ----cpu----
 r  b   swpd   free   buff  cache   si   so    bi    bo   in   cs us sy id wa
 1  0      0 14644076 615616 7254864    0    0     0   220  595 1020  0  0 99  0
 0  0      0 14647120 615616 7254868    0    0     0     0  635  985  0  0 100  0
 0  0      0 14647200 615616 7254868    0    0     0    18  565  961  0  0 100  0
 0  0      0 14647628 615620 7255116    0    0     0   198  552  979  0  0 100  0
 0  0      0 14647032 615620 7254868    0    0     0     0  671 1085  0  0 100  0
 0  0      0 14644192 615620 7254872    0    0     0    36  629 1086  0  0 100  0
 0  0      0 14647072 615620 7254876    0    0     0     0  556  969  0  0 100  0
 0  0      0 14647184 615620 7254880    0    0     0     0  535  938  0  0 100  0
 0  0      0 14647484 615624 7255128    0    0     0   224  561  971  0  0 100  0
 0  0      0 14647612 615624 7254888    0    0     0     0  572  984  0  0 100  0
 0  0      0 14643320 615624 7254888    0    0     0    28  663 1098  1  0 99  0
 0  0      0 14646648 615624 7254896    0    0     0     0  655 1095  0  0 100  0
 0  0      0 14646616 615624 7254896    0    0     0     6  636 1077  0  0 100  0
 0  0      0 14646792 615624 7255148    0    0     0    30  533  976  0  0 100  0
 0  0      0 14644420 615628 7254892    0    0     0  3486  806 1138  2  0 98  0
 0  0      0 14641616 615680 7255060    0    0     0 29206 1094 1316  2  1 97  0
 0  0      0 14645640 615684 7255056    0    0     0   134  601  989  0  0 100  0
 0  0      0 14647284 615684 7255356    0    0     0     0 1081 1481  1  0 99  0
 0  0      0 14648308 615684 7255724    0    0     0   264  556  976  0  0 100  0
 0  0      0 14648288 615692 7255464    0    0     0   108  694 1033  0  0 100  0
 0  0      0 14642780 615692 7255472    0    0     0   220  678 1117  0  0 99  0
procs -----------memory---------- ---swap-- -----io---- -system-- ----cpu----
 r  b   swpd   free   buff  cache   si   so    bi    bo   in   cs us sy id wa
 1  0      0 14645164 615692 7255484    0    0     0     0  648 1084  0  0 100  0
 0  0      0 14645140 615700 7255492    0    0     0     6  576  976  0  0 100  0
 0  0      0 14645396 615700 7255752    0    0     0    32  598 1010  0  0 100  0
 0  0      0 14645732 615700 7255504    0    0     0     0  489  854  0  0 100  0
 0  0      0 14642728 615700 7255504    0    0     0   238  689 1113  1  0 99  0
 0  0      0 14644832 615700 7255516    0    0     0     0  745 1244  0  0 100  0
 0  0      0 14644528 615700 7255528    0    0     0     0  750 1198  0  0 100  0
 0  0      0 14645548 615712 7255844    0    0     0   246  567  963  0  0 100  0
 0  0      0 14645620 615712 7255668    0    0     0   310  593  963  0  0 100  0
 0  0      0 14641332 615712 7255672    0    0     0   224  595 1038  0  0 99  0
 0  0      0 14643080 615712 7255420    0    0     0     0  582  984  0  0 100  0
 0  0      0 14642996 615716 7255672    0    0     0    32  578  969  0  0 100  0
 0  0      0 14643844 615716 7255924    0    0     0   212  559  982  0  0 100  0
 0  0      0 14643708 615716 7255752    0    0     0     0 1013 1323  0  0 100  0
 0  0      0 14639556 615720 7255920    0    0     0   220  578  982  0  0 100  0
 0  0      0 14642528 615720 7255924    0    0     0     0  625 1066  0  0 100  0
 0  0      0 14642916 615720 7255928    0    0     0   168  612 1049  0  0 100  0
 0  0      0 14643488 615720 7256188    0    0     0   214  652 1025  0  0 100  0
 0  0      0 14643564 615720 7255936    0    0     0     0  502  883  0  0 100  0
 0  0      0 14639940 615724 7255936    0    0     0    50  576  979  0  0 99  0
 0  0      0 14642864 615724 7255940    0    0     0     0  746 1219  0  0 99  0
procs -----------memory---------- ---swap-- -----io---- -system-- ----cpu----
 r  b   swpd   free   buff  cache   si   so    bi    bo   in   cs us sy id wa
 1  0      0 14642708 615724 7255940    0    0     0     0  707 1147  0  0 100  0
 0  0      0 14643132 615724 7256204    0    0     0   232  571 1015  0  0 100  0
 1  0      0 14639336 615724 7256392    0    0     0     0  927 1255  3  0 96  0
 0  0      0 14636564 615736 7256376    0    0     0 29636  945  997  7  1 92  0
 0  0      0 14639528 615736 7256384    0    0     0     0  620 1053  0  0 100  0
 1  0      0 14635036 615872 7259460    0    0     0 118014 1670 1378  9  2 86  2
 0  0      0 14632556 615964 7261060    0    0     0 56326 1095 1102  5  1 94  0
 0  0      0 14631132 616020 7263192    0    0     0 61644 1170 1023  6  1 93  0
 0  0      0 14629240 616020 7263524    0    0     0   244  628 1071  0  0 100  0
 0  0      0 14628640 616040 7268048    0    0     0 97976 1543 1318  4  2 94  1
 0  0      0 14628832 616044 7268144    0    0     0   160  604 1051  0  0 100  0
 0  0      0 14629060 616044 7268400    0    0     0   238  836 1155  0  0 99  0
 0  0      0 14629636 616044 7268152    0    0     0     0  492  865  0  0 100  0
 0  0      0 14626596 616044 7268152    0    0     0   702  632  991  0  0 100  0
 2  0      0 14628908 616044 7268408    0    0     0     0  699 1177  0  0 100  0
 0  0      0 14630516 616044 7268168    0    0     0     0  850 1292  0  0 100  0
 0  0      0 14633504 616044 7268172    0    0     0   370  656 1135  0  0 99  0
 0  0      0 14634404 616044 7268176    0    0     0     0  582  991  0  0 100  0
 0  0      0 14630548 616044 7268428    0    0     0    48  506  921  0  0 100  0
 0  0      0 14633948 616044 7268428    0    0     0     0  566  954  0  0 100  0
 0  0      0 14634268 616048 7268176    0    0     0     6  627 1058  0  0 100  0
procs -----------memory---------- ---swap-- -----io---- -system-- ----cpu----
 r  b   swpd   free   buff  cache   si   so    bi    bo   in   cs us sy id wa
 1  0      0 14634064 616052 7268176    0    0     0   350  602 1052  0  0 99  0
 0  0      0 14634620 616052 7268184    0    0     0     0  542  910  0  0 100  0
 0  0      0 14631580 616056 7268180    0    0     0    40  618 1067  0  0 100  0
 0  0      0 14634568 616056 7268436    0    0     0     0  564  973  0  0 100  0
 0  0      0 14633664 616064 7268192    0    0     0     6  681 1146  0  0 99  0
 0  0      0 14634420 616064 7268196    0    0     0   360  621 1072  0  0 99  0
 0  0      0 14634460 616064 7268204    0    0     0     0  495  856  0  0 100  0
 0  0      0 14631188 616072 7268208    0    0     0   254  598  986  1  0 99  0
 0  0      0 14634512 616072 7268208    0    0     0     0  779 1226  0  0 100  0
 0  0      0 14634616 616072 7268212    0    0     0     0  957 1306  0  0 100  0
 0  0      0 14633444 616072 7268464    0    0     0   244  639 1109  0  0 99  0
 0  0      0 14633828 616072 7268220    0    0     0     0  837 1180  2  0 98  0
 0  0      0 14630916 616132 7268472    0    0     0 29372  704  949  1  1 98  0
 0  0      0 14634212 616132 7268368    0    0     0   214  664  977  0  0 99  1
 0  0      0 14633872 616144 7268368    0    0     0    78  570  974  0  0 100  0
 0  0      0 14633768 616144 7268368    0    0     0    42  606 1074  0  0 99  0
 0  0      0 14632464 616144 7268372    0    0     0     0  612 1000  0  0 100  0
 0  0      0 14631604 616144 7268372    0    0     0    30  608 1053  0  0 100  0
 0  0      0 14634536 616144 7268372    0    0     0   330  594  990  0  0 100  0
 0  0      0 14634472 616152 7268380    0    0     0    14  541  949  0  0 100  0
 0  0      0 14633968 616152 7268388    0    0     0    32  642 1108  0  0 99  0
procs -----------memory---------- ---swap-- -----io---- -system-- ----cpu----
 r  b   swpd   free   buff  cache   si   so    bi    bo   in   cs us sy id wa
 1  0      0 14634080 616152 7268392    0    0     0     0  590 1000  0  0 100  0
 0  0      0 14630892 616156 7268636    0    0     0    58  553  959  0  0 100  0
 0  0      0 14633004 616156 7268392    0    0     0   326  737 1172  0  0 100  0
 0  0      0 14632492 616156 7268400    0    0     0     0  609 1041  0  0 100  0
 0  0      0 14631552 616160 7268660    0    0     0   248  677 1142  0  0 99  0
 0  0      0 14631140 616160 7268408    0    0     0     0  639 1052  0  0 100  0
 0  0      0 14628584 616164 7268408    0    0     0    52  764 1070  0  0 99  0
 0  0      0 14632392 616164 7268412    0    0     0     0  541  932  0  0 100  0
 0  0      0 14632500 616164 7268412    0    0     0    86  552  934  0  0 100  0
 0  0      0 14632608 616164 7268412    0    0     0   356  593 1003  1  0 99  0
 0  0      0 14632400 616164 7268416    0    0     0     0  813 1198  0  0 100  0
 0  0      0 14626596 616164 7268668    0    0     0    42  621 1073  0  0 100  0
 1  0      0 14630172 616168 7268416    0    0     0   212  581  980  0  0 100  0
 0  0      0 14630296 616168 7268420    0    0     0     0  526  934  0  0 100  0
 0  0      0 14630644 616168 7268676    0    0     0   232  588  974  0  0 100  0
 0  0      0 14629496 616168 7268580    0    0     0     0  845 1244  1  0 99  0
 0  0      0 14626672 616168 7268836    0    0     0   252  652 1050  0  0 99  0
 0  0      0 14629936 616168 7268836    0    0     0     0  683 1112  0  0 100  0
 0  0      0 14630212 616168 7268836    0    0     0    32  617 1031  0  0 100  0
 0  0      0 14629676 616168 7269088    0    0     0   356  577 1020  0  0 100  0
 0  0      0 14627604 616168 7268844    0    0     0   364  926 1290  2  0 98  0
procs -----------memory---------- ---swap-- -----io---- -system-- ----cpu----
 r  b   swpd   free   buff  cache   si   so    bi    bo   in   cs us sy id wa
 1  0      0 14625196 616172 7269276    0    0     0 29538  716 1065  1  1 98  0
 0  0      0 14631148 616172 7269036    0    0     0   210  578  951  0  0 100  0
 0  0      0 14631036 616172 7269040    0    0     0     0  523  921  0  0 100  0
 0  0      0 14631620 616176 7269288    0    0     0   240  562  964  0  0 99  0
 0  0      0 14632268 616176 7269048    0    0     0     0  912 1229  0  0 100  0
 0  0      0 14627836 616176 7269048    0    0     0    38  702 1181  0  0 99  0
 0  1      0 14631396 616180 7268796    0    0     0   210  592  983  0  0 100  0
 0  0      0 14631584 616180 7269064    0    0     0     0  545  945  0  0 100  0
 0  0      0 14630724 616180 7268812    0    0     0    34  666 1052  0  0 100  0
 0  0      0 14631100 616180 7269068    0    0     0     0  518  899  0  0 100  0
 0  0      0 14627560 616184 7269068    0    0     0    58  678 1137  0  0 99  0
 0  0      0 14631076 616184 7269072    0    0     0   328  806 1219  0  0 100  0
 0  0      0 14631216 616184 7269080    0    0     0     0  654 1070  0  0 100  0
 0  0      0 14632348 616184 7269332    0    0     0   358  609 1024  0  0 99  0
 0  0      0 14631484 616184 7269084    0    0     0     0  629 1054  0  0 100  0
 0  0      0 14628580 616184 7269088    0    0     0    54  624 1071  0  0 99  0
 0  0      0 14631220 616184 7269348    0    0     0     0  613 1030  0  0 100  0
 0  0      0 14631236 616184 7269096    0    0     0    26  561  956  0  0 100  0
 0  0      0 14631128 616184 7269352    0    0     0   360  607  974  0  0 100  0
 0  0      0 14631328 616184 7269100    0    0     0     0  572  940  0  0 100  0
 0  0      0 14628692 616192 7269352    0    0     0    54  691 1177  0  0 100  0
procs -----------memory---------- ---swap-- -----io---- -system-- ----cpu----
 r  b   swpd   free   buff  cache   si   so    bi    bo   in   cs us sy id wa
 1  0      0 14630888 616192 7269360    0    0     0   202  632 1063  0  0 100  0
 0  0      0 14631148 616192 7269108    0    0     0     0  537  945  0  0 100  0
 0  0      0 14631512 616192 7269368    0    0     0   222  816 1121  0  0 99  0
 0  0      0 14632000 616192 7269120    0    0     0     0  497  878  0  0 100  0
 0  0      0 14628240 616200 7269112    0    0     0    52  644 1081  0  0 99  0
 0  0      0 14631452 616200 7269128    0    0     0   192  872 1284  0  0 99  0
 0  0      0 14631112 616200 7269140    0    0     0     0  758 1136  0  0 100  0
 0  0      0 14630964 616204 7269408    0    0     0   268 1041 1935  1  0 99  0
 0  0      0 14629156 616204 7269392    0    0     0     0  833 1201  2  0 98  0
 0  0      0 14629256 616216 7270288    0    0     0 29554  735 1011  2  1 98  0
 0  0      0 14633140 616220 7269660    0    0     0   426  716 1118  0  0 100  0
 0  0      0 14633120 616220 7269664    0    0     0     0  575  990  0  0 100  0
 0  0      0 14632664 616220 7269916    0    0     0    52  521  936  0  0 100  0
 0  0      0 14632932 616220 7269668    0    0     0     0  553  935  0  0 100  0
 2  0      0 14630412 616224 7269920    0    0     0    50  596 1024  0  0 100  0
 0  0      0 14632808 616224 7269672    0    0     0   334  692 1133  0  0 96  4
 1  0      0 14632088 616224 7269672    0    0     0     0  632 1038  0  0 100  0
 0  0      0 14632508 616232 7269664    0    0     0    64  563  979  0  0 100  0
 0  0      0 14633628 616232 7269676    0    0     0     0  606  940  0  0 100  0
 5  0      0 14631864 616232 7269692    0    0     0    32  555  942  0  0 100  0
 0  0      0 14630880 616232 7269700    0    0     0   324  988 1450  0  0 99  0
procs -----------memory---------- ---swap-- -----io---- -system-- ----cpu----
 r  b   swpd   free   buff  cache   si   so    bi    bo   in   cs us sy id wa
 1  0      0 14630144 616240 7269704    0    0     0    12  812 1220  0  0 100  0
 0  0      0 14627872 616244 7269960    0    0     0   418  571  979  0  0 100  0
 0  0      0 14631468 616244 7269720    0    0     0     0  594 1008  0  0 100  0
 5  0      0 14632392 616244 7269720    0    0     0   176  486  868  0  0 100  0
 0  0      0 14632168 616244 7269720    0    0     0     0  773 1178  0  0 99  0
 0  0      0 14632408 616244 7269720    0    0     0     0  606 1051  0  0 100  0
 0  0      0 14628864 616248 7269976    0    0     0   372  511  899  0  0 98  1
 0  0      0 14633136 616248 7269728    0    0     0     0  627  983  0  0 100  0
 0  0      0 14632924 616248 7269732    0    0     0     0  615  973  0  0 100  0
 0  0      0 14633072 616252 7269732    0    0     0   220  687 1140  0  0 100  0
 0  0      0 14632692 616256 7269736    0    0     0    10  617 1052  0  0 100  0
 0  0      0 14626460 616256 7270004    0    0     0   226  870 1202  1  0 99  0
 0  0      0 14630940 616256 7270140    0    0     0     0  569  945  0  0 100  0
 0  0      0 14630908 616256 7270140    0    0     0    18  538  901  0  0 100  0
 0  0      0 14630296 616264 7270144    0    0     0   258  735 1160  0  0 99  0
 0  0      0 14630336 616264 7270148    0    0     0     0  632 1068  0  0 100  0
 0  0      0 14627052 616268 7270400    0    0     0   234  684 1175  0  0 99  0
 0  0      0 14629408 616272 7270160    0    0     0     8  842 1221  2  0 98  0
 0  0      0 14629288 616340 7270328    0    0     0 29576  824 1011  2  0 98  0
 0  0      0 14629760 616348 7270328    0    0     0   120  602 1011  0  0 100  0
 0  0      0 14629808 616348 7270336    0    0     0     0  726 1127  0  0 99  0
procs -----------memory---------- ---swap-- -----io---- -system-- ----cpu----
 r  b   swpd   free   buff  cache   si   so    bi    bo   in   cs us sy id wa
 1  0      0 14625472 616348 7270868    0    0     0    32  768 1157  1  0 99  0
 0  0      0 14628916 616348 7270628    0    0     0   224  716 1031  0  0 100  0
 0  0      0 14628980 616348 7270628    0    0     0   100  564  943  0  0 100  0
 0  0      0 14629080 616352 7270880    0    0     0    42  650 1107  0  0 100  0
 0  0      0 14628576 616352 7270628    0    0     0     0  617 1067  0  0 100  0
 1  0      0 14624652 616360 7270884    0    0     0    30  610 1029  0  0 99  0
 0  0      0 14629172 616360 7270632    0    0     0     0  519  909  0  0 100  0
 0  0      0 14629132 616364 7270632    0    0     0   356  512  887  0  0 100  0
 0  0      0 14628872 616368 7270896    0    0     0    28  717 1196  0  0 99  0
 0  0      0 14628552 616368 7270656    0    0     0     0  659 1028  0  0 100  0
 0  0      0 14624968 616372 7270660    0    0     0    52  718 1215  0  0 99  0
 0  0      0 14626528 616372 7270664    0    0     0   206  683 1135  0  0 100  0
 0  0      0 14626768 616376 7270660    0    0     0    16  486  890  0  0 100  0
 0  0      0 14626944 616376 7270916    0    0     0   230  593  999  0  0 100  0
 0  0      0 14627348 616376 7270664    0    0     0     0  554  950  0  0 100  0
 0  0      0 14623448 616388 7270668    0    0     0    54  575 1025  0  0 99  0
 0  0      0 14626776 616388 7270668    0    0     0   170  917 1223  0  0 100  0
 0  0      0 14626692 616388 7270668    0    0     0     0  564  950  0  0 100  0
 0  0      0 14627428 616392 7270668    0    0     0   226  660 1060  0  0 100  0
 0  0      0 14627536 616392 7270676    0    0     0     0  675 1024  0  0 100  0
 1  0      0 14623496 616392 7270932    0    0     0    32  762 1145  1  0 99  0
procs -----------memory---------- ---swap-- -----io---- -system-- ----cpu----
 r  b   swpd   free   buff  cache   si   so    bi    bo   in   cs us sy id wa
 1  0      0 14626992 616392 7270688    0    0     0   178  609 1030  0  0 100  0
 1  0      0 14626820 616396 7270688    0    0     0    38  551  911  0  0 100  0
 0  0      0 14626316 616396 7270948    0    0     0   228  750 1184  0  0 99  0
 0  0      0 14626724 616396 7270952    0    0     0     0  589  967  0  0 100  0
 0  0      0 14623024 616396 7270952    0    0     0    42  677 1202  0  0 99  0
 0  0      0 14623832 616396 7270704    0    0     0   552  899 1303  2  0 98  0
 0  0      0 14625340 616456 7271168    0    0     0 29670  569  870  1  1 98  0
 0  0      0 14626888 616456 7271160    0    0     0   244  584  993  0  0 100  0
 0  0      0 14626840 616460 7270908    0    0     0    86  622  981  0  0 100  0
 0  0      0 14622756 616460 7271164    0    0     0    40  583  989  0  0 99  0
 0  0      0 14625812 616460 7270916    0    0     0   178  678 1109  0  0 100  0
 0  0      0 14626044 616464 7270916    0    0     0    14  565  989  0  0 100  0
 0  0      0 14626400 616464 7270916    0    0     0   216  653 1103  0  0 100  0
 0  0      0 14626480 616464 7270916    0    0     0     0  541  934  0  0 100  0
 0  0      0 14623996 616472 7270956    0    0     0    56  812 1114  0  0 100  0
 0  0      0 14627052 616472 7270932    0    0     0     0  604 1023  0  0 100  0
 0  0      0 14626632 616472 7270936    0    0     0     0  649 1023  0  0 100  0
 0  0      0 14626784 616476 7270940    0    0     0   250  734 1210  0  0 100  0
 0  0      0 14628108 616476 7270948    0    0     0     0  671 1045  0  0 100  0
 0  0      0 14625840 616480 7271200    0    0     0   148  650 1115  0  0 100  0
 0  0      0 14627920 616480 7270956    0    0     0   184  695 1137  0  0 100  0
procs -----------memory---------- ---swap-- -----io---- -system-- ----cpu----
 r  b   swpd   free   buff  cache   si   so    bi    bo   in   cs us sy id wa
 1  0      0 14628132 616480 7270956    0    0     0    24  517  934  0  0 100  0
 0  0      0 14629120 616480 7270960    0    0     0   226  608 1008  0  0 100  0
 0  0      0 14629168 616480 7270964    0    0     0     0  602  988  0  0 100  0
 0  0      0 14624972 616480 7271216    0    0     0    38  512  922  0  0 100  0
 0  0      0 14630412 616480 7270964    0    0     0   194  662 1076  0  0 100  0
 0  0      0 14630632 616480 7270964    0    0     0     0  621 1062  0  0 100  0
 0  0      0 14631528 616480 7271216    0    0     0   216  633 1065  0  0 100  0
 0  0      0 14631356 616480 7270964    0    0     0     0  573  997  0  0 100  0
 0  0      0 14627432 616480 7270972    0    0     0    34  519  918  0  0 100  0
 0  0      0 14631288 616480 7270980    0    0     0   176  557  952  0  0 100  0
 0  0      0 14630932 616480 7270980    0    0     0     0  690 1076  0  0 100  0
 0  0      0 14630372 616480 7271240    0    0     0   230 1049 1489  0  0 99  0
 0  0      0 14630628 616480 7270992    0    0     0     8  573  956  0  0 100  0
 0  0      0 14627284 616480 7271244    0    0     0    40  608 1073  0  0 99  0
 0  0      0 14626544 616480 7271004    0    0     0   180  857 1228  2  0 98  0
 0  0      0 14627916 616548 7271368    0    0     0 29714  659 1010  1  1 98  0
 0  0      0 14628192 616548 7271088    0    0     0   422  765 1145  0  0 99  0
 0  0      0 14628288 616548 7271088    0    0     0    70  539  939  0  0 100  0
 0  0      0 14625424 616548 7271096    0    0     0    40  484  894  0  0 100  0
 0  0      0 14628828 616548 7271092    0    0     0   186  612  991  0  0 99  1
 0  0      0 14628324 616548 7271096    0    0     0     0  622 1071  0  0 100  0
procs -----------memory---------- ---swap-- -----io---- -system-- ----cpu----
 r  b   swpd   free   buff  cache   si   so    bi    bo   in   cs us sy id wa
 1  0      0 14628996 616548 7271352    0    0     0    38  764 1227  0  0 99  0
 0  0      0 14629108 616548 7271104    0    0     0     8  547  955  0  0 100  0
 0  0      0 14625372 616548 7271108    0    0     0    32  549  947  0  0 100  0
 0  0      0 14629264 616548 7271112    0    0     0   194  558  953  0  0 100  0
 1  0      0 14628712 616548 7271112    0    0     0     0  525  910  0  0 100  0
 0  0      0 14628860 616548 7271116    0    0     0   238  890 1413  1  0 99  0
 0  0      0 14629072 616548 7271124    0    0     0     0  563  964  0  0 100  0
 0  0      0 14626428 616548 7271384    0    0     0    42  594 1052  0  0 100  0
 0  0      0 14628876 616548 7271444    0    0     0   116 1072 1383  1  0 99  0
 0  0      0 14627928 616548 7271648    0    0     0     0  814 1120  0  0 100  0
 0  0      0 14627544 616548 7271648    0    0     0   248  709 1149  0  0 99  0
 0  0      0 14627320 616548 7271668    0    0     0   232  657 1052  1  0 99  0
 0  0      0 14623752 616548 7271916    0    0     0    42  707  981  0  0 99  0
 0  0      0 14628132 616552 7271676    0    0     0   216  701 1034  0  0 100  0
 0  0      0 14626352 616552 7271680    0    0     0    26  550  951  0  0 100  0
 0  0      0 14624212 616552 7271932    0    0     0   220  733 1199  0  0 99  0
 0  0      0 14624296 616556 7271680    0    0     0    26  609 1039  0  0 100  0
 0  0      0 14621744 616556 7271936    0    0     0    36  562  953  0  0 100  0
 1  0      0 14625016 616556 7271688    0    0     0   180  541  928  0  0 100  0
 0  0      0 14625156 616556 7271688    0    0     0    22  537  900  0  0 100  0
 1  0      0 14624916 616556 7271696    0    0     0   222  806 1299  0  0 99  0
procs -----------memory---------- ---swap-- -----io---- -system-- ----cpu----
 r  b   swpd   free   buff  cache   si   so    bi    bo   in   cs us sy id wa
 1  0      0 14625072 616556 7271696    0    0     0     0  619 1049  0  0 100  0
 0  0      0 14622172 616556 7271944    0    0     0    42  617 1082  0  0 100  0
 0  0      0 14625096 616556 7271696    0    0     0   188  823 1194  2  0 98  0
 0  0      0 14624744 616612 7272088    0    0     0 29786  629  861  1  1 98  0
 1  0      0 14625664 616612 7271596    0    0     0   228  608 1004  0  0 99  0
 0  0      0 14624496 616620 7271852    0    0     0    68  610 1048  0  0 100  0
 0  0      0 14622100 616620 7272112    0    0     0    42  524  946  0  0 99  0
 0  0      0 14625432 616620 7271860    0    0     0   186  850 1127  0  0 100  0
 0  0      0 14625464 616620 7271860    0    0     0     0  524  925  0  0 100  0
 0  0      0 14625652 616620 7272112    0    0     0    46  636 1078  0  0 100  0
 0  0      0 14625136 616620 7271872    0    0     0     0  718 1108  0  0 100  0
 0  0      0 14622204 616620 7271872    0    0     0    32  831 1199  0  0 99  0
 0  0      0 14627392 616628 7272184    0    0     0   210  534  902  0  0 100  0
 0  0      0 14627636 616628 7272192    0    0     0     0  534  903  0  0 100  0
 0  0      0 14627828 616632 7272200    0    0     0   226  723 1188  0  0 99  0
 0  0      0 14627564 616632 7272212    0    0     0   236  716 1127  1  0 99  0
 0  0      0 14624300 616640 7272456    0    0     0    74  640 1106  0  0 99  0
 0  0      0 14627864 616640 7272212    0    0     0   188  661 1072  0  0 100  0
 0  0      0 14627812 616640 7272212    0    0     0     0  454  838  0  0 100  0
 0  0      0 14627452 616640 7272212    0    0     0   212  601  995  0  0 100  0
 0  0      0 14626752 616648 7272300    0    0     0     6  958 1303  0  0 99  0
procs -----------memory---------- ---swap-- -----io---- -system-- ----cpu----
 r  b   swpd   free   buff  cache   si   so    bi    bo   in   cs us sy id wa
 1  0      0 14622836 616648 7272864    0    0     0    32  615 1038  0  0 99  0
 0  0      0 14627464 616648 7272624    0    0     0   180  582  931  0  0 100  0
 0  0      0 14629108 616652 7272624    0    0     0   250  511  893  0  0 100  0
 0  0      0 14630160 616652 7272876    0    0     0   224  698 1158  0  0 100  0
 0  0      0 14629664 616652 7272632    0    0     0     0  593  998  0  0 100  0
 0  0      0 14625544 616652 7272892    0    0     0    34  876 1189  0  0 99  0
 0  0      0 14629196 616656 7272640    0    0     0   194  625 1019  0  0 100  0
 0  0      0 14629244 616656 7272648    0    0     0     0  557  922  0  0 100  0
 0  0      0 14629056 616656 7272656    0    0     0   230  704 1145  0  0 99  0
 0  0      0 14628792 616664 7272656    0    0     0     8  699 1064  0  0 100  0
 0  0      0 14625544 616664 7272900    0    0     0    40  661 1157  0  0 99  0
 0  0      0 14628460 616664 7272668    0    0     0     0  922 1361  1  0 98  0
 0  0      0 14623836 616732 7272772    0    0     0 29834  816 1237  2  1 97  0
 1  1      0 14620440 616740 7272772    0    0     0   120  831 1364  1  1 98  0
 0  0      0 14619460 616740 7272784    0    0     0     2  745 1269  0  0 99  0
 0  0      0 14615636 616744 7273036    0    0     0    42  543  985  0  0 99  0
 0  0      0 14619872 616744 7272784    0    0     0   234  632 1027  0  0 100  0
 0  0      0 14619708 616744 7272784    0    0     0    86  501  880  0  0 100  0
 0  0      0 14620224 616748 7272788    0    0     0   246  699 1173  0  0 100  0
 0  0      0 14620272 616748 7272800    0    0     0    14  623 1000  0  0 100  0
 0  0      0 14616572 616748 7273048    0    0     0    40  719 1127  0  0 99  0
procs -----------memory---------- ---swap-- -----io---- -system-- ----cpu----
 r  b   swpd   free   buff  cache   si   so    bi    bo   in   cs us sy id wa
 1  0      0 14620536 616752 7272800    0    0     0    22  568  997  0  0 100  0
 0  0      0 14620428 616752 7272804    0    0     0     6  536  908  0  0 100  0
 0  0      0 14620120 616752 7272816    0    0     0   230  967 1338  0  0 99  0
 0  0      0 14620032 616752 7272820    0    0     0     0  599  982  0  0 100  0
 0  0      0 14616116 616752 7273072    0    0     0    58  570 1026  0  0 100  0
 0  0      0 14619840 616752 7272828    0    0     0     0  711 1176  0  0 100  0
 0  0      0 14619456 616752 7272828    0    0     0    28  518  938  0  0 100  0
 0  0      0 14619068 616752 7272576    0    0     0    30  712 1116  0  0 99  0
 0  0      0 14619132 616752 7272828    0    0     0     0  556  944  0  0 100  0
 0  0      0 14616664 616756 7272832    0    0     0    34  684 1029  0  0 100  0
 0  0      0 14619456 616756 7272840    0    0     0   200  692 1102  0  0 100  0
 0  0      0 14619300 616760 7272836    0    0     0    24  563  980  0  0 100  0
 0  0      0 14619692 616760 7272844    0    0     0   244  698 1158  0  0 100  0
 0  0      0 14619944 616760 7272848    0    0     0     0  540  949  0  0 100  0
 0  0      0 14616636 616760 7272848    0    0     0    50  526  932  0  0 100  0
 0  0      0 14620008 616760 7273104    0    0     0   174  613 1029  0  0 100  0
 0  0      0 14619848 616760 7272852    0    0     0     0  601 1002  0  0 100  0
 0  0      0 14619344 616764 7273112    0    0     0   228  771 1177  0  0 99  0
 0  0      0 14619648 616764 7272860    0    0     0     0  559  959  0  0 100  0
 1  0      0 14616696 616768 7272860    0    0     0    52  565 1025  0  0 100  0
 0  0      0 14615064 616768 7273140    0    0     0  3664  989 1411  2  0 98  0
procs -----------memory---------- ---swap-- -----io---- -system-- ----cpu----
 r  b   swpd   free   buff  cache   si   so    bi    bo   in   cs us sy id wa
 1  0      0 14616728 616844 7273068    0    0     0 30018  957 1145  1  1 98  0
 0  0      0 14618260 616844 7273324    0    0     0   394  583  971  0  0 100  0
 0  0      0 14618132 616844 7273076    0    0     0     0  521  912  0  0 100  0
 0  0      0 14613928 616844 7273328    0    0     0    44  521  926  0  0 99  0
 0  0      0 14617372 616844 7273084    0    0     0   180  739 1058  0  0 100  0
 0  0      0 14614788 616844 7273084    0    0     0     0  552  974  0  0 100  0
 0  0      0 14614580 616852 7273080    0    0     0    46  722 1225  0  0 99  0
 0  0      0 14614340 616852 7273092    0    0     0   180  567  964  0  0 100  0
 0  0      0 14612308 616856 7273092    0    0     0    38  559  962  0  0 100  0
 0  0      0 14615144 616856 7273092    0    0     0   180  509  883  0  0 100  0
 0  0      0 14614484 616856 7273096    0    0     0     0  599 1025  0  0 100  0
 0  0      0 14615128 616860 7273360    0    0     0    50  744 1256  0  0 99  0
 0  0      0 14614968 616860 7273124    0    0     0   184  607  996  0  0 100  0
 0  0      0 14611408 616864 7273124    0    0     0   134  566 1002  0  0 100  0
 0  0      0 14615492 616864 7273128    0    0     0   184  745 1129  0  0 100  0
 0  0      0 14614476 616868 7273124    0    0     0    14  538  964  0  0 100  0
 0  0      0 14614972 616872 7273128    0    0     0    40  632 1088  0  0 99  0
 0  0      0 14614632 616872 7273128    0    0     0     0  555  947  0  0 100  0
 0  0      0 14611856 616880 7273140    0    0     0    46  510  913  0  0 100  0
 0  0      0 14615944 616880 7273140    0    0     0   188  836 1090  0  0 100  0
 0  0      0 14615000 616880 7273140    0    0     0     6  577 1007  0  0 100  0
procs -----------memory---------- ---swap-- -----io---- -system-- ----cpu----
 r  b   swpd   free   buff  cache   si   so    bi    bo   in   cs us sy id wa
 1  0      0 14615488 616884 7273136    0    0     0    54  743 1270  0  0 99  0
 0  0      0 14614656 616884 7273144    0    0     0     0  596 1023  0  0 100  0
 0  0      0 14611096 616884 7273400    0    0     0    32  656 1027  0  0 100  0
 0  0      0 14615204 616884 7273148    0    0     0   192  537  917  0  0 100  0
 0  0      0 14614808 616884 7273156    0    0     0     4  541  944  0  0 100  0
 0  0      0 14614152 616888 7273156    0    0     0    52  871 1328  0  0 99  0
 0  0      0 14614656 616888 7273160    0    0     0   186  653 1049  0  0 100  0
 0  0      0 14612088 616888 7273164    0    0     0    42  571 1028  0  0 100  0
 1  0      0 14612912 616900 7273152    0    0     0  3680 1053 1284  5  1 94  0
 0  0      0 14613216 616976 7273552    0    0     0 30092  729  886  5  1 94  0
 1  0      0 14601640 616976 7284668    0    0     0    46  681 1133  1  0 99  0
 1  0      0 14608024 617204 7276584    0    0     0 119648 1450 1280 10  3 86  1
 0  0      0 14602768 617212 7278644    0    0     0 57116 1105 1193  3  1 95  0
 0  0      0 14602888 617348 7281288    0    0     0 63050 1057 1018  2  1 96  0
 0  0      0 14603088 617348 7281152    0    0     0     2  486  875  0  0 100  0
 0  0      0 14600784 617548 7284844    0    0     0 99872 1506 1454  4  2 93  0
 0  0      0 14600868 617552 7284880    0    0     0   356  632 1054  0  0 100  0
 0  0      0 14598224 617552 7285140    0    0     0    54  836 1151  0  0 100  0
 0  0      0 14602156 617552 7284888    0    0     0   200  522  889  0  0 100  0
 0  0      0 14602220 617552 7284888    0    0     0     6  534  915  0  0 100  0
 0  0      0 14601204 617552 7285064    0    0     0    42 1035 1464  1  0 99  0
procs -----------memory---------- ---swap-- -----io---- -system-- ----cpu----
 r  b   swpd   free   buff  cache   si   so    bi    bo   in   cs us sy id wa
 1  0      0 14600764 617552 7285304    0    0     0   182  943 1338  1  0 99  0
 0  0      0 14597204 617560 7285556    0    0     0    62  598 1040  0  0 100  0
 0  0      0 14603868 617560 7285312    0    0     0   194  665 1075  0  0 100  0
 1  0      0 14605496 617560 7285312    0    0     0     0  453  836  0  0 100  0
 0  0      0 14605624 617564 7285572    0    0     0    48  690 1108  1  0 99  0
 0  0      0 14605560 617564 7285324    0    0     0     0  733 1144  0  0 100  0
 0  0      0 14602152 617568 7285320    0    0     0   524  576  976  0  0 99  0
 0  0      0 14605932 617576 7285320    0    0     0   202  565  922  0  0 100  0
 0  0      0 14605900 617576 7285328    0    0     0     0  492  867  0  0 100  0
 0  0      0 14605576 617576 7285328    0    0     0    36  688 1185  0  0 100  0
 0  0      0 14604976 617576 7285332    0    0     0   174  706 1156  0  0 100  0
 0  0      0 14601660 617576 7285332    0    0     0    34  572 1007  0  0 99  0
 0  0      0 14606372 617576 7285340    0    0     0   180  606  936  0  0 100  0
 0  0      0 14606360 617580 7285344    0    0     0   238  561  930  0  0 100  0
 0  0      0 14604972 617580 7285352    0    0     0    44  981 1358  1  0 99  0
 0  0      0 14605260 617580 7285356    0    0     0   188  679 1096  0  0 100  0
 0  0      0 14601104 617588 7285352    0    0     0    62  630 1113  0  0 99  0
 0  0      0 14603972 617592 7285356    0    0     0   378  871 1256  1  0 98  0
 0  0      0 14605480 617648 7285544    0    0     0 30068  625  857  1  1 98  0
 0  0      0 14611072 617660 7285540    0    0     0   132  731 1149  1  0 99  0
 0  0      0 14615276 617660 7285536    0    0     0   202  706 1110  0  0 100  0
procs -----------memory---------- ---swap-- -----io---- -system-- ----cpu----
 r  b   swpd   free   buff  cache   si   so    bi    bo   in   cs us sy id wa
 1  0      0 14611092 617664 7285796    0    0     0    52  557  999  0  0 100  0
 0  0      0 14615852 617668 7285548    0    0     0   216  709 1101  0  0 99  0
 0  0      0 14615956 617668 7285556    0    0     0     0  495  865  0  0 100  0
 0  0      0 14616292 617668 7285808    0    0     0    38  654 1111  0  0 100  0
 0  0      0 14616404 617668 7285560    0    0     0   178  621 1028  0  0 100  0
 0  0      0 14612660 617668 7285560    0    0     0    38  627 1071  0  0 99  0
 0  0      0 14615144 617668 7285568    0    0     0   186  676 1051  0  0 100  0
 0  0      0 14615468 617668 7285568    0    0     0     0  532  901  0  0 100  0
 0  0      0 14615164 617672 7285568    0    0     0    56  703 1178  0  0 99  0
 0  0      0 14614632 617672 7285584    0    0     0   186  579  963  0  0 100  0
 0  0      0 14611424 617676 7285588    0    0     0   150  607 1054  0  0 100  0
 0  0      0 14614428 617676 7285588    0    0     0   196  895 1400  1  0 99  0
 0  0      0 14615552 617680 7285592    0    0     0     8  718 1017  0  0 100  0
 0  0      0 14616256 617680 7285844    0    0     0    44  570  980  0  0 100  0
 0  0      0 14616256 617680 7285592    0    0     0     0  522  915  0  0 100  0
 0  0      0 14611084 617684 7285840    0    0     0    56  688 1113  0  0 99  0
 0  0      0 14614452 617684 7285596    0    0     0   184  743 1113  0  0 100  0
 0  0      0 14613304 617684 7285600    0    0     0     0  496  880  0  0 100  0
 0  0      0 14613156 617688 7285852    0    0     0    50  639 1098  0  0 100  0
 0  0      0 14613444 617688 7285608    0    0     0     0  591 1014  0  0 100  0
 0  0      0 14608492 617692 7285980    0    0     0    30  816 1187  0  0 99  0
procs -----------memory---------- ---swap-- -----io---- -system-- ----cpu----
 r  b   swpd   free   buff  cache   si   so    bi    bo   in   cs us sy id wa
 1  0      0 14612904 617692 7286244    0    0     0   194  893 1151  4  0 96  0
 0  0      0 14610836 617692 7286012    0    0     0     0  618  998  0  0 100  0
 0  0      0 14610280 617696 7286020    0    0     0   312  736 1166  1  0 99  0
 1  0      0 14610328 617696 7286032    0    0     0   190  587  953  0  0 100  0
 0  0      0 14607024 617700 7286296    0    0     0    40  558  971  0  0 100  0
 0  0      0 14608220 617712 7286296    0    0     0  3972 1106 1528  2  1 97  0
 0  0      0 14609196 617748 7286204    0    0     0 30140  660 1001  1  1 98  0
 0  0      0 14610544 617748 7286208    0    0     0    64  560  965  0  0 100  0
 0  0      0 14610452 617756 7286204    0    0     0   290  559  934  0  0 100  0
 0  0      0 14605828 617756 7286464    0    0     0    40  487  878  0  0 100  0
 0  0      0 14609248 617764 7286208    0    0     0   186  956 1261  0  0 100  0
 0  0      0 14608968 617764 7286544    0    0     0     0 1058 1821  0  0 99  0
 0  0      0 14608888 617764 7286796    0    0     0    38  751 1158  0  0 100  0
 0  0      0 14609152 617764 7286544    0    0     0     0  611 1023  0  0 100  0
 0  0      0 14605916 617776 7286552    0    0     0    44  641 1004  0  0 100  0
 0  0      0 14608808 617776 7286552    0    0     0   190  593 1008  0  0 100  0
 0  0      0 14608940 617776 7286552    0    0     0     0  584  988  0  0 100  0
 0  0      0 14608992 617776 7286816    0    0     0   150  707 1172  0  0 99  0
 0  0      0 14609172 617776 7286572    0    0     0   180  611  984  0  0 100  0
 0  0      0 14606076 617780 7286824    0    0     0   230  524  923  0  0 100  0
 0  0      0 14604232 617788 7286568    0    0     0   216 1014 1598  1  0 98  0
procs -----------memory---------- ---swap-- -----io---- -system-- ----cpu----
 r  b   swpd   free   buff  cache   si   so    bi    bo   in   cs us sy id wa
 2  0      0 14604888 617788 7286588    0    0     0     0  594 1023  0  0 100  0
 0  0      0 14599072 617788 7286596    0    0     0    54  913 1505  1  1 98  0
 0  0      0 14600036 617788 7286600    0    0     0   202  579  977  0  0 100  0
 0  0      0 14596272 617792 7286856    0    0     0    54  536  943  0  0 100  0
 0  0      0 14603104 617792 7286616    0    0     0   182  602  966  0  0 100  0
 0  0      0 14603168 617792 7286616    0    0     0    10  591 1013  0  0 100  0
 0  0      0 14603068 617792 7286620    0    0     0    38  729 1232  0  0 99  0
 0  0      0 14603400 617792 7286620    0    0     0   180  633 1066  0  0 100  0
 0  0      0 14600564 617792 7286872    0    0     0    44  860 1243  0  0 99  0
 0  0      0 14603464 617792 7286632    0    0     0   192  589 1040  0  0 100  0
 0  0      0 14603540 617792 7286632    0    0     0     0  621 1037  0  0 100  0
 0  0      0 14602932 617792 7286888    0    0     0    38  816 1294  0  0 99  0
 0  0      0 14603312 617792 7286640    0    0     0   184  657  985  0  0 100  0
 0  0      0 14600456 617796 7286636    0    0     0    40  565 1011  0  0 100  0
 0  0      0 14601980 617808 7286672    0    0     0  3736 1003 1381  2  0 98  0
 0  0      0 14603228 617880 7286788    0    0     0 30524  842 1200  1  1 98  0
 0  0      0 14603748 617880 7286796    0    0     0    68  674 1110  0  0 99  0
 0  0      0 14603784 617888 7286796    0    0     0   290  545  926  0  0 100  0
 0  0      0 14600656 617888 7286796    0    0     0    42  484  886  0  0 100  0
 0  0      0 14603552 617888 7286800    0    0     0     2  586  976  0  0 100  0
 0  0      0 14603316 617888 7286800    0    0     0     0  565  918  0  0 100  0
procs -----------memory---------- ---swap-- -----io---- -system-- ----cpu----
 r  b   swpd   free   buff  cache   si   so    bi    bo   in   cs us sy id wa
 1  0      0 14603676 617892 7287048    0    0     0    46  754 1270  0  0 99  0
 0  0      0 14603392 617892 7286812    0    0     0   194  641 1085  0  0 100  0
 0  0      0 14600484 617892 7287064    0    0     0    48  545  962  0  0 100  0
 0  0      0 14604524 617896 7287064    0    0     0   196  523  900  0  0 100  0
 0  0      0 14604384 617896 7286820    0    0     0     0  528  907  0  0 100  0
 1  0      0 14603712 617896 7286832    0    0     0    40 1050 1465  1  0 99  0
 0  0      0 14603256 617900 7286832    0    0     0   206  668 1060  0  0 100  0
 0  0      0 14600588 617900 7286840    0    0     0    42  525  938  0  0 100  0
 0  0      0 14604480 617900 7286840    0    0     0   112  716 1156  0  0 100  0
 0  0      0 14604356 617900 7286848    0    0     0     0  517  862  0  0 100  0
 0  0      0 14603440 617908 7286844    0    0     0    48  771 1194  0  0 99  0
 0  0      0 14603288 617908 7286848    0    0     0   190  586  996  0  0 100  0
 1  0      0 14600760 617908 7286852    0    0     0    36  534  939  0  0 100  0
 1  0      0 14604924 617908 7286856    0    0     0     0  578  951  0  0 100  0
 0  0      0 14604860 617908 7286856    0    0     0     0  479  865  0  0 100  0
 0  0      0 14603008 617912 7287108    0    0     0    36  724 1227  0  0 99  0
 0  0      0 14602960 617912 7286856    0    0     0   186  667 1112  0  0 100  0
 0  0      0 14601348 617916 7287116    0    0     0    40  597  980  1  0 99  0
 0  0      0 14605616 617916 7286912    0    0     0     0  507  904  0  0 100  0
 0  0      0 14605352 617924 7286952    0    0     0    10  623  966  0  0 99  0
 0  0      0 14604336 617928 7287212    0    0     0    30  687 1159  0  0 99  0
procs -----------memory---------- ---swap-- -----io---- -system-- ----cpu----
 r  b   swpd   free   buff  cache   si   so    bi    bo   in   cs us sy id wa
 1  0      0 14603612 617928 7286964    0    0     0   190  642 1056  0  0 100  0
 0  0      0 14601240 617928 7286976    0    0     0    40  564 1018  0  0 100  0
 0  0      0 14604616 617928 7286968    0    0     0   188  935 1348  2  0 98  0
 0  0      0 14604304 618004 7287148    0    0     0 30696  838 1020  1  1 98  0
 0  0      0 14604880 618004 7286912    0    0     0    60  570  988  0  0 100  0
 0  0      0 14607956 618004 7287160    0    0     0   196  644 1074  0  0 100  0
 0  0      0 14605156 618004 7287412    0    0     0    44  611 1046  0  0 99  0
 0  0      0 14609180 618012 7287160    0    0     0    92  721 1056  0  0 100  0
 0  0      0 14607080 618012 7287176    0    0     0     0  538  894  0  0 100  0
 0  0      0 14606216 618012 7287176    0    0     0    30  654 1120  0  0 100  0
 0  0      0 14605840 618020 7287172    0    0     0   208  693 1163  0  0 100  0
 0  0      0 14603668 618020 7287180    0    0     0    44  628 1057  0  0 99  0
 0  0      0 14606552 618020 7287184    0    0     0    54  524  919  0  0 100  0
 0  0      0 14606560 618020 7287184    0    0     0     0  518  895  0  0 100  0
 0  0      0 14603992 618024 7287760    0    0     0    50  831 1299  0  0 99  0
 0  0      0 14604336 618024 7287524    0    0     0     0  654 1072  0  0 100  0
 0  0      0 14600084 618024 7287780    0    0     0    30  584 1050  0  0 99  0
 0  0      0 14603604 618024 7287532    0    0     0   180  668 1111  0  0 100  0
 0  0      0 14603716 618028 7287532    0    0     0    34  520  922  0  0 100  0
 0  0      0 14604244 618028 7287532    0    0     0    28  656 1066  0  0 99  0
 0  0      0 14604176 618028 7287532    0    0     0   206  584  987  0  0 100  0
procs -----------memory---------- ---swap-- -----io---- -system-- ----cpu----
 r  b   swpd   free   buff  cache   si   so    bi    bo   in   cs us sy id wa
 1  0      0 14601112 618036 7287776    0    0     0    56  597 1043  0  0 99  0
 0  0      0 14604548 618036 7287540    0    0     0   192  873 1168  0  0 100  0
 0  0      0 14604456 618036 7287544    0    0     0     0  468  842  0  0 100  0
 1  0      0 14603392 618040 7287796    0    0     0    44  606 1055  0  0 100  0
 0  0      0 14603628 618040 7287548    0    0     0   180  690 1130  0  0 100  0
 0  0      0 14600284 618040 7287552    0    0     0    42  725 1128  0  0 99  0
 0  0      0 14604268 618040 7287724    0    0     0   186 1168 1705  1  0 99  0
 0  0      0 14603852 618040 7287960    0    0     0   240  535  897  0  0 100  0
 0  0      0 14604428 618040 7287972    0    0     0    44  730 1167  0  0 99  0
 0  0      0 14604540 618040 7287972    0    0     0    22  576  953  0  0 100  0
 0  0      0 14601832 618040 7287976    0    0     0    32  606 1073  0  0 99  0
 0  0      0 14603888 618044 7288488    0    0     0   390  975 1421  2  1 98  0
 0  0      0 14604524 618112 7288396    0    0     0 30852  653  953  1  1 98  0
 0  0      0 14606532 618112 7288128    0    0     0    70  574  991  0  0 100  0
 0  0      0 14606260 618124 7288116    0    0     0    62  518  913  0  0 100  0
 0  0      0 14602064 618124 7288132    0    0     0    34  573  951  0  0 100  0
 0  0      0 14605220 618124 7288132    0    0     0     0  680 1117  0  0 100  0
 0  0      0 14605540 618132 7288124    0    0     0   232  543  935  0  0 98  2
 0  0      0 14605368 618132 7288384    0    0     0    40  646 1086  0  0 100  0
 0  0      0 14606204 618132 7288144    0    0     0   182  655 1090  0  0 99  1
 0  0      0 14602936 618132 7288148    0    0     0    38  823 1152  0  0 100  0
procs -----------memory---------- ---swap-- -----io---- -system-- ----cpu----
 r  b   swpd   free   buff  cache   si   so    bi    bo   in   cs us sy id wa
 1  0      0 14605508 618140 7288396    0    0     0    10  578 1006  0  0 100  0
 0  0      0 14605416 618140 7288164    0    0     0   184  683 1044  0  0 100  0
 0  0      0 14604916 618140 7288420    0    0     0   150  717 1180  0  0 99  0
 0  0      0 14605632 618148 7288176    0    0     0    58  666 1025  0  0 100  0
 0  0      0 14601948 618148 7288184    0    0     0    30  502  921  0  0 100  0
 0  0      0 14605572 618148 7288184    0    0     0     0  785 1300  0  0 100  0
 0  0      0 14604664 618148 7288184    0    0     0   192  558  981  0  0 100  0
 0  0      0 14610980 618156 7288420    0    0     0    56  647 1098  0  0 99  0
 0  0      0 14611084 618156 7288180    0    0     0   188  555  937  0  0 100  0
 0  0      0 14607004 618156 7288188    0    0     0    34  506  917  0  0 100  0
 0  0      0 14610524 618156 7288184    0    0     0     0  624 1048  0  0 100  0
 0  0      0 14610068 618156 7288192    0    0     0     0  562  964  0  0 100  0
 0  0      0 14610472 618156 7288192    0    0     0    30  688 1090  0  0 100  0
 0  0      0 14609832 618156 7288196    0    0     0   188  715 1180  0  0 100  0
 0  0      0 14606384 618168 7288196    0    0     0    50  533  937  0  0 100  0
 0  0      0 14610060 618168 7288200    0    0     0     0  522  917  0  0 100  0
 0  0      0 14609532 618168 7288200    0    0     0   180  611 1010  0  0 100  0
 0  0      0 14609636 618168 7288208    0    0     0    42 1095 1469  0  0 99  0
 0  0      0 14609228 618168 7288212    0    0     0    56  610 1022  0  0 100  0
 0  0      0 14606164 618168 7288460    0    0     0    32  532  956  0  0 100  0
 0  0      0 14607676 618180 7288204    0    0     0  3520  973 1325  2  0 98  0
procs -----------memory---------- ---swap-- -----io---- -system-- ----cpu----
 r  b   swpd   free   buff  cache   si   so    bi    bo   in   cs us sy id wa
 1  0      0 14608632 618224 7288456    0    0     0 30696  783 1047  1  1 98  0
 0  0      0 14609712 618232 7288680    0    0     0    60 1468 2190  1  0 99  0
 0  0      0 14609388 618232 7288756    0    0     0   208  552  940  0  0 100  0
 0  0      0 14605820 618232 7288764    0    0     0    42  519  918  0  0 100  0
 0  0      0 14610268 618232 7289016    0    0     0     0  593  967  0  0 100  0
 0  0      0 14609976 618236 7288768    0    0     0   190  562  956  0  0 100  0
 0  0      0 14608820 618236 7288772    0    0     0    32  674 1150  0  0 99  0
 0  0      0 14608756 618236 7288776    0    0     0   186  752 1143  0  0 100  0
 0  0      0 14605180 618236 7289040    0    0     0    38  547  953  0  0 100  0
 0  0      0 14609084 618240 7288788    0    0     0    30  541  946  0  0 100  0
 0  0      0 14608988 618240 7288792    0    0     0   184  615 1009  0  0 100  0
 0  0      0 14608512 618244 7289052    0    0     0    46  788 1279  0  1 99  0
 0  0      0 14608612 618244 7288812    0    0     0     0  600  972  2  0 98  0
 0  0      0 14605372 618244 7288820    0    0     0    32  532  943  0  0 100  0
 0  0      0 14609004 618252 7288816    0    0     0     8  686 1138  1  0 99  0
 0  0      0 14608284 618252 7288824    0    0     0   536  769 1062  0  0 100  0
 0  0      0 14609268 618252 7288828    0    0     0    48  645 1088  0  0 100  0
 0  0      0 14608724 618256 7288828    0    0     0   212  755 1127  2  0 98  0
 0  0      0 14605372 618256 7288832    0    0     0    42  514  923  0  0 100  0
 0  0      0 14609192 618256 7288836    0    0     0     0  664 1033  0  0 100  0
 0  0      0 14607328 618256 7288836    0    0     0   178  480  840  0  0 100  0
procs -----------memory---------- ---swap-- -----io---- -system-- ----cpu----
 r  b   swpd   free   buff  cache   si   so    bi    bo   in   cs us sy id wa
 1  0      0 14607088 618260 7288832    0    0     0    38  683 1164  0  0 99  0
 0  0      0 14606760 618260 7288836    0    0     0   172  718 1213  0  0 100  0
 0  0      0 14603520 618260 7288840    0    0     0    38  585  973  1  0 99  0
 0  0      0 14607480 618260 7288848    0    0     0     0  518  901  0  0 100  0
 0  0      0 14607620 618260 7288848    0    0     0   182  554  898  0  0 100  0
 0  0      0 14605976 618260 7289108    0    0     0    36  771 1255  0  0 99  0
 0  0      0 14606540 618260 7288860    0    0     0   184  690 1067  0  0 100  0
 0  0      0 14603332 618260 7288860    0    0     0    38  518  946  0  0 100  0
 0  0      0 14603948 618264 7288764    0    0     0   400  901 1317  2  0 98  0
 0  0      0 14603408 618324 7288932    0    0     0 30610  861 1197  2  1 97  0
 0  0      0 14603716 618324 7289212    0    0     0    42  688 1143  0  0 99  0
 0  0      0 14602784 618324 7288964    0    0     0   284 1111 1543  1  0 98  0
 0  0      0 14600716 618324 7288964    0    0     0    40  560  958  0  0 100  0
 0  0      0 14604468 618324 7289216    0    0     0   110  807 1096  0  0 100  0
 0  0      0 14604560 618324 7288964    0    0     0     0  467  834  0  0 100  0
 0  0      0 14604204 618324 7288716    0    0     0    30  628 1082  0  0 100  0
 0  0      0 14603672 618328 7288972    0    0     0   208  790 1263  0  0 99  0
 0  0      0 14600564 618328 7288984    0    0     0    38  710 1102  0  0 99  0
 0  0      0 14603776 618328 7289240    0    0     0     0  513  893  0  0 100  0
 0  0      0 14603904 618332 7288988    0    0     0   192  547  914  0  0 100  0
 0  0      0 14602028 618332 7288992    0    0     0    38  728 1187  0  0 99  0
procs -----------memory---------- ---swap-- -----io---- -system-- ----cpu----
 r  b   swpd   free   buff  cache   si   so    bi    bo   in   cs us sy id wa
 1  0      0 14601980 618332 7289000    0    0     0   192  770 1151  0  0 100  0
 0  0      0 14598384 618332 7289016    0    0     0    46  611 1042  0  0 99  0
 0  0      0 14602628 618340 7289048    0    0     0    14  670 1110  0  0 100  0
 0  0      0 14602396 618340 7289056    0    0     0   182  501  892  0  0 100  0
 0  0      0 14600036 618340 7289308    0    0     0    36  833 1389  0  1 99  0
 0  0      0 14600812 618340 7289068    0    0     0    18  629 1060  0  0 100  0
 0  0      0 14597876 618340 7289072    0    0     0    34  586 1009  0  0 99  0
 0  0      0 14600864 618348 7289064    0    0     0    36  566  952  0  0 100  0
 0  0      0 14601032 618348 7289076    0    0     0   196  482  851  0  0 100  0
 0  0      0 14601488 618348 7289328    0    0     0    48  590 1027  0  0 100  0
 3  1      0 14600968 618348 7289080    0    0     0   192  837 1295  0  0 99  0
 0  0      0 14597464 618348 7289080    0    0     0    32  874 1221  0  0 99  0
 0  0      0 14603748 618356 7289076    0    0     0    28  521  904  0  0 100  0
 0  0      0 14603748 618356 7289088    0    0     0     0  520  897  0  0 100  0
 0  0      0 14604696 618364 7289340    0    0     0    28  664 1106  0  0 100  0
 0  0      0 14604752 618372 7289092    0    0     0    18  702 1069  0  0 100  0
 0  0      0 14600292 618372 7289344    0    0     0   224  618 1077  0  0 99  0
 0  0      0 14601788 618376 7289540    0    0     0    48  923 1342  2  0 98  0
 0  0      0 14603012 618444 7289224    0    0     0 30804  764 1038  2  1 98  0
 0  0      0 14604208 618444 7289224    0    0     0    68  616 1017  0  0 99  0
 0  0      0 14604740 618456 7289232    0    0     0    78  550  942  0  0 100  0
procs -----------memory---------- ---swap-- -----io---- -system-- ----cpu----
 r  b   swpd   free   buff  cache   si   so    bi    bo   in   cs us sy id wa
 1  0      0 14600140 618456 7289260    0    0     0    32  782 1176  1  0 99  0
 0  0      0 14604104 618456 7289648    0    0     0   100 1107 1670  0  0 99  0
 0  0      0 14604072 618464 7289688    0    0     0   234  516  862  0  0 100  0
 0  0      0 14605744 618468 7289956    0    0     0    42  600 1022  0  0 100  0
 0  0      0 14605824 618468 7289712    0    0     0     0  637 1069  0  0 100  0
 0  0      0 14601056 618472 7289716    0    0     0   226  686 1136  0  0 99  0
 0  0      0 14603868 618472 7289980    0    0     0     0  552  971  0  0 100  0
 0  0      0 14660188 618480 7289756    0    0     0     6  670 1133  1  0 99  0
 0  0      0 14659736 618480 7290060    0    0     0    30  964 1338  0  0 99  0
 0  0      0 14660020 618480 7289808    0    0     0   294  586  968  0  0 100  0
 0  0      0 14656384 618484 7289808    0    0     0   256  589 1035  0  0 99  0
 0  0      0 14661120 618484 7289816    0    0     0     0  685 1128  0  0 100  0
 0  0      0 14660972 618484 7289824    0    0     0     0  550 1002  0  0 100  0
 0  0      0 14664048 618484 7289572    0    0     0    40  687 1068  0  0 99  0
 0  0      0 14664036 618484 7289824    0    0     0     0  556  972  0  0 100  0
 0  0      0 14660016 618484 7289828    0    0     0   240  582  985  0  0 99  0
 0  0      0 14663216 618484 7290076    0    0     0     0  673 1092  0  0 100  0
 0  0      0 14663864 618484 7289824    0    0     0   188  521  909  0  0 100  0
 0  0      0 14664568 618484 7289824    0    0     0    30  596 1031  0  0 100  0
 0  0      0 14664812 618484 7289832    0    0     0     0  631 1064  0  0 100  0
 0  0      0 14661144 618484 7289840    0    0     0   206  646 1016  0  0 100  0
procs -----------memory---------- ---swap-- -----io---- -system-- ----cpu----
 r  b   swpd   free   buff  cache   si   so    bi    bo   in   cs us sy id wa
 1  0      0 14664248 618484 7290092    0    0     0     0  604 1001  0  0 100  0
 0  0      0 14663316 618492 7289840    0    0     0   194  631  987  0  0 100  0
 0  0      0 14663336 618492 7289844    0    0     0    36  714 1132  0  0 99  0
 0  0      0 14663640 618492 7289844    0    0     0     2  557  936  0  0 100  0
 0  0      0 14660640 618492 7289848    0    0     0   218  511  914  0  0 100  0
 0  0      0 14663376 618492 7289852    0    0     0     0  894 1298  2  0 98  0
 0  0      0 14663480 618552 7290024    0    0     0 30844 1086 1285  2  1 98  0
 0  0      0 14663752 618552 7290024    0    0     0    46  562  993  0  0 100  0
 0  0      0 14663924 618552 7290024    0    0     0     0  561  943  0  0 99  0
 0  0      0 14660416 618552 7290028    0    0     0   222  557  918  0  0 100  0
 0  0      0 14663572 618552 7290028    0    0     0     0  670 1026  0  0 100  0
 0  0      0 14660904 618556 7290032    0    0     0    10  583 1013  0  0 100  0
 0  0      0 14661344 618556 7290288    0    0     0    32  619 1058  0  0 100  0
 0  0      0 14661456 618556 7290300    0    0     0     8  633 1070  0  0 100  0
 0  0      0 14657284 618560 7290296    0    0     0   232  626 1035  0  0 100  0
 0  0      0 14661464 618568 7290044    0    0     0    24  503  891  0  0 100  0
 1  0      0 14660776 618568 7290048    0    0     0   184  642 1057  0  0 100  0
 0  0      0 14660748 618568 7290312    0    0     0    42  817 1318  1  0 99  0
 0  0      0 14660976 618572 7290068    0    0     0    98  579  963  0  0 100  0
 0  0      0 14660116 618572 7290076    0    0     0    32  585  955  0  0 99  0
 0  0      0 14662160 618572 7290336    0    0     0     0  622 1040  0  0 100  0
procs -----------memory---------- ---swap-- -----io---- -system-- ----cpu----
 r  b   swpd   free   buff  cache   si   so    bi    bo   in   cs us sy id wa
 1  0      0 14661336 618576 7290080    0    0     0   218  687 1142  0  0 100  0
 0  0      0 14660752 618576 7290232    0    0     0    50  671 1109  0  0 100  0
 1  0      0 14660900 618576 7290240    0    0     0     0  537  926  0  0 100  0
 0  0      0 14657672 618584 7290324    0    0     0   356  588  972  0  0 100  0
 0  0      0 14660948 618584 7290320    0    0     0     0  819 1124  0  0 100  0
 0  0      0 14660444 618592 7290320    0    0     0    64  543  960  0  0 100  0
 0  0      0 14659216 618592 7290324    0    0     0    30  674 1138  0  0 99  0
 0  0      0 14659472 618592 7290572    0    0     0     0  603 1045  0  0 100  0
 0  0      0 14656484 618600 7290576    0    0     0   250  734 1123  0  0 99  0
 0  0      0 14659464 618600 7290332    0    0     0     0  508  902  0  0 100  0
 0  0      0 14659116 618600 7290332    0    0     0    10  538  923  0  0 100  0
 0  0      0 14659728 618600 7290336    0    0     0    30  765 1248  0  0 99  0
 0  0      0 14660420 618600 7290336    0    0     0     0  615 1019  0  0 100  0
 0  0      0 14656684 618604 7290340    0    0     0   230  513  918  0  0 100  0
 1  0      0 14659152 618624 7290336    0    0     0  3546 1010 1247  5  1 94  0
 0  0      0 14658360 618692 7290496    0    0     0 30810  837 1023  5  1 94  0
 1  0      0 14640984 618700 7307056    0    0     0   148  727 1173  1  0 99  0
 1  0      0 14653868 618932 7293688    0    0     0 121108 1378 1300 11  2 85  2
 0  0      0 14648120 619052 7296496    0    0     0 58652  996 1025  4  1 95  1
 0  0      0 14649812 619092 7298044    0    0     0 63820  860  984  3  1 96  0
 0  0      0 14649688 619092 7298044    0    0     0     0  458  829  0  0 100  0
procs -----------memory---------- ---swap-- -----io---- -system-- ----cpu----
 r  b   swpd   free   buff  cache   si   so    bi    bo   in   cs us sy id wa
 1  0      0 14646912 619296 7301672    0    0     0 101682 1317 1387  4  2 93  1
 0  0      0 14647568 619300 7301672    0    0     0   166  666 1132  0  0 100  0
 0  0      0 14644140 619304 7301672    0    0     0   238  838 1151  0  0 100  0
 0  0      0 14648272 619304 7301928    0    0     0     0  497  878  0  0 100  0
 0  0      0 14648296 619304 7301676    0    0     0   186  526  892  0  0 100  0
 0  0      0 14649736 619304 7301692    0    0     0    34  782 1303  0  0 99  0
 0  0      0 14649860 619304 7301696    0    0     0     0  732 1116  0  0 100  0
 0  0      0 14647004 619304 7301700    0    0     0   242  501  898  0  0 100  0
 0  0      0 14650708 619304 7301700    0    0     0   490  662 1073  0  0 100  0
 0  0      0 14650640 619304 7301700    0    0     0   182  571 1001  0  0 100  0
 0  0      0 14649028 619304 7301952    0    0     0    32  628 1048  0  0 100  0
 0  0      0 14649996 619304 7301700    0    0     0     0  603 1022  0  0 100  0
 0  0      0 14645664 619304 7301704    0    0     0   206  619 1064  0  0 99  0
 0  0      0 14650308 619304 7301708    0    0     0     0  560  954  0  0 100  0
 0  0      0 14650276 619304 7301708    0    0     0   176  478  841  0  0 100  0
 0  0      0 14650244 619312 7301700    0    0     0    42  605 1052  0  0 99  0
 0  0      0 14649496 619312 7301712    0    0     0     0  743 1237  0  0 100  0
 0  0      0 14645364 619312 7301968    0    0     0    30  633 1105  0  0 99  0
 0  0      0 14648696 619312 7301716    0    0     0     0  501  897  0  0 100  0
 0  0      0 14649008 619312 7301720    0    0     0   186  523  888  0  0 100  0
 0  0      0 14648332 619312 7301724    0    0     0    42 1011 1396  0  0 99  0
procs -----------memory---------- ---swap-- -----io---- -system-- ----cpu----
 r  b   swpd   free   buff  cache   si   so    bi    bo   in   cs us sy id wa
 1  0      0 14648300 619312 7301728    0    0     0     0  628 1043  0  0 100  0
 0  0      0 14645972 619312 7301732    0    0     0   234  567 1019  0  0 99  0
 0  0      0 14645768 619312 7301996    0    0     0     0  847 1256  2  0 98  0
 0  0      0 14646936 619324 7301912    0    0     0 31022  751 1018  1  1 98  0
 0  0      0 14647920 619324 7302164    0    0     0    66  703 1084  0  0 100  0
 0  0      0 14647784 619328 7301912    0    0     0    74  609 1047  0  0 100  0
 0  0      0 14643724 619328 7302168    0    0     0   246  582 1012  0  0 99  0
 0  0      0 14648160 619328 7301916    0    0     0     0  588  970  0  0 100  0
 1  0      0 14648268 619328 7301916    0    0     0   178  462  823  0  0 100  0
 0  0      0 14648024 619328 7302168    0    0     0    30  628 1067  0  0 100  0
 0  0      0 14647716 619328 7301928    0    0     0     0  635 1077  0  0 100  0
 0  0      0 14644160 619328 7302188    0    0     0   220  676 1131  0  0 99  0
 0  0      0 14647820 619328 7301936    0    0     0    80  575  982  0  0 100  0
 0  0      0 14648076 619328 7301936    0    0     0   182  537  896  0  0 100  0
 1  0      0 14647096 619328 7302196    0    0     0    36  702 1190  0  0 99  0
 0  0      0 14647520 619332 7301948    0    0     0    10  570  963  0  0 100  0
 0  0      0 14643764 619336 7301956    0    0     0   232  589 1022  0  0 99  0
 0  0      0 14646588 619336 7301960    0    0     0     0  682 1141  0  0 100  0
 0  0      0 14646484 619336 7301960    0    0     0   184  769 1069  0  0 100  0
 0  0      0 14647464 619336 7302212    0    0     0    38  604 1038  0  0 100  0
 0  0      0 14647232 619336 7301964    0    0     0     0  530  924  0  0 100  0
procs -----------memory---------- ---swap-- -----io---- -system-- ----cpu----
 r  b   swpd   free   buff  cache   si   so    bi    bo   in   cs us sy id wa
 1  0      0 14645012 619336 7302360    0    0     0   212 1009 1396  1  0 99  0
 0  0      0 14647708 619336 7302384    0    0     0   226  720 1062  0  0 100  0
 0  0      0 14647696 619344 7302380    0    0     0   216  533  920  0  0 100  0
 0  0      0 14648052 619344 7302392    0    0     0    36  579 1003  0  0 100  0
 0  0      0 14648252 619344 7302656    0    0     0     0  586  997  0  0 100  0
 0  0      0 14645052 619344 7302408    0    0     0   208  715 1188  0  0 99  0
 0  0      0 14648316 619348 7302664    0    0     0     8  507  897  0  0 100  0
 0  0      0 14647856 619348 7302416    0    0     0   174  599  990  0  0 100  0
 0  0      0 14647336 619348 7302672    0    0     0    42  670 1121  1  0 99  0
 0  0      0 14647436 619348 7302424    0    0     0     0  554  945  0  0 100  0
 0  0      0 14643288 619352 7302676    0    0     0   222  539  963  0  0 99  0
 0  0      0 14646704 619352 7302428    0    0     0     0  880 1290  2  0 98  0
 0  0      0 14646000 619428 7302616    0    0     0 30824  749 1036  1  1 98  0
 0  0      0 14647344 619432 7302360    0    0     0   232  616 1026  0  0 100  0
 0  0      0 14646976 619444 7302612    0    0     0    84  544  940  0  0 100  0
 0  0      0 14643524 619444 7302616    0    0     0   220  501  900  0  0 100  0
 0  0      0 14646812 619444 7302616    0    0     0    10  910 1217  0  0 99  0
 0  0      0 14647196 619444 7302616    0    0     0     0  512  918  0  0 100  0
 0  0      0 14647996 619444 7302868    0    0     0    28  594 1036  0  0 100  0
 0  0      0 14648120 619452 7302624    0    0     0   108  582  985  0  0 100  0
 0  0      0 14644428 619452 7302624    0    0     0   230  753 1153  0  0 99  0
procs -----------memory---------- ---swap-- -----io---- -system-- ----cpu----
 r  b   swpd   free   buff  cache   si   so    bi    bo   in   cs us sy id wa
 1  0      0 14646916 619452 7302632    0    0     0     4  582 1015  0  0 100  0
 0  0      0 14646704 619452 7302632    0    0     0     0  531  919  0  0 100  0
 0  0      0 14647908 619452 7302892    0    0     0   218  748 1230  1  0 99  0
 0  0      0 14648156 619460 7302640    0    0     0    12  599  994  0  0 100  0
 0  0      0 14644572 619460 7302652    0    0     0   232  509  900  0  0 100  0
 0  0      0 14646652 619460 7302660    0    0     0     0  697 1160  0  0 100  0
 0  0      0 14646800 619460 7302660    0    0     0     0  521  938  0  0 100  0
 0  0      0 14646792 619464 7302660    0    0     0    28  661 1128  0  0 99  0
 0  0      0 14646688 619464 7302660    0    0     0     0  532  926  0  0 100  0
 0  0      0 14642816 619464 7302908    0    0     0    26  567  993  0  0 100  0
 0  0      0 14645816 619464 7302912    0    0     0     0  607 1026  0  0 100  0
 0  0      0 14646084 619464 7302912    0    0     0     0  528  929  0  0 100  0
 0  0      0 14645732 619468 7302916    0    0     0    28  635 1101  0  0 99  0
 0  0      0 14646024 619468 7302672    0    0     0     0  568  985  0  0 100  0
 0  0      0 14643504 619468 7302920    0    0     0   244  920 1270  0  0 99  0
 0  0      0 14646520 619468 7302928    0    0     0    22  513  900  0  0 100  0
 0  0      0 14646900 619468 7302676    0    0     0     0  556  968  0  0 100  0
 0  0      0 14645336 619468 7302936    0    0     0   218  772 1213  0  0 99  0
 0  0      0 14646484 619468 7302684    0    0     0     0  708 1089  0  0 100  0
 0  0      0 14644088 619468 7302688    0    0     0   208  534  965  0  0 100  0
 0  0      0 14645828 619476 7302680    0    0     0  3546  853 1224  2  0 98  0
procs -----------memory---------- ---swap-- -----io---- -system-- ----cpu----
 r  b   swpd   free   buff  cache   si   so    bi    bo   in   cs us sy id wa
 1  0      0 14645276 619548 7302912    0    0     0 30922  795 1079  1  1 98  0
 0  0      0 14646852 619548 7303164    0    0     0   228  655 1069  0  0 100  0
 0  0      0 14646492 619560 7302916    0    0     0    94  580 1012  0  0 100  0
 0  0      0 14642356 619560 7303172    0    0     0    32  498  907  0  0 100  0
 0  0      0 14645312 619560 7302924    0    0     0     0  555  945  0  0 100  0
 0  0      0 14645388 619560 7302924    0    0     0     0  552  967  0  0 100  0
 0  0      0 14645584 619560 7303176    0    0     0    28  600 1039  0  0 100  0
 0  0      0 14645444 619560 7302932    0    0     0     0  634 1081  0  0 100  0
 0  0      0 14643352 619560 7303188    0    0     0   246  659 1090  0  0 99  0
 0  0      0 14646180 619568 7303184    0    0     0    10  514  905  0  0 100  0
 0  0      0 14646304 619568 7302944    0    0     0     0  515  904  0  0 100  0
 0  0      0 14645628 619568 7303204    0    0     0   222 1040 1427  0  0 99  0
 0  0      0 14645992 619572 7302960    0    0     0    10  653 1098  0  0 100  0
 0  0      0 14642152 619572 7303212    0    0     0   232  507  904  0  0 100  0
 0  0      0 14646444 619572 7302960    0    0     0    98  626 1037  0  0 100  0
 0  0      0 14646548 619572 7302964    0    0     0     0  513  929  0  0 100  0
 0  0      0 14646164 619572 7302972    0    0     0    28  822 1269  0  0 99  0
 0  0      0 14646240 619576 7302968    0    0     0    20  559  963  0  0 100  0
 0  0      0 14643740 619576 7303024    0    0     0    28  561  989  0  0 99  0
 0  0      0 14646240 619576 7303220    0    0     0    16  564  925  0  0 100  0
 0  0      0 14646400 619576 7302976    0    0     0     0  564  906  0  0 100  0
procs -----------memory---------- ---swap-- -----io---- -system-- ----cpu----
 r  b   swpd   free   buff  cache   si   so    bi    bo   in   cs us sy id wa
 1  0      0 14645420 619580 7303224    0    0     0    28  661 1140  0  0 100  0
 0  0      0 14645780 619584 7302976    0    0     0    14  570  992  0  0 100  0
 0  0      0 14642012 619584 7303236    0    0     0   240  710 1178  0  0 99  0
 0  0      0 14645660 619584 7302984    0    0     0     0  509  904  0  0 100  0
 0  0      0 14645928 619592 7302984    0    0     0    18  482  860  0  0 100  0
 0  0      0 14644796 619592 7303240    0    0     0    28  688 1164  0  0 99  0
 0  0      0 14646216 619596 7302988    0    0     0    12  622 1037  0  0 100  0
 0  0      0 14643392 619596 7302996    0    0     0   232  568 1021  0  0 99  0
 0  0      0 14643540 619600 7303260    0    0     0   398  858 1244  2  0 98  0
 0  0      0 14645252 619676 7303168    0    0     0 30928  983 1182  1  1 98  0
 0  0      0 14646024 619680 7303420    0    0     0   378  734 1122  0  0 99  0
 0  0      0 14645900 619688 7303172    0    0     0    94  622 1052  0  0 100  0
 0  0      0 14642936 619688 7303180    0    0     0   236  588 1010  0  0 99  0
 0  0      0 14645728 619688 7303436    0    0     0     0  707 1054  0  0 100  0
 0  0      0 14646196 619688 7303188    0    0     0     8  465  839  0  0 100  0
 0  0      0 14646068 619688 7303440    0    0     0   218  586 1002  0  0 100  0
 0  0      0 14645660 619688 7303196    0    0     0     0  668 1136  0  0 100  0
 0  0      0 14641820 619688 7303196    0    0     0    30  668 1118  0  0 100  0
 0  0      0 14645776 619688 7303452    0    0     0     0  564  972  0  0 100  0
 0  0      0 14645664 619696 7303192    0    0     0     6  493  869  0  0 100  0
 0  0      0 14645088 619696 7303460    0    0     0   230  708 1164  0  0 99  0
procs -----------memory---------- ---swap-- -----io---- -system-- ----cpu----
 r  b   swpd   free   buff  cache   si   so    bi    bo   in   cs us sy id wa
 1  0      0 14645324 619696 7303216    0    0     0     0  682 1135  0  0 100  0
 0  0      0 14642384 619696 7303220    0    0     0   232  488  877  0  0 100  0
 0  0      0 14646124 619696 7303224    0    0     0    98  696 1161  0  0 100  0
 0  0      0 14646000 619696 7303224    0    0     0     0  509  933  0  0 100  0
 0  0      0 14646388 619696 7303476    0    0     0    30  596 1035  0  0 100  0
 0  0      0 14646596 619704 7303216    0    0     0    12  570  983  0  0 100  0
 1  0      0 14643756 619704 7303232    0    0     0   224  567  979  0  0 100  0
 0  0      0 14644868 619704 7303480    0    0     0     8  934 1316  0  0 100  0
 0  0      0 14645096 619704 7303228    0    0     0     0  478  855  0  0 100  0
 0  0      0 14644800 619704 7303228    0    0     0   206  579  972  0  0 100  0
 0  0      0 14645436 619704 7303232    0    0     0     0  579 1012  0  0 100  0
 0  2      0 14645480 619704 7303232    0    0     0    32  741 1147  0  0 100  0
 0  0      0 14646164 619704 7303240    0    0     0     2  671 1147  0  0 99  0
 0  0      0 14645856 619704 7303240    0    0     0     0  477  850  0  0 100  0
 0  0      0 14642592 619704 7303460    0    0     0   226  651 1073  0  0 99  0
 0  0      0 14646784 619704 7303244    0    0     0     0  617 1012  0  0 100  0
 0  0      0 14646676 619704 7303244    0    0     0   190  529  948  0  0 100  0
 0  0      0 14643636 619708 7303256    0    0     0   436  897 1312  2  0 98  0
 0  0      0 14645488 619736 7303420    0    0     0 31006  630  955  1  1 98  0
 0  0      0 14641920 619736 7303672    0    0     0    38  638 1079  0  0 100  0
 0  0      0 14646264 619736 7303420    0    0     0    86  560  983  0  0 100  0
procs -----------memory---------- ---swap-- -----io---- -system-- ----cpu----
 r  b   swpd   free   buff  cache   si   so    bi    bo   in   cs us sy id wa
 1  0      0 14646456 619736 7303420    0    0     0   192  596  995  0  0 100  0
 0  0      0 14645696 619744 7303672    0    0     0    46  600 1022  0  0 100  0
 0  0      0 14645528 619744 7303420    0    0     0     0  533  943  0  0 100  0
 0  0      0 14642548 619748 7303672    0    0     0    30  574  979  0  0 100  0
 0  0      0 14646192 619748 7303436    0    0     0     0  604 1050  0  0 100  0
 0  0      0 14649448 619748 7303440    0    0     0   194  957 1294  1  0 99  0
 0  0      0 14648048 619756 7303444    0    0     0    56  676 1145  0  0 99  0
 0  0      0 14648580 619756 7303444    0    0     0     0  561  966  0  0 100  0
 0  0      0 14645276 619756 7303704    0    0     0    32  696 1147  0  0 99  0
 0  0      0 14649584 619760 7303456    0    0     0    10  707 1099  0  0 100  0
 0  0      0 14649584 619760 7303464    0    0     0     0  446  826  0  0 100  0
 0  0      0 14648336 619764 7303464    0    0     0   120  775 1286  0  0 99  0
 0  0      0 14648476 619764 7303472    0    0     0     0  554  975  0  0 100  0
 0  0      0 14646064 619764 7303724    0    0     0   248  661 1072  0  0 99  0
 0  0      0 14650204 619768 7303468    0    0     0    20  559  978  0  0 100  0
 0  0      0 14650060 619768 7303476    0    0     0   172  470  841  0  0 100  0
 0  0      0 14649680 619768 7303476    0    0     0    52  732 1158  0  0 99  0
 0  0      0 14649492 619768 7303476    0    0     0     0  500  887  0  0 100  0
 0  0      0 14645188 619768 7303476    0    0     0   212  602 1023  0  0 99  0
 0  0      0 14649416 619772 7303484    0    0     0     6  598 1039  0  0 100  0
 0  0      0 14649452 619772 7303488    0    0     0   176  547  937  0  0 100  0
procs -----------memory---------- ---swap-- -----io---- -system-- ----cpu----
 r  b   swpd   free   buff  cache   si   so    bi    bo   in   cs us sy id wa
 1  0      0 14648608 619772 7303744    0    0     0    42  728 1221  0  0 99  0
 0  0      0 14648632 619776 7303640    0    0   104     0  675 1005  0  0 99  0
 0  0      0 14644048 619780 7304068    0    0    58   210 1237 1460  1  0 99  0
 0  0      0 14647620 619780 7303816    0    0     0     0  675 1114  0  0 100  0
 0  0      0 14648652 619784 7303824    0    0     0   214  468  848  0  0 100  0
 0  0      0 14647240 619788 7303840    0    0     0   438  884 1298  2  1 98  0
 0  0      0 14648088 619796 7303976    0    0     0 31174  884 1061  1  1 98  0
 0  0      0 14645328 619800 7303996    0    0     0   240  804 1247  0  0 99  0
 0  0      0 14648992 619808 7304436    0    0     0     0 1169 1692  0  0 100  0
 0  0      0 14648752 619808 7304596    0    0     0   186  527  891  0  0 100  0
 0  0      0 14649000 619812 7304592    0    0     0    70  626 1029  0  0 100  0
 0  0      0 14648664 619812 7304600    0    0     0     0  620 1022  0  0 100  0
 0  0      0 14642740 619812 7304856    0    0     0   214 1000 1228  1  0 99  0
 0  0      0 14647532 619812 7304612    0    0     0     0  613 1045  0  0 100  0
 0  0      0 14647564 619812 7304616    0    0     0   182  582  969  0  0 100  0
 0  0      0 14647460 619816 7304612    0    0     0    50  628 1081  0  0 99  0
 0  0      0 14647332 619816 7304616    0    0     0     0  587 1005  0  0 100  0
 0  0      0 14643272 619816 7304876    0    0     0   226  760 1192  0  0 99  0
 0  0      0 14646804 619816 7304640    0    0     0     0  672 1115  0  0 100  0
 0  0      0 14648816 619816 7304640    0    0     0   134  466  829  0  0 100  0
 0  0      0 14649784 619816 7304892    0    0     0    30  647 1091  0  0 100  0
procs -----------memory---------- ---swap-- -----io---- -system-- ----cpu----
 r  b   swpd   free   buff  cache   si   so    bi    bo   in   cs us sy id wa
 1  0      0 14649600 619820 7304636    0    0     0   316  844 1139  0  0 100  0
 0  0      0 14645796 619820 7304640    0    0     0   240  659 1085  0  0 100  0
 0  0      0 14650016 619820 7304640    0    0     0     0  642 1086  0  0 100  0
 0  0      0 14649900 619824 7304640    0    0     0    48  486  855  0  0 99  0
 0  0      0 14649680 619824 7304644    0    0     0    32  712 1099  0  0 100  0
 0  0      0 14649356 619824 7304648    0    0     0     0  528  936  0  0 100  0
 0  0      0 14645504 619824 7304900    0    0     0   228  626 1041  0  0 100  0
 0  0      0 14649456 619824 7304648    0    0     0     0  654 1128  0  0 100  0
 0  0      0 14649240 619824 7304656    0    0     0   182  578  960  0  0 100  0
 0  0      0 14649740 619824 7304660    0    0     0    38  602 1042  0  0 100  0
 0  0      0 14649876 619824 7304660    0    0     0     0  488  857  0  0 100  0
 0  0      0 14645696 619828 7304664    0    0     0   206  753 1215  0  0 99  0
 0  0      0 14649820 619828 7304664    0    0     0     0  607 1031  0  0 100  0
 0  0      0 14649460 619828 7304672    0    0     0   178  516  914  0  0 100  0
 0  0      0 14644796 619828 7304864    0    0     0    40  885 1296  2  0 98  0
 0  0      0 14646216 619852 7304776    0    0     0 31132  633  928  2  0 98  0
 0  0      0 14642896 619852 7305028    0    0     0   360  720 1192  0  0 99  0
 0  0      0 14647236 619856 7304780    0    0     0    78  560  974  0  0 100  0
 0  0      0 14646972 619856 7304788    0    0     0   312  525  892  0  0 99  1
 0  0      0 14648676 619856 7304788    0    0     0    42  858 1190  0  0 100  0
 0  0      0 14648428 619856 7304792    0    0     0     0  486  860  0  0 100  0
procs -----------memory---------- ---swap-- -----io---- -system-- ----cpu----
 r  b   swpd   free   buff  cache   si   so    bi    bo   in   cs us sy id wa
 1  0      0 14642796 619856 7304792    0    0     0   216  677 1130  0  0 99  0
 0  0      0 14646940 619856 7304792    0    0     0     0  609 1037  0  0 100  0
 0  0      0 14646872 619856 7304804    0    0     0   186  760 1153  0  0 100  0
 0  0      0 14647168 619864 7304812    0    0     0    46  599 1038  0  0 100  0
 0  0      0 14647116 619864 7304812    0    0     0    14  505  876  0  0 100  0
 0  0      0 14642664 619864 7304812    0    0     0   218  684 1148  0  0 99  0
 0  0      0 14646556 619868 7305068    0    0     0    22  701 1141  0  0 100  0
 0  0      0 14646788 619868 7304828    0    0     0     0  514  926  0  0 100  0
 0  0      0 14647540 619868 7304580    0    0     0   228  658 1087  0  0 100  0
 0  0      0 14647380 619868 7304832    0    0     0    20  492  876  0  0 100  0
 0  0      0 14644016 619868 7305084    0    0     0   214  620 1047  0  0 100  0
 0  0      0 14647040 619872 7304832    0    0     0     2  651 1109  0  0 100  0
 0  0      0 14646720 619872 7304836    0    0     0     0  535  913  0  0 100  0
 0  0      0 14647388 619872 7304836    0    0     0   208  637 1049  0  0 100  0
 0  0      0 14647564 619872 7304840    0    0     0     0  486  865  0  0 100  0
 0  0      0 14643740 619872 7305092    0    0     0   212  556  954  0  0 100  0
 0  0      0 14646460 619872 7304844    0    0     0     0  689 1168  0  0 100  0
 0  0      0 14646508 619872 7304844    0    0     0     0  808 1132  0  0 100  0
 0  0      0 14646244 619872 7305100    0    0     0    32  644 1118  0  0 100  0
 0  0      0 14646768 619872 7304852    0    0     0     0  486  867  0  0 100  0
 0  0      0 14644756 619872 7305128    0    0     0   236  908 1307  2  0 98  0
procs -----------memory---------- ---swap-- -----io---- -system-- ----cpu----
 r  b   swpd   free   buff  cache   si   so    bi    bo   in   cs us sy id wa
 1  0      0 14648756 619872 7304884    0    0     0     0  752 1152  0  0 100  0
 1  0      0 14648528 619872 7304884    0    0     0     0  494  897  0  0 100  0
 0  0      0 14648672 619880 7304892    0    0     0   228  923 1341  2  0 98  0
 0  0      0 14648460 619956 7305004    0    0     0 31188  695  928  1  1 98  0
 0  0      0 14644612 619956 7305260    0    0     0   222  602 1028  0  0 100  0
 1  0      0 14649112 619968 7305012    0    0     0    80  621 1057  0  0 100  0
 0  0      0 14648748 619968 7305016    0    0     0     0  489  891  0  0 100  0
 1  0      0 14648956 619968 7305016    0    0     0    32  670 1127  0  0 99  0
 0  0      0 14648784 619968 7305016    0    0     0     6  469  842  0  0 100  0
 0  0      0 14644692 619968 7305016    0    0     0   238  596  999  0  0 99  1
 0  0      0 14648644 619968 7304764    0    0     0     0  579 1014  0  0 100  0
 0  0      0 14648388 619968 7305024    0    0     0     0  592 1027  0  0 100  0
 0  0      0 14648816 619968 7305276    0    0     0   356  698 1135  0  0 99  1
 0  0      0 14649000 619968 7305028    0    0     0     0  555  923  0  0 100  0
 0  0      0 14644300 619968 7305036    0    0     0    58  955 1313  0  0 100  0
 0  0      0 14647716 619968 7305044    0    0     0     0  644 1025  0  0 100  0
 0  0      0 14647988 619968 7305044    0    0     0     0  554  958  0  0 100  0
 0  0      0 14646220 619972 7305044    0    0     0   466  683 1079  0  0 100  0
 0  0      0 14645884 619972 7305052    0    0     0     0  673 1041  0  0 100  0
 0  0      0 14641980 619980 7305296    0    0     0   242  619 1015  0  0 99  0
 0  0      0 14646672 619980 7305056    0    0     0     0  598 1021  0  0 100  0
procs -----------memory---------- ---swap-- -----io---- -system-- ----cpu----
 r  b   swpd   free   buff  cache   si   so    bi    bo   in   cs us sy id wa
 1  0      0 14646796 619980 7305060    0    0     0     0  499  880  0  0 100  0
 0  0      0 14646948 619980 7305060    0    0     0    42  689 1132  0  0 99  0
 0  0      0 14646208 619980 7305060    0    0     0     0  590 1033  0  0 100  0
 0  0      0 14643576 619980 7305312    0    0     0   356  562  964  0  0 100  0
 0  0      0 14646840 619980 7305064    0    0     0     0  576 1011  0  0 100  0
 0  0      0 14646824 619980 7305068    0    0     0     0  496  879  0  0 100  0
 0  0      0 14646732 619984 7304824    0    0     0   230  749 1250  0  0 100  0
 1  0      0 14646188 619984 7305076    0    0     0     0  540  949  0  0 100  0
 0  0      0 14642276 619988 7305336    0    0     0    42  694 1123  0  0 99  0
 0  0      0 14646648 619988 7305088    0    0     0     0  588 1002  0  0 100  0
 0  0      0 14646616 619988 7305088    0    0     0     0  453  842  0  0 100  0
 0  0      0 14644640 620000 7305104    0    0     0  3928  973 1353  2  1 97  0
 0  0      0 14645528 620076 7305200    0    0     0 31238  967 1127  2  1 98  0
 0  0      0 14642124 620076 7305204    0    0     0   270  656 1076  0  0 99  0
 0  0      0 14646424 620084 7305204    0    0     0    86  599 1043  0  0 100  0
 0  0      0 14646424 620084 7305208    0    0     0     0  475  842  0  0 100  0
 0  0      0 14646448 620084 7305208    0    0     0    46  756 1164  0  0 100  0
 0  0      0 14646684 620084 7305208    0    0     0     0  484  861  0  0 100  0
 0  0      0 14641968 620084 7305208    0    0     0   362  632 1073  0  0 99  0
 0  0      0 14646264 620084 7305464    0    0     0     0  581  992  0  0 100  0
 0  0      0 14646348 620084 7305216    0    0     0     0  536  909  0  0 100  0
procs -----------memory---------- ---swap-- -----io---- -system-- ----cpu----
 r  b   swpd   free   buff  cache   si   so    bi    bo   in   cs us sy id wa
 1  0      0 14646080 620084 7305472    0    0     0   222  682 1144  0  0 100  0
 0  0      0 14645992 620084 7305224    0    0     0     0  578  991  0  0 100  0
 0  0      0 14641096 620084 7305228    0    0     0    44  721 1183  0  0 99  0
 0  0      0 14645840 620088 7305232    0    0     0    10  615 1025  0  0 100  0
 1  0      0 14645848 620088 7305240    0    0     0     0  457  841  0  0 100  0
 0  0      0 14645000 620088 7305244    0    0     0   364  649 1087  0  0 99  0
 0  0      0 14645304 620088 7305248    0    0     0     0  591 1004  0  0 100  0
 0  0      0 14641212 620092 7305244    0    0     0   230  639 1098  0  0 99  0
 0  0      0 14645608 620092 7304996    0    0     0     0  594 1027  0  0 100  0
 0  0      0 14645596 620092 7305248    0    0     0     0  459  836  0  0 100  0
 0  0      0 14645476 620096 7305248    0    0     0   124  849 1139  0  0 100  0
 0  0      0 14645164 620096 7305248    0    0     0     0  558  969  0  0 100  0
 0  0      0 14641380 620096 7305252    0    0     0   352  584  990  0  0 99  0
 0  0      0 14645684 620096 7305252    0    0     0     0  635 1088  0  0 100  0
 0  0      0 14646068 620096 7305256    0    0     0     0  652 1013  0  0 100  0
 0  0      0 14646052 620096 7305508    0    0     0    34  648 1119  0  0 100  0
 0  0      0 14645912 620096 7305256    0    0     0     0  584 1006  0  0 100  0
 0  0      0 14641432 620096 7305512    0    0     0    28  626 1048  0  0 99  0
 0  0      0 14645076 620096 7305260    0    0     0     6  681 1124  0  0 100  0
 1  0      0 14645228 620096 7305264    0    0     0     0  468  861  0  0 100  0
 1  0      0 14644396 620116 7305528    0    0     0  3592 1034 1321  5  1 94  0
procs -----------memory---------- ---swap-- -----io---- -system-- ----cpu----
 r  b   swpd   free   buff  cache   si   so    bi    bo   in   cs us sy id wa
 1  0      0 14645180 620192 7305404    0    0     0 31298  884  985  6  1 93  0
 1  0      0 14639880 620192 7307580    0    0     0    58  663 1108  0  0 99  0
 0  0      0 14641612 620440 7308488    0    0     0 122806 1485 1442  8  3 89  1
 0  0      0 14638780 620564 7311092    0    0     0 59554 1184 1160  5  2 93  0
 1  0      0 14586580 620660 7363360    0    0     0 40370 1122 1290  3  1 96  0
 0  0      0 14635628 620660 7314532    0    0     0 25836  573  848  0  0 100  0
 0  1      0 14419648 620660 7521664    0    0     0 50000 1072 1169  4  1 94  0
 0  0      0 14632024 620672 7318264    0    0     0 53700 1039 1258  0  1 99  1
 0  0      0 14632084 620672 7318280    0    0     0     0  780 1073  0  0 100  0
 0  0      0 14633252 620672 7318532    0    0     0   386  675 1113  0  0 100  0
 0  0      0 14633596 620672 7318280    0    0     0     0  510  892  0  0 100  0
 0  0      0 14627904 620672 7318544    0    0     0    44  734 1200  0  0 99  0
 0  0      0 14632532 620672 7318300    0    0     0     0  724 1114  0  0 100  0
 0  0      0 14632288 620672 7318304    0    0     0     0  523  933  0  0 100  0
 0  0      0 14632732 620672 7318304    0    0     0   868  698 1098  0  0 100  0
 0  0      0 14632584 620672 7318304    0    0     0     0  536  921  0  0 100  0
 0  0      0 14629388 620672 7318556    0    0     0    42  662 1138  0  0 100  0
 0  0      0 14633384 620672 7318308    0    0     0     0  590 1030  0  0 100  0
 0  0      0 14631180 620672 7318308    0    0     0     0  530  945  0  0 100  0
 0  0      0 14633392 620672 7318312    0    0     0    34  594 1006  0  0 100  0
 0  0      0 14633148 620672 7318316    0    0     0     0  498  887  0  0 100  0
procs -----------memory---------- ---swap-- -----io---- -system-- ----cpu----
 r  b   swpd   free   buff  cache   si   so    bi    bo   in   cs us sy id wa
 1  0      0 14629288 620672 7318320    0    0     0    28  579 1012  0  0 100  0
 0  0      0 14633780 620672 7318072    0    0     0   330  673 1099  0  0 100  0
 0  0      0 14633620 620672 7318320    0    0     0     0  549  966  0  0 100  0
 0  0      0 14634476 620672 7318324    0    0     0    42  691 1181  0  0 100  0
 0  0      0 14634260 620672 7318324    0    0     0     0  507  886  0  0 100  0
 0  0      0 14628844 620672 7318328    0    0     0    30  940 1311  0  0 99  0
 0  0      0 14633020 620672 7318328    0    0     0   326  688 1120  0  0 100  0
 0  0      0 14633004 620672 7318328    0    0     0     0  495  897  0  0 100  0
 0  0      0 14631916 620672 7318348    0    0     0    40  873 1306  2  1 98  0
 0  0      0 14632380 620732 7318492    0    0     0 31372  786  972  1  1 98  0
 0  0      0 14629924 620732 7318492    0    0     0    38  596 1014  0  0 100  0
 0  0      0 14633404 620744 7318748    0    0     0   418  705 1174  0  0 100  0
 0  0      0 14633564 620744 7318520    0    0     0     0  678 1068  1  0 99  0
 0  0      0 14633744 620744 7318772    0    0     0    46  675 1119  0  0 99  0
 0  0      0 14633488 620748 7318520    0    0     0     8  472  845  0  0 100  0
 0  0      0 14630404 620748 7318528    0    0     0    30  562  978  0  0 100  0
 0  0      0 14632872 620748 7318776    0    0     0   332  617 1047  0  0 100  0
 0  0      0 14632980 620748 7318536    0    0     0     0  583  990  0  0 100  0
 0  0      0 14632964 620748 7318540    0    0     0    38  697 1173  0  0 99  0
 0  0      0 14633272 620752 7318540    0    0     0    10  554  967  0  0 100  0
 1  0      0 14628684 620752 7318800    0    0     0    32  715 1144  0  0 99  0
procs -----------memory---------- ---swap-- -----io---- -system-- ----cpu----
 r  b   swpd   free   buff  cache   si   so    bi    bo   in   cs us sy id wa
 1  0      0 14633352 620752 7318556    0    0     0    92  613 1022  0  0 100  0
 0  0      0 14632352 620752 7318556    0    0     0     0  586 1019  0  0 100  0
 0  0      0 14632448 620760 7318540    0    0     0   396  688 1150  0  0 99  0
 0  0      0 14632412 620760 7318560    0    0     0     0  745 1021  0  0 100  0
 0  0      0 14629252 620760 7318812    0    0     0    44  527  923  0  0 100  0
 0  0      0 14633468 620760 7318812    0    0     0     0  648 1118  0  0 100  0
 0  0      0 14633116 620760 7318816    0    0     0     0  593 1003  0  0 100  0
 0  0      0 14632028 620760 7318820    0    0     0    30  708 1075  0  0 99  0
 0  0      0 14632092 620760 7318568    0    0     0     0  509  904  0  0 100  0
 0  0      0 14628988 620760 7318568    0    0     0    28  557  962  0  0 100  0
 0  0      0 14632480 620760 7318824    0    0     0   326  599 1000  0  0 100  0
 0  0      0 14632320 620760 7318576    0    0     0     0  606 1028  0  0 100  0
 0  0      0 14632980 620760 7318580    0    0     0    42  626 1075  0  0 100  0
 0  0      0 14632128 620760 7318580    0    0     0     0  596 1025  0  0 100  0
 0  0      0 14627692 620760 7318584    0    0     0    30  611 1026  0  0 100  0
 0  0      0 14631344 620760 7318584    0    0     0     2  592 1010  0  0 100  0
 0  0      0 14631312 620760 7318584    0    0     0     0  503  907  0  0 100  0
 0  0      0 14629196 620760 7318864    0    0     0  4342  937 1325  2  0 97  0
 0  0      0 14630308 620796 7318792    0    0     0 31558  758 1034  1  1 98  0
 0  0      0 14627156 620796 7318788    0    0     0    56  537  930  0  0 100  0
 0  0      0 14631452 620796 7318788    0    0     0   210  651 1123  0  0 100  0
procs -----------memory---------- ---swap-- -----io---- -system-- ----cpu----
 r  b   swpd   free   buff  cache   si   so    bi    bo   in   cs us sy id wa
 1  0      0 14631552 620796 7318788    0    0     0     0  459  845  0  0 100  0
 0  0      0 14630948 620796 7318788    0    0     0   250  954 1293  0  0 99  0
 0  0      0 14630632 620796 7318788    0    0     0     0  532  950  0  0 100  0
 0  0      0 14627332 620800 7318788    0    0     0    34  556  966  0  0 100  0
 0  0      0 14631208 620800 7319044    0    0     0     0  578 1011  0  0 100  0
 0  0      0 14631132 620800 7318796    0    0     0     0  620  971  0  0 100  0
 0  0      0 14631416 620804 7319052    0    0     0   356  692 1150  0  0 99  0
 0  0      0 14631056 620804 7318804    0    0     0     0  566  987  0  0 100  0
 0  0      0 14628132 620808 7318808    0    0     0    44  699 1174  0  0 99  0
 0  0      0 14631776 620808 7318824    0    0     0   292  661 1050  0  0 100  0
 0  0      0 14631808 620808 7318828    0    0     0     0  467  849  0  0 100  0
 0  0      0 14632004 620808 7318832    0    0     0    42  697 1169  0  0 99  0
