procs -----------memory---------- ---swap-- -----io---- -system-- ----cpu----
 r  b   swpd   free   buff  cache   si   so    bi    bo   in   cs us sy id wa
 5  0  48160 19144736 970124 39245588    0    0     1     5    0    0  0  0 99  0
 0  0  48160 19144668 970124 39245320    0    0     0    58 1856 4072  0  0 100  0
 0  0  48160 19144948 970124 39245324    0    0     0     6 1856 4158  0  0 100  0
 0  0  48160 19144884 970124 39245328    0    0     0    46 1843 4055  0  0 100  0
 0  0  48160 19145116 970124 39245328    0    0     0     2 1897 4106  0  0 100  0
 0  0  48160 19144216 970124 39245332    0    0     0     0 1792 3865  0  0 100  0
 0  0  48160 19144384 970124 39245332    0    0     0    42 1905 4169  0  0 100  0
 0  0  48160 19144284 970124 39245336    0    0     0     6 1766 3823  0  0 100  0
 0  0  48160 19144172 970124 39245336    0    0     0    44 1841 4028  0  0 100  0
 2  0  48160 19144264 970124 39245340    0    0     0    48 1881 4049  0  0 100  0
 0  0  48160 19144416 970124 39245340    0    0     0     0 1755 3880  0  0 100  0
 0  0  48160 19144400 970124 39245340    0    0     0     4 1888 4070  0  0 100  0
 0  0  48160 19144212 970124 39245344    0    0     0    58 1745 3904  0  0 100  0
 1  0  48160 19144540 970124 39245344    0    0     0    28 1761 3845  0  0 100  0
 0  0  48160 19144796 970124 39245344    0    0     0     2 1765 3856  0  0 100  0
 0  0  48160 19145104 970124 39245348    0    0     0     0 1858 3948  0  0 100  0
 0  0  48160 19145404 970124 39245348    0    0     0    42 1878 4206  0  0 100  0
 1  0  48160 19145448 970124 39245352    0    0     0     6 1867 4198  0  0 100  0
 0  0  48160 19145616 970124 39245352    0    0     0    48 2349 4071  0  0 100  0
 0  0  48160 19145640 970124 39245356    0    0     0     2 1859 4106  0  0 100  0
 0  0  48160 19145824 970124 39245356    0    0     0     0 1774 3901  0  0 100  0
procs -----------memory---------- ---swap-- -----io---- -system-- ----cpu----
 r  b   swpd   free   buff  cache   si   so    bi    bo   in   cs us sy id wa
 1  0  48160 19146072 970124 39245356    0    0     0    42 1933 4187  0  0 100  0
 0  0  48160 19146300 970124 39245360    0    0     0     6 1754 3833  0  0 100  0
 0  0  48160 19146460 970124 39245364    0    0     0    44 1803 3982  0  0 100  0
 0  0  48160 19146584 970124 39245364    0    0     0     4 1869 4001  0  0 100  0
 1  0  48160 19146616 970124 39245368    0    0     0     0 1738 3847  0  0 100  0
 0  0  48160 19144768 970124 39245368    0    0     0    54 2044 4183  0  0 100  0
 0  0  48160 19144924 970124 39245372    0    0     0     6 1786 4003  0  0 100  0
 0  0  48160 19144924 970124 39245380    0    0     0    46 1766 3805  0  0 100  0
 0  0  48160 19144572 970124 39245392    0    0     0     4 1819 3903  0  0 100  0
 0  0  48160 19145868 970124 39245392    0    0     0     0 1897 4040  0  0 100  0
 0  0  48160 19145800 970124 39245392    0    0     0    52 2043 4106  0  0 100  0
 0  0  48160 19145800 970124 39245396    0    0     0     6 1869 4279  0  0 100  0
 0  0  48160 19146228 970124 39245396    0    0     0    44 1843 4059  0  0 100  0
 0  0  48160 19146152 970124 39245400    0    0     0     4 1865 4104  0  0 100  0
 0  0  48160 19146316 970124 39245400    0    0     0     0 1783 3902  0  0 100  0
 0  0  48160 19146556 970124 39245400    0    0     0    40 1893 4152  0  0 100  0
 0  0  48160 19146716 970124 39245404    0    0     0     6 1726 3896  0  0 100  0
 1  0  48160 19146724 970124 39245404    0    0     0    44 1954 3996  0  0 100  0
 0  0  48160 19146480 970124 39245408    0    0     0    68 1926 4130  0  0 100  0
 0  0  48160 19146428 970124 39245412    0    0     0     0 1792 3863  0  0 100  0
 0  0  48160 19146588 970124 39245420    0    0     0     4 1888 4080  0  0 100  0
procs -----------memory---------- ---swap-- -----io---- -system-- ----cpu----
 r  b   swpd   free   buff  cache   si   so    bi    bo   in   cs us sy id wa
 1  0  48160 19146588 970124 39245424    0    0     0    52 1787 4010  0  0 100  0
 0  0  48160 19146536 970124 39245424    0    0     0     4 1782 3806  0  0 100  0
 0  0  48160 19146496 970124 39245428    0    0     0     4 1789 3906  0  0 100  0
 0  0  48160 19146212 970124 39245428    0    0     0    38 2164 4071  0  0 100  0
 1  0  48160 19146300 970124 39245428    0    0     0     4 1864 4021  0  0 100  0
 0  0  48160 19146416 970124 39245432    0    0     0    46 1819 4235  0  0 100  0
 0  0  48160 19146464 970124 39245432    0    0     0     4 1807 3981  0  0 100  0
 0  0  48160 19146364 970124 39245436    0    0     0    38 1920 4193  0  0 100  0
 1  0  48160 19146364 970124 39245440    0    0     0     0 1805 3993  0  0 100  0
 0  0  48160 19146248 970124 39245440    0    0     0     4 1902 4152  0  0 100  0
 0  0  48160 19146120 970124 39245444    0    0     0    50 1780 3901  0  0 100  0
 0  0  48160 19146128 970124 39245444    0    0     0     4 1829 3851  0  0 100  0
 1  0  48160 19146076 970124 39245444    0    0     0    50 1938 4035  0  0 100  0
 0  0  48160 19145952 970124 39245448    0    0     0     0 1763 3842  0  0 100  0
 0  0  48160 19144636 970124 39245452    0    0     0     4 1927 4153  0  0 99  0
 0  0  48160 19144532 970124 39245456    0    0     0    60 1803 4026  0  0 100  0
 1  0  48160 19144784 970124 39245460    0    0     0     4 1746 3787  0  0 100  0
 0  0  48160 19144800 970124 39245464    0    0     0     2 1785 3886  0  0 100  0
 0  0  48160 19145444 970124 39245472    0    0     0    32 1929 4069  0  0 100  0
 0  0  48160 19145608 970124 39245472    0    0     0     4 1853 4046  0  0 100  0
 1  0  48160 19145764 970124 39245476    0    0     0    56 1869 4261  0  0 100  0
procs -----------memory---------- ---swap-- -----io---- -system-- ----cpu----
 r  b   swpd   free   buff  cache   si   so    bi    bo   in   cs us sy id wa
 0  0  48160 19145708 970124 39245476    0    0     0     4 1818 4030  0  0 100  0
 0  0  48160 19145984 970124 39245476    0    0     0     2 1925 4169  0  0 100  0
 0  0  48160 19145900 970124 39245480    0    0     0    36 1851 4010  0  0 100  0
 0  0  48160 19146028 970124 39245480    0    0     0     4 1944 4212  0  0 100  0
 0  0  48160 19146164 970124 39245488    0    0     0    54 1783 3988  0  0 100  0
 0  0  48160 19146372 970124 39245488    0    0     0     4 1827 3950  0  0 100  0
 0  0  48160 19146472 970124 39245488    0    0     0    60 1884 4049  0  0 100  0
 0  0  48160 19146684 970124 39245488    0    0     0     0 1786 3941  0  0 100  0
 0  0  48160 19146488 970124 39245504    0    0     0     4 1881 4107  0  0 100  0
 0  0  48160 19146384 970124 39245508    0    0     0    60 1803 4017  0  0 100  0
 0  0  48160 19146500 970124 39245508    0    0     0     4 1776 3823  0  0 100  0
 0  0  48160 19146628 970124 39245508    0    0     0     2 1798 3884  0  0 100  0
 1  0  48160 19146676 970124 39245512    0    0     0    38 1870 4020  0  0 100  0
 0  0  48160 19146688 970124 39245516    0    0     0     4 1857 3982  0  0 100  0
 0  0  48160 19146748 970124 39245516    0    0     0    54 1853 4240  0  0 100  0
 0  0  48160 19146272 970124 39245524    0    0     0     4 1830 4017  0  0 100  0
 1  0  48160 19146764 970124 39245528    0    0     0     2 1916 4166  0  0 100  0
 0  0  48160 19146820 970124 39245532    0    0     0    50 1845 4071  0  0 100  0
 0  0  48160 19146832 970124 39245532    0    0     0     4 1872 4051  0  0 100  0
 0  0  48160 19146868 970124 39245536    0    0     0    48 1792 3927  0  0 100  0
 1  0  48160 19147012 970124 39245540    0    0     0     4 1752 3792  0  0 100  0
procs -----------memory---------- ---swap-- -----io---- -system-- ----cpu----
 r  b   swpd   free   buff  cache   si   so    bi    bo   in   cs us sy id wa
 0  0  48160 19146892 970124 39245540    0    0     0     2 1893 3992  0  0 100  0
 0  0  48160 19147028 970124 39245540    0    0     0    42 1780 3927  0  0 100  0
 0  0  48160 19145436 970124 39245544    0    0     0     4 1860 4051  0  0 100  0
 1  0  48160 19144564 970124 39245548    0    0     0    64 2077 4025  0  0 100  0
 0  0  48160 19144920 970124 39245548    0    0     0     4 1736 3742  0  0 100  0
 0  0  48160 19145144 970124 39245564    0    0     0     2 1794 3913  0  0 100  0
 0  0  48160 19145324 970124 39245576    0    0     0    42 1881 4086  0  0 100  0
 0  0  48160 19145608 970124 39245576    0    0     0     4 1814 3989  0  0 100  0
 0  0  48160 19145692 970124 39245580    0    0     0    56 1867 4222  0  0 100  0
 0  0  48160 19145712 970124 39245580    0    0     0     4 1789 3971  0  0 100  0
 0  0  48160 19145588 970124 39245584    0    0     0     2 1863 4090  0  0 100  0
 1  0  48160 19145716 970124 39245588    0    0     0    40 1857 4075  0  0 100  0
 0  0  48160 19145760 970124 39245588    0    0     0     4 1865 4030  0  0 100  0
 0  0  48160 19145888 970124 39245588    0    0     0    50 1803 3958  0  0 100  0
 0  0  48160 19145848 970124 39245588    0    0     0     4 1770 3836  0  0 100  0
 1  0  48160 19146008 970124 39245592    0    0     0    58 1876 4027  0  0 100  0
 0  0  48160 19146188 970124 39245592    0    0     0     2 1759 3890  0  0 100  0
 1  0  48160 19146348 970124 39245596    0    0     0     4 1831 3953  0  0 100  0
 0  0  48160 19146600 970124 39245596    0    0     0    50 1800 3999  0  0 100  0
 1  0  48160 19146820 970124 39245600    0    0     0     4 1698 3702  0  0 100  0
 0  0  48160 19146832 970124 39245600    0    0     0     2 1760 3838  0  0 100  0
procs -----------memory---------- ---swap-- -----io---- -system-- ----cpu----
 r  b   swpd   free   buff  cache   si   so    bi    bo   in   cs us sy id wa
 0  0  48160 19147080 970124 39245604    0    0     0    32 1841 3980  0  0 100  0
 0  0  48160 19147048 970124 39245604    0    0     0     4 1815 3921  0  0 100  0
 1  0  48160 19147172 970124 39245608    0    0     0    52 1846 4224  0  0 100  0
 0  0  48160 19147152 970124 39245612    0    0     0     4 1746 3918  0  0 100  0
 0  0  48160 19147172 970124 39245612    0    0     0     2 1832 3974  0  0 100  0
 0  0  48160 19147220 970124 39245612    0    0     0    36 1815 4026  0  0 100  0
 0  0  48160 19147392 970124 39245612    0    0     0    28 1824 3956  0  0 100  0
 0  0  48160 19147424 970124 39245616    0    0     0     6 1758 3858  0  0 100  0
 0  0  48160 19146804 970124 39245616    0    0     0    46 1775 3884  0  0 100  0
 0  0  48160 19146968 970124 39245620    0    0     0     2 1827 3886  0  0 100  0
 2  0  48160 19147196 970124 39245628    0    0     0     0 1727 3861  0  0 100  0
 0  0  48160 19144208 970124 39245632    0    0     0    40 1898 4141  0  0 100  0
 0  0  48160 19143388 970124 39245640    0    0     0     6 1800 3931  0  0 100  0
 0  0  48160 19143320 970124 39245640    0    0     0    64 1712 3745  0  0 100  0
 1  0  48160 19143400 970124 39245640    0    0     0     2 1763 3772  0  0 100  0
 1  0  48160 19143732 970124 39245656    0    0     0     0 1980 4121  1  0 99  0
 0  0  48160 19144384 970124 39245664    0    0     0    64 1924 4205  1  0 99  0
 0  0  48160 19144756 970124 39245664    0    0     0     6 1818 4130  0  0 100  0
 6  0  48160 19141940 970124 39248080    0    0     0    70 4004 4513  2  0 98  0
 0  0  48160 19134644 970124 39248988    0    0     0     2 362797 8994  5  5 91  0
 0  0  48160 19135224 970124 39249048    0    0     0     0 1868 4133  0  0 100  0
procs -----------memory---------- ---swap-- -----io---- -system-- ----cpu----
 r  b   swpd   free   buff  cache   si   so    bi    bo   in   cs us sy id wa
 0  0  48160 19135440 970124 39249048    0    0     0    52 1836 4045  0  0 100  0
 0  0  48160 19136764 970124 39249052    0    0     0     6 1745 3860  0  0 100  0
 0  0  48160 19136956 970124 39249056    0    0     0    44 1766 3872  0  0 100  0
 0  0  48160 19137676 970124 39249056    0    0     0    42 1867 4108  0  0 100  0
 1  0  48160 19138296 970124 39249060    0    0     0     0 1772 3929  0  0 100  0
 0  0  48160 19138480 970124 39249060    0    0     0     4 1856 4051  0  0 100  0
 0  0  48160 19138972 970124 39249068    0    0     0    46 1776 3920  0  0 100  0
 0  0  48160 19139236 970124 39249068    0    0     0     4 1728 3792  0  0 100  0
 0  0  48160 19140092 970124 39249072    0    0     0     2 1729 3766  0  0 100  0
 0  0  48160 19140352 970124 39249076    0    0     0    32 1856 4004  0  0 100  0
 1  0  48160 19140556 970124 39249076    0    0     0     4 1829 4022  0  0 100  0
 0  0  48160 19141012 970124 39249080    0    0     0    46 1851 4205  0  0 100  0
 0  0  48160 19140580 970124 39249080    0    0     0  2098 1983 4602  1  0 99  0
 0  0  48160 19141600 970124 39248300    0    0     0     2 1860 4033  0  0 100  0
 2  0  48160 19141788 970124 39248304    0    0     0     0 1840 4064  0  0 100  0
 0  0  48160 19142052 970124 39248304    0    0     0    86 1816 4013  0  0 100  0
 0  0  48160 19142156 970124 39248304    0    0     0     6 1731 3795  0  0 100  0
 0  0  48160 19142200 970124 39248308    0    0     0     4 1765 3811  0  0 100  0
 0  0  48160 19141900 970124 39248308    0    0     0    46 1842 3930  0  0 100  0
 0  0  48160 19142000 970124 39248308    0    0     0     0 1722 3840  0  0 100  0
 0  0  48160 19140000 970124 39248316    0    0     0     6 1840 4040  0  0 100  0
procs -----------memory---------- ---swap-- -----io---- -system-- ----cpu----
 r  b   swpd   free   buff  cache   si   so    bi    bo   in   cs us sy id wa
 0  0  48160 19139836 970124 39248320    0    0     0    86 1799 3929  0  0 100  0
 1  0  48160 19140080 970124 39248320    0    0     0     4 1706 3726  0  0 100  0
 0  0  48160 19139960 970124 39248320    0    0     0     2 1781 3888  0  0 100  0
 0  0  48160 19140960 970124 39248332    0    0     0    40 1840 3962  0  0 100  0
 1  0  48160 19140968 970124 39248332    0    0     0     6 1824 3969  0  0 100  0
 1  0  48160 19141084 970124 39248332    0    0     0    56 1846 4184  0  0 100  0
 0  0  48160 19141128 970124 39248336    0    0     0     4 1759 3951  0  0 100  0
 0  0  48160 19141036 970124 39248344    0    0     0     2 1848 4042  0  0 100  0
 0  0  48160 19141136 970124 39248344    0    0     0    40 1824 3981  0  0 100  0
 1  0  48160 19141280 970124 39248348    0    0     0     8 1808 3949  0  0 100  0
 0  0  48160 19141240 970124 39248348    0    0     0    48 1781 3916  0  0 100  0
 0  0  48160 19141296 970124 39248352    0    0     0     4 1764 3845  0  0 100  0
 0  0  48160 19141464 970124 39248352    0    0     0    50 1872 4030  0  0 100  0
 1  0  48160 19141300 970124 39248352    0    0     0     0 1732 3797  0  0 100  0
 0  0  48160 19141344 970124 39248356    0    0     0     6 1879 4084  0  0 100  0
 0  0  48160 19141480 970124 39248360    0    0     0    52 1749 3894  0  0 100  0
 0  0  48160 19141368 970124 39248360    0    0     0     4 1722 3801  0  0 100  0
 1  0  48160 19141260 970124 39248360    0    0     0     2 1750 3819  0  0 100  0
 0  0  48160 19141628 970124 39248368    0    0     0    36 1833 3957  0  0 100  0
 0  0  48160 19141644 970124 39248368    0    0     0     6 1862 4007  0  0 100  0
 0  0  48160 19141664 970124 39248368    0    0     0    52 1868 4177  0  0 100  0
procs -----------memory---------- ---swap-- -----io---- -system-- ----cpu----
 r  b   swpd   free   buff  cache   si   so    bi    bo   in   cs us sy id wa
 1  0  48160 19141664 970124 39248372    0    0     0     4 1761 3921  0  0 100  0
 0  0  48160 19141760 970124 39248372    0    0     0     2 1903 4147  0  0 100  0
 0  0  48160 19141800 970124 39248376    0    0     0    38 1810 3975  0  0 100  0
 0  0  48160 19141552 970124 39248376    0    0     0     6 1830 4042  0  0 100  0
 0  0  48160 19141744 970124 39248380    0    0     0    56 1734 3812  0  0 100  0
 0  0  48160 19141868 970124 39248384    0    0     0     4 1751 3827  0  0 100  0
 0  0  48160 19141788 970124 39248384    0    0     0     2 1845 3930  0  0 100  0
 0  0  48160 19141416 970124 39248384    0    0     0    42 1732 3825  0  0 100  0
 1  0  48160 19140356 970124 39248388    0    0     0     6 1830 4051  0  0 100  0
 0  0  48160 19140540 970124 39248388    0    0     0    62 1806 4047  0  0 100  0
 0  0  48160 19140480 970124 39248392    0    0     0     4 1714 3721  0  0 100  0
 3  0  48160 19140488 970124 39248408    0    0     0     2 1742 3810  0  0 100  0
 1  0  48160 19141404 970124 39248408    0    0     0    38 1774 3909  0  0 100  0
 2  0  48160 19141496 970124 39248412    0    0     0     6 1803 3963  0  0 100  0
 6  0  48160 19141760 970124 39248412    0    0     0    58 1914 4282  0  0 100  0
 0  0  48160 19141720 970124 39248420    0    0     0     4 1804 3969  0  0 100  0
 2  0  48160 19141952 970124 39248420    0    0     0     2 1844 4059  0  0 100  0
 0  0  48160 19141740 970124 39248420    0    0     0    36 1803 3999  0  0 100  0
 0  0  48160 19141872 970124 39248420    0    0     0     6 1877 4169  0  0 100  0
 0  0  48160 19141752 970124 39248428    0    0     0    50 1809 3980  0  0 100  0
 1  0  48160 19141764 970124 39248428    0    0     0    26 1760 3828  0  0 100  0
procs -----------memory---------- ---swap-- -----io---- -system-- ----cpu----
 r  b   swpd   free   buff  cache   si   so    bi    bo   in   cs us sy id wa
 0  0  48160 19141192 970124 39248428    0    0     0    62 1892 4104  0  0 100  0
 0  0  48160 19141332 970124 39248428    0    0     0     0 1779 3899  0  0 100  0
 0  0  48160 19141752 970124 39248436    0    0     0     6 1800 3909  0  0 100  0
 1  0  48160 19141876 970124 39248436    0    0     0    48 1818 4031  0  0 100  0
 0  0  48160 19141964 970124 39248440    0    0     0     6 1747 3793  0  0 100  0
 0  0  48160 19141984 970124 39248444    0    0     0     2 1783 3817  0  0 100  0
 0  0  48160 19142048 970124 39248448    0    0     0    38 1824 4055  0  0 100  0
 0  0  48160 19142160 970124 39248448    0    0     0     6 1819 3891  0  0 100  0
 0  0  48160 19142336 970124 39248452    0    0     0    50 1876 4257  0  0 100  0
 0  0  48160 19142460 970124 39248452    0    0     0     6 1835 4109  0  0 100  0
 0  0  48160 19142596 970124 39248456    0    0     0     2 1867 4036  0  0 100  0
 0  0  48160 19142804 970124 39248456    0    0     0    40 1832 4070  0  0 100  0
 2  0  48160 19142924 970124 39248456    0    0     0     6 1819 3995  0  0 100  0
 0  0  48160 19143308 970124 39248460    0    0     0    46 1807 3966  0  0 100  0
 0  0  48160 19143196 970124 39248460    0    0     0    26 1845 3977  0  0 100  0
 0  0  48160 19143312 970124 39248464    0    0     0     2 1835 3914  0  0 100  0
 1  0  48160 19143300 970124 39248472    0    0     0    42 1781 3948  0  0 100  0
 0  0  48160 19142200 970124 39248476    0    0     0     6 1834 4099  0  0 100  0
 0  0  48160 19142012 970124 39248480    0    0     0     4 1775 3906  0  0 100  0
 0  0  48160 19142184 970124 39248480    0    0     0    80 1791 3863  0  0 100  0
 1  0  48160 19142156 970124 39248496    0    0     0     2 1775 3807  0  0 100  0
procs -----------memory---------- ---swap-- -----io---- -system-- ----cpu----
 r  b   swpd   free   buff  cache   si   so    bi    bo   in   cs us sy id wa
 0  0  48160 19142784 970124 39248492    0    0     0     0 1873 4139  0  0 100  0
 0  0  48160 19142792 970124 39248496    0    0     0    50 1889 4053  0  0 100  0
 0  0  48160 19142884 970124 39248496    0    0     0     4 1903 4158  0  0 100  0
 0  0  48160 19142920 970124 39248500    0    0     0    44 1867 4100  0  0 100  0
 0  0  48160 19142864 970124 39248500    0    0     0     2 1886 4067  0  0 100  0
 0  0  48160 19143120 970124 39248504    0    0     0     0 1801 3963  0  0 100  0
 0  0  48160 19143224 970124 39248504    0    0     0    42 1835 4081  0  0 100  0
 0  0  48160 19142240 970124 39248508    0    0     0     4 1858 3900  0  0 100  0
 0  0  48160 19142240 970124 39248512    0    0     0    50 1849 4132  0  0 100  0
 0  0  48160 19141488 970124 39248516    0    0     0    62 1911 4032  0  0 100  0
 0  0  48160 19141124 970124 39248528    0    0     0     0 1806 3846  0  0 100  0
 0  0  48160 19141396 970124 39248528    0    0     0     6 1814 3918  0  0 100  0
 0  0  48160 19141548 970124 39248528    0    0     0    48 1776 3905  0  0 100  0
 0  0  48160 19141356 970124 39248532    0    0     0     4 1721 3757  0  0 100  0
 0  0  48160 19141420 970124 39248536    0    0     0    42 1769 3847  0  0 100  0
 0  0  48160 19141320 970124 39248536    0    0     0     0 1840 4027  0  0 100  0
 0  0  48160 19141308 970124 39248540    0    0     0     6 1796 3918  0  0 100  0
 0  0  48160 19141408 970124 39248544    0    0     0    46 1901 4252  0  0 100  0
 0  0  48160 19141552 970124 39248552    0    0     0     4 1796 3971  0  0 100  0
 0  0  48160 19141832 970124 39248552    0    0     0     2 1848 4000  0  0 100  0
 0  0  48160 19142172 970124 39248556    0    0     0    36 1820 4116  0  0 100  0
procs -----------memory---------- ---swap-- -----io---- -system-- ----cpu----
 r  b   swpd   free   buff  cache   si   so    bi    bo   in   cs us sy id wa
 0  0  48160 19142192 970124 39248556    0    0     0     6 1794 3965  0  0 100  0
 0  0  48160 19142316 970124 39248560    0    0     0    44 1802 3909  0  0 100  0
 0  0  48160 19142324 970124 39248564    0    0     0     4 1808 3882  0  0 100  0
 0  0  48160 19142416 970124 39248564    0    0     0     4 1841 3955  0  0 100  0
 0  0  48160 19142328 970124 39248564    0    0     0    36 1789 3933  0  0 100  0
 0  0  48160 19140828 970124 39248568    0    0     0     6 1766 3932  0  0 100  0
 0  0  48160 19140716 970124 39248572    0    0     0    60 1779 3954  0  0 100  0
 0  0  48160 19140996 970124 39248572    0    0     0     4 1739 3784  0  0 100  0
 0  0  48160 19140944 970124 39248588    0    0     0    46 1756 3745  0  0 100  0
 0  0  48160 19141580 970124 39248584    0    0     0     0 1849 4116  0  0 100  0
 0  0  48160 19141844 970124 39248588    0    0     0    52 1877 4087  0  0 100  0
 0  0  48160 19141888 970124 39248588    0    0     0     4 1872 4135  0  0 100  0
 0  0  48160 19142068 970124 39248592    0    0     0     4 1843 4109  0  0 100  0
 0  0  48160 19142284 970124 39248592    0    0     0    46 1827 3960  0  0 100  0
 0  0  48160 19142288 970124 39248596    0    0     0     0 1824 4122  0  0 100  0
 0  0  48160 19142452 970124 39248600    0    0     0     6 1874 4209  0  0 100  0
 0  0  48160 19142532 970124 39248600    0    0     0    46 1773 3848  0  0 100  0
 0  0  48160 19142756 970124 39248604    0    0     0     4 1860 4055  0  0 100  0
 0  0  48160 19142944 970124 39248608    0    0     0    60 1895 4070  0  0 100  0
 0  0  48160 19142824 970124 39248608    0    0     0     2 1790 3977  0  0 100  0
 0  0  48160 19143224 970124 39248608    0    0     0    42 1792 4012  0  0 100  0
procs -----------memory---------- ---swap-- -----io---- -system-- ----cpu----
 r  b   swpd   free   buff  cache   si   so    bi    bo   in   cs us sy id wa
 0  0  48160 19142596 970124 39248616    0    0     0     4 1765 3905  0  0 100  0
 0  0  48160 19142740 970124 39248616    0    0     0     4 1798 3915  0  0 100  0
 1  0  48160 19142828 970124 39248616    0    0     0    42 1733 3707  0  0 100  0
 0  0  48160 19142924 970124 39248616    0    0     0     0 1841 4115  0  0 100  0
 0  0  48160 19142936 970124 39248620    0    0     0     6 1863 4056  0  0 100  0
 2  0  48160 19143212 970124 39248620    0    0     0    48 1877 4172  0  0 100  0
 0  0  48160 19143084 970124 39248624    0    0     0     4 1825 4076  0  0 100  0
 0  0  48160 19143176 970124 39248628    0    0     0     2 1862 3997  0  0 100  0
 0  0  48160 19143180 970124 39248632    0    0     0    62 1798 4025  0  0 100  0
 1  0  48160 19142624 970124 39248632    0    0     0     6 1937 4040  0  0 100  0
 0  0  48160 19142632 970124 39248632    0    0     0     4 1772 3873  0  0 100  0
 0  0  48160 19142712 970124 39248632    0    0     0    44 1908 4010  0  0 100  0
 0  0  48160 19142344 970124 39248632    0    0     0     2 1834 3977  0  0 100  0
 1  0  48160 19142592 970124 39248636    0    0     0     2 1766 3878  0  0 100  0
 0  0  48160 19140348 970124 39248644    0    0     0    46 1851 4162  0  0 99  0
 0  0  48160 19138844 970124 39248648    0    0     0     4 1986 3924  0  0 100  0
 0  0  48160 19138488 970124 39248648    0    0     0    62 1824 3959  0  0 100  0
 0  0  48160 19138992 970124 39248664    0    0     0     2 1730 3774  0  0 100  0
 1  0  48160 19140160 970124 39248664    0    0     0     2 1999 4493  0  0 100  0
 0  0  48160 19140528 970124 39248676    0    0     0    58 2484 5469  0  1 99  0
 0  0  48160 19140840 970124 39248680    0    0     0     4 1815 4090  0  0 100  0
procs -----------memory---------- ---swap-- -----io---- -system-- ----cpu----
 r  b   swpd   free   buff  cache   si   so    bi    bo   in   cs us sy id wa
 0  0  48160 19141288 970124 39248684    0    0     0    48 1871 4117  0  0 100  0
 0  0  48160 19141300 970124 39248688    0    0     0     2 1878 4068  0  0 100  0
 0  0  48160 19141536 970124 39248692    0    0     0     0 1781 3994  0  0 100  0
 0  0  48160 19141848 970124 39248692    0    0     0    56 1843 4024  0  0 100  0
 0  0  48160 19141600 970124 39248700    0    0     0     4 1752 3841  0  0 100  0
 0  0  48160 19142112 970124 39248700    0    0     0    44 1843 4013  0  0 100  0
 0  0  48160 19141092 970124 39248700    0    0     0    52 2302 4077  0  0 100  0
 0  0  48160 19140796 970124 39248704    0    0     0     0 1801 3851  0  0 100  0
 0  0  48160 19141292 970124 39248704    0    0     0    44 1818 3978  0  0 100  0
 0  0  48160 19140552 970124 39248704    0    0     0     4 1769 3902  0  0 100  0
 1  0  48160 19140752 970124 39248704    0    0     0     4 1797 3864  0  0 100  0
 0  0  48160 19140832 970124 39248704    0    0     0    44 1750 3786  0  0 100  0
 1  0  48160 19140956 970124 39248712    0    0     0     0 1806 3982  0  0 100  0
 0  0  48160 19140716 970124 39248716    0    0     0    50 1918 4012  0  0 100  0
 0  0  48160 19140588 970124 39248716    0    0     0     4 1884 4151  0  0 100  0
 0  0  48160 19140500 970124 39248716    0    0     0    44 1853 4120  0  0 100  0
 2  0  48160 19140524 970124 39248716    0    0     0     2 1865 4119  0  0 100  0
 0  0  48160 19140684 970124 39248720    0    0     0     0 1808 3963  0  0 100  0
 0  0  48160 19140544 970124 39248720    0    0     0    44 1852 4071  0  0 100  0
 0  0  48160 19140660 970124 39248728    0    0     0     4 1776 3859  0  0 100  0
 1  0  48160 19140952 970124 39248728    0    0     0    44 1824 3983  0  0 100  0
procs -----------memory---------- ---swap-- -----io---- -system-- ----cpu----
 r  b   swpd   free   buff  cache   si   so    bi    bo   in   cs us sy id wa
 0  0  48160 19140704 970124 39248728    0    0     0     2 1874 3949  0  0 100  0
 0  0  48160 19139840 970124 39248732    0    0     0     0 1858 4000  0  0 100  0
 0  0  48160 19139560 970124 39248736    0    0     0    58 1809 3987  0  0 100  0
 1  0  48160 19139288 970124 39248736    0    0     0     4 1782 3907  0  0 100  0
 0  0  48160 19139564 970124 39248736    0    0     0    44 1783 3907  0  0 100  0
 0  0  48160 19139816 970124 39248752    0    0     0     2 1809 3911  0  0 100  0
 0  0  48160 19140988 970124 39248752    0    0     0     0 1871 4141  0  0 100  0
 1  0  48160 19141032 970124 39248752    0    0     0    52 1923 4245  0  0 100  0
 0  0  48160 19140448 970124 39248756    0    0     0     4 2017 4194  0  0 100  0
 0  0  48160 19140648 970124 39248756    0    0     0    48 1899 4211  0  0 100  0
 1  0  48160 19140760 970124 39248764    0    0     0     2 1878 4120  0  0 100  0
 1  0  48160 19140816 970124 39248764    0    0     0     0 1809 3941  0  0 100  0
 0  0  48160 19140848 970124 39248768    0    0     0    46 1842 4044  0  0 100  0
 0  0  48160 19140792 970124 39248768    0    0     0     4 1764 3862  0  0 100  0
 0  0  48160 19140760 970124 39248772    0    0     0    46 1864 3990  0  0 100  0
 1  0  48160 19140808 970124 39248772    0    0     0    44 1850 3982  0  0 100  0
 0  0  48160 19140740 970124 39248780    0    0     0     0 1788 3890  0  0 100  0
 0  0  48160 19133724 970124 39252076    0    0     0    68 14110 4644  3  0 97  0
 0  0  48160 19133976 970124 39252152    0    0     0     4 1771 3877  0  0 100  0
 1  0  48160 19133304 970124 39252152    0    0     0     4 1868 3798  0  0 100  0
 0  0  48160 19133744 970124 39252152    0    0     0    42 1832 3876  0  0 100  0
procs -----------memory---------- ---swap-- -----io---- -system-- ----cpu----
 r  b   swpd   free   buff  cache   si   so    bi    bo   in   cs us sy id wa
 0  0  48160 19133992 970124 39252156    0    0     0     0 1831 4031  0  0 100  0
 0  0  48160 19134188 970124 39252160    0    0     0    54 1887 4067  0  0 100  0
 1  0  48160 19134808 970124 39252164    0    0     0     4 1916 4325  0  0 100  0
 0  0  48160 19134812 970124 39252168    0    0     0     4 1809 4003  0  0 100  0
 0  0  48160 19135316 970124 39252172    0    0     0    42 1867 4136  0  0 100  0
 0  0  48160 19135532 970124 39252172    0    0     0     0 1778 3911  0  0 100  0
 1  0  48160 19135812 970124 39252176    0    0     0     6 1819 4037  0  0 100  0
 0  0  48160 19135844 970124 39252180    0    0     0    44 1818 3956  0  0 100  0
 0  0  48160 19136256 970124 39252180    0    0     0     4 1845 3953  0  0 100  0
 0  0  48160 19136468 970124 39252184    0    0     0    40 1847 3950  0  0 100  0
 3  0  48160 19135968 970124 39252184    0    0     0     0 1773 3921  0  0 100  0
 0  0  48160 19116176 970124 39269492    0    0     0  2130 2438 5087  3  1 96  0
 0  0  48160 19115832 970124 39269756    0    0     0     6 1818 4011  0  0 100  0
 0  0  48160 19115896 970124 39269756    0    0     0    98 1701 3698  0  0 100  0
 1  0  48160 19115996 970124 39269768    0    0     0     2 1792 3857  0  0 100  0
 1  0  48160 19117016 970124 39269764    0    0     0     0 1881 4142  0  0 100  0
 0  0  48160 19116996 970124 39269768    0    0     0    50 1835 3983  0  0 100  0
 0  0  48160 19116964 970124 39269772    0    0     0    40 1889 4226  0  0 100  0
 1  0  48160 19116964 970124 39269776    0    0     0     4 1846 4091  0  0 100  0
 0  0  48160 19117096 970124 39269776    0    0     0     2 1840 4057  0  0 100  0
 0  0  48160 19117128 970124 39269776    0    0     0    38 1781 3990  0  0 100  0
procs -----------memory---------- ---swap-- -----io---- -system-- ----cpu----
 r  b   swpd   free   buff  cache   si   so    bi    bo   in   cs us sy id wa
 0  0  48160 19117120 970124 39269780    0    0     0     6 1804 4025  0  0 100  0
 1  0  48160 19117484 970124 39269784    0    0     0    46 1782 3921  0  0 100  0
 0  0  48160 19117484 970124 39269788    0    0     0     4 1852 4009  0  0 100  0
 0  0  48160 19117232 970124 39269792    0    0     0    56 1899 4121  0  0 100  0
 0  0  48160 19117348 970124 39269792    0    0     0     0 1779 3919  0  0 100  0
 1  0  48160 19117744 970124 39269796    0    0     0    44 1824 4019  0  0 100  0
 1  0  48160 19117868 970124 39269796    0    0     0    36 1744 3872  0  0 100  0
 0  0  48160 19118108 970124 39269800    0    0     0     4 1722 3831  0  0 100  0
 0  0  48160 19118508 970124 39269804    0    0     0     2 1759 3849  0  0 100  0
 1  0  48160 19118884 970124 39269808    0    0     0    38 1847 4063  0  0 100  0
 1  0  48160 19118992 970124 39269808    0    0     0     6 1852 4012  0  0 100  0
 0  0  48160 19119060 970124 39269808    0    0     0     4 1866 4192  0  0 100  0
 0  0  48160 19119180 970124 39269812    0    0     0    46 1826 4049  0  0 100  0
 1  0  48160 19119064 970124 39269812    0    0     0     2 1871 4133  0  0 100  0
 0  0  48160 19119076 970124 39269816    0    0     0     0 1833 4021  0  0 100  0
 0  0  48160 19119084 970124 39269816    0    0     0    44 1767 3968  0  0 100  0
 0  0  48160 19119452 970124 39269820    0    0     0     4 1783 3918  0  0 100  0
 1  0  48160 19119216 970124 39269820    0    0     0    54 1855 3893  0  0 100  0
 0  0  48160 19119216 970124 39269820    0    0     0     2 1854 3971  0  0 100  0
 0  0  48160 19119296 970124 39269824    0    0     0    38 1762 3914  0  0 100  0
 0  0  48160 19117600 970124 39269832    0    0     0     6 3463 4070  0  0 100  0
procs -----------memory---------- ---swap-- -----io---- -system-- ----cpu----
 r  b   swpd   free   buff  cache   si   so    bi    bo   in   cs us sy id wa
 1  0  48160 19117724 970124 39269836    0    0     0     4 1771 3991  0  0 100  0
 0  0  48160 19117816 970124 39269840    0    0     0    58 1726 3744  0  0 100  0
 0  0  48160 19117708 970124 39269852    0    0     0     4 1757 3830  0  0 100  0
 0  0  48160 19118156 970124 39269856    0    0     0     0 1830 4092  0  0 100  0
 1  0  48160 19118752 970124 39269852    0    0     0    76 1917 4169  0  0 100  0
 0  0  48160 19118624 970124 39269856    0    0     0     4 1821 4062  0  0 100  0
 0  0  48160 19119260 970124 39269860    0    0     0    44 1823 4069  0  0 100  0
 0  0  48160 19119264 970124 39269864    0    0     0     4 1834 4051  0  0 100  0
 1  0  48160 19119544 970124 39269868    0    0     0     0 1850 4093  0  0 100  0
 0  0  48160 19119168 970124 39269868    0    0     0    44 1753 3903  0  0 100  0
 0  0  48160 19119168 970124 39269868    0    0     0     4 1791 3969  0  0 100  0
 0  0  48160 19119456 970124 39269872    0    0     0    44 1832 3932  0  0 100  0
 1  0  48160 19119704 970124 39269872    0    0     0    90 1893 4104  0  0 100  0
 0  0  48160 19119764 970124 39269876    0    0     0     0 1804 3974  0  0 100  0
 0  0  48160 19120160 970124 39269880    0    0     0     6 1727 3843  0  0 100  0
 0  0  48160 19120544 970124 39269880    0    0     0    52 1757 3989  0  0 100  0
 1  0  48160 19120664 970124 39269884    0    0     0     4 1774 3893  0  0 100  0
 0  0  48160 19120800 970124 39269884    0    0     0    40 1753 3777  0  0 100  0
 0  0  48160 19120220 970124 39269884    0    0     0     0 1836 4042  0  0 100  0
 0  0  48160 19120588 970124 39269892    0    0     0     6 1899 4193  0  0 100  0
 1  0  48160 19120620 970124 39269892    0    0     0    46 1852 4169  0  0 100  0
procs -----------memory---------- ---swap-- -----io---- -system-- ----cpu----
 r  b   swpd   free   buff  cache   si   so    bi    bo   in   cs us sy id wa
 0  0  48160 19120800 970124 39269892    0    0     0     4 1795 4102  0  0 100  0
 0  0  48160 19120208 970124 39269896    0    0     0     2 1851 4051  0  0 100  0
 0  0  48160 19120368 970124 39269896    0    0     0    62 1805 4053  0  0 100  0
 1  0  48160 19120748 970124 39269900    0    0     0     6 1756 3898  0  0 100  0
 0  0  48160 19120820 970124 39269904    0    0     0     4 1758 3890  0  0 100  0
 1  0  48160 19120960 970124 39269908    0    0     0    44 1817 3957  0  0 100  0
 0  0  48160 19120848 970124 39269908    0    0     0     2 1824 3908  0  0 100  0
 1  0  48160 19121068 970124 39269908    0    0     0     2 1793 4026  0  0 100  0
 0  0  48160 19120036 970124 39269912    0    0     0    56 1769 3971  0  0 100  0
 0  0  48160 19119564 970124 39269916    0    0     0     4 1745 3886  0  0 100  0
 0  0  48160 19119732 970124 39269920    0    0     0    50 1781 3922  0  0 100  0
 1  0  48160 19119236 970124 39269928    0    0     0     2 1756 3754  0  0 100  0
 0  0  48160 19119628 970124 39269924    0    0     0     2 1892 4198  0  0 100  0
 0  0  48160 19119820 970124 39269928    0    0     0    54 1926 4199  0  0 100  0
 0  0  48160 19119820 970124 39269928    0    0     0     4 1857 4057  0  0 100  0
 1  0  48160 19120056 970124 39269932    0    0     0    48 1859 4105  0  0 100  0
 0  0  48160 19120468 970124 39269932    0    0     0     2 1814 4042  0  0 100  0
 0  0  48160 19120576 970124 39269936    0    0     0     0 1817 4043  0  0 100  0
 0  0  48160 19121076 970124 39269936    0    0     0    42 1787 4003  0  0 100  0
 0  0  48160 19121312 970124 39269940    0    0     0     4 1781 3910  0  0 100  0
 0  0  48160 19121500 970124 39269944    0    0     0    48 1870 4047  0  0 100  0
procs -----------memory---------- ---swap-- -----io---- -system-- ----cpu----
 r  b   swpd   free   buff  cache   si   so    bi    bo   in   cs us sy id wa
 0  0  48160 19121928 970124 39269944    0    0     0    48 1835 3966  0  0 100  0
 0  0  48160 19121680 970124 39269944    0    0     0     0 1853 4084  0  0 100  0
 0  0  48160 19121624 970124 39269944    0    0     0    48 1783 3970  0  0 100  0
 0  0  48160 19121756 970124 39269948    0    0     0     4 1750 3885  0  0 100  0
 0  0  48160 19121824 970124 39269948    0    0     0     4 1766 3910  0  0 100  0
 0  0  48160 19121888 970124 39269948    0    0     0    52 1844 3882  0  0 100  0
 0  0  48160 19121888 970124 39269952    0    0     0     0 1851 4126  0  0 100  0
 0  0  48160 19121656 970124 39269956    0    0     0    56 1898 4269  0  0 100  0
 0  0  48160 19121580 970124 39269960    0    0     0     4 1850 4004  0  0 100  0
 0  0  48160 19121628 970124 39269960    0    0     0     4 1847 4110  0  0 100  0
 0  0  48160 19121640 970124 39269968    0    0     0    42 1805 4060  0  0 100  0
 1  0  48160 19121708 970124 39269972    0    0     0     0 1821 4037  0  0 100  0
 0  0  48160 19121504 970124 39269972    0    0     0     6 1760 3943  0  0 100  0
 1  0  48160 19121504 970124 39269972    0    0     0    50 1723 3824  0  0 100  0
 0  0  48160 19121144 970124 39269976    0    0     0     4 1852 3994  0  0 100  0
 1  0  48160 19121036 970124 39269980    0    0     0     2 1829 3965  0  0 100  0
 0  0  48160 19121128 970124 39269984    0    0     0    36 1914 4113  0  0 100  0
 0  0  48160 19119964 970124 39269984    0    0     0     6 1858 4216  0  0 100  0
 0  0  48160 19119468 970124 39269996    0    0     0    72 1781 3925  0  0 100  0
 1  0  48160 19119404 970124 39269996    0    0     0     4 1783 3877  0  0 100  0
 0  0  48160 19119428 970124 39269996    0    0     0     2 1796 3901  0  0 100  0
procs -----------memory---------- ---swap-- -----io---- -system-- ----cpu----
 r  b   swpd   free   buff  cache   si   so    bi    bo   in   cs us sy id wa
 0  0  48160 19120092 970124 39270008    0    0     0    42 1866 4143  0  0 100  0
 0  0  48160 19119752 970124 39270008    0    0     0     6 1950 4308  0  0 100  0
 1  0  48160 19120044 970124 39270012    0    0     0    54 1792 3871  0  0 100  0
 0  0  48160 19120120 970124 39270016    0    0     0     4 1897 4151  0  0 100  0
 0  0  48160 19120056 970124 39270016    0    0     0     2 1833 4078  0  0 100  0
 0  0  48160 19120144 970124 39270016    0    0     0    40 1961 4450  0  0 100  0
 2  0  48160 19119680 970124 39270152    0    0     0     6 2142 5117  0  1 99  0
 0  0  48160 19119696 970124 39270156    0    0     0    48 1981 4636  0  0 99  0
 0  0  48160 19119820 970124 39270156    0    0     0    24 1875 3998  0  0 100  0
 0  0  48160 19119820 970124 39270156    0    0     0    62 1862 4017  0  0 100  0
 1  0  48160 19119388 970124 39270160    0    0     0     0 1862 3965  0  0 100  0
 0  0  48160 19119020 970124 39270164    0    0     0     6 1862 3956  0  0 100  0
 1  0  48160 19119268 970124 39270164    0    0     0    46 1775 3904  0  0 100  0
 0  0  48160 19118960 970124 39270168    0    0     0     6 1786 3881  0  0 100  0
 1  0  48160 19118980 970124 39270168    0    0     0    44 1777 3832  0  0 100  0
 0  0  48160 19118944 970124 39270172    0    0     0     0 1811 4009  0  0 100  0
 0  0  48160 19119256 970124 39270172    0    0     0     6 1907 4319  0  0 100  0
 0  0  48160 19119216 970124 39270176    0    0     0    46 1743 3800  0  0 100  0
 1  0  48160 19119124 970124 39270180    0    0     0     4 1973 4186  0  0 100  0
 0  0  48160 19119336 970124 39270180    0    0     0    36 1828 4113  0  0 100  0
 0  0  48160 19119232 970124 39270180    0    0     0     0 1825 3969  0  0 100  0
procs -----------memory---------- ---swap-- -----io---- -system-- ----cpu----
 r  b   swpd   free   buff  cache   si   so    bi    bo   in   cs us sy id wa
 0  0  48160 19119308 970124 39270180    0    0     0     6 1815 4026  0  0 100  0
 1  0  48160 19119436 970124 39270184    0    0     0    46 1744 3854  0  0 100  0
 0  0  48160 19118748 970124 39270188    0    0     0     6 2049 4072  0  0 100  0
 0  0  48160 19119028 970124 39270188    0    0     0     2 1833 3977  0  0 100  0
 0  0  48160 19119148 970124 39270192    0    0     0    36 1838 4013  0  0 100  0
 1  0  48160 19117700 970124 39270196    0    0     0     6 1873 4162  0  0 100  0
 0  0  48160 19117700 970124 39270196    0    0     0    62 1826 4023  0  0 100  0
 0  0  48160 19117512 970124 39270204    0    0     0    46 1769 3810  0  0 100  0
 0  0  48160 19118012 970124 39270216    0    0     0     2 1807 3965  0  0 99  0
 1  0  48160 19118796 970124 39270220    0    0     0     0 1843 4047  0  0 100  0
 0  0  48160 19118876 970124 39270216    0    0     0    50 1938 4350  0  0 100  0
 0  0  48160 19118960 970124 39270216    0    0     0     4 1763 3878  0  0 100  0
 0  0  48160 19119124 970124 39270220    0    0     0     4 1942 4127  0  0 100  0
 1  0  48160 19119304 970124 39270220    0    0     0    44 1818 4112  0  0 100  0
 0  0  48160 19119308 970124 39270232    0    0     0     0 1830 3974  0  0 100  0
 0  0  48160 19119324 970124 39270232    0    0     0     6 1781 3990  0  0 100  0
 0  0  48160 19119200 970124 39270232    0    0     0    44 1788 3943  0  0 100  0
 1  0  48160 19119204 970124 39270236    0    0     0     4 1840 3906  0  0 100  0
 0  0  48160 19119344 970124 39270240    0    0     0    60 1837 3984  0  0 100  0
 0  0  48160 19119228 970124 39270244    0    0     0     0 1814 3951  0  0 100  0
 0  0  48160 19119404 970124 39270244    0    0     0     6 1845 4096  0  0 100  0
procs -----------memory---------- ---swap-- -----io---- -system-- ----cpu----
 r  b   swpd   free   buff  cache   si   so    bi    bo   in   cs us sy id wa
 1  0  48160 19119156 970124 39270248    0    0     0    48 1798 3996  0  0 100  0
 0  0  48160 19119392 970124 39270252    0    0     0     4 1790 3886  0  0 100  0
 0  0  48160 19119424 970124 39270252    0    0     0    46 1765 3876  0  0 100  0
 0  0  48160 19119544 970124 39270252    0    0     0     0 1832 4016  0  0 100  0
 1  0  48160 19119164 970124 39270252    0    0     0     6 1981 4375  0  0 100  0
 0  0  48160 19119044 970124 39270256    0    0     0    50 1734 3879  0  0 100  0
 0  0  48160 19119200 970124 39270256    0    0     0     4 1906 4142  0  0 100  0
 0  0  48160 19119368 970124 39270256    0    0     0    46 1851 4176  0  0 100  0
 1  0  48160 19119124 970124 39270260    0    0     0     0 1835 4011  0  0 100  0
 0  0  48160 19119264 970124 39270264    0    0     0     6 1819 4070  0  0 100  0
 1  0  48160 19119488 970124 39270264    0    0     0    46 1775 3953  0  0 100  0
 0  0  48160 19119268 970124 39270268    0    0     0     4 1884 3908  0  0 100  0
 0  0  48160 19119516 970124 39270268    0    0     0     4 1824 3903  0  0 100  0
 0  0  48160 19119304 970124 39270272    0    0     0    34 1821 3919  0  0 100  0
 0  0  48160 19118244 970124 39270280    0    0     0     6 1857 4236  0  0 100  0
 0  0  48160 19118284 970124 39270280    0    0     0    62 1810 4067  0  0 100  0
 0  0  48160 19117116 970124 39270280    0    0     0     4 7495 4034  0  0 100  0
 0  0  48160 19116264 970124 39270296    0    0     0     4 1827 3935  0  0 100  0
 0  0  48160 19117272 970124 39270300    0    0     0    48 1867 4092  0  0 100  0
 0  0  48160 19117604 970124 39270300    0    0     0     6 1913 4343  0  0 100  0
 0  0  48160 19117704 970124 39270304    0    0     0    48 1843 3885  0  0 100  0
procs -----------memory---------- ---swap-- -----io---- -system-- ----cpu----
 r  b   swpd   free   buff  cache   si   so    bi    bo   in   cs us sy id wa
 0  0  48160 19117956 970124 39270304    0    0     0     4 1882 4112  0  0 100  0
 0  0  48160 19118496 970124 39270304    0    0     0     2 1871 4141  0  0 100  0
 0  0  48160 19118940 970124 39270308    0    0     0    46 1826 4010  0  0 100  0
 0  0  48160 19119228 970124 39270308    0    0     0     6 1799 4066  0  0 100  0
 0  0  48160 19118924 970124 39270312    0    0     0    48 1817 4028  0  0 100  0
 0  0  48160 19119092 970124 39270312    0    0     0     4 1836 3956  0  0 100  0
 0  0  48160 19119604 970124 39270316    0    0     0    62 1904 4189  0  0 100  0
 3  0  48160 19119836 970124 39270316    0    0     0     2 1830 4015  0  0 100  0
 0  0  48160 19119908 970124 39270320    0    0     0    44 1770 3905  0  0 100  0
 0  0  48160 19120112 970124 39270324    0    0     0     4 1765 3978  0  0 100  0
 0  0  48160 19120560 970124 39270324    0    0     0     4 1780 3847  0  0 100  0
 0  0  48160 19120748 970124 39270324    0    0     0    44 1736 3835  0  0 100  0
 0  0  48160 19121244 970124 39270332    0    0     0     0 1878 4159  0  0 100  0
 0  0  48160 19115800 970124 39273648    0    0     0     6 58927 5315  3  1 96  0
 0  0  48160 19115856 970124 39273648    0    0     0    66 1727 3883  0  0 100  0
 1  0  48160 19116144 970124 39273656    0    0     0     4 1836 4060  0  0 100  0
 0  0  48160 19116272 970124 39273656    0    0     0    42 1867 4161  0  0 100  0
 0  0  48160 19116620 970124 39273656    0    0     0     0 1826 4061  0  0 100  0
 0  0  48160 19117116 970124 39273660    0    0     0     6 1777 3904  0  0 100  0
 1  0  48160 19117140 970124 39273664    0    0     0    50 1760 3920  0  0 100  0
 0  0  48160 19116884 970124 39273668    0    0     0     4 2070 3978  0  0 100  0
procs -----------memory---------- ---swap-- -----io---- -system-- ----cpu----
 r  b   swpd   free   buff  cache   si   so    bi    bo   in   cs us sy id wa
 0  0  48160 19117276 970124 39273668    0    0     0     2 1743 3867  0  0 100  0
 0  0  48160 19117404 970124 39273668    0    0     0    34 1844 4061  0  0 100  0
 1  0  48160 19116068 970124 39273672    0    0     0     6 1802 3974  0  0 100  0
 0  0  48160 19116120 970124 39273676    0    0     0    62 1876 4092  0  0 100  0
 0  0  48160 19116044 970124 39273676    0    0     0     4 1759 3823  0  0 100  0
 0  0  48160 19116256 970124 39273692    0    0     0     2 1743 3875  0  0 100  0
 1  0  48160 19116900 970124 39273696    0    0     0    46 2326 4251  0  0 100  0
 0  0  48160 19132868 970124 39254000    0    0     0 11204 2363 5125  1  0 99  0
 0  0  48160 19133724 970124 39254024    0    0     0     4 2350 3906  0  0 100  0
 0  0  48160 19133768 970124 39254028    0    0     0   118 1839 4102  0  0 100  0
 1  0  48160 19134000 970124 39254032    0    0     0     2 1910 4194  0  0 100  0
 0  0  48160 19134000 970124 39254032    0    0     0     0 1840 4103  0  0 100  0
 0  0  48160 19134412 970124 39254032    0    0     0    44 1749 3924  0  0 100  0
 0  0  48160 19134756 970124 39254036    0    0     0     4 1786 3963  0  0 100  0
 1  0  48160 19134292 970124 39254036    0    0     0    46 1916 4056  0  0 100  0
 0  0  48160 19134884 970124 39254036    0    0     0    48 1779 3948  0  0 100  0
 0  0  48160 19135136 970124 39254040    0    0     0     2 1801 4016  0  0 100  0
 0  0  48160 19135392 970124 39254044    0    0     0     6 1797 3976  0  0 100  0
 1  0  48160 19135268 970124 39254048    0    0     0    48 1816 4060  0  0 100  0
 0  0  48160 19135224 970124 39254048    0    0     0     4 1790 3941  0  0 100  0
 0  0  48160 19135276 970124 39254048    0    0     0    42 1750 3784  0  0 100  0
procs -----------memory---------- ---swap-- -----io---- -system-- ----cpu----
 r  b   swpd   free   buff  cache   si   so    bi    bo   in   cs us sy id wa
 0  0  48160 19135284 970124 39254048    0    0     0     0 1896 4200  0  0 100  0
 1  0  48160 19135788 970124 39254052    0    0     0    50 1867 4218  0  0 100  0
 0  0  48160 19135980 970124 39254052    0    0     0     4 1777 3958  0  0 100  0
 0  0  48160 19136204 970124 39254060    0    0     0     4 1855 4107  0  0 100  0
 1  0  48160 19136328 970124 39254060    0    0     0    46 1898 4215  0  0 100  0
 1  0  48160 19136300 970124 39254064    0    0     0     0 1922 4286  0  0 100  0
 0  0  48160 19136232 970124 39254064    0    0     0     8 1787 3927  0  0 100  0
 0  0  48160 19136468 970124 39254068    0    0     0    50 1790 4013  0  0 100  0
 0  0  48160 19136508 970124 39254068    0    0     0     4 1881 4009  0  0 100  0
 1  0  48160 19136680 970124 39254068    0    0     0    36 1765 3864  0  0 100  0
 0  0  48160 19135280 970124 39254080    0    0     0     0 1851 4122  0  0 100  0
 0  0  48160 19135124 970124 39254080    0    0     0    70 1809 3936  0  0 100  0
 0  0  48160 19134748 970124 39254080    0    0     0     4 1770 3993  0  0 100  0
 1  0  48160 19134888 970124 39254084    0    0     0     4 1792 3900  0  0 100  0
 0  0  48160 19136036 970124 39254092    0    0     0    44 1730 3815  0  0 100  0
 0  0  48160 19136076 970124 39254092    0    0     0     0 1876 4182  0  0 100  0
 0  0  48160 19135712 970124 39254096    0    0     0    52 1868 4196  0  0 100  0
 0  0  48160 19135676 970124 39254100    0    0     0     6 1798 3957  0  0 100  0
 0  0  48160 19135552 970124 39254100    0    0     0     4 1921 4226  0  0 100  0
 0  0  48160 19135596 970124 39254104    0    0     0    46 1860 4048  0  0 100  0
 0  0  48160 19135776 970124 39254108    0    0     0     0 1844 4102  0  0 100  0
procs -----------memory---------- ---swap-- -----io---- -system-- ----cpu----
 r  b   swpd   free   buff  cache   si   so    bi    bo   in   cs us sy id wa
 1  0  48160 19135784 970124 39254108    0    0     0     6 1791 3991  0  0 100  0
 1  0  48160 19135800 970124 39254108    0    0     0    56 1777 3940  0  0 100  0
 0  0  48160 19135752 970124 39254116    0    0     0     4 1933 4166  0  0 100  0
 0  0  48160 19135876 970124 39254116    0    0     0    66 1786 3866  0  0 100  0
 0  0  48160 19135876 970124 39254120    0    0     0     0 1825 3991  0  0 100  0
 0  0  48160 19135884 970124 39254120    0    0     0     6 1779 3846  0  0 100  0
 0  0  48160 19135940 970124 39254120    0    0     0    50 1796 3957  0  0 100  0
 0  0  48160 19136208 970124 39254128    0    0     0     4 1773 3929  0  0 100  0
 1  0  48160 19136276 970124 39254132    0    0     0    36 1774 3766  0  0 100  0
 0  0  48160 19136664 970124 39254132    0    0     0     0 1884 4167  0  0 100  0
 0  0  48160 19136824 970124 39254132    0    0     0     6 1884 4186  0  0 100  0
 0  0  48160 19136792 970124 39254132    0    0     0    46 1743 3848  0  0 100  0
 1  0  48160 19136832 970124 39254136    0    0     0     4 1888 4209  0  0 100  0
 0  0  48160 19136708 970124 39254136    0    0     0     2 1828 4028  0  0 100  0
 0  0  48160 19136836 970124 39254136    0    0     0    38 1824 4059  0  0 100  0
 0  0  48160 19136960 970124 39254144    0    0     0     6 1762 3878  0  0 100  0
 1  0  48160 19137064 970124 39254144    0    0     0    54 1762 3848  0  0 100  0
 0  0  48160 19137228 970124 39254148    0    0     0     4 1932 4169  0  0 100  0
 0  0  48160 19137228 970124 39254152    0    0     0     2 1742 3748  0  0 100  0
 0  0  48160 19133932 970124 39254152    0    0     0    38 1879 4205  0  0 100  0
 2  0  48160 19133948 970124 39254156    0    0     0     6 1751 3896  0  0 100  0
procs -----------memory---------- ---swap-- -----io---- -system-- ----cpu----
 r  b   swpd   free   buff  cache   si   so    bi    bo   in   cs us sy id wa
 0  0  48160 19134072 970124 39254164    0    0     0     4 1741 3856  0  0 100  0
 0  0  48160 19134476 970124 39254164    0    0     0    62 1776 3922  0  0 100  0
 0  0  48160 19135120 970124 39254180    0    0     0     2 1745 3828  0  0 100  0
 0  0  48160 19135324 970124 39254180    0    0     0    46 1858 4140  0  0 100  0
 1  0  48160 19135312 970124 39254184    0    0     0     6 1931 4288  0  0 100  0
 0  0  48160 19135564 970124 39254184    0    0     0     6 1720 3723  0  0 100  0
 0  0  48160 19135440 970124 39254188    0    0     0    68 1906 4224  0  0 100  0
 0  0  48160 19135456 970124 39254188    0    0     0     2 2201 5275  0  1 99  0
 0  0  48160 19135624 970124 39254196    0    0     0    36 2061 4847  0  0 99  0
 0  0  48160 19135648 970124 39254204    0    0     0     6 1791 4045  0  0 100  0
 0  0  48160 19134940 970124 39254204    0    0     0     6 1933 3814  0  0 100  0
 0  0  48160 19134968 970124 39254208    0    0     0    50 1913 4113  0  0 100  0
 0  0  48160 19134980 970124 39254208    0    0     0    62 1771 3900  0  0 100  0
 0  0  48160 19135116 970124 39254208    0    0     0     0 1790 3951  0  0 100  0
 0  0  48160 19135392 970124 39254212    0    0     0     6 1812 3979  0  0 100  0
 0  0  48160 19135640 970124 39254216    0    0     0    48 1710 3754  0  0 100  0
 0  0  48160 19135508 970124 39254216    0    0     0    28 1786 3985  0  0 100  0
 0  0  48160 19135552 970124 39254216    0    0     0     2 1757 3782  0  0 100  0
 0  0  48160 19135532 970124 39254220    0    0     0     0 1821 4063  0  0 100  0
 0  0  48160 19135580 970124 39254224    0    0     0    40 1922 4238  0  0 100  0
 0  0  48160 19135736 970124 39254224    0    0     0     4 1715 3766  0  0 100  0
procs -----------memory---------- ---swap-- -----io---- -system-- ----cpu----
 r  b   swpd   free   buff  cache   si   so    bi    bo   in   cs us sy id wa
 0  0  48160 19135816 970124 39254224    0    0     0    58 1907 4220  0  0 100  0
 0  0  48160 19135788 970124 39254232    0    0     0     2 1857 4088  0  0 100  0
 0  0  48160 19135924 970124 39254232    0    0     0     0 1861 4145  0  0 100  0
 0  0  48160 19135676 970124 39254232    0    0     0    44 1789 3984  0  0 100  0
 0  0  48160 19135860 970124 39254236    0    0     0     6 1722 3750  0  0 100  0
 0  0  48160 19135912 970124 39254240    0    0     0    46 1896 4111  0  0 100  0
 1  0  48160 19135932 970124 39254240    0    0     0     2 1791 3916  0  0 100  0
 0  0  48160 19133532 970124 39254244    0    0     0     0 1900 4240  0  0 100  0
 0  0  48160 19133800 970124 39254248    0    0     0    56 1788 3977  0  0 100  0
 0  0  48160 19133836 970124 39254248    0    0     0     4 1739 3851  0  0 100  0
 0  0  48160 19133748 970124 39254252    0    0     0    56 1798 4005  0  0 100  0
 1  0  48160 19134132 970124 39254264    0    0     0     2 1758 3905  0  0 100  0
 1  0  48160 19133344 970124 39254268    0    0     0     0 2005 4139  0  0 100  0
 0  0  48160 19133152 970124 39254268    0    0     0    54 1972 4300  0  0 100  0
 0  0  48160 19133684 970124 39254272    0    0     0     4 1724 3755  0  0 100  0
 2  0  48160 19133568 970124 39254276    0    0     0    48 1965 4357  0  0 100  0
 0  0  48160 19133716 970124 39254276    0    0     0     2 1856 4087  0  0 100  0
 0  0  48160 19133796 970124 39254280    0    0     0     0 1841 4073  0  0 100  0
 0  0  48160 19133796 970124 39254280    0    0     0    46 1803 4081  0  0 100  0
 1  0  48160 19133956 970124 39254284    0    0     0     4 1741 3810  0  0 100  0
 0  0  48160 19134120 970124 39254288    0    0     0    48 1965 4218  0  0 100  0
procs -----------memory---------- ---swap-- -----io---- -system-- ----cpu----
 r  b   swpd   free   buff  cache   si   so    bi    bo   in   cs us sy id wa
 0  0  48160 19134392 970124 39254288    0    0     0    58 1822 3994  0  0 100  0
 0  0  48160 19134756 970124 39254292    0    0     0     0 1796 3980  0  0 100  0
 1  0  48160 19134916 970124 39254292    0    0     0     6 1816 3985  0  0 100  0
 0  0  48160 19134820 970124 39254292    0    0     0    48 1771 3919  0  0 100  0
 0  0  48160 19134680 970124 39254296    0    0     0    22 1793 3958  0  0 100  0
 1  0  48160 19135080 970124 39254296    0    0     0     2 1723 3837  0  0 100  0
 1  0  48160 19135204 970124 39254296    0    0     0     0 1854 4110  0  0 100  0
 0  0  48160 19135224 970124 39254304    0    0     0    48 2050 4408  0  0 100  0
 0  0  48160 19135348 970124 39254304    0    0     0     0 1743 3797  0  0 100  0
 0  0  48160 19135884 970124 39254304    0    0     0    58 1949 4240  0  0 100  0
 2  0  48160 19136008 970124 39254308    0    0     0     2 1908 4159  0  0 100  0
 0  0  48160 19135972 970124 39254312    0    0     0     0 1836 4056  0  0 100  0
 0  0  48160 19136028 970124 39254312    0    0     0    50 1811 4054  0  0 100  0
 0  0  48160 19136324 970124 39254312    0    0     0     0 1759 3860  0  0 100  0
 1  0  48160 19136344 970124 39254312    0    0     0    48 1926 4056  0  0 100  0
 0  0  48160 19136544 970124 39254312    0    0     0     2 1800 3940  0  0 100  0
 0  0  48160 19134588 970124 39254320    0    0     0     0 1856 4122  0  0 100  0
 0  0  48160 19134700 970124 39254332    0    0     0    64 1858 4096  0  0 100  0
 1  0  48160 19134900 970124 39254332    0    0     0     0 1774 3953  0  0 100  0
 0  0  48160 19135172 970124 39254332    0    0     0    60 1737 3813  0  0 100  0
 0  0  48160 19135228 970124 39254344    0    0     0     2 1731 3854  0  0 100  0
procs -----------memory---------- ---swap-- -----io---- -system-- ----cpu----
 r  b   swpd   free   buff  cache   si   so    bi    bo   in   cs us sy id wa
 0  0  48160 19136612 970124 39254344    0    0     0     0 1866 4111  0  0 100  0
 1  0  48160 19136732 970124 39254344    0    0     0    58 1949 4319  0  0 100  0
 0  0  48160 19136848 970124 39254348    0    0     0     0 1770 3808  0  0 100  0
 0  0  48160 19136948 970124 39254352    0    0     0    48 1884 4205  0  0 100  0
 0  0  48160 19137120 970124 39254356    0    0     0     2 1870 4125  0  0 100  0
 1  0  48160 19137036 970124 39254364    0    0     0     0 1801 3971  0  0 100  0
 0  0  48160 19137236 970124 39254368    0    0     0    52 1816 4026  0  0 100  0
 0  0  48160 19137316 970124 39254368    0    0     0     0 1782 3904  0  0 100  0
 0  0  48160 19137656 970124 39254372    0    0     0    58 1916 4117  0  0 100  0
 1  0  48160 19137908 970124 39254372    0    0     0    66 1884 4072  0  0 100  0
 0  0  48160 19137816 970124 39254380    0    0     0     0 1799 3981  0  0 100  0
 0  0  48160 19137700 970124 39254380    0    0     0    10 1795 3934  0  0 100  0
 0  0  48160 19137720 970124 39254380    0    0     0    46 1805 3882  0  0 100  0
 0  0  48160 19137616 970124 39254384    0    0     0     4 1769 3870  0  0 100  0
 0  0  48160 19137616 970124 39254384    0    0     0    46 1717 3784  0  0 100  0
 0  0  48160 19137616 970124 39254384    0    0     0     0 1840 4133  0  0 100  0
 0  0  48160 19137748 970124 39254388    0    0     0    10 1923 4359  0  0 100  0
 0  0  48160 19137232 970124 39254392    0    0     0    44 3091 4027  0  0 100  0
 0  0  48160 19136916 970124 39254396    0    0     0     4 1859 4136  0  0 100  0
 0  0  48160 19137196 970124 39254400    0    0     0     2 1909 4180  0  0 100  0
 0  0  48160 19137328 970124 39254400    0    0     0    38 1824 4024  0  0 100  0
procs -----------memory---------- ---swap-- -----io---- -system-- ----cpu----
 r  b   swpd   free   buff  cache   si   so    bi    bo   in   cs us sy id wa
 0  0  48160 19137348 970124 39254404    0    0     0    10 1802 4032  0  0 100  0
 0  0  48160 19137224 970124 39254404    0    0     0     0 1749 3894  0  0 100  0
 0  0  48160 19137556 970124 39254408    0    0     0    44 1885 4052  0  0 100  0
 0  0  48160 19137624 970124 39254412    0    0     0     4 1784 3934  0  0 100  0
 0  0  48160 19137644 970124 39254412    0    0     0    36 1816 4045  0  0 100  0
 0  0  48160 19136140 970124 39254416    0    0     0    10 1796 3924  0  0 100  0
 0  0  48160 19136008 970124 39254420    0    0     0     0 1755 3951  0  0 100  0
 0  0  48160 19136048 970124 39254420    0    0     0    60 1779 3898  0  0 100  0
 0  0  48160 19136048 970124 39254432    0    0     0    50 1747 3824  0  0 100  0
 0  0  48160 19136320 970124 39254428    0    0     0     0 1903 4216  0  0 100  0
 0  0  48160 19136320 970124 39254432    0    0     0    10 1911 4243  0  0 100  0
 0  0  48160 19136468 970124 39254432    0    0     0    50 1781 3869  0  0 100  0
 0  0  48160 19136664 970124 39254436    0    0     0     4 1916 4189  0  0 100  0
 1  0  48160 19137000 970124 39254436    0    0     0     2 1898 4080  0  0 100  0
 0  0  48160 19136996 970124 39254436    0    0     0    36 1869 4115  0  0 100  0
 0  0  48160 19137092 970124 39254444    0    0     0    10 1794 3945  0  0 100  0
 0  0  48160 19137188 970124 39254444    0    0     0     0 1757 3863  0  0 100  0
 1  0  48160 19137080 970124 39254444    0    0     0    44 1888 4034  0  0 100  0
 0  0  48160 19137124 970124 39254444    0    0     0    50 1820 3970  0  0 100  0
 0  0  48160 19137000 970124 39254448    0    0     0     0 1870 4111  0  0 100  0
 0  0  48160 19136968 970124 39254448    0    0     0    10 1795 3893  0  0 100  0
procs -----------memory---------- ---swap-- -----io---- -system-- ----cpu----
 r  b   swpd   free   buff  cache   si   so    bi    bo   in   cs us sy id wa
 1  0  48160 19137068 970124 39254448    0    0     0    44 1760 3969  0  0 100  0
 0  0  48160 19136220 970124 39254452    0    0     0     4 1860 3941  0  0 100  0
 0  0  48160 19136024 970124 39254456    0    0     0     4 1740 3798  0  0 100  0
 0  0  48160 19136260 970124 39254456    0    0     0    38 1910 4175  0  0 100  0
 1  0  48160 19135520 970124 39254460    0    0     0    10 1980 4195  0  0 100  0
 0  0  48160 19135660 970124 39254460    0    0     0     0 1757 3862  0  0 100  0
 0  0  48160 19135808 970124 39254464    0    0     0    46 1902 4129  0  0 100  0
 0  0  48160 19136148 970124 39254472    0    0     0     2 1890 4088  0  0 100  0
 1  0  48160 19136028 970124 39254472    0    0     0    46 1840 4091  0  0 100  0
 0  0  48160 19136316 970124 39254476    0    0     0    10 1785 3868  0  0 100  0
 0  0  48160 19136444 970124 39254480    0    0     0     0 1737 3816  0  0 100  0
 0  0  48160 19136576 970124 39254480    0    0     0    42 1887 4048  0  0 100  0
 1  0  48160 19136832 970124 39254480    0    0     0     2 1741 3811  0  0 100  0
 0  0  48160 19133668 970124 39257796    0    0     0    58 22205 4746  3  1 97  0
 0  0  48160 19131964 970124 39257880    0    0     0    10 1760 3863  0  0 100  0
 0  0  48160 19132452 970124 39257884    0    0     0     0 1764 3909  0  0 100  0
 1  0  48160 19132368 970124 39257888    0    0     0    58 1803 3957  0  0 100  0
 0  0  48160 19132540 970124 39257900    0    0     0     2 1719 3740  0  0 100  0
 0  0  48160 19132860 970124 39257896    0    0     0    48 1903 4232  0  0 100  0
 0  0  48160 19132900 970124 39257900    0    0     0    10 1880 4170  0  0 100  0
 1  0  48160 19133164 970124 39257904    0    0     0     0 1741 3823  0  0 100  0
procs -----------memory---------- ---swap-- -----io---- -system-- ----cpu----
 r  b   swpd   free   buff  cache   si   so    bi    bo   in   cs us sy id wa
 0  0  48160 19133320 970124 39257912    0    0     0    46 1914 4207  0  0 100  0
 0  0  48160 19133516 970124 39257912    0    0     0     2 1833 3967  0  0 100  0
 0  0  48160 19133848 970124 39257912    0    0     0    36 1823 4047  0  0 100  0
 3  0  48160 19133344 970124 39257912    0    0     0    10 1782 3919  0  0 100  0
 0  0  48160 19133588 970124 39257912    0    0     0     0 1732 3828  0  0 100  0
 1  0  48160 19134080 970124 39257920    0    0     0    44 1912 4127  0  0 100  0
 2  0  48160 19134084 970124 39257920    0    0     0    52 1760 3799  0  0 100  0
 1  0  48160 19130724 970124 39258028    0    0     0  2012 2244 4851  1  0 99  0
 0  0  48160 19131776 970124 39257332    0    0     0    10 1820 3976  0  0 100  0
 0  0  48160 19131916 970124 39257332    0    0     0    64 1733 3885  0  0 100  0
 0  0  48160 19131304 970124 39257336    0    0     0     4 1808 3957  0  0 100  0
 1  0  48160 19131408 970124 39257336    0    0     0     2 1698 3671  0  0 100  0
 0  0  48160 19131896 970124 39257340    0    0     0    40 1919 4345  0  0 100  0
 0  0  48160 19132260 970124 39257344    0    0     0    10 1884 4220  0  0 100  0
 0  0  48160 19132484 970124 39257344    0    0     0     0 1747 3861  0  0 100  0
 1  0  48160 19133076 970124 39257360    0    0     0    48 1885 4167  0  0 100  0
 0  0  48160 19133200 970124 39257360    0    0     0     2 1878 4023  0  0 100  0
 0  0  48160 19133700 970124 39257360    0    0     0    54 1841 4114  0  0 100  0
 0  0  48160 19133852 970124 39257364    0    0     0    50 1776 3914  0  0 100  0
 2  0  48160 19134232 970124 39257364    0    0     0     0 1748 3840  0  0 100  0
 0  0  48160 19134364 970124 39257372    0    0     0     4 1898 4074  0  0 100  0
procs -----------memory---------- ---swap-- -----io---- -system-- ----cpu----
 r  b   swpd   free   buff  cache   si   so    bi    bo   in   cs us sy id wa
 0  0  48160 19134624 970124 39257372    0    0     0    42 1753 3769  0  0 100  0
 0  0  48160 19134928 970124 39257376    0    0     0     0 1843 4051  0  0 100  0
 1  0  48160 19133964 970124 39257380    0    0     0    10 1788 3913  0  0 100  0
 0  0  48160 19133728 970124 39257380    0    0     0    56 1779 3924  0  0 100  0
 0  0  48160 19133784 970124 39257388    0    0     0     4 1753 3873  0  0 100  0
 0  0  48160 19133800 970124 39257400    0    0     0     2 1725 3725  0  0 100  0
 1  0  48160 19134260 970124 39257400    0    0     0    44 1892 4227  0  0 100  0
 0  0  48160 19134276 970124 39257400    0    0     0    42 1912 4192  0  0 100  0
 0  0  48160 19134156 970124 39257400    0    0     0     0 1758 3849  0  0 100  0
 0  0  48160 19134168 970124 39257404    0    0     0     4 1932 4201  0  0 100  0
 0  0  48160 19134188 970124 39257412    0    0     0    42 2021 4495  0  0 99  0
 0  0  48160 19134184 970124 39257420    0    0     0     0 2212 5399  0  1 99  0
 0  0  48160 19134140 970124 39257424    0    0     0    12 1948 4436  0  0 99  0
 0  0  48160 19134424 970124 39257424    0    0     0    44 1738 3808  0  0 100  0
 0  0  48160 19134588 970124 39257428    0    0     0     4 1872 4074  0  0 100  0
 0  0  48160 19134464 970124 39257428    0    0     0    46 1757 3796  0  0 100  0
 2  0  48160 19134324 970124 39257428    0    0     0     0 1840 4038  0  0 100  0
 0  0  48160 19134332 970124 39257432    0    0     0    10 1804 3929  0  0 100  0
 1  0  48160 19134092 970124 39257436    0    0     0    42 1859 3851  0  0 100  0
 0  0  48160 19133996 970124 39257436    0    0     0     4 1783 3961  0  0 100  0
 0  0  48160 19134252 970124 39257436    0    0     0     2 1715 3738  0  0 100  0
procs -----------memory---------- ---swap-- -----io---- -system-- ----cpu----
 r  b   swpd   free   buff  cache   si   so    bi    bo   in   cs us sy id wa
 0  0  48160 19134328 970124 39257440    0    0     0    46 1886 4166  0  0 100  0
 0  0  48160 19134220 970124 39257440    0    0     0    10 1900 4251  0  0 100  0
 0  0  48160 19134472 970124 39257440    0    0     0     0 1741 3797  0  0 100  0
 0  0  48160 19134616 970124 39257448    0    0     0    44 1915 4191  0  0 100  0
 0  0  48160 19134508 970124 39257452    0    0     0     2 1878 4015  0  0 100  0
 0  0  48160 19134624 970124 39257456    0    0     0    36 1841 4113  0  0 100  0
 0  0  48160 19134688 970124 39257456    0    0     0    10 1836 4025  0  0 100  0
 0  0  48160 19134916 970124 39257456    0    0     0     0 1721 3763  0  0 100  0
 0  0  48160 19135252 970124 39257460    0    0     0    42 1934 4126  0  0 100  0
 0  0  48160 19135328 970124 39257460    0    0     0     2 1774 3842  0  0 100  0
 1  0  48160 19135224 970124 39257464    0    0     0    42 1851 3986  0  0 100  0
 0  0  48160 19133748 970124 39257468    0    0     0    10 1806 3974  0  0 100  0
 0  0  48160 19133720 970124 39257468    0    0     0     2 1778 3877  0  0 100  0
 0  0  48160 19133660 970124 39257472    0    0     0    60 1771 3910  0  0 100  0
 1  0  48160 19133776 970124 39257484    0    0     0     2 1743 3822  0  0 100  0
 0  0  48160 19133952 970124 39257484    0    0     0    44 1875 4123  0  0 100  0
 1  0  48160 19133264 970124 39257484    0    0     0    10 1898 4261  0  0 100  0
 0  0  48160 19133572 970124 39257484    0    0     0     0 1717 3723  0  0 100  0
 1  0  48160 19133388 970124 39257492    0    0     0    46 1946 4201  0  0 100  0
 0  0  48160 19133772 970124 39257496    0    0     0     2 1908 4136  0  0 100  0
 0  0  48160 19133784 970124 39257496    0    0     0    34 1846 4137  0  0 100  0
procs -----------memory---------- ---swap-- -----io---- -system-- ----cpu----
 r  b   swpd   free   buff  cache   si   so    bi    bo   in   cs us sy id wa
 0  0  48160 19133784 970124 39257496    0    0     0    10 1808 4057  0  0 100  0
 1  0  48160 19134032 970124 39257500    0    0     0     0 1727 3779  0  0 100  0
 0  0  48160 19133956 970124 39257504    0    0     0    44 1905 4107  0  0 100  0
 0  0  48160 19134068 970124 39257504    0    0     0    40 1776 3851  0  0 100  0
 0  0  48160 19133948 970124 39257508    0    0     0     0 1844 3938  0  0 100  0
 1  0  48160 19134160 970124 39257508    0    0     0    10 1790 3938  0  0 100  0
 0  0  48160 19134296 970124 39257508    0    0     0    42 1763 3837  0  0 100  0
 0  0  48160 19134160 970124 39257512    0    0     0     4 1795 3973  0  0 100  0
 0  0  48160 19132924 970124 39257512    0    0     0     2 2067 4028  0  0 100  0
 1  0  48160 19133200 970124 39257520    0    0     0    38 1862 4080  0  0 100  0
 0  0  48160 19133128 970124 39257520    0    0     0    10 1886 4264  0  0 100  0
 0  0  48160 19133360 970124 39257520    0    0     0    50 1748 3781  0  0 100  0
 0  0  48160 19133316 970124 39257520    0    0     0     4 2001 4187  0  0 100  0
 1  0  48160 19133556 970124 39257524    0    0     0     2 1897 4086  0  0 100  0
 0  0  48160 19133524 970124 39257528    0    0     0    34 1846 3979  0  0 100  0
 0  0  48160 19133568 970124 39257528    0    0     0    10 1807 4017  0  0 100  0
 0  0  48160 19133856 970124 39257536    0    0     0     2 1703 3705  0  0 100  0
 1  0  48160 19134136 970124 39257536    0    0     0    42 1923 4128  0  0 100  0
 0  0  48160 19134316 970124 39257536    0    0     0     2 1750 3825  0  0 100  0
 0  0  48160 19133504 970124 39257540    0    0     0    50 1861 4097  0  0 100  0
 0  0  48160 19133592 970124 39257544    0    0     0    10 1786 3936  0  0 100  0
procs -----------memory---------- ---swap-- -----io---- -system-- ----cpu----
 r  b   swpd   free   buff  cache   si   so    bi    bo   in   cs us sy id wa
 1  0  48160 19134004 970124 39257544    0    0     0     2 1773 3849  0  0 100  0
 0  0  48160 19133888 970124 39257548    0    0     0    44 1761 3884  0  0 100  0
 0  0  48160 19133620 970124 39257560    0    0     0     2 1754 3850  0  0 100  0
 0  0  48160 19133996 970124 39257560    0    0     0    44 1851 4039  0  0 100  0
 1  0  48160 19134232 970124 39257564    0    0     0    10 1906 4264  0  0 100  0
 0  0  48160 19134604 970124 39257564    0    0     0     0 1725 3716  0  0 100  0
 0  0  48160 19134764 970124 39257568    0    0     0    44 1903 4146  0  0 100  0
 0  0  48160 19135068 970124 39257568    0    0     0     2 1852 4082  0  0 100  0
 1  0  48160 19135236 970124 39257576    0    0     0    56 1844 3997  0  0 100  0
 0  0  48160 19135352 970124 39257576    0    0     0    10 1758 3963  0  0 100  0
 0  0  48160 19135620 970124 39257576    0    0     0     0 1714 3748  0  0 100  0
 0  0  48160 19135752 970124 39257584    0    0     0    44 1909 4129  0  0 100  0
 1  0  48160 19135464 970124 39257584    0    0     0    48 1821 3992  0  0 100  0
 0  0  48160 19135572 970124 39257584    0    0     0     0 1781 3923  0  0 100  0
 0  0  48160 19135660 970124 39257592    0    0     0    10 1785 3942  0  0 100  0
 0  0  48160 19135748 970124 39257596    0    0     0    42 1768 3941  0  0 100  0
 1  0  48160 19135628 970124 39257600    0    0     0     4 1781 3887  0  0 100  0
 0  0  48160 19135640 970124 39257600    0    0     0     2 1749 3792  0  0 100  0
 0  0  48160 19135648 970124 39257600    0    0     0    36 1858 4076  0  0 100  0
 0  0  48160 19135012 970124 39257600    0    0     0    10 1936 4266  0  0 100  0
 1  0  48160 19135016 970124 39257608    0    0     0     0 1743 3715  0  0 100  0
procs -----------memory---------- ---swap-- -----io---- -system-- ----cpu----
 r  b   swpd   free   buff  cache   si   so    bi    bo   in   cs us sy id wa
 0  0  48160 19135128 970124 39257608    0    0     0    44 1902 4197  0  0 100  0
 2  0  48160 19135196 970124 39257608    0    0     0     2 1900 4107  0  0 100  0
 0  0  48160 19135316 970124 39257608    0    0     0    34 1850 4014  0  0 100  0
 0  0  48160 19135416 970124 39257612    0    0     0    10 1804 4000  0  0 100  0
 0  0  48160 19135548 970124 39257612    0    0     0     0 1715 3739  0  0 100  0
 0  0  48160 19135212 970124 39257616    0    0     0    42 2091 4074  0  0 100  0
 0  0  48160 19134808 970124 39257620    0    0     0     2 1739 3809  0  0 100  0
 0  0  48160 19132136 970124 39257620    0    0     0    46 1909 4053  0  0 100  0
 0  0  48160 19131960 970124 39257628    0    0     0    10 1773 3898  0  0 100  0
 0  0  48160 19132004 970124 39257628    0    0     0     0 1780 3913  0  0 100  0
 0  0  48160 19131716 970124 39257628    0    0     0    48 1766 3856  0  0 100  0
 1  0  48160 19132768 970124 39257636    0    0     0     2 1781 3909  0  0 100  0
 1  0  48160 19132752 970124 39257640    0    0     0    46 1878 4046  0  0 100  0
 0  0  48160 19133000 970124 39257640    0    0     0    10 1895 4263  0  0 100  0
 0  0  48160 19133128 970124 39257644    0    0     0     0 1735 3761  0  0 100  0
 0  0  48160 19132848 970124 39257644    0    0     0    48 1879 4095  0  0 100  0
 1  0  48160 19133092 970124 39257648    0    0     0     2 1889 4125  0  0 100  0
 0  0  48160 19133100 970124 39257648    0    0     0    36 1906 4057  0  0 100  0
 0  0  48160 19133104 970124 39257656    0    0     0    10 1852 4081  0  0 100  0
 0  0  48160 19133252 970124 39257656    0    0     0     0 1754 3853  0  0 100  0
 1  0  48160 19133484 970124 39257660    0    0     0    64 1901 4044  0  0 100  0
procs -----------memory---------- ---swap-- -----io---- -system-- ----cpu----
 r  b   swpd   free   buff  cache   si   so    bi    bo   in   cs us sy id wa
 0  0  48160 19133748 970124 39257664    0    0     0    48 1788 3898  0  0 100  0
 0  0  48160 19134060 970124 39257664    0    0     0     0 1833 3982  0  0 100  0
 0  0  48160 19134008 970124 39257664    0    0     0    10 1802 3944  0  0 100  0
 1  0  48160 19134008 970124 39257668    0    0     0    44 1777 3837  0  0 100  0
 0  0  48160 19134032 970124 39257668    0    0     0     6 1787 3842  0  0 100  0
 0  0  48160 19134060 970124 39257668    0    0     0     2 1776 3842  0  0 100  0
 0  0  48160 19134200 970124 39257676    0    0     0    40 1889 4045  0  0 100  0
 3  0  48160 19134208 970124 39257676    0    0     0    10 1930 4244  0  0 100  0
 0  0  48160 19134220 970124 39257676    0    0     0     0 1762 3801  0  0 100  0
 0  0  48160 19134312 970124 39257680    0    0     0    48 1917 4063  0  0 100  0
 0  0  48160 19134332 970124 39257688    0    0     0     2 1912 4123  0  0 100  0
 0  0  48160 19134540 970124 39257688    0    0     0    34 1841 3975  0  0 100  0
 0  0  48160 19133704 970124 39257692    0    0     0    10 2061 4046  0  0 100  0
 0  0  48160 19133580 970124 39257692    0    0     0     0 1818 3920  0  0 100  0
 0  0  48160 19133436 970124 39257696    0    0     0    50 2101 3968  0  0 100  0
 0  0  48160 19132812 970124 39257696    0    0     0     2 1768 3843  0  0 100  0
 1  0  48160 19132088 970124 39257700    0    0     0    48 1854 4050  0  0 100  0
 0  0  48160 19132252 970124 39257704    0    0     0    10 1761 3889  0  0 100  0
 0  0  48160 19132292 970124 39257708    0    0     0     0 1744 3851  0  0 100  0
 0  0  48160 19132588 970124 39257712    0    0     0    46 1773 3864  0  0 100  0
 1  0  48160 19132296 970124 39257720    0    0     0     2 1845 3857  0  0 100  0
procs -----------memory---------- ---swap-- -----io---- -system-- ----cpu----
 r  b   swpd   free   buff  cache   si   so    bi    bo   in   cs us sy id wa
 0  0  48160 19132312 970124 39257720    0    0     0    46 1880 4099  0  0 100  0
 0  0  48160 19132456 970124 39257724    0    0     0    10 1906 4288  0  0 100  0
 0  0  48160 19132084 970124 39257724    0    0     0     0 1896 3820  0  0 100  0
 1  0  48160 19132352 970124 39257740    0    0     0    88 1932 4147  0  0 100  0
 0  0  48160 19132612 970124 39257740    0    0     0     2 1882 4077  0  0 100  0
 0  0  48160 19132456 970124 39257740    0    0     0     0 1765 3892  0  0 100  0
 0  0  48160 19133052 970124 39257744    0    0     0    44 1766 3940  0  0 100  0
 1  0  48160 19133176 970124 39257744    0    0     0     0 1754 3851  0  0 100  0
 0  0  48160 19133328 970124 39257744    0    0     0     4 1873 4061  0  0 100  0
 0  0  48160 19133516 970124 39257744    0    0     0    60 1758 3881  0  0 100  0
 0  0  48160 19133476 970124 39257744    0    0     0     0 1830 4063  0  0 100  0
 1  0  48160 19133664 970124 39257744    0    0     0    10 1760 3842  0  0 100  0
 0  0  48160 19134068 970124 39257748    0    0     0    44 1721 3877  0  0 100  0
 0  0  48160 19133304 970124 39257752    0    0     0     4 1759 3870  0  0 100  0
 0  0  48160 19133456 970124 39257756    0    0     0     2 1743 3779  0  0 100  0
 0  0  48160 19132704 970124 39257756    0    0     0    34 2045 4134  0  0 100  0
 0  0  48160 19132384 970124 39257760    0    0     0    10 2152 4273  0  0 100  0
 1  0  48160 19132572 970124 39257760    0    0     0     0 1771 3879  0  0 100  0
 0  0  48160 19132700 970124 39257764    0    0     0    50 1891 4046  0  0 100  0
 0  0  48160 19132812 970124 39257768    0    0     0     2 1920 4171  0  0 100  0
 0  0  48160 19133016 970124 39257768    0    0     0    36 1814 4001  0  0 100  0
procs -----------memory---------- ---swap-- -----io---- -system-- ----cpu----
 r  b   swpd   free   buff  cache   si   so    bi    bo   in   cs us sy id wa
 0  0  48160 19133068 970124 39257772    0    0     0    10 1827 4004  0  0 100  0
 0  0  48160 19132940 970124 39257772    0    0     0     0 1776 3861  0  0 100  0
 0  0  48160 19133248 970124 39257780    0    0     0    44 1955 4065  0  0 100  0
 0  0  48160 19133112 970124 39257780    0    0     0     4 1806 3962  0  0 100  0
 0  0  48160 19131452 970124 39257780    0    0     0    50 1950 4430  0  0 100  0
 0  0  48160 19131364 970124 39257784    0    0     0    10 1785 3933  0  0 100  0
 0  0  48160 19131356 970124 39257788    0    0     0     0 1777 3939  0  0 100  0
 0  0  48160 19131464 970124 39257792    0    0     0    94 1776 3848  0  0 100  0
 0  0  48160 19131700 970124 39257808    0    0     0     2 1745 3869  0  0 100  0
 0  0  48160 19131984 970124 39257808    0    0     0     0 1890 4097  0  0 100  0
 0  0  48160 19132140 970124 39257808    0    0     0    54 1988 4261  0  0 100  0
 1  0  48160 19132524 970124 39257812    0    0     0     0 1723 3759  0  0 100  0
 0  0  48160 19132592 970124 39257812    0    0     0     4 1878 4060  0  0 100  0
 0  0  48160 19125380 970124 39261076    0    0     0    48 8622 4990  3  0 97  0
 0  0  48160 19125664 970124 39261264    0    0     0     0 1885 4319  0  0 100  0
 1  0  48160 19126008 970124 39261276    0    0     0    74 1985 4685  0  0 99  0
 0  0  48160 19126264 970124 39261280    0    0     0     0 2016 4773  0  1 99  0
 0  0  48160 19125992 970124 39261288    0    0     0     4 1949 4152  0  0 100  0
 0  0  48160 19126480 970124 39261288    0    0     0    76 1772 3836  0  0 100  0
 1  0  48160 19126692 970124 39261288    0    0     0     0 1847 4029  0  0 100  0
 0  0  48160 19127084 970124 39261292    0    0     0    10 1767 3890  0  0 100  0
procs -----------memory---------- ---swap-- -----io---- -system-- ----cpu----
 r  b   swpd   free   buff  cache   si   so    bi    bo   in   cs us sy id wa
 0  0  48160 19127704 970124 39261292    0    0     0    46 1738 3885  0  0 100  0
 0  0  48160 19127848 970124 39261296    0    0     0     4 1743 3852  0  0 100  0
 1  0  48160 19128416 970124 39261300    0    0     0    38 1735 3837  0  0 100  0
 0  0  48160 19128436 970124 39261300    0    0     0    20 1902 4218  0  0 100  0
 0  0  48160 19128628 970124 39261300    0    0     0    10 2099 4214  0  0 100  0
 0  0  48160 19128988 970124 39261300    0    0     0     0 1754 3830  0  0 100  0
 1  0  48160 19129024 970124 39261304    0    0     0    46 1930 4088  0  0 100  0
 0  0  48160 19121520 970124 39265236    0    0     0  1932 2268 4844  1  0 99  0
 0  0  48160 19122188 970124 39265048    0    0     0     2 1804 3980  0  0 100  0
 0  0  48160 19122916 970124 39264668    0    0     0    80 1798 3921  0  0 100  0
 0  0  48160 19123056 970124 39264656    0    0     0     0 1704 3795  0  0 100  0
 0  0  48160 19121892 970124 39264656    0    0     0     4 19053 4200  1  0 98  0
 0  0  48160 19120760 970124 39264660    0    0     0    40 1754 3837  0  0 100  0
 0  0  48160 19120220 970124 39264660    0    0     0    46 1842 4075  0  0 100  0
 0  0  48160 19120200 970124 39264672    0    0     0    10 1794 3893  0  0 100  0
 0  0  48160 19120628 970124 39264676    0    0     0     0 1775 3939  0  0 100  0
 0  0  48160 19120548 970124 39264676    0    0     0    56 1896 3873  0  0 100  0
 0  0  48160 19121104 970124 39264684    0    0     0     2 1782 3875  0  0 100  0
 0  0  48160 19121536 970124 39264680    0    0     0    58 1865 4102  0  0 100  0
 0  0  48160 19122264 970124 39264684    0    0     0    10 1924 4218  0  0 100  0
 0  0  48160 19122388 970124 39264688    0    0     0     0 1748 3826  0  0 100  0
procs -----------memory---------- ---swap-- -----io---- -system-- ----cpu----
 r  b   swpd   free   buff  cache   si   so    bi    bo   in   cs us sy id wa
 1  0  48160 19122888 970124 39264692    0    0     0    46 1930 4171  0  0 100  0
 0  0  48160 19123160 970124 39264692    0    0     0     2 1892 4037  0  0 100  0
 1  0  48160 19123492 970124 39264696    0    0     0    56 1805 3964  0  0 100  0
 0  0  48160 19123988 970124 39264704    0    0     0    10 1781 3944  0  0 100  0
 0  0  48160 19124040 970124 39264704    0    0     0     0 1718 3813  0  0 100  0
 0  0  48160 19124664 970124 39264708    0    0     0    46 1929 4099  0  0 100  0
 1  0  48160 19124540 970124 39264708    0    0     0    64 1803 3863  0  0 100  0
 0  0  48160 19124600 970124 39264712    0    0     0     0 1850 4060  0  0 100  0
 0  0  48160 19124656 970124 39264712    0    0     0    12 1822 3912  0  0 100  0
 0  0  48160 19124908 970124 39264712    0    0     0    46 1745 3880  0  0 100  0
 1  0  48160 19125052 970124 39264716    0    0     0     4 1816 3971  0  0 100  0
 0  0  48160 19125124 970124 39264716    0    0     0     2 1694 3692  0  0 100  0
 0  0  48160 19125160 970124 39264716    0    0     0    36 1910 4216  0  0 100  0
 0  0  48160 19125432 970124 39264724    0    0     0    10 1903 4192  0  0 100  0
 0  0  48160 19125432 970124 39264724    0    0     0     0 1766 3889  0  0 100  0
 0  0  48160 19125572 970124 39264728    0    0     0    46 1933 4174  0  0 100  0
 0  0  48160 19125696 970124 39264728    0    0     0     2 1913 4092  0  0 100  0
 0  0  48160 19125916 970124 39264728    0    0     0    38 1846 4046  0  0 100  0
 0  0  48160 19125952 970124 39264732    0    0     0    46 1791 3910  0  0 100  0
 0  0  48160 19126292 970124 39264732    0    0     0     0 1753 3859  0  0 100  0
 0  0  48160 19126548 970124 39264732    0    0     0     4 1935 4079  0  0 100  0
procs -----------memory---------- ---swap-- -----io---- -system-- ----cpu----
 r  b   swpd   free   buff  cache   si   so    bi    bo   in   cs us sy id wa
 0  0  48160 19125464 970124 39264736    0    0     0    44 4702 3842  0  0 100  0
 0  0  48160 19124216 970124 39264736    0    0     0     0 1968 4378  0  0 100  0
 1  0  48160 19123740 970124 39264744    0    0     0    10 1797 3883  0  0 100  0
 0  0  48160 19123808 970124 39264744    0    0     0    56 1789 3895  0  0 100  0
 0  0  48160 19124092 970124 39264752    0    0     0     4 1800 3926  0  0 100  0
 0  0  48160 19124752 970124 39264760    0    0     0    36 1730 3771  0  0 100  0
 1  0  48160 19124848 970124 39264760    0    0     0     0 1896 4172  0  0 100  0
 0  0  48160 19124996 970124 39264768    0    0     0    12 1884 4182  0  0 100  0
 0  0  48160 19124596 970124 39264768    0    0     0    52 1873 3829  0  0 100  0
 0  0  48160 19124648 970124 39264772    0    0     0     4 1941 4170  0  0 100  0
 1  0  48160 19124532 970124 39264776    0    0     0     2 1872 4024  0  0 100  0
 0  0  48160 19124904 970124 39264776    0    0     0    32 1852 4035  0  0 100  0
 0  0  48160 19124808 970124 39264780    0    0     0    10 1794 3920  0  0 100  0
 0  0  48160 19125180 970124 39264780    0    0     0    46 1761 3864  0  0 100  0
 1  0  48160 19125804 970124 39264780    0    0     0     4 1996 4134  0  0 100  0
 0  0  48160 19125676 970124 39264780    0    0     0    50 1720 3749  0  0 100  0
 0  0  48160 19126008 970124 39264780    0    0     0     0 1984 4076  0  0 100  0
 0  0  48160 19126664 970124 39264788    0    0     0    10 1834 3995  0  0 100  0
 0  0  48160 19126788 970124 39264788    0    0     0    42 1710 3794  0  0 100  0
 0  0  48160 19127048 970124 39264792    0    0     0     4 1855 3997  0  0 100  0
 0  0  48160 19127164 970124 39264796    0    0     0     2 1695 3670  0  0 100  0
procs -----------memory---------- ---swap-- -----io---- -system-- ----cpu----
 r  b   swpd   free   buff  cache   si   so    bi    bo   in   cs us sy id wa
 0  0  48160 19127444 970124 39264796    0    0     0    38 1913 4144  0  0 100  0
 0  0  48160 19127612 970124 39264800    0    0     0    10 1985 4255  0  0 100  0
 0  0  48160 19127628 970124 39264800    0    0     0    54 1752 3774  0  0 100  0
 2  0  48160 19127792 970124 39264800    0    0     0     4 1923 4176  0  0 100  0
 0  0  48160 19127880 970124 39264800    0    0     0     2 1872 4040  0  0 100  0
 0  0  48160 19127264 970124 39264800    0    0     0    32 1823 4007  0  0 100  0
 1  0  48160 19127380 970124 39264812    0    0     0    10 1851 4060  0  0 100  0
 0  0  48160 19127508 970124 39264812    0    0     0     0 1725 3784  0  0 100  0
 0  0  48160 19127516 970124 39264816    0    0     0    44 1968 4137  0  0 100  0
 0  0  48160 19127400 970124 39264816    0    0     0     2 1691 3736  0  0 100  0
 1  0  48160 19126556 970124 39264816    0    0     0    46 1950 4139  0  0 100  0
 0  0  48160 19126060 970124 39264824    0    0     0    10 1793 3945  0  0 100  0
 0  0  48160 19126128 970124 39264828    0    0     0     2 1760 3885  0  0 100  0
 0  0  48160 19126356 970124 39264828    0    0     0    52 1798 3942  0  0 100  0
 1  0  48160 19120008 970124 39264844    0    0     0     2 58453 3997  1  0 99  0
 0  0  48160 19119052 970124 39264840    0    0     0    46 1918 4128  0  0 100  0
 0  0  48160 19119396 970124 39264840    0    0     0    10 1965 4305  0  0 100  0
 0  0  48160 19119800 970124 39264844    0    0     0    52 1776 3870  0  0 100  0
 1  0  48160 19120356 970124 39264844    0    0     0     4 1939 4175  0  0 100  0
 0  0  48160 19120784 970124 39264848    0    0     0     2 1877 4086  0  0 100  0
 1  0  48160 19121656 970124 39264848    0    0     0  7530 2023 4066  0  0 100  0
procs -----------memory---------- ---swap-- -----io---- -system-- ----cpu----
 r  b   swpd   free   buff  cache   si   so    bi    bo   in   cs us sy id wa
 0  0  48160 19121872 970124 39264852    0    0     0    10 1852 4046  0  0 100  0
 1  0  48160 19122400 970124 39264852    0    0     0   154 1751 3902  0  0 100  0
 0  0  48160 19123028 970124 39264860    0    0     0     4 1924 4064  0  0 100  0
 0  0  48160 19123296 970124 39264860    0    0     0    44 1744 3894  0  0 100  0
 0  0  48160 19123884 970124 39264860    0    0     0     0 1847 4051  0  0 100  0
 1  0  48160 19124368 970124 39264864    0    0     0    10 1833 4010  0  0 100  0
 0  0  48160 19124800 970124 39264864    0    0     0    48 1816 4047  0  0 100  0
 0  0  48160 19125312 970124 39264868    0    0     0     4 1793 3893  0  0 100  0
 0  0  48160 19125796 970124 39264868    0    0     0     2 1746 3839  0  0 100  0
 1  0  48160 19126240 970124 39264872    0    0     0    36 1919 4180  0  0 100  0
 0  0  48160 19126248 970124 39264876    0    0     0    10 1981 4335  0  0 100  0
 0  0  48160 19126252 970124 39264876    0    0     0    66 1739 3856  0  0 100  0
 0  0  48160 19126720 970124 39264880    0    0     0     4 1876 4102  0  0 100  0
 0  0  48160 19127112 970124 39264880    0    0     0     2 1943 4195  0  0 100  0
 1  0  48160 19127176 970124 39264884    0    0     0    38 1838 4048  0  0 100  0
 0  0  48160 19126680 970124 39264888    0    0     0     6 1846 3996  0  0 100  0
 0  0  48160 19126168 970124 39264892    0    0     0     0 1780 3967  0  0 100  0
 0  0  48160 19126400 970124 39264896    0    0     0    44 2017 4233  0  0 100  0
 1  0  48160 19126184 970124 39264896    0    0     0     2 1726 3752  0  0 100  0
 0  0  48160 19126492 970124 39264912    0    0     0    46 2008 4364  0  0 100  0
 0  0  48160 19124056 970124 39264916    0    0     0     6 1987 4069  0  0 100  0
procs -----------memory---------- ---swap-- -----io---- -system-- ----cpu----
 r  b   swpd   free   buff  cache   si   so    bi    bo   in   cs us sy id wa
 0  0  48160 19124204 970124 39264920    0    0     0     0 1784 3982  0  0 100  0
 0  0  48160 19124448 970124 39264920    0    0     0    60 1820 4000  0  0 100  0
 0  0  48160 19124572 970124 39264920    0    0     0     2 1715 3694  0  0 100  0
 0  0  48160 19125396 970124 39264932    0    0     0    50 1888 4160  0  0 100  0
 0  0  48160 19125528 970124 39264932    0    0     0     6 2057 4323  0  0 100  0
 1  0  48160 19125364 970124 39264936    0    0     0     0 1770 3877  0  0 100  0
 0  0  48160 19125372 970124 39264936    0    0     0    46 1968 4309  0  0 100  0
 0  0  48160 19125272 970124 39264940    0    0     0     2 1933 4118  0  0 100  0
 0  0  48160 19125404 970124 39264940    0    0     0    42 1863 4054  0  0 100  0
 1  0  48160 19125404 970124 39264948    0    0     0     6 1857 4028  0  0 100  0
 0  0  48160 19125528 970124 39264952    0    0     0     0 1767 3909  0  0 100  0
 0  0  48160 19125848 970124 39264952    0    0     0    46 1966 4148  0  0 100  0
 0  0  48160 19125916 970124 39264956    0    0     0    94 1942 3925  0  0 100  0
 1  0  48160 19125924 970124 39264956    0    0     0     4 1845 3973  0  0 100  0
 0  0  48160 19126056 970124 39264960    0    0     0     6 1830 3992  0  0 100  0
 0  0  48160 19126376 970124 39264964    0    0     0    44 1755 3911  0  0 100  0
 0  0  48160 19126624 970124 39264968    0    0     0    28 1810 3984  0  0 100  0
 1  0  48160 19126624 970124 39264968    0    0     0     2 1664 3643  0  0 100  0
 0  0  48160 19126764 970124 39264968    0    0     0    42 1887 4112  0  0 100  0
 0  0  48160 19126860 970124 39264972    0    0     0     6 1940 4235  0  0 100  0
 1  0  48160 19126892 970124 39264972    0    0     0     0 1740 3833  0  0 100  0
procs -----------memory---------- ---swap-- -----io---- -system-- ----cpu----
 r  b   swpd   free   buff  cache   si   so    bi    bo   in   cs us sy id wa
 0  0  48160 19126072 970124 39264980    0    0     0    48 1904 4173  0  0 100  0
 0  0  48160 19126116 970124 39264980    0    0     0     2 1893 4055  0  0 100  0
 0  0  48160 19126244 970124 39264980    0    0     0    38 1798 3991  0  0 100  0
 0  0  48160 19126292 970124 39264984    0    0     0     6 1777 3914  0  0 100  0
 0  0  48160 19126416 970124 39264984    0    0     0     0 1706 3821  0  0 100  0
 0  0  48160 19126052 970124 39264984    0    0     0    44 1911 4088  0  0 100  0
 0  0  48160 19125816 970124 39264984    0    0     0     2 1699 3711  0  0 100  0
 0  0  48160 19124364 970124 39264992    0    0     0    52 1986 4071  0  0 100  0
 0  0  48160 19124088 970124 39264996    0    0     0     6 1775 3971  0  0 100  0
 0  0  48160 19124244 970124 39264996    0    0     0     0 1775 3889  0  0 100  0
 0  0  48160 19124724 970124 39265000    0    0     0    80 1785 3956  0  0 100  0
 0  0  48160 19125208 970124 39265012    0    0     0     2 1672 3685  0  0 100  0
 0  0  48160 19125612 970124 39265012    0    0     0     4 1833 4091  0  0 100  0
 0  0  48160 19125620 970124 39265016    0    0     0    50 1989 4352  0  0 100  0
 0  0  48160 19125992 970124 39265024    0    0     0     0 1732 3727  0  0 100  0
 2  0  48160 19125844 970124 39265024    0    0     0     6 1976 4365  0  0 100  0
 0  0  48160 19125788 970124 39265036    0    0     0    44 2367 5781  1  1 99  0
 0  0  48160 19125676 970124 39265036    0    0     0     4 1842 4081  0  0 100  0
 0  0  48160 19125688 970124 39265164    0    0     0    54 1812 4041  0  0 100  0
 0  0  48160 19125820 970124 39265164    0    0     0     0 1748 3812  0  0 100  0
 0  0  48160 19125656 970124 39265168    0    0     0    42 2013 4193  0  0 100  0
procs -----------memory---------- ---swap-- -----io---- -system-- ----cpu----
 r  b   swpd   free   buff  cache   si   so    bi    bo   in   cs us sy id wa
 0  0  48160 19125420 970124 39265172    0    0     0    70 1711 3741  0  0 100  0
 0  0  48160 19125312 970124 39265172    0    0     0     4 1872 4032  0  0 100  0
 0  0  48160 19125324 970124 39265176    0    0     0     6 1840 4068  0  0 100  0
 0  0  48160 19125204 970124 39265176    0    0     0    42 1739 3844  0  0 100  0
 2  0  48160 19125284 970124 39265176    0    0     0    28 1819 4003  0  0 100  0
 0  0  48160 19125288 970124 39265180    0    0     0     2 1669 3617  0  0 100  0
 0  0  48160 19125216 970124 39265180    0    0     0    38 1987 4287  0  0 100  0
 0  0  48160 19125072 970124 39265184    0    0     0     6 1996 4348  0  0 100  0
 1  0  48160 19125084 970124 39265188    0    0     0     0 1722 3773  0  0 100  0
 0  0  48160 19125144 970124 39265188    0    0     0    48 2001 4296  0  0 100  0
 0  0  48160 19125424 970124 39265188    0    0     0     2 1855 4029  0  0 100  0
 0  0  48160 19125508 970124 39265192    0    0     0    42 1841 4116  0  0 100  0
 1  0  48160 19125516 970124 39265196    0    0     0     6 1858 4118  0  0 100  0
 0  0  48160 19125520 970124 39265196    0    0     0     0 1726 3811  0  0 100  0
 0  0  48160 19125572 970124 39265204    0    0     0    80 1981 4214  0  0 100  0
 0  0  48160 19125832 970124 39265204    0    0     0     2 1687 3721  0  0 100  0
 1  0  48160 19124564 970124 39265208    0    0     0     4 1869 3998  0  0 100  0
 0  0  48160 19124500 970124 39265212    0    0     0    56 1791 3983  0  0 100  0
 0  0  48160 19124640 970124 39265212    0    0     0     0 1736 3816  0  0 100  0
 0  0  48160 19124700 970124 39265216    0    0     0     4 1877 4039  0  0 100  0
 1  0  48160 19125852 970124 39265228    0    0     0    46 1713 3805  0  0 100  0
procs -----------memory---------- ---swap-- -----io---- -system-- ----cpu----
 r  b   swpd   free   buff  cache   si   so    bi    bo   in   cs us sy id wa
 0  0  48160 19125244 970124 39265228    0    0     0     4 1875 4075  0  0 100  0
 0  0  48160 19125276 970124 39265228    0    0     0    58 1982 4328  0  0 100  0
 0  0  48160 19125336 970124 39265228    0    0     0     0 1702 3663  0  0 100  0
 1  0  48160 19125800 970124 39265232    0    0     0     4 1958 4221  0  0 100  0
 0  0  48160 19126104 970124 39265232    0    0     0    36 1816 4041  0  0 100  0
 0  0  48160 19126440 970124 39265236    0    0     0     4 1825 4002  0  0 100  0
 0  0  48160 19126320 970124 39265244    0    0     0    48 1800 4025  0  0 100  0
 0  0  48160 19126072 970124 39265244    0    0     0     0 1708 3758  0  0 100  0
 0  0  48160 19126336 970124 39265248    0    0     0     4 1992 4183  0  0 100  0
 0  0  48160 19126360 970124 39265248    0    0     0    70 1748 3853  0  0 100  0
 0  0  48160 19126268 970124 39265248    0    0     0     4 1830 3920  0  0 100  0
 1  0  48160 19109904 970124 39268280    0    0     0    72 11365 8755  4  1 96  0
 1  0  48160 19110584 970124 39268652    0    0     0     0 1733 3777  0  0 100  0
 0  0  48160 19110176 970124 39268656    0    0     0     4 1917 4089  0  0 100  0
 0  0  48160 19110172 970124 39268656    0    0     0    44 1714 3791  0  0 100  0
 0  0  48160 19110512 970124 39268656    0    0     0     4 1886 4156  0  0 100  0
 1  0  48160 19110344 970124 39268660    0    0     0    48 2050 4387  0  0 100  0
 0  0  48160 19110468 970124 39268660    0    0     0     0 1717 3786  0  0 100  0
 0  0  48160 19110964 970124 39268672    0    0     0     4 1970 4269  0  0 100  0
 0  0  48160 19111440 970124 39268672    0    0     0    38 1936 4187  0  0 100  0
 1  0  48160 19111844 970124 39268672    0    0     0     4 1920 4160  0  0 100  0
procs -----------memory---------- ---swap-- -----io---- -system-- ----cpu----
 r  b   swpd   free   buff  cache   si   so    bi    bo   in   cs us sy id wa
 0  0  48160 19112080 970124 39268676    0    0     0     6 1849 4124  0  0 100  0
 0  0  48160 19112348 970124 39268676    0    0     0    42 1785 3880  0  0 100  0
 0  0  48160 19112628 970124 39268680    0    0     0     4 2010 4330  0  0 100  0
 0  0  48160 19112968 970124 39268684    0    0     0    48 1788 3913  0  0 100  0
 0  0  48160 19111996 970124 39268688    0    0     0     4 1939 4171  0  0 100  0
 0  0  48160 19114704 970124 39264464    0    0     0  2100 2251 4961  1  0 98  0
 0  0  48160 19115140 970124 39263528    0    0     0     0 1767 3887  0  0 100  0
 1  0  48160 19115516 970124 39263532    0    0     0     4 1886 4156  0  0 100  0
 0  0  48160 19116664 970124 39263544    0    0     0    66 1769 3909  0  0 100  0
 0  0  48160 19116744 970124 39263544    0    0     0    54 1913 4201  0  0 100  0
 0  0  48160 19116844 970124 39263548    0    0     0     6 2009 4426  0  0 100  0
 0  0  48160 19117128 970124 39263548    0    0     0     0 1727 3792  0  0 100  0
 0  0  48160 19117272 970124 39263548    0    0     0    48 2027 4410  0  0 100  0
 0  0  48160 19117236 970124 39263552    0    0     0     2 1821 4064  0  0 100  0
 0  0  48160 19117392 970124 39263552    0    0     0    52 1854 4090  0  0 100  0
 0  0  48160 19117144 970124 39263552    0    0     0     6 1830 4123  0  0 100  0
 0  0  48160 19117364 970124 39263560    0    0     0     0 1747 3820  0  0 100  0
 0  0  48160 19116760 970124 39263564    0    0     0    48 1971 4273  0  0 100  0
 0  0  48160 19117268 970124 39263564    0    0     0    70 1776 3871  0  0 100  0
 0  0  48160 19116772 970124 39263564    0    0     0    46 1901 3887  0  0 100  0
 1  0  48160 19116576 970124 39263568    0    0     0     6 1822 4036  0  0 100  0
procs -----------memory---------- ---swap-- -----io---- -system-- ----cpu----
 r  b   swpd   free   buff  cache   si   so    bi    bo   in   cs us sy id wa
 0  0  48160 19116664 970124 39263568    0    0     0     0 1735 3829  0  0 100  0
