procs -----------memory---------- ---swap-- -----io---- -system-- ----cpu----
 r  b   swpd   free   buff  cache   si   so    bi    bo   in   cs us sy id wa
 0  0 194596 25307580 347504 68797552    0    0     0    85    0    0  2  1 98  0
 1  0 194596 25309160 347504 68797288    0    0     0  6912 6718 11869  1  1 98  0
 4  0 194596 25307404 347504 68797296    0    0     0    16 5153 12964  1  1 98  0
 0  0 194596 25295724 347504 68797344    0    0     0    10 4905 10596  1  1 99  0
 2  0 194596 25309168 347504 68797384    0    0     0  1028 5918 14147  2  1 98  0
 0  0 194596 25308528 347504 68797440    0    0     0     0 6519 11731  1  1 98  0
 0  0 194596 25307852 347504 68797456    0    0     0  6700 7324 11634  1  1 98  0
 0  0 194596 25307144 347504 68797464    0    0     0    16 5239 11890  1  1 98  0
 1  0 194596 25307292 347504 68797472    0    0     0  8992 7491 10809  1  1 99  0
 0  0 194596 25306060 347504 68797488    0    0     0  1356 5619 13387  1  1 97  0
 0  0 194596 25307856 347504 68797504    0    0     0    38 5138 11482  1  0 99  0
 0  0 194596 25306068 347504 68797520    0    0     0     8 5544 13007  1  1 98  0
 0  0 194596 25307728 347504 68797520    0    0     0   404 5254 12207  1  0 99  0
 0  0 194596 25306600 347504 68797528    0    0     0    10 4823 10851  1  0 99  0
 0  0 194596 25305780 347504 68797528    0    0     0    72 5759 13148  1  1 98  0
 1  0 194596 25310132 347504 68797696    0    0     0    32 5618 13931  2  1 97  0
 0  0 194596 25307192 347504 68797712    0    0     0  4798 6309 11558  1  1 98  0
 0  0 194596 25307884 347504 68797728    0    0     0   450 5527 12879  1  1 98  0
 0  0 194596 25308168 347504 68797736    0    0     0    10 4818 10529  1  0 99  0
 1  0 194596 25294640 347504 68797752    0    0     0 11072 8636 13284  1  1 98  0
 0  0 194596 25308600 347504 68797784    0    0     0    52 5174 12052  1  1 98  0
procs -----------memory---------- ---swap-- -----io---- -system-- ----cpu----
 r  b   swpd   free   buff  cache   si   so    bi    bo   in   cs us sy id wa
 0  0 194596 25306980 347504 68797800    0    0     0     8 4985 11785  1  0 99  0
 0  0 194596 25304456 347504 68797824    0    0     0    86 5346 12304  1  1 98  0
 0  0 194596 25306528 347504 68797832    0    0     0    10 4838 10968  1  0 99  0
 0  0 194596 25306076 347504 68797840    0    0     0     0 5207 12494  1  1 98  0
 2  0 194596 25303376 347504 68797848    0    0     0  1022 5287 12726  1  1 98  0
 1  0 194596 25305808 347504 68797856    0    0     0 11136 9316 12770  1  1 98  0
 0  0 194596 25306640 347504 68797864    0    0     0   474 5444 12575  1  1 98  0
 0  0 194596 25306664 347504 68797904    0    0     0    10 4859 10906  1  1 99  0
 0  0 194596 25307812 347504 68797968    0    0     0  4862 6279 12443  1  1 98  0
 0  0 194596 25304328 347504 68798000    0    0     0     0 5470 12923  1  1 98  0
 2  0 194596 25306764 347504 68798024    0    0     0   410 5172 11598  1  1 99  0
 0  0 194596 25307028 347504 68798032    0    0     0    44 5354 13422  1  1 98  0
 1  0 194596 25309160 347504 68798064    0    0     0    10 4799 10678  1  0 99  0
 0  0 194596 25308620 347504 68798088    0    0     0  1024 5594 13342  1  1 98  0
 0  0 194596 25295212 347504 68798160    0    0     0     0 5027 11770  1  1 98  0
 0  0 194596 25306936 347504 68798176    0    0     0  2708 5697 11858  1  1 98  1
 3  0 194596 25307112 347504 68798208    0    0     0   120 5335 12316  1  0 98  0
 0  0 194596 25307576 347504 68798224    0    0     0    10 4995 11197  1  1 98  0
 0  0 194596 25306100 347504 68798240    0    0     0 13802 8935 11725  1  1 98  0
 2  0 194596 25306636 347504 68798280    0    0     0     0 5539 12235  1  1 98  0
 0  0 194596 25307988 347504 68798280    0    0     0   910 68793 13955  2  2 96  0
procs -----------memory---------- ---swap-- -----io---- -system-- ----cpu----
 r  b   swpd   free   buff  cache   si   so    bi    bo   in   cs us sy id wa
 7  0 194596 25301724 347504 68798288    0    0     0   444 5155 11776  1  1 99  0
 0  0 194596 25307048 347504 68798304    0    0     0    10 4857 10874  1  0 99  0
 1  0 194596 25308492 347504 68798328    0    0     0     0 5480 12097  1  0 98  0
 0  0 194596 25307156 347504 68798416    0    0     0    66 5521 14107  2  1 98  0
 0  0 194596 25304472 347504 68798400    0    0     0 15530 9520 12170  1  1 98  0
 0  0 194596 25306492 347504 68798416    0    0     0  1120 5274 12807  1  1 98  0
 0  0 194596 25305652 347504 68798416    0    0     0    96 4951 11413  1  1 99  0
 1  0 194596 25306684 347504 68798528    0    0     0     0 5548 12851  1  1 98  0
 0  0 194596 25305232 347504 68798576    0    0     0   392 4808 11034  1  0 99  0
 2  0 194596 25288980 347504 68798592    0    0     0     8 5102 12194  1  1 98  0
 0  0 194596 25303492 347504 68798608    0    0     0    84 5289 12338  1  1 98  0
 0  0 194596 25301452 347504 68798624    0    0     0    70 4802 11086  1  1 99  0
 0  0 194596 25303944 347504 68798624    0    0     0 15394 9273 12527  1  1 98  0
 2  0 194596 25306192 347504 68798640    0    0     0     0 4999 11418  1  0 99  0
 0  0 194596 25306052 347504 68798688    0    0     0  1082 5284 12584  1  1 98  0
 0  0 194596 25303632 347504 68798672    0    0     0   460 5544 13374  1  1 98  0
 0  0 194596 25305684 347504 68798672    0    0     0    68 4733 10611  1  0 99  0
 6  0 194596 25304412 347504 68798752    0    0     0     0 5598 12687  1  0 98  0
 1  0 194596 25304976 347504 68798784    0    0     0     0 5085 11728  1  0 99  0
 0  0 194596 25305808 347504 68798816    0    0     0 15508 9857 11775  1  1 98  0
 2  0 194596 25303432 347504 68798832    0    0     0  1096 5712 14525  1  1 98  0
procs -----------memory---------- ---swap-- -----io---- -system-- ----cpu----
 r  b   swpd   free   buff  cache   si   so    bi    bo   in   cs us sy id wa
 0  0 194596 25305588 347504 68798864    0    0     0    10 4859 10732  1  0 99  0
 0  0 194596 25303788 347504 68798912    0    0     0    82 5761 14490  1  1 98  0
 2  0 194596 25306592 347504 68798960    0    0     0     0 4900 11056  1  1 99  0
 1  0 194596 25307096 347504 68798968    0    0     0   436 4921 11421  1  0 99  0
 2  0 194596 25303784 347504 68798992    0    0     0    84 5473 12714  1  1 98  0
 0  0 194596 25305472 347504 68799000    0    0     0    10 4898 11010  1  1 99  0
 0  0 194596 25304296 347504 68799024    0    0     0 17222 10345 13072  1  1 98  0
 0  0 194596 25305052 347504 68799040    0    0     0     0 4954 11322  1  0 99  0
 0  0 194596 25304652 347504 68799056    0    0     0     8 5604 13278  1  1 98  0
 0  0 194596 25292680 347504 68799136    0    0     0   132 5643 13178  1  1 98  0
 1  0 194596 25304844 347504 68799136    0    0     0    10 4910 11170  1  1 98  0
 0  0 194596 25305960 347504 68799152    0    0     0   474 5480 12472  1  1 99  0
 0  0 194596 25306892 347504 68799208    0    0     0     0 5475 13226  1  1 98  0
 0  1 194596 25305272 347504 68799200    0    0     0  5634 7089 12074  1  1 98  0
 2  0 194596 25305704 347504 68799208    0    0     0   796 5204 12448  1  1 98  0
 1  0 194596 25304976 347504 68799216    0    0     0    10 4947 11242  1  1 98  0
 0  0 194596 25305920 347504 68799232    0    0     0 10980 8232 13251  1  1 98  0
 0  0 194596 25305444 347504 68799256    0    0     0     0 4984 11505  1  0 98  0
 0  0 194596 25305640 347504 68799424    0    0     0     8 4947 11297  1  0 99  0
 0  0 194596 25304032 347504 68799424    0    0     0   426 5160 12123  1  1 99  0
 2  0 194596 25303384 347504 68799440    0    0     0 19172 5346 12091  2  2 97  0
procs -----------memory---------- ---swap-- -----io---- -system-- ----cpu----
 r  b   swpd   free   buff  cache   si   so    bi    bo   in   cs us sy id wa
12  0 194596 25304332 347504 68799456    0    0     0     0 5456 12589  1  1 98  0
 0  0 194596 25303468 347504 68799456    0    0     0   976 4910 11048  1  1 99  0
 0  0 194596 25305840 347504 68799472    0    0     0     8 5405 12270  1  1 99  0
 0  0 194596 25304056 347504 68799472    0    0     0    74 5273 12476  1  1 99  0
 2  0 194596 25293668 347504 68799488    0    0     0    10 4914 11271  1  1 98  0
 0  0 194596 25305840 347504 68799568    0    0     0   422 5501 12608  1  1 98  0
 0  0 194596 25305928 347504 68799584    0    0     0    32 5087 11649  1  1 98  0
 1  0 194596 25305176 347504 68799608    0    0     0     8 5354 11985  1  1 98  0
 0  0 194596 25306556 347504 68799616    0    0     0  5528 7154 12735  1  1 98  0
 0  0 194596 25306864 347504 68799664    0    0     0  1048 4862 11064  1  1 99  0
 0  0 194596 25307180 347504 68799760    0    0     0   318 10103 14568  2  1 97  0
 1  0 194596 25308848 347504 68799816    0    0     0    38 23033 12201  1  1 98  0
 0  0 194596 25308236 347504 68799840    0    0     0     8 4977 11492  1  0 99  0
 0  0 194596 25307256 347504 68799856    0    0     0  5360 6251 11833  1  0 99  0
 0  0 194596 25308112 347504 68799864    0    0     0    10 4828 11303  1  1 99  0
 1  0 194596 25306404 347504 68799888    0    0     0  6206 7488 14618  1  1 97  0
 2  0 194596 25306468 347504 68799904    0    0     0    70 4900 11512  1  0 99  0
 0  0 194596 25306444 347504 68799872    0    0     0     8 5330 12818  1  1 98  0
 1  0 194596 25306812 347504 68799904    0    0     0    18 5208 12401  1  1 99  0
 0  0 194596 25307772 347504 68799920    0    0     0   436 4830 11708  1  0 99  0
 0  0 194596 25294332 347504 68799936    0    0     0    34 5556 13038  1  1 98  0
procs -----------memory---------- ---swap-- -----io---- -system-- ----cpu----
 r  b   swpd   free   buff  cache   si   so    bi    bo   in   cs us sy id wa
 0  0 194596 25307220 347504 68799936    0    0     0    62 5577 13661  1  1 98  0
 1  0 194596 25306140 347504 68799976    0    0     0    40 5178 12454  1  1 98  0
 0  0 194596 25306708 347504 68799976    0    0     0  5328 6684 12049  1  0 99  0
 0  0 194596 25306372 347504 68799984    0    0     0  1116 4969 11188  1  0 99  0
 0  0 194596 25306084 347504 68800024    0    0     0 10672 8529 12938  1  1 98  0
 1  0 194596 25306304 347504 68800032    0    0     0   434 5236 12529  1  1 98  0
 0  0 194596 25305012 347504 68800064    0    0     0    60 5098 11777  1  1 99  0
 0  0 194596 25305796 347504 68800128    0    0     0    16 5293 12141  1  0 99  0
 0  0 194596 25304976 347504 68800144    0    0     0   162 4899 11640  1  0 99  0
 0  0 194596 25305052 347504 68800160    0    0     0     0 5269 12458  1  1 98  0
 0  1 194596 25306620 347504 68800176    0    0     0  1002 57784 13194  2  1 96  0
 0  0 194596 25307844 347504 68800192    0    0     0    94 5368 12276  1  1 95  3
 3  0 194596 25306204 347504 68800328    0    0     0 14914 9595 12925  1  1 98  0
 0  0 194596 25306336 347504 68800384    0    0     0    10 4873 11076  1  0 99  0
 0  0 194596 25305868 347504 68800528    0    0     0  9576 8563 12553  1  1 98  0
 3  0 194596 25290940 347504 68800560    0    0     0    52 5717 13800  1  2 97  0
 1  0 194596 25306212 347504 68800568    0    0     0     8 5351 13114  1  1 98  0
 0  0 194596 25304956 347504 68800632    0    0     0  1028 5381 13342  1  1 98  0
 0  0 194596 25305672 347504 68800640    0    0     0    10 4739 10592  1  0 99  0
 1  0 194596 25306460 347504 68800680    0    0     0    94 5648 13068  1  1 98  0
 0  0 194596 25304068 347504 68800720    0    0     0     0 4979 11854  1  1 98  0
procs -----------memory---------- ---swap-- -----io---- -system-- ----cpu----
 r  b   swpd   free   buff  cache   si   so    bi    bo   in   cs us sy id wa
 0  0 194596 25304852 347504 68800736    0    0     0   418 5071 11696  1  1 98  0
 0  0 194596 25306148 347504 68800736    0    0     0 11848 8837 12056  1  1 98  0
 1  0 194596 25306192 347504 68800768    0    0     0    10 4887 11702  1  1 98  0
 0  0 194596 25305232 347504 68800792    0    0     0  5456 5989 11796  1  1 99  0
 0  0 194596 25305296 347504 68800792    0    0     0     0 4941 11994  1  1 99  0
 0  0 194596 25302568 347504 68800808    0    0     0    80 5622 13975  1  1 98  0
 2  0 194596 25303260 347504 68800816    0    0     0    42 5338 12419  1  1 98  0
 0  0 194596 25302708 347504 68800832    0    0     0    10 4978 11228  1  0 99  0
 0  0 194596 25302720 347504 68800864    0    0     0     0 5568 11997  1  1 98  0
 0  0 194596 25304632 347504 68800896    0    0     0   428 5761 14503  2  1 97  0
 0  0 194596 25291396 347504 68800904    0    0     0  1030 5002 11825  1  1 99  0
 1  0 194596 25302648 347504 68800944    0    0     0  5724 7288 12942  1  1 98  0
 0  0 194596 25302408 347504 68800960    0    0     0    10 5049 11407  1  0 99  0
 1  0 194596 25304916 347504 68800984    0    0     0 10210 8387 12456  1  1 98  0
 0  0 194596 25304368 347504 68801000    0    0     0   158 6036 11690  1  1 98  0
 0  0 194596 25303156 347504 68801024    0    0     0   402 5163 11596  1  1 99  0
 0  0 194596 25303176 347504 68801032    0    0     0    16 5464 12668  1  1 98  0
 1  0 194596 25303012 347504 68801040    0    0     0    92 5204 11732  1  1 98  0
 0  0 194596 25302708 347504 68801040    0    0     0     0 5265 12119  1  1 99  0
 0  0 194596 25302516 347504 68801056    0    0     0   990 5263 11669  1  0 99  0
 1  0 194596 25304000 347504 68801040    0    0     0     8 5538 13098  1  1 98  0
procs -----------memory---------- ---swap-- -----io---- -system-- ----cpu----
 r  b   swpd   free   buff  cache   si   so    bi    bo   in   cs us sy id wa
 1  0 194596 25294932 347504 68801168    0    0     0 16272 16702 20169  1  1 97  0
 0  0 194596 25302152 347504 68801184    0    0     0 19134 10430 17687  3  1 96  0
 0  0 194596 25304252 347504 68801320    0    0     0     0 23124 15527  2  1 97  0
 2  0 194596 25304876 347504 68801344    0    0     0   930 10239 17220  1  1 98  0
 0  0 194596 25303256 347504 68801360    0    0     0     8 10406 18097  1  1 98  0
 2  0 194596 25286732 347504 68801408    0    0     0   448 11185 20276  2  1 97  0
 2  0 194596 25298964 347504 68801408    0    0     0    10 9717 16964  1  1 98  0
 1  0 194596 25299312 347504 68801472    0    0     0     0 11503 20564  2  1 97  0
 0  0 194596 25299428 347504 68801504    0    0     0   466 10779 18289  2  1 97  0
 0  0 194596 25298404 347504 68801544    0    0     0     8 10206 17770  1  1 98  0
 5  0 194596 25297860 347504 68801560    0    0     0 16206 15655 18066  1  1 98  0
 2  0 194596 25297484 347504 68801584    0    0     0   856 11187 18883  2  1 97  0
 3  0 194596 25298176 347504 68801608    0    0     0   532 15034 18480  2  1 98  0
 0  0 194596 25295768 347504 68801616    0    0     0     0 11230 18227  1  1 98  0
 1  0 194596 25295468 347504 68801632    0    0     0     8 10346 18562  2  1 98  0
 0  0 194596 25294260 347504 68801664    0    0     0    74 11401 19515  2  1 97  0
 4  0 194596 25291664 347504 68801712    0    0     0   444 10139 17865  1  1 98  0
 2  1 194596 25291664 347504 68801728    0    0     0  3682 11819 18155  1  1 98  0
 1  0 194596 25292012 347504 68801768    0    0     0  5710 14036 20795  2  1 97  0
 0  0 194596 25289076 347504 68801768    0    0     0     8 10667 18117  1  1 98  0
 0  0 194596 25288840 347508 68801792    0    0     0  6832 11942 18643  1  1 98  0
procs -----------memory---------- ---swap-- -----io---- -system-- ----cpu----
 r  b   swpd   free   buff  cache   si   so    bi    bo   in   cs us sy id wa
 0  0 194596 25286212 347508 68801800    0    0     0    12 9986 18035  1  1 98  0
 1  0 194596 25286304 347508 68801816    0    0     0     0 10191 18711  1  1 98  0
 0  0 194596 25285132 347508 68801840    0    0     0   488 11056 18736  1  1 98  0
 0  0 194596 25283360 347508 68801856    0    0     0     8 10357 18013  1  1 98  0
 0  0 194596 25281064 347508 68801872    0    0     0    16 11248 19694  2  1 97  0
 1  0 194596 25269152 347508 68801928    0    0     0   982 16060 18248  2  1 97  0
 0  0 194596 25279964 347508 68801936    0    0     0   430 10681 17963  1  1 98  0
 0  0 194596 25279296 347508 68801952    0    0     0  8556 13811 20050  1  1 98  0
 1  0 194596 25279012 347508 68802000    0    0     0     8 10331 18038  1  1 98  0
 1  0 194596 25277276 347520 68801984    0    0     0  7512 12794 19485  2  1 98  0
 1  0 194596 25277068 347520 68802064    0    0     0 19614 10873 18111  3  1 96  0
 0  0 194596 25276412 347520 68802256    0    0     0     0 11782 19284  2  1 97  0
 1  0 194596 25274600 347520 68802272    0    0     0     0 11039 19492  2  1 97  0
 0  0 194596 25274988 347520 68802288    0    0     0   928 10185 17608  1  1 98  0
 0  0 194596 25273560 347520 68802320    0    0     0    16 10451 19239  2  1 98  0
 1  0 194596 25272244 347520 68802376    0    0     0   442 9413 16898  1  1 98  0
 1  0 194596 25269120 347520 68802448    0    0     0    94 12029 20797  2  1 97  0
 1  0 194596 25268900 347520 68802472    0    0     0     0 10880 17455  1  1 98  0
 2  0 194596 25269848 347520 68802488    0    0     0     8 10867 18557  2  1 98  0
 1  0 194596 25268476 347520 68802512    0    0     0   414 11932 18136  1  1 98  0
 0  0 194596 25267456 347520 68802512    0    0     0   934 11261 18673  1  1 98  0
procs -----------memory---------- ---swap-- -----io---- -system-- ----cpu----
 r  b   swpd   free   buff  cache   si   so    bi    bo   in   cs us sy id wa
 1  0 194596 25253728 347520 68802544    0    0     0   514 10937 17913  1  1 98  0
 1  0 194596 25263852 347524 68802576    0    0     0 16078 46063 18699  3  2 95  0
 0  0 194596 25264064 347524 68802616    0    0     0   206 12568 20673  2  1 97  0
 0  0 194596 25262116 347524 68802640    0    0     0    16 11521 18566  1  1 98  0
 0  0 194596 25260484 347524 68802640    0    0     0   446 10234 16938  1  1 98  0
 1  0 194596 25259512 347524 68802672    0    0     0     0 10981 18299  1  1 98  0
 1  0 194596 25258220 347524 68802712    0    0     0    86 12369 20955  2  2 96  0
 1  0 194596 25258304 347524 68802720    0    0     0     8 11267 17867  1  1 98  0
 0  0 194596 25258788 347524 68802736    0    0     0 14908 15637 17984  1  1 98  0
 1  0 194596 25258692 347524 68802768    0    0     0  1182 17646 18493  2  1 97  0
 0  0 194596 25257688 347524 68802816    0    0     0     0 11364 18986  2  1 97  0
 0  0 194596 25256180 347524 68802832    0    0     0     0 10988 18701  1  1 98  0
 1  0 194596 25254156 347524 68802880    0    0     0   488 11034 18286  2  1 98  0
 1  0 194596 25250288 347524 68802920    0    0     0    16 11537 19930  2  1 97  0
 0  0 194596 25248108 347524 68802944    0    0     0   990 11304 19325  2  1 97  0
 0  0 194596 25246312 347524 68802944    0    0     0     0 11884 18502  1  1 98  0
 2  0 194596 25232892 347528 68802952    0    0     0 15566 18613 17914  2  1 97  0
 0  0 194596 25246428 347528 68803064    0    0     0   540 11654 18415  1  1 98  0
10  0 194596 25243796 347528 68803112    0    0     0    66 11681 18989  1  1 98  0
 0  0 194596 25243908 347528 68803120    0    0     0    10 10802 18259  1  1 98  0
 0  0 194596 25243304 347528 68803192    0    0     0 19476 11567 19823  3  1 96  0
procs -----------memory---------- ---swap-- -----io---- -system-- ----cpu----
 r  b   swpd   free   buff  cache   si   so    bi    bo   in   cs us sy id wa
 1  0 194596 25242292 347528 68803216    0    0     0     0 11813 19052  2  1 97  0
 1  0 194596 25242912 347528 68803216    0    0     0     8 21874 18826  2  1 97  0
 0  0 194596 25620064 347528 68803280    0    0     0  1088 11493 20288  2  1 97  0
 4  0 194596 25516032 347528 68803328    0    0     0   156 14404 23342  7  1 92  0
 0  0 194596 25482344 347528 68803440    0    0     0     0 13509 20646  4  1 95  0
 0  0 194596 25482804 347528 68803456    0    0     0     0 10711 18534  1  1 98  0
 2  0 194596 25479916 347528 68803488    0    0     0   480 10608 19529  2  1 97  0
 0  0 194596 25478052 347532 68803504    0    0     0 16140 14843 19042  1  1 98  0
 0  0 194596 25477772 347532 68803536    0    0     0  1192 10337 19109  2  1 97  0
 0  0 194596 25476232 347532 68803584    0    0     0   146 10126 18137  1  1 98  0
 2  0 194596 25476136 347532 68803592    0    0     0     0 9820 17238  1  1 98  0
 0  0 194596 25460828 347532 68803616    0    0     0    96 10843 19896  2  1 97  0
 0  0 194596 25471560 347532 68803648    0    0     0    16 10374 19575  1  1 97  0
 0  0 194596 25472244 347532 68803672    0    0     0    10 9885 17218  1  1 98  0
 0  0 194596 25469228 347532 68803704    0    0     0   474 10835 19123  2  1 98  0
 0  0 194596 25469988 347532 68803744    0    0     0  3436 11082 20010  2  1 97  0
 0  0 194596 25468192 347532 68803776    0    0     0     8 10718 18556  1  1 98  0
 1  1 194596 25465288 347532 68803800    0    0     0 12174 13781 19036  2  1 97  1
 1  0 194596 25464484 347536 68803824    0    0     0  1486 10012 17182  1  1 98  0
 0  0 194596 25462116 347536 68803840    0    0     0   176 11194 19237  2  1 97  0
 1  0 194596 25461808 347536 68803856    0    0     0     0 10679 18229  1  1 98  0
procs -----------memory---------- ---swap-- -----io---- -system-- ----cpu----
 r  b   swpd   free   buff  cache   si   so    bi    bo   in   cs us sy id wa
 2  0 194596 25458008 347536 68803856    0    0     0     8 10053 17315  1  1 98  0
 1  0 194596 25456820 347536 68803872    0    0     0   404 9646 17709  1  1 98  0
 7  0 194596 25456024 347536 68803888    0    0     0    10 10271 19252  2  1 97  0
 0  0 194596 25452388 347536 68803896    0    0     0  1026 11251 19554  2  1 98  0
 4  0 194596 25454512 347536 68804032    0    0     0 10518 17620 17571  1  1 98  0
 0  0 194596 25452980 347536 68804056    0    0     0     8 11962 19275  2  1 97  0
 0  0 194596 25439648 347536 68804088    0    0     0   160 10153 18424  1  1 98  0
 1  0 194596 25450032 347536 68804104    0    0     0  5546 12476 18764  1  1 98  0
 2  0 194596 25434092 347536 68809616    0    0     0     0 10236 17781  2  1 98  0
 1  0 194596 25451052 347536 68804208    0    0     0 19152 56333 17828  3  2 96  0
 1  0 194596 25449936 347536 68804216    0    0     0     8 10206 18843  2  1 98  0
 2  0 194596 25447124 347536 68804256    0    0     0  1036 11002 19459  1  1 98  0
 1  0 194596 25441092 347536 68804280    0    0     0    84 10323 19360  2  1 97  0
 0  0 194596 25435268 347536 68804376    0    0     0     0 11407 20676  3  1 96  0
 0  0 194596 25435248 347536 68804400    0    0     0   436 10267 18170  1  1 98  0
 0  0 194596 25435412 347536 68804416    0    0     0     8 10262 17953  1  1 98  0
 2  0 194596 25433596 347536 68804448    0    0     0    12 10661 17766  1  1 98  0
 0  0 194596 25431908 347536 68804464    0    0     0 16274 14984 19405  2  1 97  0
 0  0 194596 25429552 347536 68804480    0    0     0  1014 10090 17943  1  1 98  0
 1  0 194596 25429044 347536 68804480    0    0     0    52 10547 18349  1  1 98  0
 0  0 194596 25425844 347536 68804496    0    0     0    44 10831 19489  2  1 97  0
procs -----------memory---------- ---swap-- -----io---- -system-- ----cpu----
 r  b   swpd   free   buff  cache   si   so    bi    bo   in   cs us sy id wa
 0  0 194596 25425644 347536 68804504    0    0     0    14 10412 17798  1  1 98  0
 0  0 194596 25411724 347536 68804512    0    0     0   434 10868 18268  1  1 98  0
 3  0 194596 25424140 347536 68804560    0    0     0    74 11250 19293  2  1 97  0
 1  0 194596 25425360 347536 68804560    0    0     0 15842 19652 20064  3  1 96  0
 0  0 194596 25423208 347536 68804608    0    0     0   984 10694 19050  2  1 97  0
 0  0 194596 25422812 347536 68804640    0    0     0    16 10647 18618  1  1 98  0
 1  0 194596 25421096 347536 68804656    0    0     0   438 10514 18072  1  1 98  0
 0  0 194596 25417216 347536 68804680    0    0     0    60 11050 20151  2  1 97  0
 0  0 194596 25416380 347536 68804712    0    0     0     0 10585 18205  2  1 98  0
 1  0 194596 25413988 347536 68804736    0    0     0   422 9844 17782  1  1 98  0
 0  0 194596 25412780 347536 68804752    0    0     0    16 10550 18323  1  1 98  0
 0  0 194596 25411656 347536 68804776    0    0     0  5150 12839 18871  2  1 97  0
 0  0 194596 25408556 347536 68804960    0    0     0  1140 10290 18300  2  1 97  0
 2  0 194596 25409196 347536 68804976    0    0     0 10778 13669 17619  1  1 98  0
 0  0 194596 25406784 347536 68804992    0    0     0   182 9874 18615  2  1 97  0
 0  0 194596 25405660 347536 68805008    0    0     0    16 10598 19920  2  2 97  0
 0  0 194596 25404048 347536 68805072    0    0     0   454 10718 18227  2  1 98  0
 5  0 194596 25386252 347536 68805176    0    0     0    50 10070 18112  2  1 97  0
 0  0 194596 25402716 347536 68805200    0    0     0 19092 10041 19069  3  2 96  0
 0  0 194596 25400848 347536 68805224    0    0     0  1034 10190 17725  1  1 98  0
 0  0 194596 25399292 347536 68805240    0    0     0    16 9933 18659  1  1 98  0
procs -----------memory---------- ---swap-- -----io---- -system-- ----cpu----
 r  b   swpd   free   buff  cache   si   so    bi    bo   in   cs us sy id wa
 0  0 194596 25399572 347536 68805280    0    0     0    10 10402 17740  2  1 98  0
 8  0 194596 25398432 347536 68805344    0    0     0    68 10869 19500  2  1 97  0
 0  0 194596 25394196 347536 68805376    0    0     0   404 9929 18238  1  1 98  0
 1  0 194596 25393144 347536 68805384    0    0     0    80 9970 17477  2  1 98  0
 0  0 194596 25390924 347536 68805392    0    0     0    16 11146 19192  1  1 98  0
 0  0 194596 25390928 347536 68805416    0    0     0   228 10352 18109  2  1 97  0
 0  0 194596 25389496 347536 68805456    0    0     0  1098 10062 18157  2  1 98  0
 1  0 194596 25386072 347536 68805480    0    0     0  5282 12360 18152  1  1 98  0
 3  0 194596 25385936 347536 68805488    0    0     0   116 11122 19571  2  1 98  0
 3  0 194596 25386264 347536 68805488    0    0     0    16 10688 18893  1  1 98  0
 1  0 194596 25384672 347536 68805496    0    0     0  4864 11182 17441  1  1 98  0
 0  0 194596 25383556 347536 68805520    0    0     0   426 10788 18750  1  1 98  0
 0  0 194596 25383480 347536 68805536    0    0     0  5742 12055 20373  2  1 97  0
 0  0 194596 25383924 347536 68805552    0    0     0  1088 9994 18328  2  1 97  0
 1  0 194596 25380780 347536 68805584    0    0     0    16 10653 19154  1  1 98  0
 1  0 194596 25376012 347536 68805608    0    0     0    14 10553 19213  2  1 97  0
 0  0 194596 25373080 347536 68805640    0    0     0   138 11469 19479  2  1 97  0
 0  0 194596 25358876 347536 68805664    0    0     0     2 10024 17608  1  1 98  0
 2  0 194596 25368964 347536 68805680    0    0     0     8 10933 18054  1  1 98  0
 0  0 194596 25368936 347536 68805696    0    0     0   420 9969 17415  1  1 98  0
 0  0 194596 25368640 347536 68805712    0    0     0  6148 12800 18278  1  1 97  1
procs -----------memory---------- ---swap-- -----io---- -system-- ----cpu----
 r  b   swpd   free   buff  cache   si   so    bi    bo   in   cs us sy id wa
 1  0 194596 25368672 347536 68805840    0    0     0  1072 10907 18607  2  1 97  0
 0  0 194596 25369636 347536 68805840    0    0     0     0 10534 17921  1  1 98  0
 0  0 194596 25364148 347536 68805856    0    0     0 14342 15279 20689  2  1 96  1
 0  0 194596 25365332 347536 68805920    0    0     0    16 9743 17852  2  1 98  0
 5  0 194596 25364632 347536 68805936    0    0     0    10 10656 18038  1  1 98  0
 1  0 194596 25363732 347536 68806016    0    0     0   462 11329 18652  2  1 98  0
 3  0 194596 25341492 347536 68816912    0    0     0     0 11336 18123  2  1 97  0
 1  0 194596 25356724 347536 68806080    0    0     0 19112 11285 20517  2  2 96  0
 1  0 194596 25358844 347536 68806128    0    0     0  1030 11091 19294  2  1 98  0
 4  0 194596 25355596 347536 68806144    0    0     0    10 9963 17706  2  1 98  0
 0  0 194596 25355412 347536 68806192    0    0     0    92 16660 19654  2  1 97  0
 3  0 194596 25353592 347536 68806216    0    0     0   388 11572 18007  1  1 98  0
 1  0 194596 25336184 347536 68806208    0    0     0     8 19100 18946  2  1 97  0
 0  0 194596 25348408 347536 68806224    0    0     0    82 11950 17813  1  1 98  0
 1  0 194596 25346316 347536 68806256    0    0     0   528 11670 18642  2  1 98  0
 1  0 194596 25345688 347536 68806272    0    0     0     0 11052 18867  1  1 97  0
 0  0 194596 25344824 347536 68806288    0    0     0  1116 11096 17816  1  1 98  0
 0  0 194596 25343504 347536 68806304    0    0     0 10536 14971 19468  2  1 97  1
 0  0 194596 25340304 347536 68806336    0    0     0   122 11184 19077  2  1 97  0
 1  0 194596 25338296 347536 68806352    0    0     0  4174 12230 17623  1  1 98  0
 0  0 194596 25339232 347536 68806384    0    0     0   520 10841 18264  1  1 98  0
procs -----------memory---------- ---swap-- -----io---- -system-- ----cpu----
 r  b   swpd   free   buff  cache   si   so    bi    bo   in   cs us sy id wa
 0  0 194596 25338028 347536 68806376    0    0     0     0 11995 19694  2  1 97  0
 1  0 194596 25337092 347536 68806416    0    0     0    18 12490 21208  1  1 98  0
 1  0 194596 25333728 347536 68806416    0    0     0  1276 11811 21053  1  1 98  0
 0  0 194596 25334004 347536 68806424    0    0     0  4732 12953 18502  2  1 98  0
 2  0 194596 25332284 347536 68806464    0    0     0     0 13208 19429  2  1 97  0
 5  0 194596 25331264 347536 68806512    0    0     0   108 24693 18416  4  1 95  0
 1  0 194596 25329232 347536 68806528    0    0     0    14 11573 18365  2  1 98  0
 0  0 194596 25314132 347536 68806704    0    0     0   450 10813 17786  2  1 98  0
 0  0 194596 25323000 347536 68806728    0    0     0   284 10281 17126  1  1 98  0
 1  0 194596 25322216 347536 68806736    0    0     0     0 11257 18980  2  1 97  0
 0  0 194596 25321228 347536 68806752    0    0     0  1102 11390 17820  1  1 98  0
 0  0 194596 25319352 347536 68806800    0    0     0 16034 17327 19903  2  1 97  1
 0  0 194596 25318088 347536 68806792    0    0     0   218 11742 18043  1  1 98  0
 1  0 194596 25316036 347536 68806800    0    0     0   410 10955 18356  2  1 97  0
 0  0 194596 25315372 347536 68806912    0    0     0     0 11578 18504  1  1 98  0
 1  0 194596 25314828 347536 68806928    0    0     0    96 11156 18075  1  1 98  0
 0  0 194596 25313348 347536 68806976    0    0     0 19078 11437 18745  2  2 96  0
10  0 194596 25312520 347536 68806960    0    0     0    16 11944 19037  2  1 98  0
 0  0 194596 25306044 347536 68807000    0    0     0  1068 11297 19937  2  1 97  0
 0  0 194596 25304944 347536 68807056    0    0     0     0 11401 19200  2  1 97  0
 1  0 194596 25304228 347536 68807088    0    0     0     0 11608 18229  1  1 98  0
procs -----------memory---------- ---swap-- -----io---- -system-- ----cpu----
 r  b   swpd   free   buff  cache   si   so    bi    bo   in   cs us sy id wa
 0  0 194596 25304500 347536 68807104    0    0     0   408 11637 17738  1  1 98  0
 0  0 194596 25303348 347536 68807104    0    0     0    16 11720 18372  1  1 98  0
 0  0 194596 25289824 347536 68807136    0    0     0   132 10780 18468  1  1 98  0
 0  0 194596 25300156 347536 68807144    0    0     0     0 12435 18992  2  1 97  0
 1  0 194596 25298812 347536 68807152    0    0     0  1070 11736 18685  1  1 98  0
 1  0 194596 25297860 347536 68807176    0    0     0 16106 15182 18373  1  1 98  0
 1  0 194596 25295864 347536 68807184    0    0     0   262 10920 17993  1  1 98  0
 0  0 194596 25293856 347536 68807200    0    0     0   406 10714 17435  1  1 98  0
 1  0 194596 25292624 347536 68807224    0    0     0     0 11270 18659  2  1 98  0
 0  0 194596 25292784 347536 68807248    0    0     0     0 11376 20469  2  1 97  0
 1  0 194596 25292028 347536 68807248    0    0     0    70 10446 17538  1  1 98  0
 1  0 194596 25291320 347536 68807264    0    0     0    18 12107 22537  1  1 98  0
 0  0 194596 25283332 347536 68807312    0    0     0  1094 12065 19759  3  1 96  0
 0  0 194596 25280292 347540 68807360    0    0     0 15896 15749 20905  2  2 96  0
 0  0 194596 25278752 347540 68807536    0    0     0   148 11029 17477  2  1 98  0
 1  0 194596 25273924 347540 68807552    0    0     0     8 11030 18395  1  1 98  0
 1  0 194596 25274996 347540 68807552    0    0     0   452 12048 18519  1  1 98  0
 3  0 194596 25273704 347540 68807552    0    0     0    66 11840 17139  1  1 98  0
 1  0 194596 25260240 347540 68807568    0    0     0     0 10546 18268  1  1 97  0
 1  0 194596 25273296 347540 68807584    0    0     0     0 11026 17722  1  1 98  0
 1  0 194596 25272052 347540 68807616    0    0     0 16932 15683 18685  1  1 97  0
procs -----------memory---------- ---swap-- -----io---- -system-- ----cpu----
 r  b   swpd   free   buff  cache   si   so    bi    bo   in   cs us sy id wa
 0  0 194596 25271640 347540 68807600    0    0     0    18 11251 18181  1  1 98  0
 0  0 194596 25269396 347540 68807616    0    0     0   522 11395 18105  2  1 98  0
 3  0 194596 25269940 347540 68807680    0    0     0     0 11390 18478  1  1 98  0
 1  0 194596 25269028 347540 68807712    0    0     0     0 11228 18058  2  1 98  0
 1  0 194596 25239792 347540 68826592    0    0     0   110 11442 18909  2  1 97  0
 7  0 194596 25265820 347540 68807792    0    0     0 19080 13238 23086  2  1 97  0
 2  0 194596 25262676 347540 68807840    0    0     0  1074 11692 18520  2  1 97  0
 0  0 194596 25261968 347540 68807880    0    0     0     0 11724 19549  2  1 97  0
 1  0 194596 25257400 347540 68807904    0    0     0     0 11420 18594  1  1 98  0
 1  0 194596 25258128 347540 68807936    0    0     0   464 11432 18000  2  1 98  0
 1  0 194596 25256476 347540 68807936    0    0     0    18 11506 17179  1  1 98  0
 1  0 194596 25249880 347540 68807944    0    0     0   128 11917 18403  1  1 98  0
 0  0 194596 25248196 347540 68807952    0    0     0 16130 15965 18493  1  1 97  0
 1  0 194596 25236048 347540 68808000    0    0     0  1220 11240 18475  2  1 97  0
 2  0 194596 25249000 347540 68808064    0    0     0     8 11523 19788  2  1 97  0
 0  0 194596 25248660 347540 68808112    0    0     0   128 11682 20623  2  1 98  0
 0  0 194596 25242140 347540 68808128    0    0     0   456 11763 19015  2  1 97  0
 0  0 194596 25241580 347540 68808144    0    0     0     0 11355 18461  1  1 98  0
 0  0 194596 25240084 347540 68808176    0    0     0     0 11367 19280  2  1 97  0
 1  0 194596 25239908 347544 68808208    0    0     0 16214 15815 18854  2  1 96  1
 0  0 194596 25240116 347544 68808368    0    0     0    18 11605 19462  2  1 97  0
procs -----------memory---------- ---swap-- -----io---- -system-- ----cpu----
 r  b   swpd   free   buff  cache   si   so    bi    bo   in   cs us sy id wa
 0  0 194596 25238500 347544 68808432    0    0     0  1226 11432 18307  2  1 98  0
 0  0 194596 25237252 347544 68808456    0    0     0     0 11491 19346  2  1 97  0
 0  0 194596 25237180 347544 68808472    0    0     0     0 14090 16723  1  1 98  0
 1  0 194596 25234540 347544 68808496    0    0     0   402 11382 18797  1  1 97  0
 1  0 194596 25231452 347544 68808512    0    0     0    96 11576 18390  1  1 98  0
 0  0 194596 25231396 347544 68808528    0    0     0     8 10198 16710  1  0 98  0
 2  0 194596 25229368 347544 68808544    0    0     0 16026 16231 22653  2  1 97  0
 1  0 194596 25229552 347544 68808544    0    0     0     0 12366 17836  1  1 98  0
 6  0 194596 25216256 347544 68808600    0    0     0  1142 12572 20356  2  1 97  0
 0  0 194596 25224476 347544 68808608    0    0     0    64 10831 18371  1  1 98  0
 0  0 194596 25227284 347544 68808640    0    0     0     8 62832 17868  3  1 95  0
 0  0 194596 25225368 347544 68808736    0    0     0   438 11695 18214  2  1 98  0
 1  0 194596 25224484 347544 68808736    0    0     0     0 11894 17820  1  1 98  0
 1  0 194596 25221820 347544 68808752    0    0     0    46 10895 17987  1  1 98  0
 1  0 194596 25211544 347544 68809376    0    0     0 19916 12458 19654  2  2 94  1
 0  0 194596 25219240 347544 68808800    0    0     0     8 12072 18800  2  1 98  0
 1  0 194596 25219724 347544 68808864    0    0     0   460 11801 19711  2  1 97  0
 1  0 194596 25217784 347544 68808880    0    0     0     0 10901 18543  1  1 98  0
 1  0 194596 25216944 347544 68808896    0    0     0   102 10241 17032  1  1 98  0
 0  0 194596 25217636 347544 68808920    0    0     0   394 11746 18465  1  1 98  0
 1  0 194596 25215476 347544 68808928    0    0     0   118 11247 18318  1  1 98  0
procs -----------memory---------- ---swap-- -----io---- -system-- ----cpu----
 r  b   swpd   free   buff  cache   si   so    bi    bo   in   cs us sy id wa
 1  0 194596 25215784 347544 68809008    0    0     0   212 11414 19221  2  1 97  0
 0  0 194596 25214672 347544 68809048    0    0     0  1392 10649 17838  2  1 98  0
 2  0 194596 25211012 347544 68809056    0    0     0 16014 16132 18868  2  1 97  0
 2  0 194596 25211844 347544 68809088    0    0     0    18 11684 18784  1  1 98  0
 2  0 194596 25212280 347544 68809104    0    0     0   218 10803 17859  1  1 98  0
 0  0 194596 25212192 347544 68809136    0    0     0   498 11522 17786  2  1 97  0
 0  0 194596 25215060 347544 68809152    0    0     0     0 11616 18846  2  1 97  0
 2  0 194596 25210276 347544 68809296    0    0     0   198 12953 22864  2  1 97  0
 0  0 194596 25198460 347544 68809312    0    0     0   894 10021 17265  1  1 98  0
 0  0 194596 25205212 347544 68809328    0    0     0     8 11570 18432  1  1 98  0
 0  0 194596 25204280 347544 68809352    0    0     0 11980 15725 19505  2  1 97  0
 1  0 194596 25203976 347544 68809376    0    0     0     0 10931 17677  2  1 98  0
 2  0 194596 25200116 347544 68809416    0    0     0  4390 12085 18487  1  1 98  0
 0  0 194596 25199432 347544 68809424    0    0     0   526 11620 18236  1  1 98  0
 3  0 194596 25200180 347544 68809424    0    0     0     8 11194 18163  1  1 98  0
 0  0 194596 25200384 347544 68809424    0    0     0     0 11065 18996  1  1 98  0
 1  0 194596 25199936 347544 68809440    0    0     0   890 11047 17430  1  1 98  0
 1  0 194596 25200116 347544 68809472    0    0     0     8 11287 18984  2  1 98  0
 0  0 194596 25198340 347544 68809472    0    0     0   464 11749 19108  1  1 98  0
 1  0 194596 25195392 347544 68809472    0    0     0     8 10975 18105  1  1 98  0
 2  0 194596 25195172 347544 68809600    0    0     0  5548 12933 18973  2  1 97  0
procs -----------memory---------- ---swap-- -----io---- -system-- ----cpu----
 r  b   swpd   free   buff  cache   si   so    bi    bo   in   cs us sy id wa
 0  0 194596 25195068 347544 68809792    0    0     0   526 11223 17916  1  1 98  0
 0  0 194596 25192768 347544 68809856    0    0     0  9650 14049 19331  2  1 97  0
 0  0 194596 25192088 347544 68809896    0    0     0   966 11858 18739  1  1 98  0
 1  0 194596 25178072 347544 68809904    0    0     0 19450 13002 19542  3  2 96  0
 3  0 194596 25187820 347544 68809968    0    0     0     0 12315 20770  2  1 97  0
 0  0 194596 25186696 347544 68810000    0    0     0    94 11348 17363  1  1 98  0
 1  0 194596 25186760 347544 68810008    0    0     0     8 12632 18244  1  1 98  0
 0  0 194596 25185888 347544 68810016    0    0     0   434 9847 16415  1  1 98  0
 0  0 194596 25184920 347544 68810088    0    0     0   140 12436 19812  2  1 97  0
 0  0 194596 25180572 347544 68810128    0    0     0     0 11885 19377  1  1 97  0
 1  0 194596 25180896 347544 68810128    0    0     0  1360 11525 17792  1  1 98  0
 0  0 194596 25179604 347544 68810128    0    0     0     8 11476 18947  1  1 98  0
 0  0 194596 25178720 347544 68810144    0    0     0    94 11662 18969  1  1 98  0
 0  0 194596 25178780 347544 68810160    0    0     0     8 11388 17988  1  1 98  0
 1  0 194596 25176468 347544 68810176    0    0     0 16380 15123 17852  2  1 97  0
 0  0 194596 25176760 347544 68810176    0    0     0    64 11784 19347  2  1 98  0
 0  0 194596 25176564 347544 68810248    0    0     0     8 11425 19436  2  1 97  0
 0  1 194596 25174616 347544 68810264    0    0     0   956 11092 17649  1  1 97  0
 2  0 194596 25172112 347544 68810272    0    0     0   416 11350 18207  1  1 97  2
 0  0 194596 25158484 347544 68810288    0    0     0     0 12358 19973  2  1 97  0
 0  0 194596 25168740 347544 68810312    0    0     0    72 11223 17917  2  1 97  0
procs -----------memory---------- ---swap-- -----io---- -system-- ----cpu----
 r  b   swpd   free   buff  cache   si   so    bi    bo   in   cs us sy id wa
 4  0 194596 25168152 347544 68810368    0    0     0  3574 12122 17804  2  1 97  0
 0  0 194596 25167044 347544 68810400    0    0     0 12666 14110 17715  1  1 98  0
 1  0 194596 25167636 347544 68810416    0    0     0     8 11897 18975  2  1 97  0
 1  0 194596 25165736 347544 68810576    0    0     0   970 11386 18400  1  1 98  0
 0  0 194596 25164588 347544 68810592    0    0     0   372 11131 17922  1  1 98  0
 0  0 194596 25162012 347544 68810624    0    0     0     8 12023 18123  2  1 98  0
 0  0 194596 25162748 347544 68810608    0    0     0    18 11849 18480  1  1 98  0
 1  0 194596 25163476 347544 68810616    0    0     0    96 11703 17908  2  1 97  1
 0  0 194596 25159232 347544 68810704    0    0     0 16088 20044 18609  2  1 97  0
 0  0 194596 25157352 347544 68810736    0    0     0    60 11550 18126  2  1 97  0
 0  0 194596 25157988 347544 68810784    0    0     0     8 11642 18974  2  1 98  0
 0  0 194596 25158932 347544 68810800    0    0     0    18 23600 19101  3  1 96  0
 3  0 194596 25115472 347544 68833800    0    0     0  1054 11446 17937  2  1 97  0
 2  0 194596 25144644 347544 68810880    0    0     0 19108 12563 22808  2  1 97  0
 9  0 194596 25129748 347544 68810896    0    0     0    86 11179 17870  1  1 98  0
 1  0 194596 25144032 347544 68810920    0    0     0     8 12132 19450  2  1 97  0
 1  0 194596 25143824 347544 68810936    0    0     0    18 11106 17883  1  1 98  0
 0  0 194596 25144020 347544 68810960    0    0     0   538 11809 18857  2  1 97  0
 1  0 194596 25143964 347544 68811008    0    0     0     0 11558 18644  2  1 98  0
 1  0 194596 25143904 347544 68811040    0    0     0  1118 11973 17833  2  1 98  0
 1  0 194596 25140920 347544 68811072    0    0     0    74 13022 20562  2  1 97  0
procs -----------memory---------- ---swap-- -----io---- -system-- ----cpu----
 r  b   swpd   free   buff  cache   si   so    bi    bo   in   cs us sy id wa
 1  0 194596 25142408 347544 68811088    0    0     0 16114 15854 17737  1  1 98  0
 1  0 194596 25140292 347544 68811104    0    0     0   228 11361 17967  1  1 98  0
 0  0 194596 25138360 347544 68811120    0    0     0     0 11645 18093  1  1 98  0
 1  0 194596 25139148 347544 68811128    0    0     0   380 11984 20443  2  1 97  0
 1  0 194596 25132456 347544 68811152    0    0     0   904 12341 19749  2  1 97  0
 1  0 194596 25133244 347544 68811184    0    0     0    18 11890 18365  2  1 98  0
 0  0 194596 25132856 347544 68811200    0    0     0     8 11560 17595  1  0 98  0
 1  0 194596 25132276 347544 68811248    0    0     0  7402 13626 19280  2  1 97  0
 0  0 194596 25131588 347544 68811256    0    0     0     0 28174 17318  2  1 97  0
 0  0 194596 25116360 347544 68811272    0    0     0   472 12768 18921  1  1 98  0
 5  0 194596 25126676 347544 68811280    0    0     0  9092 14219 18753  1  1 98  0
 1  0 194596 25126820 347544 68811296    0    0     0     8 11808 18411  1  1 98  0
 0  0 194596 25125028 347544 68811312    0    0     0   948 11375 18542  1  1 98  0
 0  0 194596 25124756 347544 68811440    0    0     0     0 11290 17332  1  1 98  0
 1  0 194596 25124212 347544 68811456    0    0     0   426 12179 19441  2  1 97  0
 0  0 194596 25121004 347544 68811488    0    0     0    66 11493 19225  1  1 98  0
 0  0 194596 25120592 347544 68811488    0    0     0     8 12391 18413  2  1 98  0
 0  0 194596 25117828 347544 68811584    0    0     0 10846 13754 17771  1  1 98  0
 1  0 194596 25118308 347544 68811600    0    0     0    38 10976 17332  1  1 98  0
 0  0 194596 25117324 347544 68811616    0    0     0     8 12379 19794  2  1 97  0
 0  0 194596 25114636 347544 68811648    0    0     0 13642 15517 19676  1  1 97  1
procs -----------memory---------- ---swap-- -----io---- -system-- ----cpu----
 r  b   swpd   free   buff  cache   si   so    bi    bo   in   cs us sy id wa
 0  0 194596 25113492 347544 68811672    0    0     0     8 10467 17285  2  1 98  0
 1  0 194596 25113412 347544 68811776    0    0     0 19472 11515 19711  3  1 96  0
 0  0 194596 25112068 347544 68811768    0    0     0    68 11812 18035  1  1 98  0
 0  0 194596 25110888 347544 68811792    0    0     0     8 11308 18589  2  1 98  0
 1  0 194596 25096448 347544 68811800    0    0     0   490 12350 17435  1  1 98  0
 2  0 194596 25109692 347544 68811816    0    0     0    80 11903 18949  1  1 98  0
 0  0 194596 25107844 347544 68811856    0    0     0     0 11019 18835  2  1 98  0
 1  0 194596 25105476 347544 68811856    0    0     0  1056 10331 17431  1  1 98  0
 0  0 194596 25104600 347544 68811912    0    0     0    72 12065 18975  2  1 97  0
 1  0 194596 25104880 347544 68811880    0    0     0  7638 14297 19278  1  1 98  0
 0  0 194596 25103844 347544 68811888    0    0     0   182 10994 18296  1  1 98  0
 1  0 194596 25104028 347544 68811904    0    0     0  8132 13607 18428  1  1 98  0
 1  0 194596 25102336 347544 68811936    0    0     0   404 12078 19659  2  1 97  0
 3  0 194596 25101368 347544 68811960    0    0     0     0 11685 19312  1  1 98  0
 0  0 194596 25100948 347544 68812000    0    0     0  1342 10839 18224  2  1 98  0
 1  0 194596 25099520 347544 68812024    0    0     0     8 11336 18632  2  1 97  0
 1  0 194596 25098184 347544 68812064    0    0     0  4664 12740 19266  2  1 97  0
 1  0 194596 25096812 347544 68812080    0    0     0  9316 14410 17767  1  1 98  0
 0  0 194596 25093840 347544 68812080    0    0     0    56 12107 18354  1  1 98  0
 0  0 194596 25094108 347548 68812144    0    0     0  1776 13392 19233  2  1 97  0
 0  0 194596 25087756 347548 68812160    0    0     0   532 10884 18558  2  1 97  0
procs -----------memory---------- ---swap-- -----io---- -system-- ----cpu----
 r  b   swpd   free   buff  cache   si   so    bi    bo   in   cs us sy id wa
 1  0 194596 25088348 347548 68812304    0    0     0     0 12443 19505  2  1 97  0
 0  0 194596 25087604 347548 68812312    0    0     0  1066 11679 17664  1  1 96  2
 1  0 194596 25088208 347548 68812304    0    0     0     0 20776 20000  2  1 97  0
 0  0 194596 25085184 347548 68812352    0    0     0 16118 16059 19669  2  1 97  0
 2  0 194596 25081920 347548 68812352    0    0     0     8 10927 17484  1  1 98  0
 0  0 194596 25083872 347548 68812448    0    0     0     0 10782 18428  2  1 97  0
 0  0 194596 25083532 347548 68812480    0    0     0   426 11945 17646  1  1 97  1
 1  0 194596 25083876 347548 68812480    0    0     0     0 12270 19154  1  1 98  0
 0  0 194596 25084104 347548 68812504    0    0     0   904 11783 19224  1  1 98  0
 1  0 194596 25082252 347548 68812512    0    0     0   404 11308 17878  1  1 98  0
 1  0 194596 25044160 347548 68837936    0    0     0     0 12478 21083  3  2 96  0
 1  0 194596 25077720 347548 68812592    0    0     0 35182 15866 17925  2  1 97  0
 1  0 194596 25076044 347548 68812608    0    0     0   242 11706 18485  2  1 98  0
 2  0 194596 25074980 347548 68812640    0    0     0    18 11766 18795  2  1 98  0
 0  0 194596 25076952 347548 68812688    0    0     0   476 18792 18710  2  1 97  0
 6  0 194596 25069984 347548 68812704    0    0     0   920 11734 20159  2  1 97  0
 0  0 194596 25072468 347548 68812768    0    0     0   470 11066 17440  2  1 98  0
 1  0 194596 25070424 347548 68812784    0    0     0     0 12342 19797  2  1 98  0
 0  0 194596 25069712 347548 68812832    0    0     0   138 11443 19390  2  1 97  0
 0  0 194596 25070376 347548 68812864    0    0     0    84 34627 17872  3  1 95  1
 0  0 194596 25055864 347548 68812896    0    0     0     0 10970 18180  1  1 98  0
procs -----------memory---------- ---swap-- -----io---- -system-- ----cpu----
 r  b   swpd   free   buff  cache   si   so    bi    bo   in   cs us sy id wa
 0  0 194596 25066272 347548 68812952    0    0     0 16270 19738 20103  2  2 97  0
 0  0 194596 25066552 347548 68812928    0    0     0    58 11184 18618  2  1 98  0
 0  0 194596 25066016 347548 68812968    0    0     0    18 10189 17238  2  1 98  0
 0  0 194596 25065740 347548 68812976    0    0     0  1064 11369 17817  1  1 98  0
 2  0 194596 25063452 347548 68812992    0    0     0     0 17312 20540  2  1 97  0
 0  0 194596 25062172 347548 68813184    0    0     0     8 11578 17823  1  1 98  0
 0  0 194596 25060432 347548 68813200    0    0     0   416 11549 18484  1  1 98  0
 1  0 194596 25057940 347548 68813264    0    0     0 16004 15975 19081  2  1 97  0
 1  0 194596 25056712 347548 68813272    0    0     0   216 10807 17364  1  1 98  0
 0  0 194596 25055600 347548 68813288    0    0     0     0 11223 18776  1  1 98  0
 0  0 194596 25053624 347548 68813296    0    0     0     8 11019 17991  1  1 97  0
 0  0 194596 25054888 347548 68813304    0    0     0  1026 11585 19730  2  1 97  0
 1  0 194596 25054196 347548 68813320    0    0     0   106 12560 18891  2  1 98  0
 0  0 194596 25053404 347548 68813360    0    0     0    86 11529 18433  2  1 98  0
 2  0 194596 25052800 347548 68813456    0    0     0     0 11832 18935  2  1 98  0
 0  0 194596 25039504 347548 68813472    0    0     0 15552 15345 19054  1  1 97  0
 1  0 194596 25048736 347548 68813488    0    0     0   488 12094 18809  1  1 98  0
 2  0 194596 25049476 347548 68813552    0    0     0   898 11465 19006  2  1 98  0
 0  0 194596 25047236 347548 68813592    0    0     0   456 10995 17972  2  1 98  0
 3  0 194596 25045888 347548 68813648    0    0     0     0 11584 19610  2  1 97  0
 0  0 194596 25043568 347548 68813688    0    0     0 19120 11650 18621  2  1 96  0
procs -----------memory---------- ---swap-- -----io---- -system-- ----cpu----
 r  b   swpd   free   buff  cache   si   so    bi    bo   in   cs us sy id wa
 0  0 194596 25043976 347548 68813696    0    0     0   112 11161 18683  1  1 97  0
 1  0 194596 25045104 347548 68813712    0    0     0    18 10909 17550  1  1 98  0
 1  0 194596 25043472 347548 68813728    0    0     0    32 11210 17842  1  1 98  0
 1  0 194596 25040028 347548 68813752    0    0     0   420 11050 19824  2  1 98  0
 1  0 194596 25040512 347548 68813768    0    0     0   932 11189 17572  1  1 98  0
 0  0 194596 25038172 347548 68813776    0    0     0     0 11684 19793  2  1 97  0
 2  0 194596 25037184 347548 68813792    0    0     0 11076 14808 18719  1  1 97  0
 0  0 194596 25035804 347548 68813808    0    0     0     8 10710 17583  2  1 98  0
 0  0 194596 25035036 347548 68813864    0    0     0   142 10915 18171  1  1 98  0
 2  0 194596 25035436 347548 68813936    0    0     0  5112 12685 19184  2  1 97  0
 0  0 194596 25022268 347548 68813944    0    0     0   524 11505 19576  2  1 97  0
 0  0 194596 25033952 347548 68813952    0    0     0    18 11468 18433  2  1 98  0
 1  0 194596 25032384 347548 68814104    0    0     0     8 10883 17290  1  1 98  0
 0  0 194596 25031980 347548 68814128    0    0     0  1084 12662 19171  2  1 97  0
 7  0 194596 25029172 347548 68814144    0    0     0     8 11146 18124  1  1 98  0
 2  0 194596 25027704 347548 68814176    0    0     0   100 11076 18421  2  1 98  0
 1  0 194596 25025840 347548 68814208    0    0     0  3672 13475 19582  1  1 97  0
 1  0 194596 25027596 347548 68814224    0    0     0     8 10970 17231  1  1 98  0
 1  0 194596 25023772 347548 68814232    0    0     0  1162 12399 19439  2  1 97  0
 0  0 194596 25024796 347548 68814296    0    0     0 12426 14838 18441  2  1 97  0
 9  0 194596 25023040 347548 68814304    0    0     0     0 11280 17995  1  1 98  0
procs -----------memory---------- ---swap-- -----io---- -system-- ----cpu----
 r  b   swpd   free   buff  cache   si   so    bi    bo   in   cs us sy id wa
 0  0 194596 25021376 347548 68814312    0    0     0   492 13135 20154  2  1 97  0
 3  0 194596 25021988 347548 68814328    0    0     0     8 10519 16684  1  1 98  0
 0  0 194596 25021132 347548 68814424    0    0     0   440 11139 18384  1  1 98  0
 1  0 194596 25020856 347548 68814480    0    0     0     8 11534 18111  2  1 97  0
 1  0 194596 25019684 347548 68814496    0    0     0     0 11211 18737  1  1 98  0
 1  0 194596 25005528 347548 68814544    0    0     0  6768 13468 20520  2  1 97  0
 0  0 194596 25016964 347548 68814592    0    0     0     8 11144 19300  2  1 97  0
 1  0 194596 25014332 347548 68814640    0    0     0   540 12291 20031  2  1 97  0
 1  0 194596 24969752 347548 68849728    0    0     0 10344 15176 18236  2  1 96  0
 0  0 194596 25011984 347548 68814704    0    0     0 19150 11086 17708  2  1 97  0
 0  0 194596 25010920 347548 68814736    0    0     0   124 11556 19026  2  1 98  0
 2  0 194596 25008072 347548 68814800    0    0     0   474 11625 19226  2  1 97  0
 0  0 194596 25007776 347548 68814816    0    0     0     0 10883 17713  1  1 98  0
 1  0 194596 25007508 347548 68814816    0    0     0   966 11392 18035  1  1 98  0
 0  0 194596 25004604 347548 68814816    0    0     0     0 11576 18654  1  1 98  0
 1  0 194596 25003484 347548 68814840    0    0     0   458 11866 18639  1  1 98  0
 0  0 194596 25001680 347548 68815008    0    0     0    66 11366 19537  2  1 97  0
 0  0 194596 25002192 347548 68815056    0    0     0     0 11219 18130  1  1 98  0
 1  0 194596 25001700 347552 68815072    0    0     0 16500 16349 20407  2  1 97  0
 1  0 194596 24997352 347552 68815104    0    0     0     0 11366 18607  3  1 96  0
 0  0 194596 24994952 347552 68815112    0    0     0  1084 24805 18692  3  1 96  0
procs -----------memory---------- ---swap-- -----io---- -system-- ----cpu----
 r  b   swpd   free   buff  cache   si   so    bi    bo   in   cs us sy id wa
 2  0 194596 24981712 347552 68815136    0    0     0    76 11293 18223  1  1 98  0
 1  0 194596 24992116 347552 68815168    0    0     0     0 10976 18307  2  1 97  0
 2  0 194596 24982872 347552 68815200    0    0     0   428 12453 19184  2  1 97  0
 0  0 194596 24981760 347552 68815240    0    0     0     0 25348 17605  2  1 98  0
 0  0 194596 24979680 347552 68815256    0    0     0   460 12300 19386  1  1 98  0
 4  0 194596 24978620 347552 68815280    0    0     0 15928 16838 17623  1  1 98  0
 0  0 194596 24976664 347552 68815288    0    0     0  1012 11175 18981  1  1 97  0
 0  0 194596 24975852 347552 68815296    0    0     0    52 10888 17405  1  1 98  0
 0  0 194596 24975592 347552 68815296    0    0     0     0 11835 19069  1  1 98  0
 0  0 194596 24974892 347552 68815312    0    0     0    18 11711 19098  1  1 98  0
 2  0 194596 24972304 347552 68815328    0    0     0   490 12264 18452  2  1 97  0
 0  0 194596 24971524 347552 68815440    0    0     0     0 10549 18682  2  1 97  0
 1  0 194596 24973424 347552 68815472    0    0     0 16296 14900 17220  1  1 98  0
 1  0 194596 24971872 347552 68815520    0    0     0     0 11650 19040  2  1 97  0
 1  0 194596 24969588 347552 68815552    0    0     0  1074 12597 20479  1  1 98  0
 0  0 194596 24968488 347552 68815552    0    0     0     8 10472 17504  2  1 98  0
 1  0 194596 24942292 347552 68815608    0    0     0     0 11410 19798  2  1 97  0
 0  0 194596 24966356 347552 68815632    0    0     0   446 10404 18722  1  1 98  0
 0  0 194596 24964444 347552 68815632    0    0     0 19080 10335 18437  2  1 96  0
 0  0 194596 24963924 347552 68815640    0    0     0    18 10495 18585  1  1 98  0
 1  0 194596 24961976 347552 68815696    0    0     0   494 10702 18908  2  1 97  0
procs -----------memory---------- ---swap-- -----io---- -system-- ----cpu----
 r  b   swpd   free   buff  cache   si   so    bi    bo   in   cs us sy id wa
 1  0 194596 24961732 347552 68815872    0    0     0     0 14528 19810  2  1 97  0
 0  0 194596 24960804 347552 68815888    0    0     0  1422 10338 18296  1  1 98  0
 0  0 194596 24957360 347552 68815904    0    0     0     0 10065 18596  2  1 98  0
 0  0 194596 24956992 347552 68815920    0    0     0    18 10652 18990  1  1 98  0
 1  0 194596 24956776 347552 68815936    0    0     0   160 10710 18223  2  1 98  0
 0  0 194596 24956052 347552 68815968    0    0     0     0 9781 17878  1  1 98  0
 4  0 194596 24952700 347552 68816000    0    0     0 16308 16357 22391  2  1 97  0
 0  0 194596 24949912 347552 68816016    0    0     0     0 10187 18456  2  1 97  0
 0  0 194596 24949444 347552 68816032    0    0     0    18 10189 18404  2  1 98  0
 3  0 194596 24948224 347552 68816080    0    0     0   974 10264 18151  1  1 98  0
 0  0 194596 24944884 347552 68816144    0    0     0     0 10886 20623  2  1 97  0
 0  0 194596 24942384 347552 68816176    0    0     0   426 11111 18011  1  1 98  0
 0  0 194596 24943984 347552 68816200    0    0     0    56 10763 18119  2  1 98  0
 1  0 194596 24943248 347552 68816224    0    0     0    18 10190 18086  1  1 98  0
 0  0 194596 24941468 347552 68816240    0    0     0 16116 14634 18429  1  1 98  0
 0  0 194596 24938920 347552 68816272    0    0     0    24 10791 19344  2  1 98  0
 0  0 194596 24927792 347552 68816296    0    0     0     8 10313 18521  1  1 98  0
 0  0 194596 24938348 347552 68816312    0    0     0  1052 11340 19349  2  1 97  0
 3  0 194596 24935436 347552 68816368    0    0     0    18 10535 19187  1  1 98  0
 2  0 194596 24936160 347552 68816400    0    0     0   138 10466 18219  2  1 98  0
 0  0 194596 24936072 347552 68816512    0    0     0     0 11353 18578  1  1 98  0
procs -----------memory---------- ---swap-- -----io---- -system-- ----cpu----
 r  b   swpd   free   buff  cache   si   so    bi    bo   in   cs us sy id wa
 0  0 194596 24934540 347552 68816528    0    0     0 15664 14490 17968  1  1 98  0
 0  0 194596 24932512 347552 68816552    0    0     0   518 10021 18755  2  1 97  0
 0  0 194596 24930860 347552 68816608    0    0     0    18 10533 19381  1  1 98  0
 3  0 194596 24932168 347552 68816624    0    0     0  1060 10504 18426  2  1 98  0
 0  0 194596 24932224 347552 68816840    0    0     0    54 13762 20367  3  1 96  0
 0  0 194596 24929132 347552 68816848    0    0     0     8 10617 18165  1  1 98  0
 2  0 194596 24897532 347552 68837432    0    0     0 19498 11255 18486  3  1 96  0
 1  0 194596 24928100 347552 68816944    0    0     0    18 10542 18121  1  1 98  0
 0  0 194596 24925608 347552 68816952    0    0     0    32 10259 17752  1  1 98  0
 0  0 194596 24925344 347552 68816992    0    0     0   134 12180 21083  2  1 97  0
 3  0 194596 24924044 347552 68817008    0    0     0   988 10022 17247  1  1 98  0
 2  0 194596 24909752 347552 68817008    0    0     0   410 9963 18365  1  1 98  0
 0  0 194596 24921616 347552 68817024    0    0     0    18 11335 20047  2  1 97  0
 0  0 194596 24921860 347552 68817040    0    0     0     8 10830 17547  1  1 98  0
 2  0 194596 24920860 347552 68817064    0    0     0   466 9831 18732  2  1 98  0
 2  0 194596 24919460 347552 68817144    0    0     0 16126 14838 18772  2  1 97  0
 0  0 194596 24918688 347552 68817120    0    0     0     0 10460 18870  2  1 97  0
 1  0 194596 24916984 347552 68817152    0    0     0  1060 11158 19118  1  1 98  0
 1  0 194596 24915360 347552 68817152    0    0     0     8 11461 18997  2  1 98  0
 1  0 194596 24915212 347552 68817184    0    0     0   426 10923 18680  2  1 97  0
 1  0 194596 24915016 347552 68817200    0    0     0     8 10063 17779  1  1 98  0
procs -----------memory---------- ---swap-- -----io---- -system-- ----cpu----
 r  b   swpd   free   buff  cache   si   so    bi    bo   in   cs us sy id wa
 3  0 194596 24912944 347552 68817216    0    0     0    52 10039 17695  1  1 98  0
 0  0 194596 24908308 347552 68817232    0    0     0   390 11005 19095  1  1 97  0
 1  0 194596 24908568 347552 68817248    0    0     0 14140 14959 18029  1  1 98  0
 0  0 194596 24907276 347552 68817264    0    0     0   980 10303 19075  2  1 97  0
 1  0 194596 24910072 347552 68817280    0    0     0  3340 50880 17812  3  1 96  0
 0  0 194596 24908548 347552 68817280    0    0     0     0 10648 18667  2  1 98  0
 1  0 194596 24895736 347552 68817320    0    0     0   484 10744 19294  1  1 98  0
 0  0 194596 24905744 347552 68817336    0    0     0     8 10909 19914  2  1 98  0
 6  0 194596 24904948 347552 68817392    0    0     0     0 10308 18503  1  1 98  0
 0  0 194596 24903472 347552 68817424    0    0     0   402 10225 17918  1  1 98  0
 2  0 194596 24902872 347552 68817424    0    0     0    56 10322 17835  1  1 98  0
 2  0 194596 24903204 347552 68817472    0    0     0   918 10416 20078  2  1 98  0
 1  0 194596 24901312 347552 68817480    0    0     0 20356 16859 18791  1  1 97  0
 1  0 194596 24901116 347552 68817656    0    0     0     0 10740 19292  2  1 98  0
 0  0 194596 24899436 347552 68817688    0    0     0  2136 10940 18410  2  1 98  0
 0  0 194596 24899896 347552 68817696    0    0     0     0 9993 17703  1  1 98  0
 0  0 194596 24898532 347552 68817792    0    0     0 19462 11646 19134  2  2 96  0
 0  0 194596 24895372 347552 68817760    0    0     0   176 10447 18531  1  1 98  0
 1  0 194596 24895520 347552 68817760    0    0     0     0 10411 19605  2  1 97  0
 0  0 194596 24893652 347552 68817776    0    0     0   948 9885 18059  1  1 98  0
 0  0 194596 24895036 347552 68817776    0    0     0   400 11726 19767  2  1 97  0
procs -----------memory---------- ---swap-- -----io---- -system-- ----cpu----
 r  b   swpd   free   buff  cache   si   so    bi    bo   in   cs us sy id wa
 0  0 194596 24894124 347552 68817864    0    0     0   132 10725 19370  1  1 98  0
 2  0 194596 24879960 347552 68817872    0    0     0    52 10933 18416  1  1 98  0
 1  0 194596 24891944 347552 68817904    0    0     0     0 10667 19775  2  1 97  0
 1  0 194596 24893032 347552 68817936    0    0     0 15584 14817 20234  1  1 97  0
 0  0 194596 24890320 347552 68817936    0    0     0   570 10573 18201  1  1 98  0
 4  0 194596 24889256 347552 68817984    0    0     0    18 10995 19617  2  1 98  0
 0  0 194596 24889436 347552 68818000    0    0     0  1084 10820 18553  1  1 98  0
 1  0 194596 24888376 347552 68818024    0    0     0     0 10745 19309  2  1 97  0
 1  0 194596 24888136 347552 68818056    0    0     0     8 11202 17853  1  1 98  0
 0  0 194596 24884936 347552 68818064    0    0     0    58 10148 17890  1  1 98  0
 3  0 194596 24884380 347552 68818096    0    0     0    18 10024 17624  1  1 98  0
 1  0 194596 24882800 347552 68818112    0    0     0 16264 14663 17992  1  1 98  0
 0  0 194596 24879976 347552 68818128    0    0     0   144 10787 19177  2  1 97  0
 0  0 194596 24879448 347552 68818128    0    0     0     8 10921 18422  1  1 98  0
 0  0 194596 24878344 347552 68818144    0    0     0  1074 11167 18536  2  1 97  0
 1  0 194596 24877508 347552 68818192    0    0     0    18 10749 19177  1  1 98  0
 0  0 194596 24876620 347552 68818208    0    0     0     8 10423 18476  1  1 98  0
 0  0 194596 24864576 347552 68818304    0    0     0   140 10932 18568  2  1 98  0
 0  1 194596 24873788 347552 68818336    0    0     0  3760 11684 18092  1  1 98  0
 1  0 194596 24870876 347552 68818464    0    0     0   822 10463 17563  1  1 98  0
 0  0 194596 24872832 347552 68818504    0    0     0    18 11473 20312  1  1 98  0
procs -----------memory---------- ---swap-- -----io---- -system-- ----cpu----
 r  b   swpd   free   buff  cache   si   so    bi    bo   in   cs us sy id wa
 0  0 194596 24871388 347552 68818528    0    0     0 11816 14162 18337  2  1 96  1
 1  0 194596 24870240 347552 68818544    0    0     0   452 10792 19042  2  1 97  0
 1  0 194596 24868672 347552 68818608    0    0     0     8 9872 17485  1  1 98  0
 0  0 194596 24868072 347552 68818608    0    0     0     0 9676 17082  1  1 98  0
 1  0 194596 24856768 347552 68818624    0    0     0 19536 11024 19689  2  1 97  0
 0  0 194596 24865416 347552 68818648    0    0     0    32 10422 18530  1  1 98  0
 0  0 194596 24864836 347552 68818672    0    0     0   920 10054 18414  1  1 98  0
 2  0 194596 24861860 347552 68818688    0    0     0    58 10205 17788  1  1 98  0
 0  0 194596 24862432 347552 68818712    0    0     0     0 10517 18780  1  1 98  0
 1  0 194596 24860524 347552 68818712    0    0     0    18 10929 18904  1  1 98  0
 0  0 194596 24861068 347552 68818712    0    0     0   490 10438 17746  1  1 98  0
 0  0 194596 24858424 347552 68818720    0    0     0     0 10762 19687  2  1 97  0
 0  0 194596 24848428 347552 68818752    0    0     0   378 10450 20012  1  1 98  0
 1  0 194596 24857920 347552 68818768    0    0     0   336 10182 17497  1  1 98  0
 1  0 194596 24858184 347552 68818768    0    0     0   938 9352 18024  1  1 98  0
 1  0 194596 24856796 347552 68818800    0    0     0  3910 11904 17693  1  1 98  0
 1  0 194596 24855800 347552 68818816    0    0     0   450 11042 19761  2  1 97  0
 0  0 194596 24854416 347552 68818856    0    0     0    26 9867 17233  1  1 98  0
 0  0 194596 24850676 347552 68818864    0    0     0  5160 11643 17895  1  1 98  0
 0  0 194596 24850052 347552 68818880    0    0     0    18 10529 18860  1  1 98  0
 1  0 194596 24849660 347552 68818880    0    0     0   464 10422 17854  1  1 98  0
procs -----------memory---------- ---swap-- -----io---- -system-- ----cpu----
 r  b   swpd   free   buff  cache   si   so    bi    bo   in   cs us sy id wa
 0  0 194596 24849728 347552 68818896    0    0     0   926 9693 18090  1  1 98  0
 3  0 194596 24848968 347552 68818896    0    0     0    46 9888 17220  1  1 98  0
 0  0 194596 24848920 347552 68818904    0    0     0  6606 12595 18432  2  1 97  0
 3  0 194596 24848332 347552 68818928    0    0     0    18 10395 19133  1  1 98  0
 0  0 194596 24848292 347552 68818944    0    0     0   494 10422 18336  1  1 98  0
 0  0 194596 24847732 347552 68819008    0    0     0     0 10468 18116  2  1 98  0
 0  0 194596 24846860 347552 68819032    0    0     0   378 9992 17579  1  1 98  0
 2  0 194596 24830724 347552 68819056    0    0     0   182 10002 17454  1  1 98  0
 2  0 194596 24844084 347552 68819104    0    0     0    18 11897 22099  2  1 97  0
 2  0 194596 24844136 347552 68819120    0    0     0 16824 15016 19363  2  1 97  0
 0  0 194596 24842788 347552 68819168    0    0     0   472 10374 19210  2  1 97  0
 1  0 194596 24841048 347552 68819176    0    0     0    62 9981 17506  1  1 98  0
 5  0 194596 24840100 347552 68819200    0    0     0     0 13873 17588  3  0 96  0
 1  0 194596 24836096 347552 68819344    0    0     0    18 11658 20933  2  1 97  0
 0  0 194596 24835904 347552 68819376    0    0     0 19528 11061 18522  2  1 96  0
 3  0 194596 24837048 347552 68819392    0    0     0    68 10517 18637  1  1 98  0
 1  0 194596 24833924 347552 68819392    0    0     0   918 10531 18324  1  1 98  0
 1  0 194596 24835304 347552 68819400    0    0     0     0 10366 18744  1  1 98  0
 0  0 194596 24831228 347552 68819424    0    0     0    18 11220 19409  1  1 98  0
 0  0 194596 24830108 347552 68819424    0    0     0   432 9505 17122  1  1 98  0
 0  0 194596 24830060 347552 68819432    0    0     0    54 10473 18539  1  1 98  0
procs -----------memory---------- ---swap-- -----io---- -system-- ----cpu----
 r  b   swpd   free   buff  cache   si   so    bi    bo   in   cs us sy id wa
 1  0 194596 24830260 347552 68819504    0    0     0   382 10660 19640  2  1 97  0
 0  0 194596 24828648 347552 68819488    0    0     0 15894 15260 17985  1  1 98  0
 0  0 194596 24826188 347552 68819504    0    0     0    18 16874 19487  2  1 97  0
 1  0 194596 24825620 347552 68819520    0    0     0   990 9994 17572  1  1 98  0
 0  0 194596 24824452 347552 68819568    0    0     0     0 10509 18985  2  1 97  0
 0  0 194596 24823408 347552 68819552    0    0     0   416 10351 17981  1  1 98  0
 1  0 194596 24821020 347552 68819568    0    0     0    44 10154 17459  1  1 98  0
 1  0 194596 24809200 347552 68819568    0    0     0    18 11123 18454  1  1 98  0
 0  0 194596 24819788 347552 68819584    0    0     0 16158 14431 17486  1  1 98  0
 4  0 194596 24817568 347552 68819584    0    0     0   106 9648 17170  1  1 98  0
 0  0 194596 24819116 347552 68819600    0    0     0     8 10604 18882  2  1 98  0
 0  0 194596 24819376 347552 68819600    0    0     0   910 10376 18247  2  1 98  0
 0  0 194596 24818808 347552 68819616    0    0     0    18 10218 18788  1  1 98  0
 0  0 194596 24816368 347552 68819624    0    0     0   430 10729 18596  1  1 98  0
 1  0 194596 24814220 347552 68819712    0    0     0     0 11279 19467  1  1 98  0
 1  1 194596 24816776 347552 68819728    0    0     0    34 10486 17209  1  1 97  2
 0  0 194596 24812224 347552 68819744    0    0     0 16168 14158 17231  1  1 96  2
 1  0 194596 24812932 347552 68819792    0    0     0    18 11138 20575  1  1 98  0
 1  0 194596 24811576 347552 68819808    0    0     0   940 10920 18804  2  1 97  0
 1  0 194596 24810176 347552 68819856    0    0     0     0 10655 19035  2  1 97  0
 2  0 194596 24807296 347552 68819872    0    0     0   426 10987 18453  1  1 98  0
procs -----------memory---------- ---swap-- -----io---- -system-- ----cpu----
 r  b   swpd   free   buff  cache   si   so    bi    bo   in   cs us sy id wa
 1  0 194596 24808124 347552 68819872    0    0     0    32 9993 17299  1  1 98  0
 3  0 194596 24808252 347552 68819888    0    0     0    18 10854 18459  1  1 98  0
 2  0 194596 24785660 347552 68819936    0    0     0 19508 10777 18274  2  2 96  0
 0  0 194596 24805520 347552 68819944    0    0     0     0 11196 18690  1  1 97  0
 0  0 194596 24805024 347552 68819952    0    0     0   966 10983 18845  1  1 98  0
 2  0 194596 24803664 347552 68819960    0    0     0     0 10446 18919  2  1 98  0
 1  0 194596 24802648 347552 68819984    0    0     0   432 11073 18983  1  1 97  0
 0  0 194596 24802240 347552 68820008    0    0     0     8 9800 17615  2  1 98  0
 0  0 194596 24797320 347552 68820160    0    0     0    70 11003 19404  1  1 97  0
 1  0 194596 24798536 347552 68820176    0    0     0     8 10515 19273  2  1 97  0
 1  0 194596 24797752 347552 68820192    0    0     0   796 10424 17518  1  1 98  0
 0  0 194596 24797964 347552 68820192    0    0     0    84 10563 19404  2  1 97  0
 1  0 194596 24797744 347552 68820208    0    0     0     8 11273 17787  1  1 98  0
 0  0 194596 24794868 347552 68820240    0    0     0 11802 134995 19862  4  2 94  0
 0  0 194596 24792992 347552 68820256    0    0     0     8 10807 18149  2  1 98  0
 1  0 194596 24789312 347552 68820288    0    0     0  4056 11143 17316  1  1 98  0
 1  0 194596 24786960 347552 68820304    0    0     0    86 10429 18431  1  1 98  0
 0  0 194596 24786652 347552 68820312    0    0     0     8 10481 17897  1  1 98  0
 1  0 194596 24773808 347552 68820320    0    0     0    26 11539 18428  1  1 98  0
 0  0 194596 24784436 347552 68820336    0    0     0   432 11615 19189  2  1 97  0
 2  0 194596 24782692 347552 68820344    0    0     0   930 10551 18367  2  1 98  0
procs -----------memory---------- ---swap-- -----io---- -system-- ----cpu----
 r  b   swpd   free   buff  cache   si   so    bi    bo   in   cs us sy id wa
 0  0 194596 24783964 347552 68820352    0    0     0   422 10318 18123  1  1 98  0
 1  0 194596 24782292 347552 68820352    0    0     0     8 10292 17981  2  0 98  0
 3  0 194596 24783968 347552 68820432    0    0     0  4230 12336 18627  2  1 97  0
 0  0 194596 24779432 347552 68820448    0    0     0   104 10665 18467  1  1 98  0
 0  0 194596 24781156 347552 68820464    0    0     0 11712 13062 16927  1  1 98  0
 0  0 194596 24780832 347552 68820512    0    0     0    18 10460 18430  1  1 98  0
 1  0 194596 24778612 347552 68820528    0    0     0    84 10379 18540  2  1 97  0
 2  0 194596 24778620 347552 68820576    0    0     0     0 11267 19630  2  1 97  0
 4  0 194596 24776000 347552 68820592    0    0     0  1026 10986 18234  1  1 98  0
 1  0 194596 24775884 347552 68820608    0    0     0    54 10878 17439  1  1 98  0
 2  0 194596 24775512 347552 68820608    0    0     0    18 10594 18020  1  1 98  0
 0  0 194596 24773500 347552 68820624    0    0     0   444 10603 18043  1  1 98  0
 0  0 194596 24775148 347552 68820640    0    0     0 34920 16747 18844  2  2 96  0
 1  0 194596 24761912 347552 68820656    0    0     0    78 11735 18294  1  1 98  0
 0  0 194596 24772700 347552 68820656    0    0     0     0 39655 19751  3  2 95  0
 1  1 194596 24771536 347552 68820672    0    0     0  1068 11170 18622  1  1 97  1
 7  0 194596 24769704 347552 68820688    0    0     0    56 11320 18760  1  1 96  1
 5  0 194596 24767344 347552 68820696    0    0     0     0 11119 17869  2  1 98  0
 0  0 194596 24769360 347552 68820720    0    0     0   398 11188 20862  2  1 97  0
 1  0 194596 24766892 347552 68820720    0    0     0     0 9222 16730  1  1 98  0
 0  0 194596 24764476 347552 68820736    0    0     0    82 10340 17444  1  1 98  0
procs -----------memory---------- ---swap-- -----io---- -system-- ----cpu----
 r  b   swpd   free   buff  cache   si   so    bi    bo   in   cs us sy id wa
 5  0 194596 24764028 347552 68820752    0    0     0    58 11365 19662  2  1 97  0
 0  0 194596 24764644 347552 68820776    0    0     0 14832 15096 19377  2  1 97  0
 0  0 194596 24763776 347552 68820808    0    0     0     8 11029 17889  1  1 98  0
 0  0 194596 24759464 347552 68820816    0    0     0  1086 11056 18362  1  1 97  0
 0  0 194596 24759236 347552 68820856    0    0     0   106 17153 18536  2  1 97  0
 1  0 194596 24758860 347552 68820992    0    0     0   404 10677 17455  1  1 98  0
 0  0 194596 24758900 347552 68820992    0    0     0     0 10983 18151  1  1 98  0
 1  0 194596 24759248 347552 68820992    0    0     0     8 11004 17913  1  1 98  0
 0  0 194596 24745816 347552 68820992    0    0     0 16614 15549 19854  2  1 97  0
 0  0 194596 24756572 347552 68821008    0    0     0    18 10101 18576  2  1 97  0
 0  0 194596 24755364 347552 68821024    0    0     0   482 10578 17615  1  1 98  0
 1  0 194596 24753868 347552 68821104    0    0     0    48 10505 18033  1  1 98  0
 0  0 194596 24754732 347552 68821144    0    0     0     8 10631 17596  2  1 98  0
 0  0 194596 24754828 347552 68821152    0    0     0   386 11193 18417  1  1 98  0
 0  0 194596 24751660 347552 68821184    0    0     0    18 10986 19333  1  1 98  0
 0  0 194596 24750356 347552 68821200    0    0     0    92 10722 18583  2  1 98  0
 0  0 194596 24747392 347552 68821216    0    0     0  6212 13135 21323  2  1 96  0
 0  0 194596 24748180 347552 68821304    0    0     0     8 11101 17440  1  1 98  0
 2  0 194596 24748880 347552 68821312    0    0     0 11200 13304 17599  1  1 98  0
 0  0 194596 24743864 347552 68821312    0    0     0    98 10642 19068  1  1 98  0
 0  0 194596 24745192 347552 68821344    0    0     0    32 10532 18282  1  1 98  0
procs -----------memory---------- ---swap-- -----io---- -system-- ----cpu----
 r  b   swpd   free   buff  cache   si   so    bi    bo   in   cs us sy id wa
 1  0 194596 24734112 347552 68821368    0    0     0 19476 11040 18340  2  1 97  0
 2  0 194596 24745568 347552 68821360    0    0     0   108 19295 18385  2  1 97  0
 1  0 194596 24743160 347552 68821368    0    0     0     0 10369 18627  1  1 98  0
 0  0 194596 24728424 347552 68821376    0    0     0    18 10561 18521  1  1 98  0
 1  0 194596 24739772 347552 68821376    0    0     0  1098 10748 18496  1  1 97  0
 1  0 194596 24740116 347552 68821408    0    0     0     0 10581 18048  1  1 98  0
 0  0 194596 24740068 347552 68821408    0    0     0    30 10950 19622  2  1 97  0
 0  0 194596 24739656 347552 68821424    0    0     0 15488 14434 17052  1  1 98  0
 0  0 194596 24737724 347552 68821456    0    0     0   524 9936 17481  1  1 98  0
 1  0 194596 24735444 347552 68821456    0    0     0    86 11315 19265  1  1 98  0
 0  0 194596 24734296 347552 68821488    0    0     0     0 11855 20471  2  1 97  0
 1  0 194596 24732216 347552 68821520    0    0     0  1022 11092 17766  2  1 98  0
 0  0 194596 24732860 347552 68821552    0    0     0     0 10688 17931  1  1 98  0
 1  0 194596 24731968 347552 68821568    0    0     0   104 10176 17881  1  1 98  0
 1  0 194596 24729412 347552 68821584    0    0     0     8 10159 17970  1  1 98  0
 0  0 194596 24727248 347552 68821584    0    0     0 18078 15345 18341  1  1 98  0
 2  0 194596 24728056 347552 68821592    0    0     0   136 11871 18137  1  1 98  0
 1  0 194596 24727048 347552 68821592    0    0     0     0 10625 18303  1  1 98  0
 0  0 194596 24728088 347552 68821592    0    0     0    18 12777 20171  2  1 97  0
 1  0 194596 24702960 347552 68821752    0    0     0  1044 10310 18130  1  1 98  0
 1  0 194596 24724384 347552 68821824    0    0     0    64 10346 18386  1  1 98  0
procs -----------memory---------- ---swap-- -----io---- -system-- ----cpu----
 r  b   swpd   free   buff  cache   si   so    bi    bo   in   cs us sy id wa
 0  0 194596 24723960 347552 68821856    0    0     0   386 10890 18332  1  1 98  0
 0  0 194596 24722152 347552 68821856    0    0     0     0 10027 17461  1  1 98  0
 0  0 194596 24722008 347552 68821888    0    0     0 20340 16760 18016  1  1 98  0
 0  0 194596 24718836 347552 68821904    0    0     0   116 11085 18572  2  1 98  0
 0  0 194596 24716700 347552 68821968    0    0     0  2086 13702 20850  2  2 96  0
 0  0 194596 24716296 347552 68821984    0    0     0     8 11047 18286  1  1 98  0
 2  0 194596 24715700 347552 68822000    0    0     0    54 11874 18276  2  1 98  0
 0  0 194596 24716008 347552 68822016    0    0     0    18 10340 17837  1  1 98  0
 1  0 194596 24715056 347552 68822032    0    0     0   454 10954 18335  1  1 98  0
 0  0 194596 24711372 347552 68822032    0    0     0    40 10752 18305  1  1 98  0
 1  0 194596 24710496 347552 68822048    0    0     0 19140 11667 18475  2  1 96  0
 4  0 194596 24709580 347552 68822056    0    0     0    48 11229 20591  2  1 97  0
 1  0 194596 24711028 347552 68822080    0    0     0    18 11595 22393  2  1 97  0
 0  0 194596 24710252 347552 68822128    0    0     0  1066 10585 17992  1  1 98  0
 0  0 194596 24706612 347552 68822160    0    0     0    36 15483 19028  2  1 97  0
 1  0 194596 24706556 347552 68822224    0    0     0     8 11731 20828  2  1 97  0
 0  0 194596 24706100 347552 68822224    0    0     0   428 10075 17362  1  1 98  0
 1  0 194596 24705024 347552 68822224    0    0     0   208 10042 17800  1  1 98  0
 1  0 194596 24704588 347552 68822248    0    0     0     8 10985 18487  1  1 98  0
 0  0 194596 24691000 347552 68822272    0    0     0  5254 28605 20356  3  1 95  0
 0  0 194596 24701476 347552 68822288    0    0     0     8 9797 17349  1  1 98  0
procs -----------memory---------- ---swap-- -----io---- -system-- ----cpu----
 r  b   swpd   free   buff  cache   si   so    bi    bo   in   cs us sy id wa
 1  0 194596 24699292 347552 68822312    0    0     0   476 10939 18250  1  1 98  0
 0  0 194596 24696672 347552 68822336    0    0     0 11566 14007 18976  2  1 97  1
 0  0 194596 24696124 347552 68822376    0    0     0   458 10461 17466  1  1 98  0
 4  0 194596 24695500 347552 68822384    0    0     0    14 10252 17243  1  1 98  0
 0  0 194596 24693876 347552 68822400    0    0     0    68 11196 19037  2  1 97  0
 0  0 194596 24694296 347552 68822416    0    0     0     0 10123 18246  1  1 98  0
 0  0 194596 24694220 347552 68822424    0    0     0   944 11018 19026  1  1 98  0
 3  0 194596 24693368 347552 68822432    0    0     0     8 10773 18050  1  1 98  0
 4  0 194596 24691428 347552 68822520    0    0     0 12986 15710 18636  2  1 98  0
 1  0 194596 24688560 347552 68822544    0    0     0   190 10291 18795  1  1 97  0
 0  0 194596 24687156 347552 68822688    0    0     0     0 9616 17093  1  1 98  0
 0  0 194596 24686888 347552 68822720    0    0     0  3544 10915 18779  1  1 98  0
 1  0 194596 24682368 347552 68822728    0    0     0     8 12284 18603  2  1 98  0
 0  0 194596 24685936 347552 68822784    0    0     0   928 11709 19923  2  1 97  0
 3  0 194596 24671580 347552 68822816    0    0     0   436 10751 18029  2  1 97  0
 1  0 194596 24682272 347552 68822848    0    0     0     0 10133 18073  1  1 98  0
 0  0 194596 24681560 347552 68822864    0    0     0    92 10848 18777  1  1 98  0
 1  0 194596 24679500 347552 68823032    0    0     0   224 10417 18167  1  1 98  0
 1  0 194596 24679396 347552 68823040    0    0     0 15576 15135 18109  1  1 98  0
 1  0 194596 24668872 347552 68823048    0    0     0 19586 11348 18379  2  1 96  0
 0  0 194596 24676908 347552 68823072    0    0     0     0 11324 19802  2  1 97  0
procs -----------memory---------- ---swap-- -----io---- -system-- ----cpu----
 r  b   swpd   free   buff  cache   si   so    bi    bo   in   cs us sy id wa
 1  1 194596 24676828 347552 68823088    0    0     0  1092 10118 18031  1  1 98  0
 1  0 194596 24676976 347552 68823096    0    0     0    10 10836 18751  2  1 97  1
 1  0 194596 24679296 347552 68823136    0    0     0     0 11049 18459  1  1 98  0
 1  0 194596 24677888 347552 68823136    0    0     0   138 11294 19168  2  1 97  0
 1  0 194596 24674932 347552 68823192    0    0     0     0 9966 18197  1  1 97  0
 0  0 194596 24675304 347552 68823200    0    0     0    18 10611 17291  1  1 98  0
 0  0 194596 24674812 347552 68823208    0    0     0   422 11211 18778  2  1 98  0
 0  0 194596 24673548 347552 68823200    0    0     0 14960 15296 20134  2  1 97  0
 1  0 194596 24674424 347552 68823296    0    0     0  1142 10324 17584  2  1 98  0
 1  0 194596 24658976 347552 68823312    0    0     0     0 9995 17567  1  1 98  0
 0  0 194596 24668780 347552 68823328    0    0     0    18 10891 19270  1  1 98  0
 1  0 194596 24670068 347552 68823344    0    0     0   500 11273 18291  1  1 98  0
 1  0 194596 24668796 347552 68823360    0    0     0     0 10461 17864  1  1 98  0
 0  0 194596 24670128 347552 68823416    0    0     0   102 11126 19013  2  1 97  0
 0  0 194596 24668068 347552 68823456    0    0     0     0 10648 18713  2  1 97  0
 1  0 194596 24666392 347552 68823592    0    0     0 14966 15994 19806  1  2 97  0
 1  0 194596 24666160 347552 68823632    0    0     0  1212 10344 17917  1  1 98  0
 1  0 194596 24664564 347552 68823840    0    0     0     0 10262 18290  1  1 98  0
 0  0 194596 24663068 347552 68823872    0    0     0     8 11031 18501  2  1 98  0
 0  0 194596 24661316 347552 68823904    0    0     0   456 10341 17628  1  1 98  0
 0  0 194596 24658788 347552 68823952    0    0     0    18 10728 19431  1  1 98  0
procs -----------memory---------- ---swap-- -----io---- -system-- ----cpu----
 r  b   swpd   free   buff  cache   si   so    bi    bo   in   cs us sy id wa
 2  0 194596 24657208 347552 68823968    0    0     0   924 10454 18759  2  1 97  0
 0  0 194596 24657092 347552 68824016    0    0     0 15572 15932 19873  2  1 97  0
 1  0 194596 24656640 347552 68824064    0    0     0     8 10607 17982  2  1 98  0
 0  0 194596 24656456 347552 68824088    0    0     0   556 10416 17412  1  1 98  0
 1  0 194596 24640492 347552 68824088    0    0     0    60 10195 18300  1  1 98  0
 4  0 194596 24652336 347552 68824160    0    0     0    32 11837 19121  1  1 97  0
 1  0 194596 24652624 347552 68824160    0    0     0   472 10060 16997  1  1 98  0
 1  0 194596 24653332 347552 68824176    0    0     0    90 13798 16775  1  1 98  0
 1  0 194596 24651156 347552 68824184    0    0     0 19914 12316 21078  4  2 95  0
 0  0 194596 24648960 347552 68824200    0    0     0    18 11307 18324  1  1 98  0
 0  0 194596 24648008 347552 68824200    0    0     0   472 10334 18116  1  1 98  0
 0  0 194596 24646576 347552 68824224    0    0     0    30 10866 19330  2  1 98  0
 2  0 194596 24644636 347552 68824272    0    0     0     8 11223 20973  2  1 97  0
 0  0 194596 24646028 347552 68824304    0    0     0     0 10311 16599  1  1 98  0
 0  0 194596 24643760 347552 68824320    0    0     0   472 9986 17575  1  1 98  0
 3  0 194596 24641216 347552 68824320    0    0     0     8 11006 19600  2  1 97  0
 1  1 194596 24641276 347552 68824352    0    0     0 15918 15183 19943  2  1 97  0
 0  0 194596 24640824 347552 68824376    0    0     0    46 10806 18072  1  1 98  0
 0  0 194596 24637596 347552 68824400    0    0     0     0 10543 17603  1  1 98  0
 0  0 194596 24637836 347552 68824424    0    0     0  1346 10487 18317  2  1 97  1
 1  0 194596 24622896 347552 68824448    0    0     0    94 10661 18259  1  1 98  0
procs -----------memory---------- ---swap-- -----io---- -system-- ----cpu----
 r  b   swpd   free   buff  cache   si   so    bi    bo   in   cs us sy id wa
 1  0 194596 24634408 347552 68824456    0    0     0     0 11115 18915  1  1 98  0
 0  0 194596 24635412 347552 68824464    0    0     0   426 10122 17446  1  1 98  0
 0  0 194596 24635284 347552 68824464    0    0     0     0 10834 19260  2  1 97  0
 0  0 194596 24634220 347552 68824592    0    0     0 15918 14704 17805  1  1 98  0
 1  0 194596 24633280 347552 68824624    0    0     0     8 43749 18977  3  1 96  0
 0  0 194596 24632376 347552 68824704    0    0     0     0 11355 20101  2  1 97  0
 1  0 194596 24631564 347552 68824752    0    0     0   436 10294 17839  2  1 98  0
 0  0 194596 24630120 347552 68824768    0    0     0     0 10433 18275  1  1 98  0
 2  0 194596 24629904 347552 68824808    0    0     0    18 10389 18544  1  1 98  0
 0  0 194596 24627500 347552 68824816    0    0     0   514 10392 19652  2  1 98  0
 0  0 194596 24625332 347552 68824880    0    0     0     0 11495 21015  2  1 97  0
 0  0 194596 24623716 347556 68824896    0    0     0 16200 14531 17284  1  1 98  0
 1  0 194596 24625784 347556 68824912    0    0     0     0 11175 18438  1  1 98  0
 1  0 194596 24625264 347556 68824928    0    0     0    18 10288 18295  1  1 98  0
 0  0 194596 24623928 347556 68824960    0    0     0   112 11658 18875  2  1 97  0
 1  0 194596 24606280 347556 68825008    0    0     0    74 10159 18290  1  1 98  0
 0  0 194596 24621712 347556 68825040    0    0     0   418 9964 16964  1  1 98  0
 1  0 194596 24620284 347556 68825080    0    0     0 19976 11514 21354  3  2 95  0
 0  0 194596 24619788 347556 68825072    0    0     0    18 10515 18456  1  1 98  0
 3  0 194596 24619528 347556 68825096    0    0     0     8 10834 17474  1  1 98  0
 1  0 194596 24618724 347556 68825104    0    0     0   454 10655 18739  1  1 98  0
procs -----------memory---------- ---swap-- -----io---- -system-- ----cpu----
 r  b   swpd   free   buff  cache   si   so    bi    bo   in   cs us sy id wa
 0  0 194596 24616072 347556 68825120    0    0     0     8 10794 19651  2  1 97  0
 0  0 194596 24615208 347556 68825144    0    0     0    58 10492 18626  1  1 98  0
 0  0 194596 24614988 347556 68825160    0    0     0    18 10108 17897  1  1 98  0
 1  0 194596 24613452 347556 68825200    0    0     0     8 10457 18480  2  1 97  0
 2  0 194596 24613236 347556 68825224    0    0     0  1028 12138 18052  2  1 98  0
 0  0 194596 24609368 347556 68825264    0    0     0 15414 14661 18166  2  1 97  0
 0  0 194596 24606948 347556 68825296    0    0     0    86 10528 18322  2  1 98  0
 0  0 194596 24609020 347556 68825312    0    0     0  1312 10653 17883  1  1 98  0
 0  0 194596 24607880 347556 68825336    0    0     0     8 9575 16887  1  1 98  0
 0  0 194596 24605700 347556 68825352    0    0     0   470 10521 18006  1  1 98  0
 2  0 194596 24602756 347556 68825392    0    0     0     8 10856 18846  2  1 97  0
 0  0 194596 24604104 347556 68825400    0    0     0   926 11255 19151  2  1 97  0
 0  0 194596 24602944 347556 68825544    0    0     0  6952 12749 18985  1  1 98  0
 1  0 194596 24602016 347556 68825584    0    0     0     8 11197 19040  2  1 98  0
 1  0 194596 24600944 347556 68825664    0    0     0   498 10720 18430  1  1 98  0
 1  0 194596 24589064 347556 68825696    0    0     0  9044 12807 19313  2  1 97  0
 0  0 194596 24598096 347556 68825720    0    0     0     0 11353 18840  2  1 98  0
 1  0 194596 24596520 347556 68825776    0    0     0   436 10227 18865  1  1 98  0
 1  0 194596 24597200 347556 68825792    0    0     0     8 11697 18979  2  1 97  0
 1  0 194596 24596156 347556 68825840    0    0     0   928 10901 19450  2  1 97  0
 0  0 194596 24593916 347556 68825872    0    0     0    56 11002 17464  1  1 98  0
procs -----------memory---------- ---swap-- -----io---- -system-- ----cpu----
 r  b   swpd   free   buff  cache   si   so    bi    bo   in   cs us sy id wa
 1  0 194596 24590920 347556 68825896    0    0     0     0 10851 18993  1  1 98  0
 0  0 194596 24592048 347556 68825920    0    0     0 16394 14794 18091  2  1 98  0
 0  0 194596 24591960 347556 68825936    0    0     0   230 10106 17639  1  1 98  0
 0  0 194596 24591700 347556 68825976    0    0     0     0 11886 18347  2  1 98  0
 0  0 194596 24590064 347556 68825984    0    0     0   496 11920 17529  1  1 97  1
 2  0 194596 24587504 347556 68826064    0    0     0     0 12368 21117  2  2 96  0
 0  0 194596 24586952 347556 68826056    0    0     0 20044 11494 18935  2  1 96  0
 1  0 194596 24586436 347556 68826088    0    0     0     8 11181 17809  1  1 98  0
 1  0 194596 24587680 347556 68826112    0    0     0     0 14220 19407  1  1 98  0
 3  0 194596 24587148 347556 68826160    0    0     0   436 11311 19367  2  1 97  0
 1  0 194596 24572652 347556 68826136    0    0     0     0 11478 17929  1  1 98  0
 1  0 194596 24584052 347556 68826152    0    0     0   418 11884 18590  1  1 98  0
 0  0 194596 24583816 347556 68826160    0    0     0    80 11899 18714  2  1 97  0
 2  0 194596 24583704 347556 68826176    0    0     0     0 11136 18985  1  1 98  0
 1  0 194596 24582740 347556 68826192    0    0     0 16228 18481 17550  1  1 98  0
 1  0 194596 24579584 347556 68826224    0    0     0     0 10794 17545  1  1 98  0
 1  0 194596 24579196 347556 68826224    0    0     0   400 12685 20333  1  1 98  0
 0  0 194596 24569464 347556 68826256    0    0     0    58 11037 18258  2  1 98  0
 1  0 194596 24567036 347556 68826256    0    0     0     0 11169 17771  1  1 98  0
 1  0 194596 24570148 347556 68826256    0    0     0   396 11156 17777  1  1 98  0
 2  0 194596 24568788 347556 68826272    0    0     0     0 11368 18636  1  1 97  0
procs -----------memory---------- ---swap-- -----io---- -system-- ----cpu----
 r  b   swpd   free   buff  cache   si   so    bi    bo   in   cs us sy id wa
 2  0 194596 24566864 347556 68826416    0    0     0 16824 18393 20076  1  1 97  0
 0  0 194596 24566152 347556 68826432    0    0     0     8 11703 18276  2  1 98  0
 4  0 194596 24566380 347556 68826520    0    0     0     0 11868 18935  2  1 97  0
 0  0 194596 24566180 347556 68826544    0    0     0   422 11583 17713  1  1 98  0
 1  0 194596 24565016 347556 68826576    0    0     0    66 10890 18172  2  1 98  0
 0  0 194596 24553132 347556 68826624    0    0     0    18 68258 18858  3  1 96  0
 0  0 194596 24562576 347556 68826640    0    0     0   440 11335 19386  2  1 97  0
 0  0 194596 24561664 347556 68826712    0    0     0   934 11630 19560  2  1 97  0
 0  0 194596 24561656 347556 68826736    0    0     0 15914 15684 17454  1  1 98  0
 0  0 194596 24558768 347556 68826768    0    0     0     0 11316 17873  2  1 98  0
 0  0 194596 24557500 347556 68826768    0    0     0   586 10680 18138  1  1 98  0
 4  0 194596 24557996 347556 68826816    0    0     0    96 15648 19098  2  1 97  0
 0  0 194596 24555592 347556 68826848    0    0     0   106 12150 18096  1  1 98  0
 1  0 194596 24555536 347556 68826864    0    0     0  1068 11258 18291  1  1 98  0
 0  0 194596 24556776 347556 68826864    0    0     0     0 12042 19128  2  1 98  0
 1  0 194596 24554284 347556 68826896    0    0     0 15844 16272 19242  2  1 98  0
 0  0 194596 24553512 347556 68826912    0    0     0 19244 11918 19104  2  2 96  0
 1  0 194596 24551520 347556 68826944    0    0     0     0 12292 19325  2  1 97  0
 2  0 194596 24551596 347556 68826984    0    0     0   444 11344 19822  2  1 97  0
 0  0 194596 24551412 347556 68827008    0    0     0     0 12607 18282  1  1 98  0
 1  0 194596 24550184 347556 68827040    0    0     0    18 10709 18125  1  1 98  0
procs -----------memory---------- ---swap-- -----io---- -system-- ----cpu----
 r  b   swpd   free   buff  cache   si   so    bi    bo   in   cs us sy id wa
 1  0 194596 24536668 347556 68827040    0    0     0  1110 12090 19119  1  1 98  0
 1  0 194596 24546964 347556 68827072    0    0     0     0 11837 19571  2  1 97  0
 0  0 194596 24545724 347556 68827104    0    0     0    90 11377 18482  1  1 98  0
 0  0 194596 24543544 347556 68827136    0    0     0   394 11009 17581  2  1 98  0
 0  0 194596 24543380 347556 68827296    0    0     0 17894 16013 18742  1  1 98  0
 0  0 194596 24542200 347556 68827336    0    0     0   232 11377 17963  1  1 98  0
 1  0 194596 24540448 347556 68827360    0    0     0     0 11169 18584  2  1 97  0
 2  0 194596 24540732 347556 68827360    0    0     0     8 11048 18013  1  1 98  0
 3  0 194596 24541832 347556 68827408    0    0     0  1078 12154 19132  2  1 97  0
 2  0 194596 24539840 347556 68827416    0    0     0    18 12453 18568  1  1 98  0
 0  0 194596 24539080 347556 68827496    0    0     0   116 11359 17570  1  1 98  0
 2  0 194596 24536328 347556 68827536    0    0     0     0 13044 20329  2  1 97  0
 0  0 194596 24536532 347556 68827560    0    0     0 21506 17804 19567  2  1 97  0
 0  0 194596 24535292 347556 68827584    0    0     0   526 11587 18991  2  1 97  0
 0  0 194596 24535568 347556 68827648    0    0     0    18 12137 19311  2  1 97  0
 1  0 194596 24533780 347556 68827680    0    0     0  1078 11901 17861  2  1 98  0
 0  0 194596 24519816 347556 68827752    0    0     0     0 12225 20010  2  1 97  0
 2  0 194596 24529272 347556 68827760    0    0     0     8 12176 18319  1  1 98  0
 1  0 194596 24530052 347556 68827800    0    0     0   122 11349 18197  2  1 97  1
 0  0 194596 24529632 347556 68827824    0    0     0    18 11532 18257  1  1 98  0
 0  0 194596 24528352 347556 68827856    0    0     0 16186 18199 19417  2  1 97  0
procs -----------memory---------- ---swap-- -----io---- -system-- ----cpu----
 r  b   swpd   free   buff  cache   si   so    bi    bo   in   cs us sy id wa
 0  0 194596 24528732 347556 68827904    0    0     0     0 11763 17841  1  1 98  0
 1  0 194596 24528352 347556 68827944    0    0     0  1122 11577 18738  1  1 97  0
 2  0 194596 24527920 347556 68827952    0    0     0     0 11674 19440  2  1 97  0
 0  0 194596 24527296 347556 68828016    0    0     0    18 12306 19288  1  1 98  0
 0  0 194596 24523716 347556 68828112    0    0     0 19200 11036 17844  2  2 96  0
 0  0 194596 24524148 347556 68828048    0    0     0     0 11116 17793  1  1 98  0
 1  0 194596 24522104 347556 68828208    0    0     0     8 12056 20981  2  1 97  0
 1  0 194596 24522780 347556 68828224    0    0     0   472 18666 18601  2  1 98  0
 1  0 194596 24521872 347556 68828248    0    0     0    18 11646 18253  1  1 98  0
 1  0 194596 24520660 347556 68828256    0    0     0     8 11314 17936  2  1 97  0
 0  0 194596 24518576 347556 68828288    0    0     0  1048 11949 20410  2  1 97  0
 2  0 194596 24502820 347556 68828328    0    0     0     8 11211 18099  2  1 97  0
 2  0 194596 24513448 347556 68828344    0    0     0    94 11311 18407  1  1 98  0
 2  0 194596 24513528 347556 68828368    0    0     0    18 10380 17525  1  1 98  0
 1  0 194596 24512928 347556 68828384    0    0     0 16358 17327 18192  1  1 98  0
 1  0 194596 24512188 347556 68828416    0    0     0    42 11545 18338  1  1 98  0
 2  0 194596 24512848 347556 68828416    0    0     0     8 12785 21005  1  1 97  0
 0  0 194596 24511072 347556 68828448    0    0     0  1014 9523 18802  1  2 97  0
 0  0 194596 24510388 347556 68828432    0    0     0    18 5136 12180  1  0 99  0
 1  0 194596 24511916 347556 68828496    0    0     0    98 5164 11343  1  0 99  0
 0  0 194596 24513028 347556 68828520    0    0     0    22 5839 12542  1  1 98  0
procs -----------memory---------- ---swap-- -----io---- -system-- ----cpu----
 r  b   swpd   free   buff  cache   si   so    bi    bo   in   cs us sy id wa
 1  0 194596 24511484 347556 68828528    0    0     0 15502 9865 11802  1  1 98  0
 0  0 194596 24510892 347556 68828544    0    0     0     0 5645 12802  1  1 98  0
 0  0 194596 24510244 347556 68828600    0    0     0   454 5118 12573  1  0 99  0
 0  0 194596 24512980 347556 68828624    0    0     0   676 5355 12305  1  1 98  0
 2  0 194596 24510732 347556 68828696    0    0     0   702 6455 13148  1  1 98  0
 1  0 194596 24511612 347556 68828688    0    0     0     8 5206 11449  1  0 99  0
 1  0 194596 24510092 347556 68828688    0    0     0     0 5310 12127  1  1 98  0
 0  0 194596 24510184 347556 68828704    0    0     0   438 35927 13246  3  1 96  0
 1  0 194596 24509320 347556 68828720    0    0     0 15852 9435 12016  1  1 99  0
 1  0 194596 24509608 347556 68828736    0    0     0    44 4969 11360  1  0 99  0
 1  0 194596 24509788 347556 68828736    0    0     0    34 5254 12106  1  1 98  0
 1  0 194596 24498696 347556 68828752    0    0     0   738 6016 13608  1  1 98  0
 0  0 194596 24510216 347556 68828768    0    0     0    18 5622 12826  1  1 98  0
 1  0 194596 24508624 347556 68828784    0    0     0   608 5135 11515  1  0 99  0
 2  0 194596 24509272 347556 68828944    0    0     0 19112 5828 12735  2  1 97  0
 1  0 194596 24511724 347556 68828848    0    0     0   414 5824 13451  1  1 98  0
 0  0 194596 24510512 347556 68828880    0    0     0     0 6672 12106  1  1 98  0
 1  0 194596 24508616 347556 68829016    0    0     0   146 5387 12360  1  1 97  2
 0  0 194596 24509896 347556 68829088    0    0     0     8 5559 13110  2  1 97  0
 0  0 194596 24510116 347556 68829096    0    0     0     0 6368 12152  1  1 98  0
 0  0 194596 24510544 347556 68829136    0    0     0  1106 21304 11923  2  1 97  0
procs -----------memory---------- ---swap-- -----io---- -system-- ----cpu----
 r  b   swpd   free   buff  cache   si   so    bi    bo   in   cs us sy id wa
 0  0 194596 24508804 347556 68829184    0    0     0     0 5366 12018  1  1 98  0
 0  0 194596 24495164 347556 68829200    0    0     0   356 5355 12482  1  1 98  0
 1  0 194596 24507472 347556 68829240    0    0     0 15798 9964 12641  1  1 98  0
 1  0 194596 24508204 347556 68829256    0    0     0     0 5077 12530  1  0 99  0
 0  0 194596 24509052 347556 68829264    0    0     0   582 5285 11705  1  1 98  0
 0  0 194596 24510240 347556 68829344    0    0     0     0 5749 13146  2  1 98  0
 1  0 194596 24509680 347556 68829344    0    0     0  1096 5150 12261  1  1 99  0
 3  0 194596 24506920 347556 68829384    0    0     0 14548 20517 14127  2  1 97  0
 0  0 194596 24508532 347556 68829488    0    0     0     0 5502 12468  1  1 98  0
 0  0 194596 24509764 347556 68829536    0    0     0   580 5143 11590  1  0 98  0
 0  0 194596 24508256 347556 68829560    0    0     0     0 5299 12141  1  1 98  0
 5  0 194596 24508928 347556 68829632    0    0     0   118 5413 13588  1  1 98  0
 0  0 194596 24507788 347556 68829680    0    0     0   974 5462 12876  2  1 97  0
