procs -----------memory---------- ---swap-- -----io---- -system-- ----cpu----
 r  b   swpd   free   buff  cache   si   so    bi    bo   in   cs us sy id wa
 2  0      0 81252776 324880 30646520    0    0     0    32    0    0  1  0 99  0
 0  0      0 81252576 324880 30646220    0    0     0     0 6394 13606  1  0 99  0
 1  0      0 81252432 324880 30646252    0    0     0     2 6052 12582  0  0 99  0
 0  0      0 81253520 324880 30646220    0    0     0    58 6195 12850  0  0 99  0
 1  0      0 81254000 324880 30646224    0    0     0     0 6077 12617  0  0 99  0
 0  0      0 81253808 324880 30646224    0    0     0  2078 6071 12555  0  0 99  0
 2  0      0 81253872 324880 30646224    0    0     0     0 6203 12847  0  0 99  0
 1  0      0 81253144 324880 30646244    0    0     0   754 6821 22316  2  1 97  0
 0  0      0 81251920 324880 30646244    0    0     0   174 6400 13545  1  0 99  0
 0  0      0 81252368 324880 30645608    0    0     0   126 6095 12667  0  0 99  0
 0  0      0 81252624 324880 30645796    0    0     0  3798 6434 13468  1  0 99  0
 1  0      0 81251792 324880 30645788    0    0     0   134 6336 13517  1  0 99  0
 1  0      0 81251440 324880 30645788    0    0     0   120 6127 12662  0  0 100  0
 2  0      0 81251768 324880 30645792    0    0     0   120 6072 12592  0  0 99  0
 0  0      0 81252848 324880 30645792    0    0     0   102 7376 12956  1  0 99  0
 1  0      0 81252192 324880 30645792    0    0     0  3670 6199 12711  0  0 99  0
 0  0      0 81250672 324880 30645796    0    0     0    80 6338 13410  1  0 99  0
 0  0      0 81250560 324880 30645820    0    0     0   430 6338 16064  1  0 98  0
 1  0      0 81250912 324880 30645820    0    0     0     4 6143 12727  0  0 99  0
 0  0      0 81251744 324880 30645828    0    0     0     0 6475 12677  0  0 99  0
 1  0      0 81250784 324880 30645828    0    0     0  3604 6134 12682  0  0 99  0
procs -----------memory---------- ---swap-- -----io---- -system-- ----cpu----
 r  b   swpd   free   buff  cache   si   so    bi    bo   in   cs us sy id wa
 0  0      0 81250928 324880 30645828    0    0     0     0 6009 12457  0  0 100  0
 1  0      0 81251000 324880 30645828    0    0     0     2 6163 13013  0  0 99  0
 0  0      0 81249512 324880 30645864    0    0     0    54 6289 13290  1  1 99  0
 2  0      0 81249584 324880 30645832    0    0     0    74 6171 13649  1  0 99  0
 0  0      0 81249456 324880 30645836    0    0     0  3606 6207 12805  0  0 99  0
 0  0      0 81250272 324880 30645840    0    0     0     0 6094 12589  0  0 99  0
 1  0      0 81249840 324880 30645844    0    0     0   594 9500 13420  1  0 98  0
 0  0      0 81251792 324880 30645812    0    0     0   512 7219 18937  2  1 98  0
 1  0      0 81251840 324880 30645812    0    0     0     0 6004 12481  0  0 99  0
 0  0      0 81251984 324880 30645812    0    0     0  3582 6196 12696  0  0 99  0
 0  0      0 81249936 324880 30645844    0    0     0     0 6288 13236  1  0 99  0
 1  0      0 81250832 324880 30645812    0    0     0     6 6091 12686  0  0 99  0
 0  0      0 81250688 324880 30645844    0    0     0    36 6188 12809  0  0 99  0
 1  0      0 81251024 324880 30645848    0    0     0     0 6088 12639  0  0 99  0
 0  0      0 81251296 324880 30645852    0    0     0  3560 6214 12743  0  0 99  0
 1  0      0 81251904 324880 30645852    0    0     0     0 6078 12498  0  0 100  0
 2  0      0 81251496 324880 30645856    0    0     0   994 6818 22375  2  1 97  0
 0  0      0 81251232 324880 30645868    0    0     0   174 6368 13654  1  0 99  0
 0  0      0 81251392 324880 30645836    0    0     0   170 6029 12602  0  0 99  0
 0  0      0 81251248 324880 30645872    0    0     0  3770 6419 13496  1  0 99  0
 1  0      0 81251440 324880 30645864    0    0     0   186 6117 12973  0  0 99  0
procs -----------memory---------- ---swap-- -----io---- -system-- ----cpu----
 r  b   swpd   free   buff  cache   si   so    bi    bo   in   cs us sy id wa
 0  0      0 81252064 324880 30645864    0    0     0   106 6075 12707  0  0 99  0
 1  0      0 81252112 324880 30645864    0    0     0   106 6368 12988  1  0 99  0
 1  0      0 81252384 324880 30645868    0    0     0   102 6077 12614  0  0 99  0
 1  0      0 81252272 324880 30645868    0    0     0  3668 6229 12704  0  0 99  0
 0  0      0 81251072 324880 30645872    0    0     0    94 6399 13442  1  0 99  0
 0  0      0 81251240 324880 30645872    0    0     0   520 6469 16131  1  0 98  0
 1  0      0 81250312 324880 30645872    0    0     0     0 6157 12959  0  0 99  0
 0  0      0 81250928 324880 30645880    0    0     0     0 6086 12807  1  0 99  0
 1  0      0 81251120 324880 30645884    0    0     0  3588 6119 12675  0  0 99  0
 0  0      0 81251248 324880 30645888    0    0     0     0 5964 12427  0  0 99  0
 1  0      0 81251656 324880 30645888    0    0     0     6 6086 12741  0  0 99  0
 0  0      0 81248832 324880 30645892    0    0     0    42 6483 13629  1  0 99  0
 0  0      0 81249056 324880 30645892    0    0     0   154 6181 13869  1  0 99  0
 0  0      0 81250008 324880 30645892    0    0     0  3586 6182 12681  0  0 99  0
 0  0      0 81250272 324880 30645892    0    0     0     0 6091 12544  0  0 99  0
 1  0      0 81251392 324880 30645888    0    0     0     6 6166 12586  0  0 99  0
 0  0      0 81250576 324880 30646464    0    0     0   560 15924 19576  2  1 97  0
 1  0      0 81250144 324880 30646352    0    0     0   100 6094 12818  0  0 99  0
 0  0      0 81248448 324880 30646356    0    0     0  3640 6204 12662  0  0 99  0
 0  0      0 81248240 324880 30646324    0    0     0     0 6194 13130  1  0 99  0
 0  0      0 81248024 324880 30646324    0    0     0     6 6030 12605  0  0 100  0
procs -----------memory---------- ---swap-- -----io---- -system-- ----cpu----
 r  b   swpd   free   buff  cache   si   so    bi    bo   in   cs us sy id wa
 1  0      0 81248840 324880 30646328    0    0     0    34 6245 12685  0  0 99  0
 1  0      0 81247080 324880 30646360    0    0     0     0 6175 12964  0  0 99  0
 0  0      0 81247232 324880 30646400    0    0     0  3600 6242 12882  1  0 99  0
 4  0      0 81248032 324880 30646400    0    0     0    18 6108 12914  0  0 99  0
 0  0      0 81247616 324880 30646416    0    0     0  1410 6949 21928  2  1 97  0
 1  0      0 81247160 324880 30646416    0    0     0   178 6265 14001  1  0 99  0
 0  0      0 81247200 324880 30646416    0    0     0   164 6053 12645  1  0 99  0
 0  0      0 81247512 324880 30646424    0    0     0  3790 6530 13847  1  0 99  0
 0  0      0 81246864 324880 30646416    0    0     0   190 6115 13023  0  0 99  0
 4  0      0 81247936 324880 30646416    0    0     0   116 6065 12661  0  0 99  0
 1  0      0 81248448 324880 30646416    0    0     0   136 6087 12650  0  0 99  0
 0  0      0 81248448 324880 30646416    0    0     0   114 6073 12610  0  0 99  0
 2  0      0 81247424 324880 30646416    0    0     0  3694 6249 13009  0  0 99  0
 0  0      0 81246096 324880 30646388    0    0     0  7886 6610 14460  1  0 99  0
 0  0      0 81246776 324880 30646388    0    0     0   226 6327 15866  1  0 99  0
 1  0      0 81246784 324880 30646420    0    0     0     0 6143 12656  0  0 99  0
 0  0      0 81246192 324880 30646428    0    0     0     0 6141 12654  0  0 99  0
 1  0      0 81245120 324880 30646428    0    0     0    32 6482 12878  0  0 99  0
 0  0      0 81246048 324880 30646428    0    0     0  5742 6232 12675  0  0 99  0
 1  0      0 81245552 324880 30646428    0    0     0     6 6089 12736  0  0 99  0
 0  0      0 81244592 324880 30646432    0    0     0     0 6346 13379  1  0 99  0
procs -----------memory---------- ---swap-- -----io---- -system-- ----cpu----
 r  b   swpd   free   buff  cache   si   so    bi    bo   in   cs us sy id wa
 0  0      0 81245088 324880 30646432    0    0     0    98 6371 13803  1  0 99  0
 1  0      0 81244400 324880 30646436    0    0     0     0 6121 12843  0  0 99  0
 0  0      0 81244944 324880 30646440    0    0     0     0 6257 12711  0  0 99  0
 1  0      0 81245864 324880 30646436    0    0     0  2110 6306 12686  0  0 99  0
 0  0      0 81247312 324880 30646408    0    0     0   288 7091 18738  1  1 98  0
 0  0      0 81247456 324880 30646444    0    0     0     0 6113 12720  0  0 99  0
 0  0      0 81247600 324880 30646448    0    0     0     0 6098 12676  0  0 99  0
 0  0      0 81246568 324880 30646416    0    0     0    38 6312 13437  1  0 99  0
 1  0      0 81247240 324880 30646456    0    0     0  3596 6201 12685  0  0 99  0
 0  0      0 81248304 324880 30646456    0    0     0     0 6122 12607  0  0 100  0
 1  0      0 81248304 324880 30646464    0    0     0     0 6069 12567  0  0 99  0
 0  0      0 81248544 324880 30646464    0    0     0    28 6105 12701  1  0 99  0
 3  0      0 81246832 324880 30646472    0    0     0    22 6214 13928  1  0 99  0
 0  0      0 81245792 324880 30646488    0    0     0  4400 6708 21309  2  1 98  0
 0  0      0 81245008 324880 30646488    0    0     0 10730 6484 14263  1  0 99  0
 1  0      0 81246240 324880 30646448    0    0     0     0 6036 12530  1  0 99  0
 0  0      0 81246400 324880 30646480    0    0     0    90 6341 13485  1  0 99  0
 1  0      0 81245824 324880 30646020    0    0     0    64 18207 13447  1  0 99  0
 2  0      0 81245120 324880 30646020    0    0     0     6 6151 12658  0  0 100  0
 2  0      0 81245232 324880 30646020    0    0     0  1402 6308 12939  1  0 99  0
 1  0      0 81245872 324880 30646020    0    0     0     0 6068 12444  0  0 99  0
procs -----------memory---------- ---swap-- -----io---- -system-- ----cpu----
 r  b   swpd   free   buff  cache   si   so    bi    bo   in   cs us sy id wa
 0  0      0 81246352 324880 30646024    0    0     0    12 6066 12614  0  0 100  0
 0  0      0 81244672 324880 30645996    0    0     0     0 6341 13666  1  1 99  0
 0  0      0 81245584 324880 30646028    0    0     0   314 6319 15913  1  1 99  0
 1  0      0 81246088 324880 30646028    0    0     0     0 6086 12661  0  0 99  0
 0  0      0 81246960 324880 30646032    0    0     0     0 6058 12456  0  0 99  0
 1  0      0 81246792 324880 30646036    0    0     0  3584 6155 12779  0  0 99  0
 0  0      0 81247264 324880 30646040    0    0     0     0 6110 12617  0  0 100  0
 0  0      0 81245104 324880 30646060    0    0     0    20 6226 13096  0  0 99  0
 0  0      0 81244624 324880 30646072    0    0     0     0 6251 13305  1  0 99  0
 0  0      0 81244992 324880 30646076    0    0     0   112 6378 13478  0  0 99  0
 1  0      0 81242880 324880 30646076    0    0     0  2220 38023 13039  1  0 98  0
 0  0      0 81243416 324880 30646076    0    0     0     0 6055 12578  0  0 99  0
 0  0      0 81243264 324880 30646072    0    0     0    42 6300 12939  1  0 99  0
 1  0      0 81222672 324880 30667820    0    0     0   272 7577 20337  3  1 97  0
 0  0      0 81244608 324880 30646576    0    0     0 63088 6847 12924  3  1 97  0
 1  0      0 81245376 324880 30646544    0    0     0   772 6212 12760  0  0 99  0
 0  0      0 81244424 324880 30646548    0    0     0   566 9959 14833  2  1 97  0
 1  0      0 81242848 324880 30646556    0    0     0     6 6374 13754  1  1 99  0
 0  0      0 81244304 324880 30646556    0    0     0    56 6231 12623  0  0 99  0
 1  0      0 81243616 324880 30646560    0    0     0     0 6277 12818  0  0 99  0
 0  0      0 81244528 324880 30646560    0    0     0     0 6080 12683  0  0 99  0
procs -----------memory---------- ---swap-- -----io---- -system-- ----cpu----
 r  b   swpd   free   buff  cache   si   so    bi    bo   in   cs us sy id wa
 1  0      0 81244584 324880 30646560    0    0     0    88 6311 14622  1  0 99  0
 1  0      0 81242712 324880 30646572    0    0     0   436 7277 20512  2  1 98  0
 0  0      0 81242248 324880 30646572    0    0     0     0 6334 13491  1  1 99  0
 1  0      0 81241992 324880 30646540    0    0     0     0 6046 12552  0  0 99  0
 0  0      0 81243080 324880 30646572    0    0     0    96 7270 13542  1  0 99  0
 1  0      0 81243472 324880 30646568    0    0     0  1526 6466 13081  0  0 99  0
 0  0      0 81243360 324880 30646568    0    0     0     6 6486 12713  0  0 99  0
 1  0      0 81242128 324880 30646596    0    0     0     0 6092 12829  0  0 99  0
 1  0      0 81243360 324880 30646596    0    0     0    36 6051 12502  0  0 100  0
 0  0      0 81243336 324880 30646600    0    0     0     0 6390 12617  0  0 100  0
 0  0      0 81242912 324880 30646572    0    0     0     0 6288 13306  1  0 99  0
 0  0      0 81243504 324880 30646604    0    0     0  1372 6819 15999  1  1 99  0
 1  0      0 81242144 324880 30646604    0    0     0     0 6515 12980  1  0 99  0
 0  0      0 81243512 324880 30646612    0    0     0     0 6052 12480  0  0 100  0
 1  0      0 81243680 324880 30646612    0    0     0    36 6644 12809  1  0 99  0
 1  0      0 81244272 324880 30646612    0    0     0     0 6064 12435  0  0 100  0
 0  0      0 81243648 324880 30646612    0    0     0    42 6415 12778  0  0 99  0
 2  0      0 81241224 324880 30646620    0    0     0     0 6358 14184  1  1 99  0
 0  0      0 81241560 324880 30646620    0    0     0    90 6182 13468  1  0 99  0
 1  0      0 81242128 324880 30646624    0    0     0     0 6297 12725  0  0 99  0
 0  0      0 81242320 324880 30646624    0    0     0     0 6131 12599  0  0 99  0
procs -----------memory---------- ---swap-- -----io---- -system-- ----cpu----
 r  b   swpd   free   buff  cache   si   so    bi    bo   in   cs us sy id wa
 1  0      0 81243024 324880 30646624    0    0     0   540 6417 12611  0  0 99  0
 0  0      0 81241880 324880 30646624    0    0     0   252 22100 29352  2  1 96  0
 2  0      0 81240608 324880 30646624    0    0     0     0 23988 28853  1  1 98  0
 1  0      0 81241072 324880 30646632    0    0     0     0 16908 22493  1  1 99  0
 1  0      0 81240992 324880 30646632    0    0     0    16 11608 17974  1  1 99  0
 3  0      0 81241664 324880 30646656    0    0     0  1110 16460 22415  1  1 99  0
 0  0      0 81242216 324880 30646656    0    0     0     0 22764 27537  1  1 98  0
 1  0      0 81241152 324880 30646664    0    0     0     0 27642 31617  1  2 98  0
 0  0      0 81240816 324880 30646664    0    0     0    32 18439 24424  1  1 99  0
 4  0      0 81241216 324880 30646672    0    0     0    70 22805 30350  1  1 97  0
 0  0      0 81240880 324880 30646672    0    0     0  2148 26795 36500  2  2 96  0
 0  0      0 81240192 324880 30646680    0    0     0     0 25776 26532  1  1 98  0
 0  0      0 81239488 324880 30646680    0    0     0     0 20857 26468  1  1 98  0
 1  0      0 81239792 324880 30646684    0    0     0   106 19898 25724  1  1 98  0
 1  0      0 81239432 324880 30646684    0    0     0    62 24474 29484  1  1 97  0
 1  0      0 81239944 324880 30646208    0    0     0   666 28773 32104  1  1 98  0
 1  0      0 81240880 324880 30646208    0    0     0     0 20991 26005  1  1 98  0
 1  0      0 81241392 324880 30646208    0    0     0     0 22268 28000  1  1 98  0
 2  0      0 81241440 324880 30646212    0    0     0    34 17472 23539  1  1 99  0
 0  0      0 81241160 324880 30646216    0    0     0     0 20633 26128  1  1 98  0
 0  0      0 81241672 324880 30646216    0    0     0  1540 21940 30253  1  1 98  0
procs -----------memory---------- ---swap-- -----io---- -system-- ----cpu----
 r  b   swpd   free   buff  cache   si   so    bi    bo   in   cs us sy id wa
 1  0      0 81242688 324880 30646216    0    0     0     0 24929 29725  1  1 98  0
 0  0      0 81242400 324880 30646220    0    0     0     0 20477 26050  1  1 99  0
 1  0      0 81240960 324880 30646224    0    0     0    34 14974 21095  1  1 99  0
 0  0      0 81242840 324880 30646228    0    0     0     0 20840 26029  0  1 99  0
 2  0      0 81242096 324880 30646228    0    0     0     6 26356 30689  1  1 98  0
 0  0      0 81241584 324880 30646256    0    0     0    44 24562 28849  1  1 98  0
 0  0      0 81242568 324880 30646260    0    0     0    66 28178 32787  1  1 98  0
 0  0      0 81241824 324880 30646260    0    0     0     0 19278 25266  1  1 98  0
 0  0      0 81242528 324880 30646260    0    0     0    26 20420 26263  1  1 98  0
 2  0      0 81243648 324880 30646256    0    0     0   600 22969 28347  1  1 98  0
 0  0      0 81244784 324880 30646260    0    0     0   262 24815 34947  2  2 96  0
 1  0      0 81244736 324880 30646260    0    0     0     0 27784 32090  1  1 98  0
 0  0      0 81243424 324880 30646272    0    0     0     0 20318 26033  1  1 98  0
 1  0      0 81243648 324880 30646304    0    0     0    30 24733 30384  1  1 98  0
 0  0      0 81244328 324880 30646272    0    0     0  1194 22483 27500  1  1 98  0
 0  0      0 81244416 324880 30646276    0    0     0     0 22075 27348  1  1 98  0
 0  0      0 81244784 324880 30646280    0    0     0     0 15317 21455  1  1 99  0
 0  0      0 81244016 324880 30646756    0    0     0    46 20761 26448  1  1 98  0
 2  0      0 81243728 324880 30646756    0    0     0    96 19816 28559  1  1 98  0
 0  0      0 81244192 324880 30646768    0    0     0  2380 20716 31917  2  1 97  0
 1  0      0 81243136 324880 30646760    0    0     0     0 19877 25818  1  1 98  0
procs -----------memory---------- ---swap-- -----io---- -system-- ----cpu----
 r  b   swpd   free   buff  cache   si   so    bi    bo   in   cs us sy id wa
 1  0      0 81243112 324880 30646760    0    0     0     0 21928 26995  1  1 98  0
 1  0      0 81243552 324880 30646768    0    0     0   118 20253 26623  1  1 98  0
 1  0      0 81242664 324880 30646756    0    0     0    60 19248 25372  1  1 98  0
 1  0      0 81243184 324880 30646756    0    0     0   702 26342 31252  1  1 98  0
 3  0      0 81243704 324880 30646784    0    0     0     0 26861 30150  1  1 98  0
 0  0      0 81243648 324880 30646784    0    0     0     0 18233 24240  1  1 99  0
 2  0      0 81243920 324880 30646784    0    0     0    34 15089 21099  1  1 99  0
 0  0      0 81242976 324880 30646788    0    0     0     0 23416 29965  1  1 97  0
 1  0      0 81243704 324880 30646788    0    0     0  1630 22877 31087  1  1 97  0
 2  0      0 81243456 324880 30646788    0    0     0     0 24690 30186  1  1 98  0
 0  0      0 81242816 324880 30646796    0    0     0     0 22405 26967  1  1 98  0
 1  0      0 81243568 324880 30646796    0    0     0    30 25123 30163  1  1 98  0
 0  0      0 81243040 324880 30646796    0    0     0     0 20975 26756  1  1 98  0
 2  0      0 81241184 324880 30646800    0    0     0     6 17652 23915  1  1 99  0
 0  0      0 81240872 324880 30646808    0    0     0    70 25493 31041  1  1 97  0
 2  0      0 81241400 324880 30646808    0    0     0    68 25346 29849  1  1 98  0
 0  0      0 81241616 324880 30646808    0    0     0     0 24514 29172  1  1 98  0
 4  0      0 81241280 324880 30646808    0    0     0     0 23793 28831  1  1 98  0
 0  0      0 81239872 324880 30646816    0    0     0   722 16176 22804  1  1 98  0
 0  0      0 81242560 324880 30646824    0    0     0   234 23306 34493  2  1 97  0
 1  0      0 81242104 324880 30646824    0    0     0     0 22416 27699  1  1 98  0
procs -----------memory---------- ---swap-- -----io---- -system-- ----cpu----
 r  b   swpd   free   buff  cache   si   so    bi    bo   in   cs us sy id wa
 0  0      0 81243200 324880 30646824    0    0     0     0 19673 25889  1  1 98  0
 2  0      0 81242720 324880 30646792    0    0     0    14 18730 24925  1  1 98  0
 2  0      0 81240912 324880 30646824    0    0     0  1290 22834 28534  1  1 98  0
 3  0      0 81241240 324880 30646824    0    0     0     0 22330 28597  1  1 98  0
 0  0      0 81242296 324880 30646832    0    0     0   582 20550 25696  1  1 98  0
 1  0      0 81242112 324880 30646856    0    0     0     0 18039 24228  1  1 98  0
 4  0      0 81242744 324880 30646860    0    0     0   202 21095 29630  1  1 98  0
 0  0      0 81242032 324880 30646876    0    0     0  2532 29381 38319  2  2 96  0
 2  0      0 81242448 324880 30646876    0    0     0     0 23369 29378  1  1 98  0
 1  0      0 81242896 324880 30646900    0    0     0     0 23229 28586  1  1 98  0
 1  0      0 81244064 324880 30646868    0    0     0   114 19758 25972  1  1 98  0
 0  0      0 81244072 324880 30646868    0    0     0    44 18011 24265  1  1 99  0
 1  0      0 81244320 324880 30646868    0    0     0   726 20218 25713  1  1 98  0
 1  0      0 81244592 324880 30646404    0    0     0     0 24194 29604  1  1 98  0
 1  0      0 81244944 324880 30646404    0    0     0     0 21306 26319  1  1 99  0
 1  0      0 81245360 324880 30646412    0    0     0    50 21377 26333  1  1 98  0
 1  0      0 81246464 324880 30646416    0    0     0     0 17044 23843  1  1 98  0
 1  0      0 81245872 324880 30646416    0    0     0  1620 16766 25833  1  1 98  0
 1  0      0 81245408 324880 30646416    0    0     0     0 24707 29687  1  1 98  0
 0  0      0 81245504 324880 30646420    0    0     0     0 16338 22377  1  1 99  0
 1  0      0 81246128 324880 30646424    0    0     0    34 21083 26436  1  1 98  0
procs -----------memory---------- ---swap-- -----io---- -system-- ----cpu----
 r  b   swpd   free   buff  cache   si   so    bi    bo   in   cs us sy id wa
 0  0      0 81245656 324880 30646428    0    0     0     6 20606 25837  1  1 99  0
 2  0      0 81245056 324880 30646432    0    0     0     6 24004 28841  1  1 98  0
 1  0      0 81243360 324880 30646436    0    0     0    42 17362 23774  1  1 98  0
 1  0      0 81242512 324880 30646404    0    0     0    64 18859 24541  1  1 98  0
 0  0      0 81242368 324880 30646440    0    0     0     0 22828 27542  1  1 98  0
 5  0      0 81243184 324880 30646440    0    0     0     0 25334 29864  1  1 98  0
 1  0      0 81243560 324880 30646464    0    0     0   558 20789 25641  1  1 98  0
 0  0      0 81241840 324880 30646464    0    0     0   238 23672 30571  2  2 96  0
 0  0      0 81241744 324880 30646464    0    0     0     0 26682 30500  0  1 98  0
 0  0      0 81242432 324880 30646472    0    0     0     0 21210 25755  1  1 99  0
 3  0      0 81242784 324880 30646440    0    0     0    42 16016 22359  1  1 98  0
 0  0      0 81243096 324880 30646440    0    0     0  1464 17149 22850  1  1 99  0
 2  0      0 81243120 324880 30646472    0    0     0     0 21898 26416  1  1 98  0
 1  0      0 81242160 324880 30646476    0    0     0     0 25719 26685  1  1 98  0
 1  0      0 81242368 324880 30646480    0    0     0    32 22171 26972  1  1 99  0
 1  0      0 81241904 324880 30646488    0    0     0   206 21913 30299  1  1 98  0
 2  0      0 81241744 324880 30646492    0    0     0  2750 19872 29971  1  1 98  0
 0  0      0 81241376 324880 30646460    0    0     0     0 21383 27082  1  1 98  0
 1  0      0 81240464 324880 30646492    0    0     0     0 19849 25340  1  1 98  0
 0  0      0 81239536 324880 30646492    0    0     0    96 19368 25406  1  1 98  0
 1  0      0 81240000 324880 30646484    0    0     0    58 20496 26063  1  1 98  0
procs -----------memory---------- ---swap-- -----io---- -system-- ----cpu----
 r  b   swpd   free   buff  cache   si   so    bi    bo   in   cs us sy id wa
 1  0      0 81240464 324880 30646488    0    0     0   694 24448 28872  1  1 98  0
 0  0      0 81241216 324880 30646488    0    0     0     0 17181 22993  1  1 98  0
 1  0      0 81240720 324880 30646488    0    0     0     0 19756 25799  1  1 98  0
 1  0      0 81242504 324880 30646492    0    0     0    46 23614 28863  1  1 98  0
 1  0      0 81242728 324880 30646464    0    0     0     0 21543 27429  1  1 98  0
 0  0      0 81242368 324880 30646496    0    0     0  1760 19385 27690  1  1 98  0
 1  0      0 81242560 324880 30646496    0    0     0     0 22599 27990  1  1 98  0
 0  0      0 81241792 324880 30646524    0    0     0     0 19579 25414  1  1 98  0
 0  0      0 81241728 324880 30646528    0    0     0    34 19731 25652  1  1 98  0
 0  0      0 81242288 324880 30646528    0    0     0     0 21898 26918  1  1 99  0
 0  0      0 81242680 324880 30646528    0    0     0     6 22648 27792  1  1 98  0
 1  0      0 81240496 324880 30646500    0    0     0    46 23865 28560  1  1 98  0
 1  0      0 81240552 324880 30646532    0    0     0    66 22689 29107  1  1 98  0
 1  0      0 81240224 324880 30646540    0    0     0     0 22841 28727  1  1 98  0
 1  0      0 81240280 324880 30646540    0    0     0     0 22926 27365  1  1 98  0
 3  0      0 81241168 324880 30647140    0    0     0   726 16935 23124  1  1 99  0
 1  0      0 81241584 324880 30647012    0    0     0   246 18260 33973  2  3 95  0
 1  0      0 81197104 324880 30688812    0    0     0     0 24357 29672  2  1 97  0
 1  0      0 81240448 324880 30646944    0    0     0 63080 22076 29325  3  1 96  0
 0  0      0 81240376 324880 30647020    0    0     0     0 14287 20851  1  1 98  0
 1  0      0 81240864 324880 30647020    0    0     0  1550 16702 22876  1  1 99  0
procs -----------memory---------- ---swap-- -----io---- -system-- ----cpu----
 r  b   swpd   free   buff  cache   si   so    bi    bo   in   cs us sy id wa
 0  0      0 81241768 324880 30647020    0    0     0     0 18139 24153  1  1 98  0
 0  0      0 81241984 324880 30647024    0    0     0     0 19380 24554  1  1 99  0
 1  0      0 81241344 324880 30647024    0    0     0    38 22712 28338  1  1 98  0
 1  0      0 81242496 324880 30647036    0    0     0   188 18850 29846  1  1 97  0
 1  0      0 81242640 324880 30647044    0    0     0  2726 19085 28712  1  1 98  0
 1  0      0 81242392 324880 30647052    0    0     0     0 23424 28717  1  1 98  0
 1  0      0 81243632 324880 30647012    0    0     0     0 22213 27473  1  1 98  0
 0  0      0 81243800 324880 30647056    0    0     0   156 14969 21810  1  1 98  0
 0  0      0 81243664 324880 30647056    0    0     0    44 22914 28188  1  1 98  0
 1  0      0 81244016 324880 30647056    0    0     0   870 23828 28072  1  1 98  0
 1  0      0 81244320 324880 30647056    0    0     0     0 23660 28645  1  1 98  0
 1  0      0 81243952 324880 30647064    0    0     0     0 22772 27221  0  1 99  0
 2  0      0 81244352 324880 30647064    0    0     0    50 22752 27824  1  1 98  0
 1  0      0 81240992 324880 30647092    0    0     0     0 20654 27339  1  1 98  0
 0  0      0 81240576 324880 30647092    0    0     0  1940 17695 26430  1  1 98  0
 1  0      0 81241216 324880 30647092    0    0     0     0 21988 27210  1  1 98  0
 2  0      0 81241760 324880 30647096    0    0     0     0 20083 25639  1  1 99  0
 0  0      0 81242280 324880 30647100    0    0     0    32 19835 25153  1  1 98  0
 1  0      0 81241312 324880 30647104    0    0     0     0 23628 27798  1  1 98  0
 0  0      0 81241392 324880 30647104    0    0     0     6 26152 29271  1  1 98  0
 3  0      0 81239552 324880 30647108    0    0     0    58 23489 28284  1  1 98  0
procs -----------memory---------- ---swap-- -----io---- -system-- ----cpu----
 r  b   swpd   free   buff  cache   si   so    bi    bo   in   cs us sy id wa
 0  0      0 81236928 324880 30647108    0    0     0    62 27354 26867  1  1 98  0
 2  0      0 81236656 324880 30647592    0    0     0     0 22824 27524  1  1 98  0
 1  0      0 81235296 324880 30647592    0    0     0     0 23939 28488  1  1 98  0
 2  0      0 81236496 324880 30647588    0    0     0   636 24353 29489  1  1 98  0
 0  0      0 81236576 324880 30647588    0    0     0   216 24236 30905  2  1 96  0
 0  0      0 81236648 324880 30647588    0    0     0     0 20601 24554  1  1 98  0
 1  0      0 81237232 324880 30647592    0    0     0     0 23493 27577  1  1 98  0
 0  0      0 81235792 324880 30647556    0    0     0    22 27198 32169  1  2 98  0
 2  0      0 81235456 324880 30647588    0    0     0  1518 21615 27127  1  1 98  0
 0  0      0 81235624 324880 30647592    0    0     0     0 24853 29086  1  1 98  0
 1  0      0 81235560 324880 30647596    0    0     0     0 19955 25388  0  1 99  0
 0  0      0 81235248 324880 30647600    0    0     0    26 19153 24515  1  1 98  0
 2  0      0 81235904 324880 30647608    0    0     0   188 19568 29565  1  1 97  0
 1  0      0 81233576 324880 30647616    0    0     0  2904 27876 35225  1  2 97  0
 0  0      0 81235024 324880 30647588    0    0     0   586 25704 28331  2  2 97  0
 1  0      0 81234920 324880 30647588    0    0     0     0 21755 26789  1  1 98  0
 1  0      0 81235192 324880 30647628    0    0     0    88 25043 30370  1  1 98  0
 1  0      0 81235600 324880 30647632    0    0     0    56 21724 27125  1  1 98  0
 1  0      0 81236040 324880 30647624    0    0     0   704 18723 24904  1  1 99  0
 0  0      0 81236240 324880 30647652    0    0     0     0 18090 23711  1  1 98  0
 0  0      0 81236656 324880 30647184    0    0     0     0 19560 25042  1  1 99  0
procs -----------memory---------- ---swap-- -----io---- -system-- ----cpu----
 r  b   swpd   free   buff  cache   si   so    bi    bo   in   cs us sy id wa
 1  0      0 81235952 324880 30647184    0    0     0    40 40862 25829  1  1 98  0
 1  0      0 81237600 324880 30647160    0    0     0     0 18772 23686  1  1 98  0
 1  0      0 81236080 324880 30647192    0    0     0  1916 23021 30417  1  1 97  0
 1  0      0 81236288 324880 30647196    0    0     0     0 22367 27580  1  1 98  0
 0  0      0 81236536 324880 30647200    0    0     0     0 24999 28778  1  1 98  0
 0  0      0 81237488 324880 30647200    0    0     0    14 26014 29730  1  1 98  0
 1  0      0 81237672 324880 30647200    0    0     0     0 20175 25084  1  1 99  0
 0  0      0 81238432 324880 30647208    0    0     0     6 24462 28990  0  1 98  0
 2  0      0 81235104 324880 30647212    0    0     0   134 27091 32274  2  2 97  0
 0  0      0 81234912 324880 30647180    0    0     0     0 18224 23472  1  1 99  0
 2  0      0 81235616 324880 30647184    0    0     0     0 18166 23329  1  1 99  0
 0  0      0 81236872 324880 30647216    0    0     0    12 27678 31624  1  1 98  0
 1  0      0 81237760 324880 30647216    0    0     0   920 24695 28053  1  1 98  0
 0  0      0 81236976 324880 30647216    0    0     0   240 26654 39413  2  2 96  0
 0  0      0 81236864 324880 30647216    0    0     0     0 21545 25537  1  1 98  0
 2  0      0 81236848 324880 30647216    0    0     0     0 20860 26202  1  1 98  0
 1  0      0 81236456 324880 30647184    0    0     0    24 25717 30910  1  1 98  0
 1  0      0 81237112 324880 30647184    0    0     0  1720 17861 23214  1  1 99  0
 0  0      0 81236368 324880 30647188    0    0     0     0 20576 25677  1  1 98  0
 1  0      0 81235856 324880 30647224    0    0     0     0 22335 28024  1  1 98  0
 0  0      0 81236584 324880 30647224    0    0     0    12 21685 26508  1  1 98  0
procs -----------memory---------- ---swap-- -----io---- -system-- ----cpu----
 r  b   swpd   free   buff  cache   si   so    bi    bo   in   cs us sy id wa
 1  0      0 81236800 324880 30647232    0    0     0   202 23583 33668  2  1 97  0
 0  0      0 81236816 324880 30647236    0    0     0  3298 27267 33713  1  2 97  0
 1  0      0 81236848 324880 30647264    0    0     0     0 21489 26522  1  1 98  0
 1  0      0 81235792 324880 30647264    0    0     0     0 22823 28192  1  1 98  0
 1  0      0 81235904 324880 30647268    0    0     0    88 23306 27915  1  1 98  0
 1  0      0 81236752 324880 30647268    0    0     0    44 23493 27949  1  1 98  0
 2  0      0 81237160 324880 30647268    0    0     0   826 29333 29403  1  1 98  0
 0  0      0 81237128 324880 30647268    0    0     0     0 16131 22164  1  1 99  0
 3  0      0 81236480 324880 30647268    0    0     0     0 19230 24503  0  1 99  0
 1  0      0 81237328 324880 30646784    0    0     0    34 19225 24671  1  1 99  0
 0  0      0 81238224 324880 30646788    0    0     0     0 19155 24971  1  1 98  0
 0  0      0 81238592 324880 30646788    0    0     0  1990 21976 30297  1  1 98  0
 0  0      0 81237648 324880 30646788    0    0     0     0 19888 25035  1  1 98  0
 1  0      0 81235424 324880 30646796    0    0     0     0 22711 27316  1  1 98  0
 0  0      0 81235296 324880 30646796    0    0     0    12 25435 29141  1  1 98  0
 0  0      0 81235696 324880 30646800    0    0     0     0 17617 23333  1  1 99  0
 0  0      0 81234720 324880 30646804    0    0     0     6 21401 25934  0  1 99  0
 0  0      0 81234208 324880 30646776    0    0     0   122 21866 28772  1  1 98  0
 3  0      0 81232752 324880 30646808    0    0     0     0 27557 31052  1  1 98  0
 0  0      0 81232224 324880 30647424    0    0     0     0 18002 24062  1  1 98  0
 0  0      0 81195696 324880 30647300    0    0     0    32 19653 26001  2  1 97  0
procs -----------memory---------- ---swap-- -----io---- -system-- ----cpu----
 r  b   swpd   free   buff  cache   si   so    bi    bo   in   cs us sy id wa
 0  0      0 81196544 324880 30647296    0    0     0   756 25740 29668  1  1 98  0
 1  0      0 81209616 324880 30647268    0    0     0   278 18327 30841  2  1 97  0
 2  0      0 81209856 324880 30647304    0    0     0     0 21062 25517  1  1 99  0
 1  0      0 81209456 324880 30647304    0    0     0     0 19449 25225  1  1 98  0
 0  0      0 81209712 324880 30647300    0    0     0    20 29597 32851  1  2 97  0
 1  0      0 81209680 324880 30647300    0    0     0  1800 21628 25831  1  1 99  0
 0  0      0 81228216 324880 30647304    0    0     0     0 26767 30648  1  1 98  0
 3  0      0 81228320 324880 30647308    0    0     0     0 21452 26049  1  1 98  0
 0  0      0 81228304 324880 30647340    0    0     0    14 22853 27522  1  1 98  0
 5  0      0 81228448 324880 30647352    0    0     0   258 28065 37328  2  2 96  0
 1  0      0 81228832 324880 30647356    0    0     0  3768 21831 29299  1  1 98  0
 0  0      0 81227376 324880 30647380    0    0     0     0 21248 26517  1  1 98  0
 1  0      0 81227624 324880 30647348    0    0     0     0 19595 25055  1  1 98  0
 2  0      0 81227040 324880 30647352    0    0     0   102 21979 27100  1  1 98  0
 0  0      0 81226768 324880 30647352    0    0     0    42 20521 26431  1  1 98  0
 2  0      0 81226584 324880 30647356    0    0     0   780 19337 24620  1  1 99  0
 1  0      0 81227232 324880 30647356    0    0     0     0 22231 26569  1  1 98  0
 3  0      0 81227328 324880 30647356    0    0     0     0 26570 30396  1  1 98  0
 0  0      0 81227920 324880 30647364    0    0     0    16 23350 27391  1  1 98  0
 0  0      0 81226656 324880 30647336    0    0     0     0 21620 27568  1  1 98  0
 0  0      0 81227152 324880 30647368    0    0     0  2276 17015 25746  1  1 98  0
procs -----------memory---------- ---swap-- -----io---- -system-- ----cpu----
 r  b   swpd   free   buff  cache   si   so    bi    bo   in   cs us sy id wa
 0  0      0 81226832 324880 30647368    0    0     0     0 24110 28382  1  1 98  0
 2  0      0 81226640 324880 30647376    0    0     0     0 22828 26806  1  1 98  0
 0  0      0 81227152 324880 30647376    0    0     0    14 29645 32882  1  2 98  0
 1  0      0 81226368 324880 30647376    0    0     0     0 14950 21072  1  1 99  0
 1  0      0 81224760 324880 30647376    0    0     0     6 19499 24581  0  1 99  0
 0  0      0 81223808 324880 30647388    0    0     0   120 23159 29400  1  1 98  0
 1  0      0 81224240 324880 30647388    0    0     0     0 20930 26665  1  1 98  0
 1  0      0 81224120 324880 30647420    0    0     0     0 19715 25287  1  1 98  0
 0  0      0 81223792 324880 30647416    0    0     0    14 20086 25478  1  1 98  0
 3  0      0 81223992 324880 30647416    0    0     0   696 22484 27441  1  1 98  0
 0  0      0 81225240 324880 30647388    0    0     0   260 22189 36141  2  1 96  0
 1  0      0 81225240 324880 30647388    0    0     0     0 16411 22445  0  1 99  0
 0  0      0 81225168 324880 30647388    0    0     0     0 19234 24754  1  1 98  0
 0  0      0 81223992 324880 30647388    0    0     0    10 22548 27857  1  1 98  0
 2  0      0 81223464 324880 30647388    0    0     0  1786 23278 28214  1  1 98  0
 0  0      0 81223568 324880 30647388    0    0     0     0 25347 24782  1  1 98  0
 1  0      0 81223688 324880 30647420    0    0     0     0 24095 28045  0  1 99  0
 1  0      0 81224584 324880 30647424    0    0     0    14 24571 28749  1  1 98  0
 3  0      0 81223376 324880 30647432    0    0     0   288 19494 30408  2  1 97  0
 2  0      0 81221440 324880 30647440    0    0     0  3710 17971 25296  1  1 98  0
 0  0      0 81221248 324880 30647440    0    0     0     0 20068 24733  1  1 98  0
procs -----------memory---------- ---swap-- -----io---- -system-- ----cpu----
 r  b   swpd   free   buff  cache   si   so    bi    bo   in   cs us sy id wa
 2  0      0 81221424 324880 30647408    0    0     0     0 27382 30735  1  1 98  0
 0  0      0 81221648 324880 30647440    0    0     0    72 18619 24566  1  1 98  0
 0  0      0 81222416 324880 30647440    0    0     0    58 18334 23308  1  1 98  0
 4  0      0 81222264 324880 30647496    0    0     0  1988 20394 26160  2  1 97  0
 1  0      0 81222744 324880 30647508    0    0     0     0 20406 25398  1  1 98  0
 1  0      0 81223296 324880 30647512    0    0     0     0 18739 24349  1  1 99  0
 1  0      0 81222960 324880 30647524    0    0     0    40 21512 26845  1  1 98  0
 0  0      0 81223152 324880 30647496    0    0     0     0 23408 28397  1  1 98  0
 0  0      0 81221728 324880 30647528    0    0     0  2312 25541 33410  1  2 97  0
 0  0      0 81222128 324880 30647532    0    0     0     0 14612 20730  1  1 99  0
 1  0      0 81222456 324880 30647536    0    0     0     0 20957 25358  0  1 99  0
 0  0      0 81223248 324880 30647524    0    0     0    22 19329 24562  1  1 99  0
 0  0      0 81223304 324880 30647528    0    0     0     0 19406 24583  1  1 99  0
 1  0      0 81221184 324880 30647536    0    0     0     6 21400 25601  1  1 99  0
 1  0      0 81221328 324880 30647508    0    0     0   122 29823 32566  1  2 97  0
 2  0      0 81221352 324880 30647540    0    0     0     0 19684 25051  1  1 98  0
 0  0      0 81221664 324880 30647540    0    0     0     0 20248 24912  1  1 98  0
 1  0      0 81222776 324880 30647568    0    0     0    30 18921 24270  1  1 99  0
 3  0      0 81223504 324880 30647568    0    0     0   844 23940 28503  0  1 98  0
 1  0      0 81222624 324880 30647568    0    0     0   262 23099 32469  2  2 96  0
 1  0      0 81223264 324880 30647568    0    0     0     0 24499 29072  1  1 98  0
procs -----------memory---------- ---swap-- -----io---- -system-- ----cpu----
 r  b   swpd   free   buff  cache   si   so    bi    bo   in   cs us sy id wa
 2  0      0 81165328 324880 30703524    0    0     0     0 23474 28908  2  1 97  0
 1  0      0 81222752 324880 30647340    0    0     0 63098 21824 28763  3  2 96  0
 0  0      0 81224664 324880 30647576    0    0     0  1764 19838 25288  1  1 98  0
 1  0      0 81223864 324880 30647580    0    0     0     0 21935 27112  1  2 97  0
 0  0      0 81223936 324880 30647588    0    0     0     0 22564 27298  1  2 98  0
 0  0      0 81224608 324880 30647592    0    0     0    14 21043 25251  1  1 98  0
 2  0      0 81224680 324880 30647604    0    0     0   368 32289 39897  2  2 96  0
 1  0      0 81224432 324880 30647604    0    0     0  3736 23689 29442  1  1 98  0
 4  0      0 81222736 324880 30647596    0    0     0     0 17071 23119  1  1 98  0
 0  0      0 81222264 324880 30647564    0    0     0     0 20461 25618  1  1 98  0
 0  0      0 81222936 324880 30647604    0    0     0    96 29192 32927  1  2 97  0
 1  0      0 81223488 324880 30647604    0    0     0    56 26099 29966  1  1 98  0
 0  0      0 81223936 324880 30647616    0    0     0   870 23186 27109  1  1 98  0
 1  0      0 81224160 324880 30647616    0    0     0     0 21864 26492  1  1 99  0
 0  0      0 81224080 324880 30647616    0    0     0     0 24872 29792  1  2 98  0
 1  0      0 81224096 324880 30647620    0    0     0    12 17701 22809  0  1 99  0
 1  0      0 81225648 324880 30647132    0    0     0     0 21286 26759  1  1 98  0
 0  0      0 81225256 324880 30647164    0    0     0  2404 22939 30527  1  1 97  0
 0  0      0 81225840 324880 30647168    0    0     0     0 24045 28966  1  1 98  0
 0  0      0 81225408 324880 30647172    0    0     0     0 20859 25803  1  1 98  0
 0  0      0 81225272 324880 30647172    0    0     0    12 20744 25972  1  1 98  0
procs -----------memory---------- ---swap-- -----io---- -system-- ----cpu----
 r  b   swpd   free   buff  cache   si   so    bi    bo   in   cs us sy id wa
 1  0      0 81225056 324880 30647172    0    0     0     0 20326 26067  1  1 98  0
 1  0      0 81224176 324880 30647176    0    0     0     6 20316 25621  1  1 99  0
 1  0      0 81223032 324880 30648076    0    0     0   122 18426 26388  1  1 98  0
 1  0      0 81222928 324880 30647680    0    0     0     0 19439 25099  1  1 99  0
 2  0      0 81223152 324880 30647684    0    0     0     0 21435 26537  1  1 98  0
 0  0      0 81223600 324880 30647680    0    0     0    24 21877 26303  1  1 98  0
 2  0      0 81219808 324880 30647684    0    0     0   726 17126 23850  1  1 98  0
 2  0      0 81225808 324880 30647652    0    0     0   260 21785 31349  2  1 97  0
 0  0      0 81225744 324880 30647652    0    0     0     0 20690 25537  1  1 98  0
 1  0      0 81225016 324880 30647684    0    0     0     0 20594 26461  1  1 98  0
 0  0      0 81224896 324880 30647652    0    0     0    18 22009 27515  1  1 98  0
 1  0      0 81224728 324880 30647652    0    0     0  1964 19242 24826  1  1 98  0
 1  0      0 81225440 324880 30647688    0    0     0     0 19669 24803  1  1 98  0
 0  0      0 81226272 324880 30647692    0    0     0     0 22821 27210  1  1 98  0
 1  0      0 81225008 324880 30647692    0    0     0    12 24524 29069  1  1 98  0
 2  0      0 81224768 324880 30647736    0    0     0   546 25313 37090  2  2 96  0
 0  0      0 81224848 324880 30647736    0    0     0  3682 23868 28848  1  1 98  0
 1  0      0 81224416 324880 30647736    0    0     0     0 24109 29623  1  1 98  0
 0  0      0 81224240 324880 30647704    0    0     0     0 20922 25737  1  1 98  0
 2  0      0 81222464 324880 30647732    0    0     0    86 23969 29397  1  1 98  0
 2  0      0 81222824 324880 30647732    0    0     0    42 23450 28506  1  1 98  0
procs -----------memory---------- ---swap-- -----io---- -system-- ----cpu----
 r  b   swpd   free   buff  cache   si   so    bi    bo   in   cs us sy id wa
 2  0      0 81223152 324880 30647732    0    0     0   926 20746 25518  1  1 98  0
 3  0      0 81223888 324880 30647732    0    0     0     0 18707 24032  1  1 99  0
 0  0      0 81224128 324880 30647732    0    0     0     0 21934 26831  1  1 98  0
 1  0      0 81224016 324880 30647732    0    0     0    14 27103 29765  1  1 98  0
 1  0      0 81223088 324880 30647740    0    0     0    88 23106 29859  1  1 97  0
 2  0      0 81223440 324880 30647748    0    0     0  2256 24503 31233  1  2 98  0
 0  0      0 81223392 324880 30647748    0    0     0   240 22056 26826  1  1 98  0
 1  0      0 81223456 324880 30647752    0    0     0     0 23700 28272  1  1 98  0
 1  0      0 81224104 324880 30647752    0    0     0    12 22934 27834  1  1 98  0
 0  0      0 81222608 324880 30647760    0    0     0     0 18675 24311  1  1 98  0
 1  0      0 81221576 324880 30647764    0    0     0     6 19000 24673  1  1 99  0
 0  0      0 81221360 324880 30647768    0    0     0   122 29956 35118  1  2 97  0
 0  0      0 81221968 324880 30647736    0    0     0     0 20779 25849  1  1 99  0
 1  0      0 81222416 324880 30647740    0    0     0     0 25266 29780  1  1 98  0
 0  0      0 81223488 324880 30647772    0    0     0    14 21900 26662  1  1 98  0
 1  0      0 81223648 324880 30647788    0    0     0     6 27544 32345  1  1 98  0
 0  0      0 81224848 324880 30647788    0    0     0   886 20663 32459  2  1 97  0
 0  0      0 81225064 324880 30647788    0    0     0     0 24240 27761  0  1 98  0
 1  0      0 81225552 324880 30647792    0    0     0     0 20848 25717  1  1 99  0
 0  0      0 81223648 324880 30647792    0    0     0    14 17451 24012  1  1 98  0
 1  0      0 81223456 324880 30647792    0    0     0     6 27962 30720  1  1 98  0
procs -----------memory---------- ---swap-- -----io---- -system-- ----cpu----
 r  b   swpd   free   buff  cache   si   so    bi    bo   in   cs us sy id wa
 0  0      0 81223296 324880 30647792    0    0     0  2084 25586 29682  1  1 98  0
 0  0      0 81223656 324880 30647796    0    0     0     0 16850 22626  1  1 99  0
 0  0      0 81224448 324880 30647800    0    0     0     0 17897 23239  1  1 99  0
 1  0      0 81224272 324880 30647812    0    0     0   202 23604 35822  2  2 96  0
 2  0      0 81224144 324880 30647816    0    0     0   294 22816 28068  1  1 98  0
 1  0      0 81222672 324880 30647812    0    0     0  3630 21570 27608  1  1 98  0
 1  0      0 81223248 324880 30647844    0    0     0     0 24506 28375  1  1 98  0
 1  0      0 81223384 324880 30647812    0    0     0    74 22676 28358  1  1 98  0
 1  0      0 81223472 324880 30647812    0    0     0    44 18297 23054  1  1 98  0
 1  0      0 81221968 324880 30647816    0    0     0     6 18140 23514  1  1 99  0
 0  0      0 81222432 324880 30647816    0    0     0  1112 25365 27704  1  1 98  0
 0  0      0 81222688 324880 30647820    0    0     0     0 25310 29735  1  1 98  0
 4  0      0 81223120 324880 30647828    0    0     0    14 22049 25890  1  1 98  0
 3  0      0 81222976 324880 30647800    0    0     0   664 24906 31197  2  1 97  0
 0  0      0 81222192 324880 30647360    0    0     0   128 24266 30493  1  1 98  0
 1  0      0 81222848 324880 30647360    0    0     0  2238 20263 25327  1  1 99  0
 0  0      0 81223456 324880 30647364    0    0     0     0 18049 23722  1  1 99  0
 0  0      0 81223560 324880 30647368    0    0     0    18 27443 30951  1  1 98  0
 3  0      0 81223952 324880 30647368    0    0     0     0 28379 31740  1  1 98  0
 0  0      0 81223056 324880 30647372    0    0     0     6 21120 26245  1  1 98  0
 1  0      0 81221792 324880 30647376    0    0     0   104 25804 31772  1  1 97  0
procs -----------memory---------- ---swap-- -----io---- -system-- ----cpu----
 r  b   swpd   free   buff  cache   si   so    bi    bo   in   cs us sy id wa
 0  0      0 81220880 324880 30647952    0    0     0     0 21853 27055  1  1 98  0
 0  0      0 81221840 324880 30647880    0    0     0     0 21155 26046  1  1 98  0
 3  0      0 81222552 324880 30647880    0    0     0    40 19941 25413  1  1 99  0
 2  0      0 81210200 324880 30647876    0    0     0     8 25878 32820  1  1 97  0
 0  0      0 81223096 324880 30647844    0    0     0   988 24584 32990  1  2 97  0
 1  0      0 81223440 324880 30647840    0    0     0     0 20198 25883  0  1 99  0
 1  0      0 81223448 324880 30647844    0    0     0     0 14234 19889  0  1 99  0
 2  0      0 81222984 324880 30647876    0    0     0    20 25688 29571  1  1 97  0
 1  0      0 81223480 324880 30647876    0    0     0     6 24278 28118  1  1 98  0
 0  0      0 81222288 324880 30647876    0    0     0  2136 27756 31748  1  2 97  0
 0  0      0 81222504 324880 30647908    0    0     0     0 19686 25296  1  1 99  0
 1  0      0 81222784 324880 30647908    0    0     0     0 22304 27013  1  1 98  0
 2  0      0 81223072 324880 30647920    0    0     0   402 22640 36566  2  2 96  0
 1  0      0 81223312 324880 30647924    0    0     0    86 20773 26041  1  1 99  0
 0  0      0 81219032 324880 30647924    0    0     0  3606 23773 28968  1  1 97  0
 1  0      0 81219912 324880 30647920    0    0     0     0 28385 31150  1  2 98  0
 1  0      0 81220088 324880 30647920    0    0     0    90 25045 30259  1  1 98  0
 1  0      0 81220480 324880 30647920    0    0     0    40 21177 26574  1  1 98  0
 0  0      0 81220720 324880 30647920    0    0     0     6 25961 29339  1  1 98  0
 0  0      0 81220368 324880 30647920    0    0     0  1242 24100 28659  1  1 98  0
 0  0      0 81220688 324880 30647928    0    0     0     0 17014 22714  1  1 99  0
procs -----------memory---------- ---swap-- -----io---- -system-- ----cpu----
 r  b   swpd   free   buff  cache   si   so    bi    bo   in   cs us sy id wa
 0  0      0 81221216 324880 30647928    0    0     0     0 15161 21322  0  1 99  0
 3  0      0 81221424 324880 30647932    0    0     0    90 23611 29568  2  1 97  0
 0  0      0 81221400 324880 30647932    0    0     0   122 27040 32631  1  2 97  0
 2  0      0 81221888 324880 30647936    0    0     0  2270 16251 21888  1  1 99  0
 0  0      0 81221120 324880 30647944    0    0     0     0 30869 23871  1  1 98  0
 0  0      0 81220560 324880 30647944    0    0     0    12 24488 28677  1  1 98  0
 2  0      0 81220952 324880 30647948    0    0     0     0 26091 30273  1  1 98  0
 1  0      0 81219880 324880 30647948    0    0     0     6 22007 26404  1  1 98  0
 2  0      0 81219776 324880 30647952    0    0     0   108 26562 31796  1  1 97  0
 0  0      0 81219320 324880 30647952    0    0     0     0 23340 28160  1  1 98  0
 0  0      0 81218384 324880 30647960    0    0     0     0 21326 25876  1  1 99  0
 1  0      0 81218672 324880 30647956    0    0     0    22 16882 22739  1  1 99  0
 1  0      0 81204848 324880 30647960    0    0     0     8 18948 26284  1  1 98  0
 0  0      0 81220264 324880 30647928    0    0     0  1670 25115 32914  1  1 97  0
 0  0      0 81218768 324880 30647964    0    0     0     0 24248 27790  1  1 98  0
 0  0      0 81220368 324880 30647964    0    0     0     0 27307 30168  1  1 98  0
 1  0      0 81220392 324880 30647964    0    0     0    12 24716 29426  1  1 97  0
 0  0      0 81220560 324880 30647968    0    0     0     6 19858 24655  1  1 99  0
 1  0      0 81221408 324880 30647968    0    0     0  2394 19370 24613  1  1 98  0
 0  0      0 81221632 324880 30647972    0    0     0     0 21418 26051  1  1 99  0
 1  0      0 81221976 324880 30647976    0    0     0     0 17695 23493  0  1 99  0
procs -----------memory---------- ---swap-- -----io---- -system-- ----cpu----
 r  b   swpd   free   buff  cache   si   so    bi    bo   in   cs us sy id wa
 1  0      0 81222688 324880 30648024    0    0     0   420 20950 35186  2  2 96  0
 2  0      0 81222768 324880 30648024    0    0     0   106 25657 30106  1  1 98  0
 0  0      0 81221520 324880 30648024    0    0     0  3578 20105 25297  1  1 98  0
 2  0      0 81221648 324880 30647992    0    0     0     0 25447 29767  1  1 98  0
 0  0      0 81221432 324880 30648024    0    0     0   100 20320 26248  1  1 98  0
 0  0      0 81221920 324880 30648024    0    0     0    40 21727 26968  1  1 98  0
 1  0      0 81222352 324880 30648024    0    0     0     6 27587 31303  1  1 98  0
 0  0      0 81222408 324880 30648024    0    0     0  1418 22405 27211  1  1 98  0
 2  0      0 81223216 324880 30648024    0    0     0     0 25907 30304  1  1 98  0
 2  0      0 81222008 324880 30648028    0    0     0     0 14706 20489  1  1 99  0
 1  0      0 81221776 324880 30648004    0    0     0    88 21707 27649  1  1 97  0
 2  0      0 81221648 324880 30648036    0    0     0   144 23338 29016  1  1 98  0
 0  0      0 81221088 324880 30647528    0    0     0  2158 29951 32872  1  1 98  0
 0  0      0 81221504 324880 30647532    0    0     0     0 26211 29970  1  1 98  0
 2  0      0 81222080 324880 30647536    0    0     0    32 18125 24128  1  1 99  0
 0  0      0 81221264 324880 30647536    0    0     0     0 19924 25762  1  1 98  0
 0  0      0 81221648 324880 30647536    0    0     0     6 18924 24097  1  1 99  0
 0  0      0 81219696 324880 30647540    0    0     0   100 21672 28351  1  1 98  0
 0  0      0 81219816 324880 30647516    0    0     0     0 27075 31329  1  1 98  0
 1  0      0 81220096 324880 30647520    0    0     0     0 28570 31655  1  2 98  0
 1  0      0 81218688 324880 30647552    0    0     0    38 18430 24321  1  1 99  0
procs -----------memory---------- ---swap-- -----io---- -system-- ----cpu----
 r  b   swpd   free   buff  cache   si   so    bi    bo   in   cs us sy id wa
 2  0      0 81221888 324880 30647552    0    0     0    24 22180 27988  1  1 98  0
 0  0      0 81220856 324880 30647552    0    0     0  3028 23792 33812  1  1 97  0
 0  0      0 81221456 324880 30647552    0    0     0     0 18356 24721  1  1 99  0
 1  0      0 81221632 324880 30647556    0    0     0     0 15655 22069  1  1 99  0
 1  0      0 81138360 324880 30725072    0    0     0    34 23214 29349  3  2 95  0
 0  0      0 81220016 324880 30647180    0    0     0 63070 23502 28914  2  2 96  0
 1  0      0 81220608 324880 30647184    0    0     0     0 18914 25655  1  1 98  0
 0  0      0 81220720 324880 30647568    0    0     0    66 16502 22268  0  1 99  0
 1  0      0 81221160 324880 30647572    0    0     0     0 23527 28441  1  1 98  0
 1  0      0 81217048 324880 30647584    0    0     0   534 20206 34925  2  2 96  0
 0  0      0 81221112 324880 30647584    0    0     0    90 19220 24877  1  1 99  0
 2  0      0 81220584 324880 30647584    0    0     0    82 21489 26934  1  1 98  0
 0  0      0 81220728 324880 30647576    0    0     0   112 22437 27655  1  1 98  0
 1  0      0 81219480 324880 30647580    0    0     0   140 21357 26547  1  1 99  0
 0  0      0 81218832 324880 30647580    0    0     0  5336 20724 26053  1  1 98  0
 0  0      0 81217344 324880 30647580    0    0     0     6 19321 25419  1  1 99  0
 1  0      0 81217632 324880 30647580    0    0     0     0 22268 27585  1  1 98  0
 0  0      0 81217752 324880 30647584    0    0     0    26 20774 25626  0  1 99  0
 1  0      0 81218592 324880 30647584    0    0     0     0 19176 24124  0  1 99  0
 0  0      0 81219064 324880 30647556    0    0     0    98 21039 27841  1  1 97  0
 0  0      0 81218448 324880 30647588    0    0     0  2518 19097 26804  1  1 98  0
procs -----------memory---------- ---swap-- -----io---- -system-- ----cpu----
 r  b   swpd   free   buff  cache   si   so    bi    bo   in   cs us sy id wa
 1  0      0 81219616 324880 30647588    0    0     0     0 21813 26455  1  1 98  0
 1  0      0 81221280 324880 30647596    0    0     0   584 20544 25207  1  1 98  0
 2  0      0 81221200 324880 30647600    0    0     0     0 18960 24277  1  1 98  0
 0  0      0 81221400 324880 30647604    0    0     0     0 20565 25381  1  1 98  0
 0  0      0 81219056 324880 30648120    0    0     0    52 23397 28810  1  1 98  0
 1  0      0 81217408 324880 30648124    0    0     0   102 24667 29965  1  1 97  0
 1  0      0 81216816 324880 30648156    0    0     0     0 21993 26995  1  1 98  0
 1  0      0 81217528 324880 30648160    0    0     0     0 21830 26382  1  1 99  0
 0  0      0 81218736 324880 30648128    0    0     0    24 20170 25019  1  1 98  0
 0  0      0 81219720 324880 30648120    0    0     0  1050 22758 28752  1  1 97  0
 2  0      0 81219328 324880 30648088    0    0     0   212 24851 34814  1  2 97  0
 2  0      0 81219760 324880 30648120    0    0     0     0 26942 29888  1  1 98  0
 1  0      0 81219976 324880 30648120    0    0     0     0 17113 22819  0  1 99  0
 1  0      0 81220240 324880 30648120    0    0     0    12 19071 23517  1  1 98  0
 2  0      0 81219976 324880 30648120    0    0     0  2640 27663 31228  1  1 98  0
 1  0      0 81219736 324880 30648120    0    0     0     0 28337 29244  3  1 95  0
 1  0      0 81218792 324880 30648124    0    0     0     0 23525 28325  1  1 98  0
 0  0      0 81219152 324880 30648128    0    0     0    14 20032 24751  1  1 99  0
 1  0      0 81219856 324884 30648136    0    0     0   522 25239 37752  2  2 96  0
 1  0      0 81219528 324884 30648136    0    0     0  3670 24210 28779  1  1 98  0
 1  0      0 81219040 324884 30648136    0    0     0     0 18784 24743  1  1 98  0
procs -----------memory---------- ---swap-- -----io---- -system-- ----cpu----
 r  b   swpd   free   buff  cache   si   so    bi    bo   in   cs us sy id wa
 2  0      0 81218248 324884 30648136    0    0     0    44 20695 25959  1  1 98  0
 0  0      0 81218912 324884 30648136    0    0     0    30 29179 32291  1  1 98  0
 1  0      0 81217408 324884 30648136    0    0     0    44 22692 27857  1  1 98  0
 0  0      0 81218464 324884 30648136    0    0     0  2782 21077 25840  1  1 98  0
 1  0      0 81217856 324884 30648136    0    0     0     0 19685 24789  1  1 98  0
 1  0      0 81218448 324884 30648136    0    0     0     0 23120 26929  1  1 98  0
 0  0      0 81217944 324884 30648140    0    0     0    12 16191 21904  1  1 99  0
 2  0      0 81216768 324884 30648176    0    0     0   120 23681 29965  1  1 97  0
 2  0      0 81216656 324884 30648184    0    0     0   106 27141 31846  1  1 98  0
 1  0      0 81216224 324884 30648152    0    0     0  2704 23732 28706  1  1 98  0
 1  0      0 81215296 324884 30648156    0    0     0     0 17068 22848  1  1 99  0
 1  0      0 81216192 324884 30648160    0    0     0    28 20409 25418  1  1 98  0
 0  0      0 81216824 324884 30648160    0    0     0     0 21497 26155  1  1 98  0
 0  0      0 81215480 324884 30648168    0    0     0     6 24071 28759  1  1 98  0
 1  0      0 81214384 324888 30648164    0    0     0   102 28719 32096  2  2 97  0
 0  0      0 81214992 324888 30648148    0    0     0     0 23369 28602  1  1 98  0
 2  0      0 81213696 324888 30648188    0    0     0     0 21968 26708  1  1 98  0
 1  0      0 81215680 324888 30648184    0    0     0    58 20947 25472  1  1 98  0
 1  0      0 81216920 324888 30648184    0    0     0    24 20843 28327  1  1 98  0
 1  0      0 81215544 324888 30648184    0    0     0  1222 28750 30647  2  1 97  0
 0  0      0 81213432 324888 30648188    0    0     0     0 25534 30152  1  1 98  0
procs -----------memory---------- ---swap-- -----io---- -system-- ----cpu----
 r  b   swpd   free   buff  cache   si   so    bi    bo   in   cs us sy id wa
 3  0      0 81214256 324888 30648188    0    0     0    14 21102 26545  1  1 99  0
 0  0      0 81214320 324888 30648156    0    0     0     0 23572 28888  1  1 98  0
 1  0      0 81215008 324888 30648188    0    0     0     6 21104 25623  1  1 99  0
 0  0      0 81215840 324888 30648192    0    0     0  2586 19160 24655  1  1 98  0
 1  0      0 81215576 324888 30648196    0    0     0     0 25124 29772  1  1 98  0
 0  0      0 81214912 324888 30648196    0    0     0     0 17778 24215  1  1 99  0
 1  0      0 81215816 324888 30648208    0    0     0   428 20263 34384  2  2 96  0
 0  0      0 81216144 324888 30648212    0    0     0    80 22587 27275  0  1 98  0
 1  0      0 81215144 324888 30648212    0    0     0  3628 18167 24722  1  1 98  0
 2  0      0 81215104 324888 30648204    0    0     0   100 20963 26777  1  1 98  0
 1  0      0 81214240 324888 30648212    0    0     0     0 26738 30454  1  1 98  0
 1  0      0 81214472 324888 30648212    0    0     0    44 24801 30415  1  1 98  0
 1  0      0 81214304 324888 30648212    0    0     0     6 23103 23152  1  1 98  0
 2  0      0 81214112 324888 30648212    0    0     0  2754 20563 26062  1  1 98  0
 1  0      0 81214360 324888 30648212    0    0     0     0 27068 30726  1  1 98  0
 1  0      0 81209968 324888 30648212    0    0     0     0 23518 27249  1  1 98  0
 2  0      0 81209952 324888 30648216    0    0     0    90 17224 25150  1  1 98  0
 0  0      0 81210816 324888 30648216    0    0     0   142 22989 28762  1  1 98  0
 0  0      0 81210856 324888 30648220    0    0     0  2592 23540 27735  1  1 98  0
 1  0      0 81211456 324888 30647620    0    0     0     0 24358 28041  1  1 98  0
 0  0      0 81210896 324888 30647712    0    0     0    32 27042 30929  1  1 98  0
procs -----------memory---------- ---swap-- -----io---- -system-- ----cpu----
 r  b   swpd   free   buff  cache   si   so    bi    bo   in   cs us sy id wa
 1  0      0 81210968 324888 30647716    0    0     0     0 22109 26578  1  1 98  0
 1  0      0 81210728 324888 30647728    0    0     0     6 17171 22346  1  1 99  0
 0  0      0 81210080 324888 30647732    0    0     0   104 27685 32302  1  2 97  0
 1  0      0 81210752 324888 30647700    0    0     0     0 23375 27328  1  1 98  0
 2  0      0 81210224 324888 30647740    0    0     0     0 24460 28742  1  1 98  0
 2  0      0 81211088 324888 30647736    0    0     0    38 16488 21939  1  1 99  0
 2  0      0 81211712 324888 30647736    0    0     0    24 21058 29715  1  1 98  0
 0  0      0 81210768 324888 30648224    0    0     0  3408 24008 30467  1  1 97  0
 1  0      0 81211448 324888 30648256    0    0     0     0 26270 29558  1  1 98  0
 0  0      0 81211376 324888 30648256    0    0     0     0 21705 26153  0  1 99  0
 0  0      0 81209296 324888 30648224    0    0     0    24 23092 27300  1  1 97  0
 0  0      0 81209168 324888 30648228    0    0     0     6 19863 24485  0  1 99  0
 1  0      0 81209256 324888 30648248    0    0     0     0 23859 28414  1  1 98  0
 2  0      0 81209880 324888 30648256    0    0     0    42 24684 27977  1  1 98  0
 0  0      0 81210272 324888 30648256    0    0     0     0 20884 25759  1  1 98  0
 1  0      0 81210456 324888 30648272    0    0     0   586 24336 37965  2  2 96  0
 1  0      0 81211152 324888 30648272    0    0     0    92 19969 24852  0  1 99  0
 0  0      0 81211864 324888 30648272    0    0     0  3678 24069 28057  1  1 98  0
 1  0      0 81211472 324888 30648264    0    0     0    88 24766 29840  1  1 98  0
 0  0      0 81211256 324888 30648268    0    0     0     0 19276 24227  1  1 99  0
 1  0      0 81210704 324888 30648268    0    0     0    46 20408 25558  1  1 98  0
procs -----------memory---------- ---swap-- -----io---- -system-- ----cpu----
 r  b   swpd   free   buff  cache   si   so    bi    bo   in   cs us sy id wa
 1  0      0 81210448 324888 30648268    0    0     0     6 23143 27836  1  1 98  0
 3  0      0 81211520 324888 30648272    0    0     0  2806 24570 28546  1  1 98  0
 1  0      0 81211336 324888 30648272    0    0     0     0 26129 29651  1  1 98  0
 1  0      0 81211984 324888 30648276    0    0     0     0 24285 27943  1  1 98  0
 0  0      0 81211488 324888 30648280    0    0     0   148 23551 31151  2  1 97  0
 0  0      0 81210592 324888 30648280    0    0     0   108 23820 28657  1  1 98  0
 2  0      0 81210944 324888 30648284    0    0     0  2810 23658 27487  1  1 98  0
 1  0      0 81211320 324888 30648288    0    0     0     0 28031 30834  1  1 98  0
 0  0      0 81211496 324888 30648288    0    0     0     0 23776 27666  1  1 98  0
 1  0      0 81212688 324888 30648288    0    0     0    30 23586 27906  1  1 98  0
 1  0      0 81208144 324888 30648288    0    0     0     6 36656 25124  1  1 98  0
 1  0      0 81207144 324888 30648296    0    0     0  1546 24565 29270  2  1 97  0
 1  0      0 81206504 324888 30648304    0    0     0     0 23880 27056  1  1 98  0
 0  0      0 81206360 324888 30648308    0    0     0     0 26727 30562  1  1 98  0
 0  0      0 81207584 324888 30648304    0    0     0    36 24477 27564  1  1 98  0
 2  0      0 81207064 324888 30648308    0    0     0   122 28412 33505  2  2 96  0
 1  0      0 81207744 324888 30648308    0    0     0  2890 21904 28044  1  1 98  0
 1  0      0 81208120 324888 30648308    0    0     0     0 19418 24033  1  1 99  0
 3  0      0 81208400 324888 30648308    0    0     0     0 19175 24085  0  1 99  0
 0  0      0 81208640 324888 30648276    0    0     0    24 29340 32945  1  2 97  0
 1  0      0 81208624 324888 30648308    0    0     0     6 27719 30691  1  1 98  0
procs -----------memory---------- ---swap-- -----io---- -system-- ----cpu----
 r  b   swpd   free   buff  cache   si   so    bi    bo   in   cs us sy id wa
 1  0      0 81208736 324888 30648312    0    0     0     0 21603 26054  1  1 98  0
 0  0      0 81208864 324888 30648316    0    0     0    40 22320 25980  0  1 99  0
 1  0      0 81208760 324888 30648316    0    0     0     0 22424 26893  1  1 98  0
 0  0      0 81209264 324888 30648332    0    0     0   676 20658 33765  2  1 96  0
 0  0      0 81209280 324888 30648332    0    0     0    90 17445 22748  0  1 99  0
 0  0      0 81208592 324888 30648324    0    0     0  3690 21453 26974  1  1 98  0
 1  0      0 81208048 324888 30648324    0    0     0    72 24423 29224  1  1 98  0
 1  0      0 81208528 324888 30648328    0    0     0     0 22890 26987  1  1 99  0
 0  0      0 81208176 324888 30648328    0    0     0    40 19645 24654  1  1 98  0
 2  0      0 81208392 324888 30648328    0    0     0     6 24068 28179  1  1 98  0
 0  0      0 81207568 324888 30648328    0    0     0  2906 21662 26224  1  1 98  0
 1  0      0 81207712 324888 30648328    0    0     0     0 21775 25701  1  1 99  0
 1  0      0 81208368 324888 30648328    0    0     0     0 20288 25038  1  1 99  0
 2  0      0 81208416 324888 30648300    0    0     0   144 25896 32595  1  2 97  0
 1  0      0 81207752 324888 30648332    0    0     0   120 27762 31043  1  1 98  0
 0  0      0 81208656 324888 30648336    0    0     0  2844 15734 21487  1  1 99  0
 0  0      0 81208112 324888 30648340    0    0     0     0 17806 23157  1  1 99  0
 0  0      0 81208304 324888 30647736    0    0     0     0 28105 30592  1  1 98  0
 2  0      0 81208672 324888 30647836    0    0     0    32 21661 26435  1  1 98  0
 0  0      0 81207664 324888 30647848    0    0     0     6 22205 26902  1  1 98  0
 5  0      0 81208752 324888 30647852    0    0     0  1070 23454 28170  1  1 97  0
procs -----------memory---------- ---swap-- -----io---- -system-- ----cpu----
 r  b   swpd   free   buff  cache   si   so    bi    bo   in   cs us sy id wa
 1  0      0 81207584 324888 30647852    0    0     0     0 28237 32114  1  1 98  0
 0  0      0 81207728 324888 30647856    0    0     0     0 19296 23936  1  1 99  0
 2  0      0 81208088 324888 30647852    0    0     0    24 16551 22205  0  1 99  0
 1  0      0 81209168 324888 30647856    0    0     0   112 20165 29679  2  1 97  0
 1  0      0 81207856 324888 30647856    0    0     0  2784 26552 31740  1  1 97  0
 0  0      0 81207040 324888 30647856    0    0     0     0 21439 26139  1  1 98  0
 1  0      0 81207840 324888 30647856    0    0     0     0 20797 25790  1  1 99  0
 0  0      0 81206208 324888 30647824    0    0     0    22 23677 29503  1  1 97  0
 2  0      0 81104080 324888 30747140    0    0     0     6 21029 26413  3  1 96  0
 1  0      0 81206952 324888 30647320    0    0     0 63088 25830 30260  1  2 97  0
 2  0      0 81206656 324888 30647868    0    0     0     0 32045 34175  1  2 97  0
 1  0      0 81207136 324888 30647872    0    0     0     0 20531 26071  1  1 98  0
 2  0      0 81207792 324888 30647884    0    0     0   912 18120 32355  2  1 96  0
 1  0      0 81207216 324888 30647888    0    0     0   122 24507 28895  1  1 98  0
 0  0      0 81207456 324888 30647880    0    0     0  3636 25214 28907  1  1 98  0
 1  0      0 81206848 324888 30647880    0    0     0    84 29604 33045  1  2 97  0
 0  0      0 81207072 324888 30647888    0    0     0     0 23331 27131  1  1 98  0
 0  0      0 81207664 324888 30647888    0    0     0    86 21128 26892  1  1 98  0
 0  0      0 81208488 324888 30647888    0    0     0     6 27157 28715  1  1 98  0
 1  0      0 81207616 324888 30647888    0    0     0  2954 27626 30222  1  1 98  0
 0  0      0 81207648 324888 30647888    0    0     0     0 17410 23363  1  1 99  0
procs -----------memory---------- ---swap-- -----io---- -system-- ----cpu----
 r  b   swpd   free   buff  cache   si   so    bi    bo   in   cs us sy id wa
 3  0      0 81206504 324888 30647892    0    0     0     0 19470 24457  1  1 99  0
 1  0      0 81206080 324888 30647896    0    0     0   160 21972 29063  2  1 97  0
 1  0      0 81206480 324888 30647900    0    0     0    58 22464 27104  1  1 98  0
 1  0      0 81206720 324888 30647900    0    0     0  2970 24337 28683  1  1 98  0
 0  0      0 81206744 324888 30647904    0    0     0     0 18638 23669  1  1 99  0
 1  0      0 81205968 324888 30647908    0    0     0     0 19718 24561  1  1 98  0
 0  0      0 81206224 324888 30647908    0    0     0    30 20780 25654  1  1 98  0
 1  0      0 81205656 324888 30647912    0    0     0     6 23655 28410  1  1 98  0
 0  0      0 81205648 324888 30647916    0    0     0  1170 33845 31378  2  2 97  0
 1  0      0 81204480 324888 30647884    0    0     0     0 18790 24833  1  1 98  0
 1  0      0 81203568 324888 30647916    0    0     0     0 15496 21706  0  1 99  0
 0  0      0 81203728 324888 30648524    0    0     0    38 22666 27791  1  1 98  0
 3  0      0 81205584 324888 30648428    0    0     0   124 23510 33102  2  1 97  0
 0  0      0 81205000 324888 30648396    0    0     0  3028 20443 26256  1  1 98  0
 1  0      0 81205072 324888 30648396    0    0     0     0 24603 29485  1  1 98  0
 2  0      0 81205264 324888 30648432    0    0     0     0 25540 28919  1  1 98  0
 2  0      0 81205440 324888 30648404    0    0     0    28 24850 30101  1  1 97  0
 0  0      0 81205184 324888 30648436    0    0     0     6 20646 25394  0  1 98  0
 0  0      0 81204904 324888 30648436    0    0     0    80 19853 25477  1  1 98  0
 1  0      0 81204984 324888 30648440    0    0     0     0 24933 29166  1  1 98  0
 0  0      0 81205936 324888 30648440    0    0     0     0 24346 28892  1  1 98  0
procs -----------memory---------- ---swap-- -----io---- -system-- ----cpu----
 r  b   swpd   free   buff  cache   si   so    bi    bo   in   cs us sy id wa
 1  0      0 81204936 324888 30648456    0    0     0   444 24200 37478  2  2 96  0
 0  0      0 81204880 324888 30648464    0    0     0    88 22484 27945  1  1 98  0
 0  0      0 81204704 324888 30648464    0    0     0  3676 22631 27640  1  1 98  0
 0  0      0 81204464 324888 30648464    0    0     0    62 26561 30457  1  1 98  0
 1  0      0 81205128 324888 30648460    0    0     0     0 22951 27229  1  1 98  0
 0  0      0 81201824 324888 30648460    0    0     0    62 21402 26574  1  1 98  0
 0  0      0 81202024 324888 30648464    0    0     0     6 26522 29967  1  1 98  0
 1  0      0 81201984 324888 30648464    0    0     0  3236 22044 26595  1  1 98  0
 0  0      0 81202968 324888 30648464    0    0     0     0 18687 23795  1  1 99  0
 0  0      0 81203560 324888 30648464    0    0     0     0 22631 27608  1  1 98  0
 5  0      0 81203896 324888 30648436    0    0     0   186 24991 32373  1  2 97  0
 0  0      0 81204080 324888 30648468    0    0     0    52 28961 32688  1  1 98  0
 1  0      0 81203696 324888 30648472    0    0     0  2990 23368 27515  1  1 98  0
 1  0      0 81203936 324888 30648476    0    0     0     0 20734 26000  1  1 98  0
 2  0      0 81204944 324888 30648476    0    0     0     0 24234 28922  1  1 98  0
 0  0      0 81204944 324888 30648480    0    0     0    10 21877 26347  1  1 99  0
 1  0      0 81204816 324888 30648484    0    0     0     6 19192 24952  1  1 98  0
 0  0      0 81203472 324888 30648460    0    0     0  1108 25271 30251  1  1 97  0
 0  0      0 81203152 324888 30648492    0    0     0     0 21520 26690  1  1 98  0
 2  0      0 81203312 324888 30648496    0    0     0     0 22552 27723  1  1 98  0
 0  0      0 81204176 324888 30648496    0    0     0    12 24600 29531  1  1 98  0
procs -----------memory---------- ---swap-- -----io---- -system-- ----cpu----
 r  b   swpd   free   buff  cache   si   so    bi    bo   in   cs us sy id wa
 0  0      0 81203376 324888 30648496    0    0     0   758 36259 37748  2  2 96  0
 0  0      0 81203712 324888 30648496    0    0     0  3064 15860 22398  1  1 99  0
 0  0      0 81204304 324888 30648496    0    0     0     0 17986 23966  1  1 99  0
 1  0      0 81204720 324888 30648496    0    0     0     0 23298 27907  1  1 98  0
 1  0      0 81204736 324888 30648464    0    0     0    24 18998 25176  1  1 98  0
 1  0      0 81203440 324888 30648500    0    0     0     6 20681 25999  1  1 98  0
 0  0      0 81204464 324888 30648504    0    0     0     0 17574 23460  1  1 99  0
 0  0      0 81204160 324888 30648508    0    0     0    32 18809 24200  1  1 99  0
 2  0      0 81204560 324888 30648508    0    0     0     0 22191 26980  1  1 99  0
 0  0      0 81204896 324888 30648520    0    0     0   442 26957 39292  2  2 96  0
 1  0      0 81205080 324888 30648520    0    0     0    94 22124 27064  1  1 99  0
 0  0      0 81204776 324888 30648524    0    0     0  3670 19381 25152  1  1 98  0
 3  0      0 81205456 324888 30648516    0    0     0    76 20278 24601  1  1 98  0
 4  0      0 81205344 324888 30648516    0    0     0    20 30209 33384  1  1 98  0
 0  0      0 81205424 324888 30648516    0    0     0    26 21136 26766  1  1 98  0
 1  0      0 81205440 324888 30648516    0    0     0     6 24559 29729  1  1 98  0
 1  0      0 81204904 324888 30648516    0    0     0  3164 17622 24117  1  1 99  0
 1  0      0 81205040 324888 30648516    0    0     0     0 21571 27028  1  1 98  0
 0  0      0 81205152 324888 30648524    0    0     0     0 27349 31232  1  1 98  0
 2  0      0 81204672 324888 30648492    0    0     0   224 22467 31299  2  1 97  0
 0  0      0 81204560 324888 30648524    0    0     0     6 15514 21903  0  1 99  0
procs -----------memory---------- ---swap-- -----io---- -system-- ----cpu----
 r  b   swpd   free   buff  cache   si   so    bi    bo   in   cs us sy id wa
 0  0      0 81204160 324888 30648524    0    0     0  3014 18092 24207  1  1 98  0
 3  0      0 81204720 324888 30648528    0    0     0     0 24321 29159  1  1 98  0
 1  0      0 81204896 324888 30648532    0    0     0     0 25891 29912  1  1 98  0
 1  0      0 81205424 324888 30648532    0    0     0    12 25381 30825  1  1 98  0
 0  0      0 81203248 324888 30648576    0    0     0     6 20439 26314  0  1 99  0
 1  0      0 81200776 324888 30648548    0    0     0  1152 24685 27221  1  1 98  0
 0  0      0 81201440 324888 30648516    0    0     0     0 20412 26712  1  1 98  0
 1  0      0 81202560 324888 30648548    0    0     0     0 24348 29487  1  1 98  0
 0  0      0 81202000 324888 30648548    0    0     0    10 27521 32152  1  2 98  0
 0  0      0 81204448 324888 30648552    0    0     0   254 22921 32863  2  2 97  0
 1  0      0 81203504 324888 30648552    0    0     0  3108 17841 24578  1  1 98  0
 0  0      0 81201792 324888 30648552    0    0     0     0 17302 24005  1  1 98  0
 1  0      0 81202464 324888 30648556    0    0     0     0 17463 23671  0  1 99  0
 1  0      0 81202984 324888 30648556    0    0     0    22 21900 28027  1  1 98  0
 2  0      0 81203376 324888 30648524    0    0     0     6 24013 28564  1  1 98  0
 0  0      0 81201400 324888 30648524    0    0     0     0 27267 32117  1  1 98  0
 0  0      0 81201328 324888 30648560    0    0     0    32 21110 27265  1  1 98  0
 0  0      0 81201888 324888 30648564    0    0     0     0 17687 24322  0  1 99  0
 0  0      0 81201776 324888 30648576    0    0     0   510 21250 36585  2  2 96  0
 2  0      0 81201632 324888 30648576    0    0     0   124 21574 26913  1  1 98  0
 1  0      0 81200928 324888 30648572    0    0     0    94 19157 26082  1  1 98  0
procs -----------memory---------- ---swap-- -----io---- -system-- ----cpu----
 r  b   swpd   free   buff  cache   si   so    bi    bo   in   cs us sy id wa
 1  0      0 81200000 324888 30648576    0    0     0  3662 25216 31179  1  2 97  0
 0  0      0 81199976 324888 30648580    0    0     0    40 22206 27637  1  1 98  0
 1  0      0 81200496 324888 30648580    0    0     0    24 23579 29453  1  1 98  0
 0  0      0 81201360 324888 30648580    0    0     0     6 18311 24175  1  1 99  0
 0  0      0 81202192 324888 30648580    0    0     0    30 18176 24594  0  1 99  0
 1  0      0 81201680 324888 30648580    0    0     0  3416 18115 25266  1  1 99  0
 1  0      0 81201576 324888 30648584    0    0     0     0 23520 28838  1  1 98  0
 2  0      0 81202608 324888 30648584    0    0     0   204 22207 31173  2  1 97  0
 1  0      0 81202872 324888 30648584    0    0     0    68 19641 24879  1  1 98  0
 1  0      0 81203712 324888 30648588    0    0     0     0 16993 23457  0  1 99  0
 1  0      0 81203696 324888 30648592    0    0     0  3374 19098 24652  1  1 98  0
 0  0      0 81202872 324888 30648592    0    0     0     0 21989 27792  1  1 98  0
 1  0      0 81203560 324888 30648596    0    0     0     0 22036 27688  1  1 98  0
 0  0      0 81201600 324888 30648608    0    0     0    32 20717 26169  1  1 99  0
 1  0      0 81200968 324888 30648580    0    0     0   104 23793 31181  1  1 97  0
 1  0      0 81200232 324888 30648580    0    0     0  1038 17252 23931  1  1 99  0
 3  0      0 81200320 324888 30648616    0    0     0     0 18823 25059  1  1 98  0
 0  0      0 81200992 324888 30648616    0    0     0     0 18920 24615  1  1 98  0
 2  0      0 81204256 324888 30648612    0    0     0   192 26179 35259  2  2 97  0
 0  0      0 81203040 324888 30648580    0    0     0   100 23903 29499  1  1 98  0
 0  0      0 81203104 324888 30648580    0    0     0  3108 23953 29298  1  1 98  0
procs -----------memory---------- ---swap-- -----io---- -system-- ----cpu----
 r  b   swpd   free   buff  cache   si   so    bi    bo   in   cs us sy id wa
 1  0      0 81201552 324888 30648616    0    0     0     0 18978 24803  1  1 99  0
 0  0      0 81200856 324888 30648584    0    0     0     0 21185 27431  1  1 98  0
 1  0      0 81201200 324888 30648616    0    0     0    44 22798 28752  1  1 98  0
 1  0      0 81201144 324888 30648620    0    0     0     0 16082 22425  1  1 99  0
 1  0      0 81201992 324888 30648632    0    0     0    34 23481 28432  1  1 98  0
 0  0      0 81202392 324888 30648632    0    0     0     0 24937 30263  1  1 98  0
 1  0      0 81201040 324888 30648644    0    0     0   648 23329 37284  2  2 96  0
 0  0      0 81201712 324888 30648644    0    0     0   128 21524 27756  1  1 98  0
 1  0      0 81202192 324888 30648604    0    0     0    98 20680 26153  1  1 98  0
 1  0      0 81202240 324888 30648636    0    0     0  3694 22806 28771  1  1 98  0
 1  0      0 81201088 324888 30648636    0    0     0    42 25711 30512  1  1 98  0
 2  0      0 81201312 324888 30648636    0    0     0    24 26747 31128  1  2 98  0
 0  0      0 81201384 324888 30648640    0    0     0     6 20314 26042  1  1 98  0
 1  0      0 81201728 324888 30648640    0    0     0    32 17421 23535  1  1 99  0
 0  0      0 81201000 324888 30648640    0    0     0  3576 20352 24719  1  1 99  0
 0  0      0 81201240 324888 30648644    0    0     0     0 24722 30106  1  1 98  0
 0  0      0 81200064 324888 30648648    0    0     0   204 22918 31848  2  1 97  0
 0  0      0 81200112 324888 30648652    0    0     0    62 23534 29129  1  1 98  0
 1  0      0 81199952 324888 30648652    0    0     0     0 16737 23173  1  1 99  0
 0  0      0 81199944 324888 30648656    0    0     0  3126 27058 28624  1  1 98  0
 1  0      0 81199848 324888 30648660    0    0     0     0 24701 29779  1  1 98  0
procs -----------memory---------- ---swap-- -----io---- -system-- ----cpu----
 r  b   swpd   free   buff  cache   si   so    bi    bo   in   cs us sy id wa
 1  0      0 81200272 324888 30648660    0    0     0     0 17843 23187  1  1 98  0
 1  0      0 81198600 324888 30648664    0    0     0    48 20032 26110  1  1 98  0
 0  0      0 81197664 324888 30648752    0    0     0    92 27396 33071  1  2 97  0
 0  0      0 81197168 324888 30648668    0    0     0  1010 18330 24369  1  1 99  0
 0  0      0 81197496 324888 30648668    0    0     0     0 18967 25136  0  1 99  0
 0  0      0 81198448 324888 30648664    0    0     0     0 18490 24857  1  1 99  0
 1  0      0 81200312 324888 30648632    0    0     0   196 20729 35220  2  1 97  0
 0  0      0 81200016 324888 30648664    0    0     0   136 18646 25363  1  1 98  0
 1  0      0 81200144 324888 30648664    0    0     0  3118 24025 29062  1  1 98  0
 1  0      0 81200176 324888 30648668    0    0     0     0 26893 31668  1  1 98  0
 1  0      0 81198672 324888 30648640    0    0     0   570 19960 25344  1  1 98  0
 0  0      0 81198768 324888 30648672    0    0     0     6 15570 22504  1  1 99  0
 1  0      0 81070704 324888 30772112    0    0     0    74 19083 26705  4  2 95  0
 1  0      0 81198248 324888 30648684    0    0     0 63068 20635 26440  1  2 98  0
 0  0      0 81198000 324888 30648688    0    0     0     0 29069 32315  1  1 98  0
 2  0      0 81198224 324888 30648704    0    0     0   804 28233 41237  2  2 95  0
 2  0      0 81198224 324888 30648708    0    0     0   106 17110 23425  1  1 99  0
 2  0      0 81198064 324888 30648708    0    0     0    90 16221 23466  1  1 98  0
 3  0      0 81196736 324888 30648708    0    0     0  3682 19547 26076  1  1 98  0
 1  0      0 81197000 324888 30648700    0    0     0    44 18907 25341  1  1 98  0
 1  0      0 81197280 324888 30648700    0    0     0    42 21004 26822  1  1 98  0
procs -----------memory---------- ---swap-- -----io---- -system-- ----cpu----
 r  b   swpd   free   buff  cache   si   so    bi    bo   in   cs us sy id wa
 0  0      0 81197648 324888 30648700    0    0     0     6 18218 24727  1  1 99  0
 1  0      0 81196608 324888 30648700    0    0     0    28 17208 24140  1  1 99  0
 0  0      0 81196592 324888 30648700    0    0     0  3560 18858 24871  1  1 98  0
 2  0      0 81196776 324888 30648700    0    0     0     0 22630 28743  1  1 98  0
 1  0      0 81197552 324888 30648672    0    0     0   208 23162 31477  1  2 97  0
 1  0      0 81197608 324888 30648704    0    0     0    46 21677 26893  1  1 98  0
 0  0      0 81196616 324888 30648708    0    0     0     0 15079 21782  1  1 99  0
 1  0      0 81197072 324888 30648720    0    0     0  3028 25679 30684  1  1 98  0
 0  0      0 81196224 324888 30648724    0    0     0     0 25328 30417  1  1 98  0
 0  0      0 81196752 324888 30648724    0    0     0     0 15124 22053  0  1 99  0
 1  0      0 81196120 324888 30648728    0    0     0    40 16438 22766  0  1 99  0
 0  0      0 81194592 324888 30648700    0    0     0    84 26791 33440  1  2 97  0
 1  0      0 81194256 324888 30648732    0    0     0  1078 21368 27072  1  1 98  0
 0  0      0 81194672 324888 30648736    0    0     0     0 25948 30620  1  1 98  0
 4  0      0 81196136 324888 30648732    0    0     0    26 20120 25894  1  1 98  0
 0  0      0 81196816 324888 30648736    0    0     0   166 19696 29456  2  1 97  0
 0  0      0 81195872 324888 30648736    0    0     0   130 21573 27666  1  1 98  0
 1  0      0 81195328 324888 30648736    0    0     0  3118 23968 29619  1  1 98  0
 1  0      0 81195360 324888 30648736    0    0     0     0 18952 24724  0  1 99  0
 1  0      0 81195328 324888 30648704    0    0     0     0 21389 28567  1  1 98  0
 0  0      0 81195456 324888 30648740    0    0     0    30 27017 31465  1  1 98  0
procs -----------memory---------- ---swap-- -----io---- -system-- ----cpu----
 r  b   swpd   free   buff  cache   si   so    bi    bo   in   cs us sy id wa
 1  0      0 81195744 324888 30648748    0    0     0     0 20805 25956  1  1 98  0
 0  0      0 81195680 324888 30648748    0    0     0    30 23249 28636  1  1 98  0
 1  0      0 81196016 324888 30648748    0    0     0     0 20904 26506  1  1 98  0
 1  0      0 81195856 324888 30648764    0    0     0   904 19301 34430  2  1 96  0
 1  0      0 81195584 324888 30648764    0    0     0   116 20097 25472  1  1 98  0
 1  0      0 81196400 324888 30648796    0    0     0    84 26312 31225  1  2 97  0
 0  0      0 81194464 324888 30648760    0    0     0  3674 18342 24919  1  1 98  0
 2  0      0 81194576 324888 30648760    0    0     0    44 16160 22576  1  1 99  0
 0  0      0 81194488 324888 30648760    0    0     0    40 18063 23982  1  1 99  0
 0  0      0 81194712 324888 30648760    0    0     0     6 23062 27594  1  1 98  0
 2  0      0 81194736 324888 30648760    0    0     0    28 27266 31398  1  1 98  0
 0  0      0 81193088 324888 30648764    0    0     0  3410 25357 25746  1  1 98  0
 3  0      0 81193320 324888 30648768    0    0     0     0 26283 30732  1  1 98  0
 3  0      0 81193520 324888 30648736    0    0     0   192 21528 30327  2  1 97  0
 1  0      0 81193808 324888 30648736    0    0     0     6 16116 22593  1  1 99  0
 0  0      0 81194328 324888 30648744    0    0     0     0 17347 23296  1  1 99  0
 4  0      0 81194864 324888 30648780    0    0     0  3244 23081 28087  1  1 98  0
 0  0      0 81194696 324888 30648780    0    0     0     0 23195 28791  1  1 98  0
 1  0      0 81194624 324888 30648784    0    0     0     0 24714 29309  1  1 98  0
 1  0      0 81193744 324888 30648784    0    0     0    36 20049 25591  1  1 99  0
 0  0      0 81192016 324888 30648788    0    0     0    84 19850 27297  1  1 98  0
procs -----------memory---------- ---swap-- -----io---- -system-- ----cpu----
 r  b   swpd   free   buff  cache   si   so    bi    bo   in   cs us sy id wa
 2  0      0 81193200 324888 30648252    0    0     0  1058 18922 24270  1  1 99  0
 1  0      0 81192992 324888 30648252    0    0     0     0 21690 27059  1  1 98  0
 1  0      0 81193824 324888 30648248    0    0     0    24 27215 31105  1  1 98  0
 0  0      0 81195648 324888 30648224    0    0     0   182 26965 34791  2  2 96  0
 1  0      0 81196064 324888 30648256    0    0     0    54 23464 29201  1  1 98  0
 0  0      0 81196008 324888 30648260    0    0     0  3380 21174 26472  1  1 98  0
 0  0      0 81195400 324888 30648260    0    0     0     0 19792 25303  0  1 99  0
 1  0      0 81195792 324888 30648228    0    0     0     0 28754 32401  1  2 97  0
 1  0      0 81196240 324888 30648228    0    0     0    32 23077 27112  1  1 98  0
 1  0      0 81196656 324888 30648264    0    0     0     0 24667 29184  1  1 98  0
 0  0      0 81196344 324888 30648268    0    0     0    42 21133 25964  1  1 98  0
 2  0      0 81196096 324888 30648268    0    0     0     0 20086 25304  1  1 98  0
 0  0      0 81195032 324888 30648280    0    0     0   448 19625 33704  2  2 96  0
 0  0      0 81194888 324888 30648280    0    0     0   102 21982 26508  1  1 98  0
 0  0      0 81195392 324888 30648892    0    0     0   112 28993 30671  1  2 97  0
 2  0      0 81194208 324888 30648808    0    0     0  3694 26348 30294  1  1 97  0
 3  0      0 81194208 324888 30648812    0    0     0    44 23327 28780  1  1 98  0
 0  0      0 81193320 324888 30648812    0    0     0     0 18356 23985  1  1 99  0
 1  0      0 81194024 324888 30648812    0    0     0     6 17262 23568  1  1 99  0
 1  0      0 81194592 324888 30648808    0    0     0    40 23735 27973  1  1 98  0
 2  0      0 81194672 324888 30648812    0    0     0  3592 24078 29023  1  1 98  0
procs -----------memory---------- ---swap-- -----io---- -system-- ----cpu----
 r  b   swpd   free   buff  cache   si   so    bi    bo   in   cs us sy id wa
 0  0      0 81194712 324888 30648812    0    0     0     0 20846 25860  1  1 99  0
 0  0      0 81193168 324888 30648816    0    0     0   236 25395 32998  2  2 97  0
 0  0      0 81193112 324888 30648816    0    0     0     6 19933 25439  1  1 98  0
 0  0      0 81192912 324888 30648824    0    0     0     0 28866 32286  1  1 98  0
 1  0      0 81194032 324888 30648824    0    0     0  3496 24220 28636  1  1 98  0
 0  0      0 81194424 324888 30648824    0    0     0     0 15093 20929  0  1 99  0
 1  0      0 81194048 324888 30648828    0    0     0     0 16410 22494  1  1 99  0
 0  0      0 81193152 324888 30648840    0    0     0    32 26216 30873  1  1 98  0
 1  0      0 81193056 324888 30648840    0    0     0    90 21998 27983  1  1 98  0
 0  0      0 81193040 324888 30648848    0    0     0  1148 14916 20855  1  1 99  0
 0  0      0 81192424 324888 30648848    0    0     0     0 20123 25611  1  1 99  0
 2  0      0 81193616 324888 30648844    0    0     0     0 28371 31537  1  2 98  0
 1  0      0 81192736 324888 30648812    0    0     0   290 25949 35638  2  2 96  0
 3  0      0 81193008 324888 30648812    0    0     0    54 20745 27162  1  1 98  0
 0  0      0 81193184 324888 30648844    0    0     0  3370 20716 26386  1  1 98  0
 2  0      0 81193184 324888 30648844    0    0     0     0 20429 25886  0  1 99  0
 0  0      0 81193448 324888 30648844    0    0     0     0 22533 28122  1  1 98  0
 2  0      0 81192592 324888 30648844    0    0     0    30 23215 27960  1  1 98  0
 0  0      0 81192528 324888 30648852    0    0     0     0 24966 30129  1  1 98  0
 0  0      0 81192800 324888 30648852    0    0     0   592 22033 27315  1  1 98  0
 1  0      0 81192560 324888 30648856    0    0     0     0 22701 26877  1  1 98  0
procs -----------memory---------- ---swap-- -----io---- -system-- ----cpu----
 r  b   swpd   free   buff  cache   si   so    bi    bo   in   cs us sy id wa
 1  0      0 81192816 324888 30648876    0    0     0   536 25414 38287  2  2 96  0
 4  0      0 81191664 324888 30648868    0    0     0   120 29538 32557  1  1 98  0
 1  0      0 81191472 324888 30648868    0    0     0    94 21613 26357  1  1 98  0
 1  0      0 81191864 324888 30648868    0    0     0  3686 14854 21348  1  1 98  0
 0  0      0 81192456 324888 30648868    0    0     0    44 19737 25271  1  1 98  0
 4  0      0 81192624 324888 30648868    0    0     0     0 27012 30433  1  1 98  0
 0  0      0 81192400 324888 30648868    0    0     0     6 30950 33195  1  2 97  0
 0  0      0 81192656 324888 30648868    0    0     0    24 16702 22430  1  1 99  0
 2  0      0 81192496 324888 30648872    0    0     0  3578 19229 24066  1  1 99  0
 0  0      0 81192336 324888 30648876    0    0     0     0 30582 29451  1  1 98  0
 1  0      0 81192592 324888 30648844    0    0     0   236 26353 34085  1  2 97  0
 0  0      0 81192576 324888 30648880    0    0     0     6 20479 25610  1  1 98  0
 2  0      0 81192096 324888 30648884    0    0     0     0 20770 25699  1  1 98  0
 0  0      0 81192504 324888 30648892    0    0     0  3352 23691 28381  1  1 98  0
 0  0      0 81193360 324888 30648892    0    0     0     0 20803 25189  1  1 98  0
 0  0      0 81193776 324888 30648892    0    0     0     0 20179 25056  1  1 98  0
 0  0      0 81192640 324888 30648900    0    0     0    32 22736 27853  1  1 98  0
 1  0      0 81192240 324888 30648932    0    0     0    96 26173 30625  1  1 97  0
 0  0      0 81192752 324888 30648900    0    0     0  1218 25342 29832  1  1 98  0
 1  0      0 81192624 324888 30648368    0    0     0     0 22763 27046  1  1 98  0
 0  0      0 81193472 324888 30648364    0    0     0     0 20027 24934  0  1 99  0
procs -----------memory---------- ---swap-- -----io---- -system-- ----cpu----
 r  b   swpd   free   buff  cache   si   so    bi    bo   in   cs us sy id wa
 2  0      0 81193040 324888 30648332    0    0     0   288 23705 32529  2  1 97  0
 0  0      0 81190672 324888 30648368    0    0     0    56 20529 26904  1  1 98  0
 1  0      0 81190512 324888 30648372    0    0     0  3530 24614 29338  1  1 98  0
 1  0      0 81190424 324888 30648372    0    0     0     0 22577 26869  1  1 98  0
 1  0      0 81189088 324888 30648372    0    0     0     0 24821 29686  1  1 98  0
 1  0      0 81189664 324888 30648372    0    0     0    32 21414 26910  1  1 98  0
 0  0      0 81190456 324888 30648376    0    0     0     0 18578 24223  0  1 99  0
 1  0      0 81190912 324888 30648380    0    0     0    26 17379 23356  1  1 98  0
 0  0      0 81190688 324888 30648380    0    0     0     0 19446 24765  1  1 98  0
 0  0      0 81190360 324888 30648392    0    0     0   634 23271 33392  2  2 96  0
 0  0      0 81189840 324888 30648396    0    0     0   142 26603 30795  1  1 98  0
 0  0      0 81190352 324888 30648396    0    0     0    94 23969 28920  1  1 98  0
 1  0      0 81189232 324888 30648404    0    0     0  3702 17454 23682  1  1 98  0
 0  0      0 81189344 324888 30648404    0    0     0    82 23308 28039  1  1 98  0
 2  0      0 81188808 324888 30648396    0    0     0     0 21313 26001  0  1 99  0
 0  0      0 81188896 324888 30648396    0    0     0     6 26231 30352  1  1 98  0
 2  0      0 81189120 324888 30648396    0    0     0    26 23025 27508  1  1 98  0
 0  0      0 81188832 324888 30648396    0    0     0  3560 24862 28908  1  1 98  0
 0  0      0 81188976 324888 30648400    0    0     0     0 19920 25665  1  1 99  0
 1  0      0 81190240 324888 30648400    0    0     0   236 24876 29119  2  1 97  0
 0  0      0 81190672 324888 30648400    0    0     0     6 21803 26682  1  1 99  0
procs -----------memory---------- ---swap-- -----io---- -system-- ----cpu----
 r  b   swpd   free   buff  cache   si   so    bi    bo   in   cs us sy id wa
 1  0      0 81191456 324888 30648408    0    0     0     0 24965 29051  1  1 98  0
 0  0      0 81191336 324888 30648412    0    0     0  3598 23425 27686  1  1 98  0
 2  0      0 81190560 324888 30648416    0    0     0     0 26254 30596  1  1 98  0
 1  0      0 81190912 324888 30648416    0    0     0     0 19892 24804  1  1 99  0
 1  0      0 81190984 324888 30648420    0    0     0    32 19474 24352  1  1 99  0
 0  0      0 81188304 324888 30648420    0    0     0   108 25016 29342  1  1 97  0
 1  0      0 81188624 324888 30648424    0    0     0  1510 23982 28678  1  1 98  0
 1  0      0 81187272 324888 30649032    0    0     0     0 20822 25641  1  1 98  0
 1  0      0 81188688 324888 30648956    0    0     0     0 19584 24645  1  1 99  0
 2  0      0 81190592 324888 30648924    0    0     0   300 24702 33293  2  2 97  0
 0  0      0 81189736 324888 30648924    0    0     0    56 24709 28988  1  1 98  0
 1  0      0 81190352 324888 30648956    0    0     0  3564 25094 29093  1  1 98  0
 1  0      0 81188216 324888 30648956    0    0     0     0 23676 28070  1  1 98  0
 1  0      0 81187728 324888 30648924    0    0     0     0 25406 29043  1  2 97  0
 0  0      0 81188224 324888 30648932    0    0     0    38 25023 29434  1  2 98  0
 0  0      0 81187232 324888 30648940    0    0     0     0 23236 26271  1  1 98  0
 0  0      0 81187472 324888 30648516    0    0     0 63106 19881 26870  4  1 95  0
 1  0      0 81186064 324888 30648972    0    0     0     0 22801 27264  1  1 98  0
 1  0      0 81186584 324888 30648984    0    0     0   896 26993 38336  3  2 95  0
 0  0      0 81186504 324888 30648988    0    0     0   150 25144 27830  1  1 98  0
 1  0      0 81186296 324888 30648952    0    0     0   108 26174 29590  1  1 98  0
procs -----------memory---------- ---swap-- -----io---- -system-- ----cpu----
 r  b   swpd   free   buff  cache   si   so    bi    bo   in   cs us sy id wa
 0  0      0 81185584 324888 30648988    0    0     0  3644 25930 29804  1  1 98  0
 2  0      0 81185664 324888 30648988    0    0     0    90 21563 26661  1  1 98  0
 0  0      0 81185336 324888 30648992    0    0     0    94 19289 24440  1  1 98  0
 0  0      0 81184912 324888 30649000    0    0     0   108 24103 27020  1  1 98  0
 3  0      0 81185536 324888 30649000    0    0     0    70 23634 27915  1  1 98  0
 0  0      0 81185760 324888 30649000    0    0     0  3614 23207 27865  1  1 98  0
 1  0      0 81185136 324888 30649004    0    0     0     0 15473 20645  0  1 99  0
 0  0      0 81183248 324888 30648972    0    0     0   210 21719 29836  2  2 97  0
 1  0      0 81183472 324888 30648972    0    0     0    62 23882 27046  1  1 98  0
 1  0      0 81183968 324888 30648980    0    0     0     0 29840 32298  1  1 98  0
 2  0      0 81184288 324888 30648984    0    0     0  3576 19514 24083  1  1 99  0
 4  0      0 81184064 324888 30648984    0    0     0     0 19189 24030  1  1 99  0
 1  0      0 81184896 324888 30649016    0    0     0     0 27705 31242  1  1 98  0
 1  0      0 81183560 324888 30649020    0    0     0    34 21450 25578  1  1 98  0
 1  0      0 81183144 324888 30649056    0    0     0   128 19429 25531  1  1 98  0
 2  0      0 81182664 324888 30649056    0    0     0  1762 21036 24992  1  1 99  0
 0  0      0 81183056 324888 30648420    0    0     0     0 28217 31308  1  1 98  0
 3  0      0 81184544 324888 30648484    0    0     0     0 22172 26149  1  1 98  0
 0  0      0 81184952 324888 30648492    0    0     0   220 20049 29690  2  1 97  0
 0  0      0 81185904 324888 30648460    0    0     0   126 6262 13245  1  0 99  0
 0  0      0 81185936 324888 30648492    0    0     0  3570 6738 12776  0  0 99  0
procs -----------memory---------- ---swap-- -----io---- -system-- ----cpu----
 r  b   swpd   free   buff  cache   si   so    bi    bo   in   cs us sy id wa
 0  0      0 81186176 324888 30648492    0    0     0     0 6170 12505  0  0 99  0
 1  0      0 81186864 324888 30648460    0    0     0     0 6476 13461  1  0 99  0
 0  0      0 81184776 324888 30648496    0    0     0    30 7471 13186  0  0 99  0
 1  0      0 81184744 324888 30648496    0    0     0     0 6078 12508  0  0 100  0
 0  0      0 81185296 324888 30648500    0    0     0    72 6384 12590  0  0 99  0
 1  0      0 81185472 324888 30648504    0    0     0     0 6114 12565  0  0 100  0
 0  0      0 81185440 324888 30648508    0    0     0  1352 7490 22171  2  1 97  0
 0  0      0 81183112 324888 30648516    0    0     0   102 8704 13314  1  0 99  0
 1  0      0 81184176 324888 30648512    0    0     0   664 6847 13412  1  0 98  0
 0  0      0 81184000 324888 30648520    0    0     0  3766 6613 13682  1  0 99  0
 2  0      0 81184112 324888 30648512    0    0     0   142 6453 13275  1  0 99  0
 0  0      0 81184552 324888 30648512    0    0     0    62 6064 12624  0  0 100  0
 1  0      0 81184208 324888 30648512    0    0     0   108 6180 12977  1  0 99  0
 0  0      0 81184496 324888 30648512    0    0     0    82 11252 12619  1  0 99  0
 0  0      0 81184736 324888 30648512    0    0     0  3654 6186 12760  0  0 99  0
 1  0      0 81185360 324888 30648520    0    0     0     0 6128 12554  0  0 99  0
 0  0      0 81185408 324888 30648488    0    0     0   248 6479 16409  1  1 98  0
 1  0      0 81185528 324888 30648520    0    0     0    46 6202 12865  1  0 99  0
 0  0      0 81185296 324888 30648524    0    0     0     0 6137 12724  0  0 99  0
 1  0      0 81185504 324888 30648528    0    0     0  3576 6339 12864  0  0 99  0
 0  0      0 81185808 324888 30648532    0    0     0     0 6044 12505  0  0 100  0
procs -----------memory---------- ---swap-- -----io---- -system-- ----cpu----
 r  b   swpd   free   buff  cache   si   so    bi    bo   in   cs us sy id wa
 1  0      0 81186184 324888 30648532    0    0     0     0 6038 12508  0  0 99  0
 1  0      0 81185632 324888 30648540    0    0     0    32 6147 12781  1  0 99  0
 0  0      0 81184032 324888 30648512    0    0     0   138 6523 14708  1  1 98  0
 1  0      0 81183856 324888 30648516    0    0     0  2366 6183 12828  0  0 99  0
 0  0      0 81183376 324888 30648968    0    0     0     0 6128 12630  0  0 99  0
 1  0      0 81183992 324888 30648972    0    0     0     0 6205 12558  0  0 99  0
 0  0      0 81185064 324888 30649056    0    0     0   240 7157 18551  1  1 98  0
 0  0      0 81183928 324888 30649088    0    0     0   174 6174 13513  1  0 99  0
 0  0      0 81183840 324888 30649088    0    0     0  3578 6261 12775  0  0 99  0
 0  0      0 81184104 324888 30649088    0    0     0     0 6063 12474  0  0 99  0
 1  0      0 81183144 324888 30649052    0    0     0     0 6357 13395  1  0 99  0
 0  0      0 81183064 324888 30649052    0    0     0    36 6188 12676  0  0 99  0
 1  0      0 81181472 324888 30649092    0    0     0     0 7624 12927  1  0 99  0
