procs -----------memory---------- ---swap-- -----io---- -system-- ----cpu----
 r  b   swpd   free   buff  cache   si   so    bi    bo   in   cs us sy id wa
 1  0  25456 1383104 156920 2924284    0    0     0    60    0    0  1  0 98  0
 0  0  25456 1383088 156920 2924280    0    0     0    20  360  771  0  0 100  0
 0  0  25456 1383056 156920 2924280    0    0     0     0  500  938  1  0 98  0
 0  0  25456 1382932 156920 2924280    0    0     0    28  355  635  0  0 100  0
 0  0  25456 1382684 156920 2924280    0    0     0     4  323  715  0  0 99  0
 0  0  25456 1382592 156920 2924280    0    0     0     0  353  703  1  0 99  0
 0  0  25456 1382872 156920 2924284    0    0     0    10  400  795  0  0 99  0
 0  0  25456 1382840 156920 2924288    0    0     0     0  414  839  1  0 99  0
 0  0  25456 1382716 156920 2924288    0    0     0     0  377  662  1  0 99  0
 1  0  25456 1382592 156920 2924288    0    0     0     8  347  710  1  0 99  0
 0  0  25456 1382592 156920 2924288    0    0     0     0  493  902  1  0 99  0
 0  0  25456 1382396 156920 2924292    0    0     0    10  374  787  0  0 99  0
 0  0  25456 1382396 156920 2924292    0    0     0    12  454  791  3  4 93  0
 0  0  25456 1382204 156920 2924296    0    0     0     0  465  749  1  0 99  0
 0  0  25456 1382452 156920 2924296    0    0     0     8  361  753  1  0 99  0
 0  0  25456 1382328 156920 2924296    0    0     0    14  360  718  0  0 99  0
 0  0  25456 1382296 156920 2924296    0    0     0    16  322  683  0  0 99  0
 0  0  25456 1382172 156920 2924296    0    0     0     0  340  710  1  0 99  0
 0  0  25456 1380676 156920 2924304    0    0     0    16  412  776  0  0 99  0
 0  0  25456 1380388 156920 2924308    0    0     0    22  326  710  0  0 100  0
 0  0  25456 1380732 156920 2924308    0    0     0     0  344  717  0  0 100  0
procs -----------memory---------- ---swap-- -----io---- -system-- ----cpu----
 r  b   swpd   free   buff  cache   si   so    bi    bo   in   cs us sy id wa
 0  0  25456 1380636 156920 2924308    0    0     0    22  339  736  0  0 100  0
 0  0  25456 1381008 156920 2924304    0    0     0     0  405  834  1  0 99  0
 0  0  25456 1381000 156920 2924308    0    0     0     0  410  712  1  0 99  0
 0  0  25456 1381032 156920 2924308    0    0     0    20  355  741  1  0 99  0
 0  0  25456 1381000 156920 2924308    0    0     0     0  371  771  0  0 99  0
 0  0  25456 1381612 156920 2924312    0    0     0     0  470  902  1  0 99  0
 1  0  25456 1381684 156920 2924312    0    0     0     8  360  632  2  1 96  0
 0  0  25456 1381592 156920 2924316    0    0     0     0  473  931  2  2 97  0
 0  0  25456 1381592 156920 2924316    0    0     0    18  347  745  1  0 99  0
 0  0  25456 1381312 156920 2924316    0    0     0    16  369  737  1  0 99  0
 0  0  25456 1381312 156920 2924316    0    0     0     6  366  714  1  0 99  0
 0  0  25456 1381188 156920 2924320    0    0     0     0  489  874  1  0 99  0
 0  0  25456 1381644 156920 2924320    0    0     0    10  373  747  0  0 99  0
 0  0  25456 1381644 156920 2924324    0    0     0    20  367  760  1  0 99  0
 0  0  25456 1381676 156920 2924324    0    0     0     0  339  683  0  0 100  0
 0  0  25456 1381552 156920 2924324    0    0     0    12  317  681  0  0 99  0
 0  0  25456 1381396 156920 2924324    0    0     0     0  303  601  0  0 100  0
 0  0  25456 1381396 156920 2924324    0    0     0     0  371  748  0  0 100  0
 1  0  25456 1381768 156920 2924324    0    0     0    34  348  723  1  0 99  0
 0  0  25456 1381768 156920 2924324    0    0     0     0  376  738  1  0 99  0
 0  0  25456 1381612 156920 2924324    0    0     0     0  418  826  1  0 99  0
procs -----------memory---------- ---swap-- -----io---- -system-- ----cpu----
 r  b   swpd   free   buff  cache   si   so    bi    bo   in   cs us sy id wa
 1  0  25456 1381520 156920 2924332    0    0     0     8  369  686  1  0 99  0
 0  0  25456 1381348 156920 2924336    0    0     0     0  588  957  4  4 93  0
 0  0  25456 1381100 156920 2924336    0    0     0     0  330  708  1  0 99  0
 0  0  25456 1381444 156920 2924336    0    0     0    14  349  707  1  0 99  0
 0  0  25456 1381348 156920 2924340    0    0     0    10  324  706  0  0 100  0
 0  0  25456 1381256 156920 2924340    0    0     0     0  337  656  1  0 100  0
 0  0  25456 1379596 156920 2924344    0    0     0    14  417  832  1  0 99  0
 0  0  25456 1379472 156920 2924348    0    0     0     8  328  692  1  0 99  0
 0  0  25456 1379288 156920 2924352    0    0     0     0  346  694  0  0 100  0
 0  0  25456 1379104 156920 2924352    0    0     0    42  340  743  0  0 100  0
 0  0  25456 1380040 156920 2924352    0    0     0     0  315  644  0  0 99  0
 0  0  25456 1379992 156920 2924348    0    0     0     0  353  731  0  0 99  0
 0  0  25456 1379992 156920 2924348    0    0     0    26  357  733  1  0 99  0
 0  0  25456 1379868 156920 2924348    0    0     0     0  357  702  1  0 99  0
 0  0  25456 1379868 156920 2924348    0    0     0    30  325  697  0  0 99  0
 0  0  25456 1379868 156920 2924348    0    0     0     6  334  658  0  0 100  0
 0  0  25456 1380396 156920 2924352    0    0     0     0  566  900  3  4 93  0
 0  0  25456 1380396 156920 2924352    0    0     0    10  354  748  1  0 99  0
 1  0  25456 1380364 156920 2924352    0    0     0    14  339  714  1  0 99  0
 0  0  25456 1380364 156920 2924352    0    0     0     0  329  706  0  0 99  0
 0  0  25456 1380364 156920 2924352    0    0     0     0  310  604  0  0 100  0
procs -----------memory---------- ---swap-- -----io---- -system-- ----cpu----
 r  b   swpd   free   buff  cache   si   so    bi    bo   in   cs us sy id wa
 1  0  25456 1380232 156920 2924352    0    0     0     8  459  878  1  0 99  0
 0  0  25456 1380108 156920 2924352    0    0     0     6  343  742  1  0 99  0
 0  0  25456 1380484 156920 2924352    0    0     0     0  348  751  0  0 99  0
 0  0  25456 1380636 156920 2924352    0    0     0    28  329  707  1  0 99  0
 0  0  25456 1380480 156920 2924352    0    0     0     0  329  639  0  0 100  0
 0  0  25456 1380356 156920 2924356    0    0     0     0  362  767  0  0 100  0
 0  0  25456 1380108 156920 2924356    0    0     0    20  400  759  1  1 99  0
 0  0  25456 1379984 156920 2924356    0    0     0     0  356  769  0  0 100  0
 0  0  25456 1379828 156920 2924356    0    0     0    10  365  683  0  0 99  0
 1  0  25456 1380044 156920 2924360    0    0     0     0  414  838  1  0 99  0
 0  0  25456 1379716 156920 2924364    0    0     0     0  630  945  4  3 93  0
 0  0  25456 1379624 156920 2924364    0    0     0    24  375  794  0  0 99  0
 0  0  25456 1379500 156920 2924364    0    0     0     0  356  751  1  0 99  0
 0  0  25456 1379376 156920 2924364    0    0     0     0  300  587  0  0 100  0
 0  0  25456 1379220 156920 2924364    0    0     0     8  335  727  0  0 99  0
 0  0  25456 1377972 156920 2924368    0    0     0     0  429  888  1  1 99  0
 1  0  25456 1377748 156920 2924368    0    0     0     6  339  731  0  0 100  0
 0  0  25456 1377500 156920 2924372    0    0     0    28  354  744  0  0 99  0
 0  0  25456 1377500 156920 2924372    0    0     0     0  304  602  0  0 100  0
 0  0  25456 1377252 156920 2924372    0    0     0     0  352  758  0  0 100  0
 0  0  25456 1378360 156920 2924368    0    0     0    20  388  797  1  0 99  0
procs -----------memory---------- ---swap-- -----io---- -system-- ----cpu----
 r  b   swpd   free   buff  cache   si   so    bi    bo   in   cs us sy id wa
 1  0  25456 1379220 156920 2924368    0    0     0    14  354  750  0  0 99  0
 0  0  25456 1379196 156920 2924372    0    0     0     0  464  862  1  0 99  0
 0  0  25456 1379040 156920 2924372    0    0     0    20  326  630  0  0 100  0
 0  0  25456 1378916 156920 2924372    0    0     0     0  352  732  1  0 99  0
 1  0  25456 1378792 156920 2924376    0    0     0     0  510  895  2  2 95  0
 0  0  25456 1378668 156920 2924376    0    0     0    28  358  729  1  1 98  0
 0  0  25456 1378840 156920 2924376    0    0     0     0  338  726  1  0 99  0
 0  0  25456 1378916 156920 2924376    0    0     0    28  345  645  1  0 99  0
 0  0  25456 1378760 156920 2924380    0    0     0     8  330  722  1  0 99  0
 0  0  25456 1378636 156920 2924384    0    0     0     0  395  778  0  0 99  0
 0  0  25456 1378544 156920 2924384    0    0     0     4  336  731  1  0 99  0
 0  0  25456 1378544 156920 2924384    0    0     0     6  352  738  0  0 100  0
 0  0  25456 1378420 156920 2924384    0    0     0     0  308  604  0  0 100  0
 0  0  25456 1378636 156920 2924384    0    0     0     0  325  701  0  0 99  0
 0  0  25456 1378636 156920 2924384    0    0     0     6  365  746  1  0 99  0
 0  0  25456 1378636 156920 2924384    0    0     0     6  352  741  0  0 99  0
 0  0  25456 1378264 156920 2924384    0    0     0     0  350  741  1  0 99  0
 0  0  25456 1378232 156920 2924384    0    0     0    24  333  647  0  0 100  0
 0  0  25456 1378108 156920 2924384    0    0     0     0  326  705  1  0 99  0
 0  0  25456 1377800 156920 2924388    0    0     0     0  577 1053  1  0 98  0
 0  0  25456 1377828 156920 2924388    0    0     0    28  448  805  4  4 93  0
procs -----------memory---------- ---swap-- -----io---- -system-- ----cpu----
 r  b   swpd   free   buff  cache   si   so    bi    bo   in   cs us sy id wa
 1  0  25456 1377456 156920 2924388    0    0     0     0  396  820  0  0 100  0
 0  0  25456 1377456 156920 2924388    0    0     0     8  305  610  0  0 100  0
 0  0  25456 1377424 156920 2924388    0    0     0     0  377  786  1  0 99  0
 0  0  25456 1377376 156920 2924396    0    0     0     0  589 1035  1  0 99  0
 0  0  25456 1374496 156920 2924400    0    0     0    46  391  831  1  1 98  0
 1  0  25456 1374568 156920 2924404    0    0     0     0  365  673  1  0 99  0
 0  0  25456 1374476 156920 2924404    0    0     0     0  335  724  1  0 99  0
 0  0  25456 1374476 156920 2924404    0    0     0     8  368  772  0  0 99  0
 0  0  25456 1376252 156920 2924404    0    0     0     2  542  941  7  1 93  0
 0  0  25456 1376384 156920 2924404    0    0     0     0  345  704  1  0 99  0
 0  0  25456 1376416 156920 2924404    0    0     0    30  340  660  0  0 100  0
 0  0  25456 1376292 156920 2924408    0    0     0     0  419  875  0  0 99  0
 0  0  25456 1376664 156920 2924408    0    0     0     0  334  695  1  0 99  0
 0  0  25456 1376540 156920 2924412    0    0     0    20  450  865  0  0 99  0
 0  0  25456 1376508 156920 2924412    0    0     0    34  488  768  4  3 93  0
 0  0  25456 1376416 156920 2924412    0    0     0     0  319  615  0  0 100  0
 0  0  25456 1376416 156920 2924412    0    0     0    20  335  691  0  0 100  0
 0  0  25456 1376284 156920 2924412    0    0     0     0  362  742  1  0 99  0
 0  0  25456 1376632 156920 2924416    0    0     0     0  369  732  1  0 99  0
 0  0  25456 1376632 156920 2924416    0    0     0    26  350  738  1  0 99  0
 0  0  25456 1376508 156920 2924416    0    0     0     0  317  608  0  0 100  0
procs -----------memory---------- ---swap-- -----io---- -system-- ----cpu----
 r  b   swpd   free   buff  cache   si   so    bi    bo   in   cs us sy id wa
 1  0  25456 1376540 156920 2924416    0    0     0    50  323  663  0  0 100  0
 0  0  25456 1376292 156920 2924416    0    0     0     6  352  750  0  0 99  0
 0  0  25456 1376136 156920 2924416    0    0     0     0  372  735  1  0 99  0
 0  0  25456 1376420 156920 2924416    0    0     0     2  365  735  1  0 99  0
 0  0  25456 1376324 156920 2924416    0    0     0     8  330  645  0  0 100  0
 0  0  25456 1376200 156920 2924416    0    0     0     0  348  729  1  0 99  0
 0  0  25456 1375920 156920 2924416    0    0     0     0  324  707  1  0 99  0
 0  0  25456 1375880 156920 2924416    0    0     0     8  511  866  1  0 99  0
 0  0  25456 1375476 156920 2924424    0    0     0     2  520  824  4  4 93  0
 0  0  25456 1375476 156920 2924424    0    0     0    16  337  662  0  0 100  0
 0  0  25456 1376096 156920 2924424    0    0     0    20  337  703  0  0 99  0
 0  0  25456 1376096 156920 2924424    0    0     0     0  356  727  1  0 99  0
 0  0  25456 1374748 156920 2924432    0    0     0    14  471  937  1  0 99  0
 0  0  25456 1374468 156920 2924436    0    0     0     2  356  741  0  0 100  0
 0  0  25456 1374468 156920 2924444    0    0     0     0  379  687  1  0 99  0
 0  0  25456 1374220 156920 2924444    0    0     0    24  438  843  1  0 99  0
 0  0  25456 1375944 156920 2924448    0    0     0     0  345  756  1  0 99  0
 0  0  25456 1376072 156920 2924444    0    0     0    20  368  728  1  0 99  0
 0  0  25456 1375980 156920 2924444    0    0     0    28  396  795  1  0 99  0
 0  0  25456 1375824 156920 2924444    0    0     0     0  369  693  0  0 99  0
 0  0  25456 1375700 156920 2924444    0    0     0    20  350  718  0  0 99  0
procs -----------memory---------- ---swap-- -----io---- -system-- ----cpu----
 r  b   swpd   free   buff  cache   si   so    bi    bo   in   cs us sy id wa
 1  0  25456 1375700 156920 2924444    0    0     0     0  352  736  0  0 99  0
 0  0  25456 1375828 156920 2924444    0    0     0     0  432  798  1  0 99  0
 1  0  25456 1375980 156920 2924444    0    0     0    22  497  857  3  3 94  0
 0  0  25456 1375888 156920 2924444    0    0     0     0  330  610  1  1 99  0
 0  0  25456 1375856 156920 2924444    0    0     0     0  332  702  0  0 100  0
 0  0  25456 1375732 156920 2924444    0    0     0     8  365  741  1  0 99  0
 0  0  25456 1375796 156920 2924448    0    0     0     0  437  813  1  0 99  0
 2  0  25456 1375704 156920 2924452    0    0     0    26  321  660  1  0 99  0
 0  0  25456 1375920 156920 2924452    0    0     0    12  325  658  1  0 99  0
 1  0  25456 1375672 156920 2924452    0    0     0     4  318  671  0  0 100  0
 0  0  25456 1375548 156920 2924452    0    0     0     0  345  722  1  0 99  0
 0  0  25456 1375424 156920 2924452    0    0     0    12  375  729  1  0 99  0
 1  0  25456 1375300 156920 2924452    0    0     0     0  341  648  0  0 100  0
 0  0  25456 1375176 156920 2924456    0    0     0     0  482  843  2  0 98  0
 0  0  25456 1375736 156920 2924456    0    0     0    24  365  726  0  1 99  0
 0  0  25456 1375736 156920 2924456    0    0     0     0  346  734  1  0 99  0
 0  0  25456 1375700 156920 2924464    0    0     0     0  508  875  1  0 99  0
 0  0  25456 1375576 156920 2924464    0    0     0    10  388  705  1  0 99  0
 0  0  25456 1375452 156920 2924468    0    0     0     0  549  966  5  3 92  0
 0  0  25456 1375336 156920 2924468    0    0     0    10  348  696  1  0 99  0
 0  0  25456 1375088 156920 2924468    0    0     0    14  457  839  1  1 99  0
procs -----------memory---------- ---swap-- -----io---- -system-- ----cpu----
 r  b   swpd   free   buff  cache   si   so    bi    bo   in   cs us sy id wa
 0  0  25456 1374048 156920 2924480    0    0     0     0  419  830  1  0 99  0
 0  0  25456 1373824 156920 2924484    0    0     0     4  350  677  0  0 100  0
 0  0  25456 1373576 156920 2924484    0    0     0    30  435  830  1  0 99  0
 0  0  25456 1373544 156920 2924492    0    0     0    22  454  821  1  0 99  0
 0  0  25456 1373780 156920 2924492    0    0     0    12  449  876  1  1 99  0
 0  0  25456 1373908 156920 2924488    0    0     0     0  347  738  0  0 99  0
 0  0  25456 1373908 156920 2924488    0    0     0     2  356  660  1  0 99  0
 0  0  25456 1374652 156920 2924492    0    0     0    20  340  724  0  0 100  0
 0  0  25456 1374588 156920 2924492    0    0     0     0  400  784  1  0 99  0
 0  0  25456 1374620 156920 2924496    0    0     0     0  339  733  1  0 99  0
 0  0  25456 1374844 156920 2924504    0    0     0     8  589 1064  1  0 99  0
 0  0  25456 1374720 156920 2924508    0    0     0    34  347  652  0  0 99  0
 0  0  25456 1374660 156920 2924508    0    0     0     0  526  850  3  4 93  0
 0  0  25456 1375124 156920 2924508    0    0     0    16  311  694  1  0 99  0
 0  0  25456 1375116 156920 2924508    0    0     0     0  345  735  1  0 99  0
 0  0  25456 1374868 156920 2924508    0    0     0     0  383  757  0  0 99  0
 0  0  25456 1374868 156920 2924508    0    0     0    32  315  618  0  0 100  0
 0  0  25456 1374744 156920 2924508    0    0     0     0  341  736  0  0 100  0
 0  0  25456 1374620 156920 2924508    0    0     0     2  379  811  1  0 99  0
 0  0  25456 1374868 156920 2924516    0    0     0     8  487  908  1  1 98  0
 0  0  25456 1374776 156920 2924520    0    0     0     0  432  845  0  0 99  0
procs -----------memory---------- ---swap-- -----io---- -system-- ----cpu----
 r  b   swpd   free   buff  cache   si   so    bi    bo   in   cs us sy id wa
 1  0  25456 1374744 156920 2924520    0    0     0    20  303  588  0  0 99  0
 0  0  25456 1374496 156920 2924520    0    0     0    12  360  752  1  0 99  0
 0  0  25456 1374372 156920 2924520    0    0     0     4  352  745  0  0 100  0
 0  0  25456 1374372 156920 2924524    0    0     0     0  368  798  0  0 99  0
 0  0  25456 1374616 156920 2924524    0    0     0    34  482  880  1  0 99  0
 0  0  25456 1374636 156920 2924528    0    0     0     0  303  603  0  0 100  0
 0  0  25456 1374544 156920 2924528    0    0     0     0  567  894  4  3 93  0
 0  0  25456 1374428 156920 2924532    0    0     0    46  311  683  0  0 100  0
 0  0  25456 1374428 156920 2924532    0    0     0     0  337  711  0  0 99  0
 0  0  25456 1372776 156920 2924536    0    0     0     0  422  798  1  1 99  0
 0  0  25456 1372264 156920 2924544    0    0     0    26  370  698  1  0 99  0
 0  0  25456 1372884 156920 2924548    0    0     0     0  582  997  2  0 98  0
 0  0  25456 1372884 156920 2924548    0    0     0    12  347  729  0  0 99  0
 0  0  25456 1372696 156920 2924556    0    0     0    12  456  857  1  0 99  0
 0  0  25456 1373092 156920 2924552    0    0     0     0  383  745  0  0 100  0
 0  0  25456 1373000 156920 2924552    0    0     0     0  423  844  1  0 99  0
 0  0  25456 1373000 156920 2924552    0    0     0    22  334  701  1  0 99  0
 0  0  25456 1373860 156920 2924552    0    0     0    22  343  733  0  0 100  0
 0  0  25456 1373868 156920 2924552    0    0     0     0  340  730  0  0 99  0
 0  0  25456 1373868 156920 2924556    0    0     0    12  400  724  0  0 100  0
 0  0  25456 1373620 156920 2924556    0    0     0    14  369  747  1  0 99  0
procs -----------memory---------- ---swap-- -----io---- -system-- ----cpu----
 r  b   swpd   free   buff  cache   si   so    bi    bo   in   cs us sy id wa
 2  0  25456 1373528 156920 2924560    0    0     0     0  479  762  3  3 94  0
 0  0  25456 1373404 156920 2924560    0    0     0    20  322  712  0  0 99  0
 0  0  25456 1373376 156920 2924560    0    0     0     0  427  831  1  0 99  0
 0  0  25456 1373848 156920 2924564    0    0     0     0  407  675  0  0 99  0
 0  0  25456 1373720 156920 2924564    0    0     0    22  349  720  1  0 99  0
 0  0  25456 1373720 156920 2924568    0    0     0     0  372  785  0  0 99  0
 0  0  25456 1373720 156920 2924568    0    0     0    32  360  735  1  0 99  0
 0  0  25456 1373720 156920 2924568    0    0     0     8  346  728  0  0 99  0
 0  0  25456 1373504 156920 2924572    0    0     0     0  356  657  0  0 100  0
 0  0  25456 1373504 156920 2924572    0    0     0    14  341  728  1  0 99  0
 0  0  25456 1373968 156920 2924572    0    0     0    12  339  706  0  1 99  0
 0  0  25456 1373876 156920 2924572    0    0     0     6  367  758  1  0 99  0
 0  0  25456 1373876 156920 2924572    0    0     0     0  329  699  1  0 99  0
 0  0  25456 1373608 156920 2924576    0    0     0    14  510  819  1  0 98  0
 1  0  25456 1373392 156920 2924580    0    0     0    14  462  889  1  0 99  0
 0  0  25456 1373268 156920 2924580    0    0     0     0  359  721  0  0 99  0
 0  0  25456 1373612 156920 2924580    0    0     0    16  427  771  3  3 93  0
 0  0  25456 1373516 156920 2924580    0    0     0     0  350  728  0  0 99  0
 0  0  25456 1373524 156920 2924584    0    0     0     0  361  669  0  0 99  0
 0  0  25456 1371724 156920 2924588    0    0     0    24  380  808  1  0 99  0
 0  0  25456 1371724 156920 2924588    0    0     0     0  329  711  0  0 99  0
procs -----------memory---------- ---swap-- -----io---- -system-- ----cpu----
 r  b   swpd   free   buff  cache   si   so    bi    bo   in   cs us sy id wa
 2  0  25456 1371724 156920 2924588    0    0     0     0  384  774  0  0 99  0
 0  0  25456 1371912 156920 2924596    0    0     0     8  366  765  1  0 99  0
 0  0  25456 1372832 156920 2924592    0    0     0     0  355  705  0  0 100  0
 1  0  25456 1372708 156920 2924592    0    0     0    12  534  957  1  0 99  0
 0  0  25456 1372460 156920 2924596    0    0     0    20  400  776  1  0 99  0
 0  0  25456 1372428 156920 2924600    0    0     0    16  364  746  1  0 99  0
 0  0  25456 1372056 156920 2924600    0    0     0     0  379  794  1  0 99  0
 0  0  25456 1372024 156920 2924604    0    0     0    14  399  720  0  0 99  0
 0  0  25456 1372520 156920 2924604    0    0     0    10  329  706  1  0 99  0
 0  0  25456 1372520 156920 2924604    0    0     0     0  319  669  1  0 99  0
 0  0  25456 1372364 156920 2924608    0    0     0    32  571  864  4  4 93  0
 0  0  25456 1372272 156920 2924608    0    0     0     0  364  763  0  0 99  0
 0  0  25456 1371992 156920 2924608    0    0     0    12  342  626  0  0 100  0
 0  0  25456 1371992 156920 2924608    0    0     0     8  353  757  1  0 99  0
 0  0  25456 1372364 156920 2924608    0    0     0     0  345  698  0  0 100  0
 0  0  25456 1372364 156920 2924608    0    0     0    12  327  702  0  0 100  0
 0  0  25456 1372364 156920 2924608    0    0     0     0  318  614  0  0 100  0
 0  0  25456 1372084 156920 2924608    0    0     0     0  366  775  1  0 99  0
 0  0  25456 1371952 156920 2924608    0    0     0     6  350  730  0  0 99  0
 0  0  25456 1371952 156920 2924608    0    0     0     0  347  708  0  0 100  0
 0  0  25456 1372140 156920 2924612    0    0     0    28  390  773  1  0 99  0
procs -----------memory---------- ---swap-- -----io---- -system-- ----cpu----
 r  b   swpd   free   buff  cache   si   so    bi    bo   in   cs us sy id wa
 1  0  25456 1372168 156920 2924612    0    0     0     8  306  604  0  0 100  0
 0  0  25456 1372048 156920 2924616    0    0     0     0  479  837  1  0 99  0
 0  0  25456 1371924 156920 2924620    0    0     0    12  379  775  1  0 99  0
 0  0  25456 1371800 156920 2924620    0    0     0    18  361  751  0  0 99  0
 0  0  25456 1371808 156920 2924620    0    0     0     0  502  820  4  3 93  0
 0  0  25456 1371684 156920 2924620    0    0     0     0  329  630  0  0 99  0
 0  0  25456 1372056 156920 2924624    0    0     0    10  392  767  0  0 100  0
 0  0  25456 1370420 156920 2924628    0    0     0    14  495  966  1  0 99  0
 0  0  25456 1370388 156920 2924636    0    0     0     0  339  702  0  0 100  0
 0  0  25456 1370172 156920 2924636    0    0     0    30  396  762  1  0 99  0
 0  0  25456 1370080 156920 2924636    0    0     0     0  319  625  1  0 99  0
 0  0  25456 1371056 156920 2924632    0    0     0     0  373  798  0  0 100  0
 0  0  25456 1371552 156920 2924632    0    0     0    22  340  722  1  0 99  0
 0  0  25456 1371428 156920 2924632    0    0     0     0  327  687  1  0 99  0
 0  0  25456 1371428 156920 2924636    0    0     0     0  390  788  1  0 99  0
 0  0  25456 1371304 156920 2924636    0    0     0     8  320  630  0  0 100  0
 0  0  25456 1371204 156920 2924640    0    0     0     0  428  832  0  0 99  0
 0  0  25456 1370956 156920 2924640    0    0     0    34  351  720  1  0 99  0
 0  0  25456 1370832 156920 2924640    0    0     0    14  348  720  0  0 99  0
 0  0  25456 1371176 156920 2924640    0    0     0    16  404  823  3  3 94  0
 0  0  25456 1371080 156920 2924640    0    0     0     0  324  640  1  0 99  0
procs -----------memory---------- ---swap-- -----io---- -system-- ----cpu----
 r  b   swpd   free   buff  cache   si   so    bi    bo   in   cs us sy id wa
 1  0  25456 1370956 156920 2924640    0    0     0    14  373  734  0  0 99  0
 0  0  25456 1370800 156920 2924640    0    0     0     4  357  735  1  1 99  0
 0  0  25456 1370552 156920 2924640    0    0     0     0  339  719  0  0 100  0
 0  0  25456 1370552 156920 2924640    0    0     0    24  372  743  1  0 99  0
 0  0  25456 1370388 156920 2924644    0    0     0     0  303  605  0  0 100  0
 0  0  25456 1370732 156920 2924644    0    0     0     0  355  748  1  0 99  0
 0  0  25456 1370760 156920 2924644    0    0     0    14  339  712  1  0 99  0
 0  0  25456 1370728 156920 2924648    0    0     0     0  382  738  1  0 99  0
 0  0  25456 1370604 156920 2924648    0    0     0     0  332  690  0  0 99  0
 0  0  25456 1370480 156920 2924648    0    0     0     8  310  612  0  0 100  0
 0  0  25456 1370348 156920 2924652    0    0     0     0  486  882  1  0 99  0
 0  0  25456 1370596 156920 2924652    0    0     0     0  370  745  1  0 99  0
 0  0  25456 1370564 156920 2924656    0    0     0    12  434  860  0  1 99  0
 2  0  25456 1370388 156920 2924656    0    0     0    18  320  644  1  1 98  0
 0  0  25456 1370388 156920 2924656    0    0     0     0  405  784  3  3 94  0
 0  0  25456 1368868 156920 2924664    0    0     0    12  410  831  1  0 99  0
 0  0  25456 1368836 156920 2924664    0    0     0     0  348  721  1  0 99  0
 0  0  25456 1369056 156920 2924664    0    0     0     0  359  761  1  0 99  0
 0  0  25456 1369208 156920 2924664    0    0     0    24  315  620  0  0 100  0
 0  0  25456 1370288 156920 2924664    0    0     0     0  328  748  0  0 99  0
 0  0  25456 1370224 156920 2924660    0    0     0     0  356  733  1  0 99  0
procs -----------memory---------- ---swap-- -----io---- -system-- ----cpu----
 r  b   swpd   free   buff  cache   si   so    bi    bo   in   cs us sy id wa
 1  0  25456 1370224 156920 2924664    0    0     0    48  389  782  1  0 99  0
 0  0  25456 1369852 156920 2924664    0    0     0     0  353  708  0  0 99  0
 0  0  25456 1369852 156920 2924664    0    0     0     4  302  601  0  0 100  0
 0  0  25456 1370100 156920 2924664    0    0     0    14  354  732  0  0 99  0
 0  0  25456 1370132 156920 2924672    0    0     0     0  460  862  1  0 99  0
 0  0  25456 1370008 156920 2924672    0    0     0    10  339  711  0  0 99  0
 0  0  25456 1369852 156920 2924672    0    0     0    16  361  746  1  0 99  0
 0  0  25456 1369620 156920 2924672    0    0     0     0  311  606  0  0 100  0
 0  0  25456 1369620 156920 2924672    0    0     0     0  459  808  3  3 94  0
 0  0  25456 1369964 156920 2924672    0    0     0     8  387  777  1  0 99  0
 0  0  25456 1369868 156920 2924676    0    0     0    46  467  894  1  0 99  0
 0  0  25456 1369868 156920 2924676    0    0     0     0  345  717  1  0 99  0
 0  0  25456 1369744 156920 2924676    0    0     0    10  326  629  0  0 100  0
 0  0  25456 1369588 156920 2924680    0    0     0     0  357  732  1  0 99  0
 0  0  25456 1369464 156920 2924680    0    0     0     0  371  741  1  0 99  0
 0  0  25456 1369712 156920 2924680    0    0     0     8  334  719  1  0 99  0
 0  0  25456 1369712 156920 2924680    0    0     0     0  327  693  0  0 100  0
 0  0  25456 1369556 156920 2924680    0    0     0    22  343  656  0  0 99  0
 0  0  25456 1369432 156920 2924680    0    0     0    16  373  795  1  0 99  0
 0  0  25456 1369460 156920 2924680    0    0     0     0  500  879  1  0 99  0
 0  0  25456 1369460 156920 2924684    0    0     0     2  342  723  1  0 99  0
procs -----------memory---------- ---swap-- -----io---- -system-- ----cpu----
 r  b   swpd   free   buff  cache   si   so    bi    bo   in   cs us sy id wa
 1  0  25456 1369180 156920 2924684    0    0     0    14  341  711  0  0 99  0
 0  0  25456 1369552 156920 2924684    0    0     0     0  280  572  0  0 100  0
 0  0  25456 1369552 156920 2924684    0    0     0     0  521  839  4  3 93  0
 0  0  25456 1368064 156920 2924696    0    0     0    10  445  896  1  1 99  0
 0  0  25456 1367800 156920 2924700    0    0     0     0  361  741  1  0 99  0
 0  0  25456 1367676 156920 2924704    0    0     0     0  400  772  1  0 99  0
 0  0  25456 1367396 156920 2924704    0    0     0    30  403  741  1  0 99  0
 0  0  25456 1368388 156920 2924700    0    0     0     0  343  767  0  0 99  0
 0  0  25456 1368972 156920 2924700    0    0     0    22  474  858  1  0 99  0
 0  0  25456 1368880 156920 2924704    0    0     0    24  372  769  1  0 99  0
 0  0  25456 1368788 156920 2924704    0    0     0     0  337  632  1  0 100  0
 0  0  25456 1368632 156920 2924708    0    0     0     8  378  761  1  0 99  0
 0  0  25456 1368508 156920 2924712    0    0     0     0  355  730  1  0 99  0
 0  0  25456 1368104 156920 2924712    0    0     0     0  427  829  1  0 99  0
 0  0  25456 1368448 156920 2924712    0    0     0    56  337  712  1  0 99  0
 0  0  25456 1368600 156920 2924712    0    0     0     0  318  599  0  0 100  0
 1  0  25456 1368476 156920 2924712    0    0     0     4  381  762  1  0 99  0
 0  0  25456 1368352 156920 2924716    0    0     0    16  569  906  3  4 93  0
 0  0  25456 1368352 156920 2924716    0    0     0     0  369  727  1  0 99  0
 0  0  25456 1368260 156920 2924716    0    0     0     4  350  734  1  0 99  0
 0  0  25456 1368104 156920 2924716    0    0     0     6  348  642  0  0 100  0
procs -----------memory---------- ---swap-- -----io---- -system-- ----cpu----
 r  b   swpd   free   buff  cache   si   so    bi    bo   in   cs us sy id wa
 1  0  25456 1368352 156920 2924716    0    0     0     0  340  710  1  0 99  0
 0  0  25456 1368352 156920 2924716    0    0     0     0  371  744  1  0 99  0
 0  0  25456 1368228 156920 2924716    0    0     0     8  359  732  0  0 99  0
 0  0  25456 1368228 156920 2924716    0    0     0     6  350  750  1  0 99  0
 0  0  25456 1367948 156920 2924716    0    0     0     0  336  636  0  0 100  0
 0  0  25456 1367948 156920 2924716    0    0     0     8  363  756  1  0 99  0
 0  0  25456 1368120 156920 2924716    0    0     0     0  344  738  1  0 99  0
 0  0  25456 1368068 156920 2924720    0    0     0     0  491  867  1  0 99  0
 0  0  25456 1368068 156920 2924720    0    0     0    26  339  748  1  0 99  0
 0  0  25456 1367944 156920 2924724    0    0     0     0  385  713  0  0 100  0
 0  0  25456 1367820 156920 2924728    0    0     0    24  361  741  0  0 100  0
 1  0  25456 1367664 156920 2924728    0    0     0    16  418  805  2  1 97  0
 0  0  25456 1366980 156920 2924740    0    0     0     0  562 1039  2  2 95  0
 0  0  25456 1366964 156920 2924744    0    0     0     2  372  766  1  0 99  0
 0  0  25456 1366808 156920 2924744    0    0     0    28  306  603  0  0 99  0
 0  0  25456 1366684 156920 2924744    0    0     0     0  333  730  0  0 99  0
 0  0  25456 1367064 156920 2924740    0    0     0     0  367  823  1  0 99  0
 0  0  25456 1367204 156920 2924740    0    0     0    20  359  749  0  0 99  0
 0  0  25456 1367548 156920 2924740    0    0     0     6  333  727  1  0 99  0
 0  0  25456 1367452 156920 2924740    0    0     0     0  336  641  0  0 100  0
 0  0  25456 1367452 156920 2924740    0    0     0     8  338  750  0  0 100  0
procs -----------memory---------- ---swap-- -----io---- -system-- ----cpu----
 r  b   swpd   free   buff  cache   si   so    bi    bo   in   cs us sy id wa
 2  0  25456 1367484 156920 2924740    0    0     0     0  367  772  1  0 99  0
 0  0  25456 1367516 156920 2924748    0    0     0     0  465  881  1  0 99  0
 0  0  25456 1367516 156920 2924748    0    0     0    28  332  720  1  0 99  0
 0  0  25456 1367516 156920 2924748    0    0     0     0  311  607  0  0 100  0
 0  0  25456 1368012 156920 2924748    0    0     0    28  333  724  0  0 100  0
 0  0  25456 1367888 156920 2924748    0    0     0     6  358  743  1  0 99  0
 0  0  25456 1367824 156920 2924748    0    0     0     0  461  818  3  3 93  0
 1  0  25456 1367732 156920 2924748    0    0     0    26  380  724  1  0 99  0
 0  0  25456 1367608 156920 2924748    0    0     0    16  371  767  0  0 100  0
 0  0  25456 1367452 156920 2924748    0    0     0     2  328  716  1  0 99  0
 0  0  25456 1367844 156920 2924752    0    0     0     0  363  771  1  0 99  0
 0  0  25456 1367948 156920 2924752    0    0     0    10  362  731  0  0 100  0
 0  0  25456 1367824 156920 2924752    0    0     0     0  336  641  1  0 99  0
 0  0  25456 1367668 156920 2924756    0    0     0     0  361  734  0  0 99  0
 0  0  25456 1367544 156920 2924756    0    0     0    14  348  728  0  0 99  0
 0  0  25456 1367576 156920 2924756    0    0     0     0  375  774  1  0 99  0
 0  0  25456 1367540 156920 2924760    0    0     0     0  512  895  1  0 99  0
 0  0  25456 1367540 156920 2924764    0    0     0    14  397  700  1  0 99  0
 0  0  25456 1368192 156920 2924768    0    0     0     0  385  782  1  0 99  0
 0  0  25456 1368068 156920 2924768    0    0     0     0  327  701  0  0 100  0
 0  0  25456 1367952 156920 2924768    0    0     0     8  343  732  1  0 99  0
procs -----------memory---------- ---swap-- -----io---- -system-- ----cpu----
 r  b   swpd   free   buff  cache   si   so    bi    bo   in   cs us sy id wa
 1  0  25456 1366084 156920 2924776    0    0     0     0  512  899  4  3 93  0
 0  0  25456 1365672 156920 2924780    0    0     0     8  351  660  1  0 99  0
 0  0  25456 1365548 156920 2924780    0    0     0    24  346  717  0  0 99  0
 0  0  25456 1365920 156920 2924780    0    0     0    24  351  724  0  0 100  0
 0  0  25456 1366148 156920 2924780    0    0     0     0  381  826  0  0 99  0
 0  0  25456 1366316 156920 2924780    0    0     0    26  412  790  1  0 99  0
 0  0  25456 1366192 156920 2924780    0    0     0     4  309  602  1  0 99  0
 0  0  25456 1365944 156920 2924780    0    0     0     0  341  700  1  0 99  0
 0  0  25456 1365912 156920 2924780    0    0     0    14  345  729  0  0 99  0
 0  0  25456 1366408 156920 2924780    0    0     0     0  352  751  1  0 99  0
 1  0  25456 1366408 156920 2924784    0    0     0     0  441  846  1  0 99  0
 0  0  25456 1366252 156920 2924784    0    0     0    32  326  619  0  0 99  0
 0  0  25456 1366252 156920 2924784    0    0     0     0  353  722  1  0 99  0
 0  0  25456 1366128 156920 2924784    0    0     0     0  357  751  1  0 99  0
 0  0  25456 1366128 156920 2924784    0    0     0     8  340  745  0  0 100  0
 0  0  25456 1366348 156920 2924784    0    0     0     0  515  843  3  4 93  0
 0  0  25456 1366344 156920 2924784    0    0     0     6  306  598  0  0 99  0
 0  0  25456 1366344 156920 2924784    0    0     0    14  368  751  1  0 99  0
 0  0  25456 1366096 156920 2924784    0    0     0    36  384  781  1  0 99  0
 0  0  25456 1365972 156920 2924792    0    0     0     0  367  754  1  0 99  0
 0  0  25456 1365972 156920 2924792    0    0     0     8  350  745  0  0 99  0
procs -----------memory---------- ---swap-- -----io---- -system-- ----cpu----
 r  b   swpd   free   buff  cache   si   so    bi    bo   in   cs us sy id wa
 1  0  25456 1365972 156920 2924792    0    0     0    20  325  636  0  0 100  0
 0  0  25456 1366220 156920 2924792    0    0     0     0  354  730  0  0 99  0
 0  0  25456 1366064 156920 2924792    0    0     0    18  326  695  1  0 99  0
 0  0  25456 1366064 156920 2924792    0    0     0     0  403  822  1  0 99  0
 0  0  25456 1365780 156920 2924796    0    0     0     0  492  868  1  0 99  0
 0  0  25456 1365592 156920 2924796    0    0     0    12  436  774  1  0 99  0
 0  0  25456 1365468 156920 2924804    0    0     0     0  455  882  1  0 99  0
 0  0  25456 1366088 156920 2924804    0    0     0     6  320  691  1  0 99  0
 0  0  25456 1366064 156920 2924804    0    0     0    10  384  763  1  0 99  0
 1  0  25456 1364932 156920 2924812    0    0     0     0  491  820  2  2 95  0
 0  0  25456 1364428 156920 2924816    0    0     0     0  392  857  1  2 97  0
 0  0  25456 1364148 156920 2924816    0    0     0    28  357  758  1  0 99  0
 0  0  25456 1364148 156920 2924816    0    0     0     0  332  687  0  0 99  0
 0  0  25456 1365400 156920 2924816    0    0     0     0  363  790  1  0 99  0
 0  0  25456 1365536 156920 2924812    0    0     0    18  367  663  0  0 99  0
 0  0  25456 1365380 156920 2924812    0    0     0    24  346  731  1  0 99  0
 0  0  25456 1365288 156920 2924812    0    0     0     0  377  755  1  0 99  0
 0  0  25456 1365040 156920 2924812    0    0     0    24  358  755  0  0 99  0
 0  0  25456 1365072 156920 2924816    0    0     0     0  397  765  1  0 99  0
 0  0  25456 1364948 156920 2924824    0    0     0     0  420  730  0  0 99  0
 0  0  25456 1365320 156924 2924824    0    0     0    50  349  723  1  0 99  0
procs -----------memory---------- ---swap-- -----io---- -system-- ----cpu----
 r  b   swpd   free   buff  cache   si   so    bi    bo   in   cs us sy id wa
 1  0  25456 1365320 156924 2924824    0    0     0     0  350  737  0  0 99  0
 0  0  25456 1365164 156924 2924828    0    0     0     8  415  794  1  0 99  0
 0  0  25456 1364944 156924 2924836    0    0     0     0  594 1013  2  0 97  0
 0  0  25456 1364756 156924 2924836    0    0     0     0  527  856  1  0 99  0
 0  0  25456 1364568 156924 2924840    0    0     0    24  583  939  4  4 92  0
 0  0  25456 1364568 156924 2924844    0    0     0     0  387  762  1  0 99  0
 0  0  25456 1364784 156924 2924844    0    0     0     0  373  790  0  0 99  0
 0  0  25456 1364784 156924 2924844    0    0     0     8  352  731  0  0 99  0
 0  0  25456 1364536 156924 2924844    0    0     0     0  325  607  0  0 99  0
 0  0  25456 1364412 156924 2924844    0    0     0     0  344  729  1  0 99  0
 0  0  25456 1364288 156924 2924844    0    0     0     6  370  733  0  0 99  0
10  0  25456 1364164 156924 2924844    0    0     0    20  323  689  0  0 99  0
 0  0  25456 1364524 156924 2924848    0    0     0     0  378  748  1  0 99  0
 0  0  25456 1364464 156924 2924852    0    0     0    10  489  814  0  0 99  0
 0  0  25456 1364372 156924 2924852    0    0     0    16  351  739  1  0 99  0
 0  0  25456 1364124 156924 2924852    0    0     0     0  353  739  1  0 99  0
 0  0  25456 1364092 156924 2924856    0    0     0    32  370  749  0  0 99  0
 0  0  25456 1363936 156924 2924856    0    0     0     0  360  775  0  0 100  0
 0  0  25456 1362100 156924 2924860    0    0     0     0  415  757  1  0 99  0
 0  0  25456 1362464 156924 2924864    0    0     0    36  545  853  4  3 93  0
 0  0  25456 1362340 156924 2924868    0    0     0     0  359  728  1  0 99  0
procs -----------memory---------- ---swap-- -----io---- -system-- ----cpu----
 r  b   swpd   free   buff  cache   si   so    bi    bo   in   cs us sy id wa
 2  0  25456 1362340 156924 2924868    0    0     0    14  337  710  0  0 100  0
 0  0  25456 1363076 156924 2924868    0    0     0     2  342  729  1  0 99  0
 0  0  25456 1363108 156924 2924864    0    0     0     0  326  626  0  0 100  0
 0  0  25456 1363076 156924 2924864    0    0     0    20  395  816  1  0 99  0
 0  0  25456 1363820 156924 2924864    0    0     0     0  356  725  1  0 99  0
 0  0  25456 1363696 156924 2924864    0    0     0     0  325  691  1  0 99  0
 1  0  25456 1363572 156924 2924868    0    0     0     8  421  765  1  0 99  0
 0  0  25456 1363448 156924 2924888    0    0     0     0  536  997  1  0 99  0
 0  0  25456 1363324 156924 2924888    0    0     0    48  347  714  0  0 99  0
 0  0  25456 1363324 156924 2924888    0    0     0    32  348  716  0  0 100  0
 0  0  25456 1363856 156924 2924888    0    0     0     0  315  681  0  0 99  0
 0  0  25456 1363912 156924 2924888    0    0     0     0  325  632  0  0 100  0
 0  0  25456 1363788 156924 2924888    0    0     0     6  379  754  1  0 99  0
 0  0  25456 1363508 156924 2924892    0    0     0    16  470  828  4  3 93  0
 0  0  25456 1363416 156924 2924892    0    0     0     0  372  721  0  0 100  0
 0  0  25456 1363416 156924 2924892    0    0     0    14  367  737  1  0 99  0
 0  0  25456 1363260 156924 2924896    0    0     0     0  372  679  0  0 99  0
 0  0  25456 1363632 156924 2924896    0    0     0     0  353  701  0  0 99  0
 0  0  25456 1363508 156924 2924896    0    0     0    16  334  692  1  0 99  0
 1  0  25456 1363384 156924 2924896    0    0     0     0  352  727  0  0 99  0
 0  0  25456 1363384 156924 2924896    0    0     0     0  342  727  0  0 99  0
procs -----------memory---------- ---swap-- -----io---- -system-- ----cpu----
 r  b   swpd   free   buff  cache   si   so    bi    bo   in   cs us sy id wa
 1  0  25456 1363220 156924 2924896    0    0     0     8  329  633  0  0 99  0
 0  0  25456 1362988 156924 2924900    0    0     0     0  512  885  1  0 99  0
 2  0  25456 1363236 156924 2924904    0    0     0     2  406  784  1  0 99  0
 0  0  25456 1363112 156924 2924908    0    0     0    16  468  872  1  0 99  0
 0  0  25456 1362832 156924 2924908    0    0     0    42  336  685  0  0 99  0
 0  0  25456 1362832 156924 2924908    0    0     0     0  283  588  0  0 100  0
 0  0  25456 1361212 156924 2924916    0    0     0    14  414  806  1  0 99  0
 1  0  25456 1361052 156924 2924920    0    0     0     0  421  763  3  3 95  0
 0  0  25456 1361336 156924 2924920    0    0     0     0  395  798  2  1 98  0
 0  0  25456 1361380 156924 2924920    0    0     0    48  351  745  0  0 100  0
 0  0  25456 1361380 156924 2924920    0    0     0     0  324  630  0  0 100  0
 0  0  25456 1362148 156924 2924916    0    0     0     0  365  759  0  0 99  0
 0  0  25456 1362024 156924 2924916    0    0     0    20  344  699  0  0 99  0
 0  0  25456 1362024 156924 2924916    0    0     0     0  365  714  1  0 99  0
 0  0  25456 1361868 156924 2924916    0    0     0     6  320  683  1  0 99  0
 0  0  25456 1361868 156924 2924916    0    0     0     8  339  648  0  0 99  0
 0  0  25456 1362612 156924 2924920    0    0     0     0  424  810  1  0 99  0
 0  0  25456 1362456 156924 2924920    0    0     0    10  358  727  1  0 99  0
 0  0  25456 1362456 156924 2924924    0    0     0    16  378  740  1  0 99  0
 0  0  25456 1362364 156924 2924924    0    0     0     0  316  689  1  0 99  0
 0  0  25456 1362116 156924 2924924    0    0     0     0  326  637  1  0 99  0
procs -----------memory---------- ---swap-- -----io---- -system-- ----cpu----
 r  b   swpd   free   buff  cache   si   so    bi    bo   in   cs us sy id wa
 1  0  25456 1361992 156924 2924924    0    0     0     8  383  744  0  1 99  0
 0  0  25456 1362332 156924 2924924    0    0     0    54  362  742  1  0 99  0
 0  0  25456 1362332 156924 2924924    0    0     0     0  530  816  4  4 93  0
 0  0  25456 1362208 156924 2924924    0    0     0    10  357  750  0  0 99  0
 0  0  25456 1362208 156924 2924924    0    0     0     0  376  704  1  0 99  0
 0  0  25456 1361836 156924 2924924    0    0     0     0  361  724  1  0 99  0
 0  0  25456 1361836 156924 2924924    0    0     0    20  359  741  1  1 99  0
 0  0  25456 1362056 156924 2924924    0    0     0     0  364  734  0  0 99  0
 0  0  25456 1362084 156924 2924924    0    0     0     0  315  607  0  0 99  0
 0  0  25456 1361960 156924 2924924    0    0     0     8  335  725  0  0 99  0
 0  0  25456 1361828 156924 2924928    0    0     0     0  506  892  1  0 99  0
 1  0  25456 1361796 156924 2924928    0    0     0     6  389  780  1  0 99  0
 0  0  25456 1361580 156924 2924932    0    0     0    14  393  745  1  0 99  0
 0  0  25456 1361456 156924 2924932    0    0     0     0  303  595  0  0 100  0
 0  0  25456 1362076 156924 2924932    0    0     0     0  354  730  1  0 99  0
 0  0  25456 1361928 156924 2924936    0    0     0     8  400  765  0  1 99  0
 0  0  25456 1360044 156924 2924944    0    0     0     0  403  796  1  0 99  0
 0  0  25456 1359920 156924 2924944    0    0     0     0  460  790  3  3 94  0
 0  0  25456 1359764 156924 2924944    0    0     0    40  330  628  0  0 99  0
 1  0  25456 1359640 156924 2924944    0    0     0     0  366  742  1  0 99  0
 0  0  25456 1361524 156924 2924940    0    0     0     0  369  780  1  0 99  0
procs -----------memory---------- ---swap-- -----io---- -system-- ----cpu----
 r  b   swpd   free   buff  cache   si   so    bi    bo   in   cs us sy id wa
 0  0  25456 1361524 156924 2924940    0    0     0    34  394  766  1  0 99  0
 0  0  25456 1361524 156924 2924944    0    0     0     0  339  708  0  0 100  0
 0  0  25456 1361400 156924 2924944    0    0     0    54  317  604  0  0 100  0
 0  0  25456 1361276 156924 2924944    0    0     0    22  354  712  1  0 99  0
 0  0  25456 1361060 156924 2924948    0    0     0     0  454  847  1  0 99  0
 0  0  25456 1361404 156924 2924948    0    0     0     0  320  674  1  0 99  0
 0  0  25456 1361432 156924 2924948    0    0     0     8  372  747  1  0 99  0
 0  0  25456 1361308 156924 2924948    0    0     0     0  314  609  0  0 100  0
 0  0  25456 1361308 156924 2924948    0    0     0     0  334  715  1  0 99  0
 0  0  25456 1361028 156924 2924948    0    0     0     8  401  747  0  0 99  0
 0  0  25456 1361092 156924 2924952    0    0     0     0  509  960  1  0 99  0
 0  0  25456 1361500 156924 2924968    0    0     0     0  528  844  4  3 93  0
 0  0  25456 1361376 156924 2924968    0    0     0     8  289  582  0  0 100  0
 0  0  25456 1361432 156924 2924968    0    0     0     0  411  803  1  0 99  0
 0  0  25456 1361276 156924 2924968    0    0     0     0  379  753  0  0 99  0
 0  0  25456 1361216 156924 2924968    0    0     0    10  434  836  1  0 99  0
 0  0  25456 1361248 156924 2924976    0    0     0     0  388  739  1  0 99  0
 0  0  25456 1361124 156924 2924976    0    0     0    14  310  616  1  0 99  0
 0  0  25456 1361248 156924 2924976    0    0     0    12  335  718  1  0 99  0
 0  0  25456 1360960 156924 2924984    0    0     0     0  513  910  1  0 99  0
 0  0  25456 1360960 156924 2924984    0    0     0    20  371  724  1  0 99  0
procs -----------memory---------- ---swap-- -----io---- -system-- ----cpu----
 r  b   swpd   free   buff  cache   si   so    bi    bo   in   cs us sy id wa
 1  0  25456 1360712 156924 2924988    0    0     0    26  356  735  0  0 99  0
 0  0  25456 1360556 156924 2924988    0    0     0     0  298  602  0  0 100  0
 0  0  25456 1360556 156924 2924988    0    0     0     0  342  710  0  0 99  0
 0  0  25456 1358680 156924 2924996    0    0     0    10  455  873  1  0 99  0
 0  0  25456 1358932 156924 2925004    0    0     0    18  392  776  1  0 99  0
 1  0  25456 1359084 156924 2925004    0    0     0     0  476  692  2  4 94  0
 0  0  25456 1358960 156924 2925004    0    0     0    90  347  720  1  0 99  0
 0  0  25456 1359696 156924 2925004    0    0     0     0  334  753  0  0 100  0
 0  0  25456 1359760 156924 2925004    0    0     0    34  395  804  1  0 99  0
 0  0  25456 1359760 156924 2925004    0    0     0     0  362  754  1  0 99  0
 0  0  25456 1359760 156924 2925008    0    0     0     0  392  685  1  0 99  0
 0  0  25456 1360348 156924 2925012    0    0     0     8  413  812  0  0 99  0
 0  0  25456 1360224 156924 2925012    0    0     0     0  351  735  1  0 99  0
 0  0  25456 1360132 156924 2925016    0    0     0     0  578  993  1  0 98  0
 0  0  25456 1360132 156924 2925020    0    0     0    78  392  785  1  0 99  0
 0  0  25456 1360040 156924 2925024    0    0     0     0  346  629  0  0 100  0
 0  0  25456 1359916 156924 2925024    0    0     0     0  316  697  1  0 99  0
 0  0  25456 1360660 156924 2925024    0    0     0     8  377  797  1  0 99  0
 0  0  25456 1360380 156924 2925024    0    0     0     0  371  746  0  0 99  0
 0  0  25456 1360380 156924 2925028    0    0     0     0  345  730  1  0 99  0
 0  0  25456 1360256 156924 2925028    0    0     0     8  325  614  0  0 100  0
procs -----------memory---------- ---swap-- -----io---- -system-- ----cpu----
 r  b   swpd   free   buff  cache   si   so    bi    bo   in   cs us sy id wa
 1  0  25456 1360132 156924 2925028    0    0     0     0  482  828  4  4 92  0
 0  0  25456 1360008 156924 2925028    0    0     0     0  339  738  1  0 99  0
 0  0  25456 1360320 156924 2925028    0    0     0     8  360  767  1  0 99  0
 0  0  25456 1360224 156924 2925028    0    0     0     0  334  702  0  0 99  0
 0  0  25456 1360100 156924 2925028    0    0     0     0  409  684  1  0 98  0
 0  0  25456 1359852 156924 2925036    0    0     0    10  523  967  1  1 98  0
 0  0  25456 1359728 156924 2925036    0    0     0     0  325  709  1  0 99  0
 0  0  25456 1359720 156924 2925044    0    0     0     0  555  959  1  0 98  0
 0  0  25456 1359736 156924 2925048    0    0     0    30  499  926  1  1 99  0
 0  0  25456 1359844 156924 2925048    0    0     0     0  342  642  0  0 100  0
 0  0  25456 1359820 156924 2925048    0    0     0    30  331  706  0  0 99  0
 0  0  25456 1359696 156924 2925048    0    0     0    30  346  714  1  0 99  0
 0  0  25456 1357944 156924 2925056    0    0     0     0  441  841  1  0 99  0
 0  0  25456 1357472 156924 2925068    0    0     0     0  491  913  1  0 99  0
 0  0  25456 1357472 156924 2925072    0    0     0    26  341  636  0  0 99  0
 0  0  25456 1358216 156924 2925076    0    0     0     0  513  861  3  4 93  0
 0  0  25456 1358836 156924 2925072    0    0     0     0  399  830  1  0 99  0
 0  0  25456 1358860 156924 2925076    0    0     0    20  381  758  1  0 99  0
 0  0  25456 1358672 156924 2925080    0    0     0     0  470  874  1  0 99  0
 0  0  25456 1358548 156924 2925080    0    0     0     0  312  608  0  0 99  0
 0  0  25456 1358424 156924 2925080    0    0     0     8  346  762  0  0 99  0
procs -----------memory---------- ---swap-- -----io---- -system-- ----cpu----
 r  b   swpd   free   buff  cache   si   so    bi    bo   in   cs us sy id wa
 1  0  25456 1358796 156924 2925088    0    0     0     0  392  790  1  0 99  0
 0  0  25456 1358796 156924 2925092    0    0     0     0  454  851  1  0 99  0
 0  0  25456 1358796 156924 2925092    0    0     0    26  343  734  1  0 99  0
 0  0  25456 1358704 156924 2925092    0    0     0     0  332  622  0  0 100  0
 0  0  25456 1358704 156924 2925092    0    0     0    16  396  844  1  0 99  0
 0  0  25456 1358704 156924 2925096    0    0     0    18  334  736  1  0 99  0
 0  0  25456 1359016 156924 2925096    0    0     0     0  363  741  0  0 100  0
 0  0  25456 1359172 156924 2925100    0    0     0    64  386  688  1  0 99  0
 0  0  25456 1359140 156924 2925100    0    0     0    26  402  821  0  1 99  0
 0  0  25456 1358892 156924 2925100    0    0     0     0  406  752  4  3 94  0
 0  0  25456 1358768 156924 2925100    0    0     0     0  332  721  1  0 99  0
 0  0  25456 1358768 156924 2925100    0    0     0     8  369  750  0  0 99  0
 0  0  25456 1358644 156924 2925104    0    0     0     0  399  712  1  0 99  0
 0  0  25456 1358768 156924 2925104    0    0     0     0  355  728  0  0 100  0
 0  0  25456 1359504 156924 2925104    0    0     0    58  415  788  1  0 99  0
 0  0  25456 1359388 156924 2925112    0    0     0     0  327  708  1  0 99  0
 0  0  25456 1359348 156924 2925116    0    0     0     0  498  895  1  0 99  0
 0  0  25456 1359100 156924 2925116    0    0     0    20  307  606  1  0 99  0
 0  0  25456 1358976 156924 2925120    0    0     0     0  579 1018  1  1 98  0
 0  0  25456 1358956 156924 2925124    0    0     0     0  322  704  1  0 99  0
 0  0  25456 1359328 156924 2925128    0    0     0     8  478  898  1  0 99  0
procs -----------memory---------- ---swap-- -----io---- -system-- ----cpu----
 r  b   swpd   free   buff  cache   si   so    bi    bo   in   cs us sy id wa
 1  0  25456 1357392 156924 2925136    0    0     0     0  434  840  1  1 99  0
 0  0  25456 1357260 156924 2925140    0    0     0    54  319  604  0  0 99  0
 0  0  25456 1357260 156924 2925140    0    0     0    40  368  783  0  0 99  0
 0  0  25456 1357012 156924 2925140    0    0     0     0  477  757  4  3 93  0
 0  0  25456 1357496 156924 2925140    0    0     0     0  345  771  0  0 99  0
 0  0  25456 1358188 156924 2925140    0    0     0    22  355  751  0  0 99  0
 0  0  25456 1358244 156924 2925140    0    0     0     0  322  629  0  0 99  0
 0  0  25456 1358148 156924 2925148    0    0     0     0  509  913  2  0 98  0
 0  0  25456 1357992 156924 2925156    0    0     0     8  424  825  1  0 99  0
 0  0  25456 1357868 156924 2925156    0    0     0     0  335  714  0  0 99  0
 0  0  25456 1357560 156924 2925160    0    0     0     0  454  867  0  0 99  0
 0  0  25456 1357528 156924 2925160    0    0     0    10  350  670  1  0 99  0
 0  0  25456 1357892 156924 2925160    0    0     0     0  342  707  0  0 99  0
 0  0  25456 1357736 156924 2925160    0    0     0     0  339  704  1  0 99  0
 0  0  25456 1357736 156924 2925160    0    0     0     8  339  734  1  0 99  0
 0  0  25456 1357612 156924 2925160    0    0     0     0  350  720  1  0 99  0
 0  0  25456 1357520 156924 2925160    0    0     0    12  337  649  0  0 99  0
 0  0  25456 1357364 156924 2925164    0    0     0    12  400  780  1  0 99  0
 1  0  25456 1357644 156924 2925168    0    0     0    40  394  757  1  1 99  0
 0  0  25456 1357644 156924 2925168    0    0     0     0  480  789  3  4 93  0
 0  0  25456 1357612 156924 2925172    0    0     0    10  561  977  2  0 98  0
procs -----------memory---------- ---swap-- -----io---- -system-- ----cpu----
 r  b   swpd   free   buff  cache   si   so    bi    bo   in   cs us sy id wa
 1  0  25456 1357644 156924 2925184    0    0     0     6  313  605  1  0 99  0
 0  0  25456 1357488 156924 2925184    0    0     0     0  361  746  1  0 99  0
 0  0  25456 1357396 156924 2925188    0    0     0    40  380  763  1  0 99  0
 0  0  25456 1357788 156924 2925188    0    0     0     0  359  771  1  0 99  0
 1  0  25456 1357824 156924 2925196    0    0     0     0  503  840  1  0 99  0
 0  0  25456 1357700 156924 2925196    0    0     0    22  332  693  1  0 99  0
 0  0  25456 1357576 156924 2925196    0    0     0     0  377  755  1  0 99  0
 0  0  25456 1357476 156924 2925204    0    0     0    16  381  768  1  0 99  0
 0  0  25456 1357476 156924 2925204    0    0     0     0  325  699  1  0 99  0
 0  0  25456 1355352 156924 2925208    0    0     0     0  415  780  1  1 99  0
 0  0  25456 1355724 156924 2925216    0    0     0    96  408  798  1  0 99  0
 1  0  25456 1355756 156924 2925216    0    0     0     0  374  749  1  0 99  0
 0  0  25456 1355344 156924 2925232    0    0     0     0  582  979  2  0 98  0
 0  0  25456 1356204 156924 2925232    0    0     0    10  475  886  3  4 93  0
 0  0  25456 1356196 156924 2925232    0    0     0     0  332  634  0  0 100  0
 0  0  25456 1356260 156924 2925236    0    0     0     0  437  838  1  1 99  0
 0  0  25456 1356756 156924 2925236    0    0     0    24  358  748  1  0 99  0
 0  0  25456 1356756 156924 2925240    0    0     0     0  403  786  1  0 99  0
 0  0  25456 1356724 156924 2925240    0    0     0     0  339  710  1  0 99  0
 0  0  25456 1356724 156924 2925244    0    0     0    12  456  787  0  0 99  0
 0  0  25456 1356600 156924 2925248    0    0     0     0  342  714  1  0 99  0
procs -----------memory---------- ---swap-- -----io---- -system-- ----cpu----
 r  b   swpd   free   buff  cache   si   so    bi    bo   in   cs us sy id wa
 2  0  25456 1356600 156924 2925248    0    0     0     0  344  715  0  0 99  0
 0  0  25456 1356788 156924 2925252    0    0     0    10  423  832  1  0 99  0
 0  0  25456 1356880 156924 2925256    0    0     0     0  338  729  1  0 99  0
 0  0  25456 1356848 156924 2925256    0    0     0     0  325  607  0  0 100  0
 0  0  25456 1356724 156924 2925264    0    0     0    22  388  777  1  0 99  0
 2  0  25456 1356476 156924 2925264    0    0     0     0  407  780  1  0 99  0
 0  0  25456 1356636 156924 2925280    0    0     0    80  609 1031  2  0 98  0
 0  0  25456 1356536 156924 2925280    0    0     0     0  489  804  3  4 93  0
 0  0  25456 1356444 156924 2925280    0    0     0     0  347  640  0  0 99  0
 0  0  25456 1357064 156924 2925280    0    0     0    20  342  724  1  0 99  0
 0  0  25456 1356816 156924 2925280    0    0     0     0  335  709  0  0 99  0
 0  0  25456 1356816 156924 2925280    0    0     0     0  320  706  1  0 99  0
 0  0  25456 1356568 156924 2925284    0    0     0     6  365  757  1  0 99  0
 0  0  25456 1356436 156924 2925284    0    0     0     0  469  777  1  0 99  0
 0  0  25456 1356304 156924 2925288    0    0     0     6  353  757  1  0 99  0
 0  0  25456 1356800 156924 2925288    0    0     0    18  372  757  1  0 99  0
 0  0  25456 1356768 156924 2925292    0    0     0     0  518  961  1  0 99  0
 0  0  25456 1356612 156924 2925304    0    0     0     0  500  913  1  1 98  0
 0  0  25456 1354952 156924 2925308    0    0     0    10  383  729  1  0 99  0
 1  0  25456 1354944 156924 2925312    0    0     0     8  337  735  1  0 99  0
 0  0  25456 1354820 156924 2925316    0    0     0     0  388  794  1  0 99  0
procs -----------memory---------- ---swap-- -----io---- -system-- ----cpu----
 r  b   swpd   free   buff  cache   si   so    bi    bo   in   cs us sy id wa
 1  0  25456 1355048 156924 2925316    0    0     0    64  417  826  1  0 99  0
 0  0  25456 1355716 156924 2925316    0    0     0     0  575 1048  4  4 93  0
 0  0  25456 1355688 156924 2925316    0    0     0     0  314  634  0  0 100  0
 0  0  25456 1355564 156924 2925320    0    0     0    50  350  749  1  0 99  0
 0  0  25456 1355564 156924 2925320    0    0     0     0  346  717  0  0 99  0
 0  0  25456 1355628 156924 2925320    0    0     0     0  333  714  0  1 99  0
 1  0  25456 1355504 156924 2925320    0    0     0    22  304  605  0  0 100  0
 0  0  25456 1355940 156924 2925324    0    0     0     0  458  852  1  0 99  0
 0  0  25456 1355940 156924 2925324    0    0     0     2  357  787  1  0 99  0
 0  0  25456 1355784 156924 2925324    0    0     0    10  513  902  1  0 98  0
 0  0  25456 1355564 156924 2925340    0    0     0     0  366  726  0  0 99  0
 0  0  25456 1355408 156924 2925344    0    0     0     0  351  655  1  0 99  0
 0  0  25456 1355348 156924 2925344    0    0     0     8  436  876  1  0 99  0
 0  0  25456 1355812 156924 2925344    0    0     0    10  380  797  1  0 99  0
 0  0  25456 1355804 156924 2925344    0    0     0     0  361  739  0  0 100  0
 0  0  25456 1355804 156924 2925344    0    0     0    22  345  720  0  0 100  0
 1  0  25456 1355556 156924 2925344    0    0     0     0  358  642  1  1 98  0
 0  0  25456 1355308 156924 2925348    0    0     0     0  515  903  3  3 94  0
 0  0  25456 1355176 156924 2925348    0    0     0    44  434  872  1  0 99  0
 0  0  25456 1355364 156924 2925348    0    0     0     0  353  717  0  0 99  0
 0  0  25456 1355548 156924 2925348    0    0     0    20  356  746  1  0 99  0
procs -----------memory---------- ---swap-- -----io---- -system-- ----cpu----
 r  b   swpd   free   buff  cache   si   so    bi    bo   in   cs us sy id wa
 1  0  25456 1355424 156924 2925352    0    0     0     0  359  657  1  0 99  0
 0  0  25456 1355220 156924 2925364    0    0     0     0  629 1075  2  0 98  0
 0  0  25456 1355096 156924 2925364    0    0     0    12  339  719  1  0 99  0
 0  0  25456 1355096 156924 2925364    0    0     0     0  354  718  1  0 99  0
 0  0  25456 1355284 156924 2925368    0    0     0    20  376  795  0  0 99  0
 0  0  25456 1355312 156924 2925368    0    0     0    14  315  618  0  0 100  0
 0  0  25456 1353816 156924 2925372    0    0     0     0  396  813  1  1 99  0
 0  0  25456 1353188 156924 2925376    0    0     0     0  365  765  1  0 99  0
 0  0  25456 1353188 156924 2925376    0    0     0    24  343  712  1  0 99  0
 0  0  25456 1353064 156924 2925376    0    0     0     8  357  750  1  0 99  0
 0  0  25456 1354136 156924 2925376    0    0     0     0  335  688  0  0 99  0
 0  0  25456 1354604 156924 2925372    0    0     0    20  574  967  4  3 93  0
 0  0  25456 1354772 156924 2925376    0    0     0    26  396  801  1  0 99  0
 0  0  25456 1354772 156924 2925380    0    0     0     0  545  919  2  0 98  0
 0  0  25456 1354616 156924 2925396    0    0     0    14  418  817  1  0 99  0
 2  0  25456 1354460 156924 2925396    0    0     0     0  331  644  1  0 99  0
 0  0  25456 1354524 156924 2925400    0    0     0     0  476  877  1  0 99  0
 0  0  25456 1354524 156924 2925400    0    0     0    36  351  722  1  0 99  0
 0  0  25456 1355384 156924 2925400    0    0     0     0  326  680  1  0 99  0
 0  0  25456 1355268 156924 2925400    0    0     0     0  319  686  0  0 99  0
 0  0  25456 1355144 156924 2925400    0    0     0     8  328  638  0  0 99  0
procs -----------memory---------- ---swap-- -----io---- -system-- ----cpu----
 r  b   swpd   free   buff  cache   si   so    bi    bo   in   cs us sy id wa
 1  0  25456 1355176 156924 2925400    0    0     0     0  342  708  0  0 100  0
 0  0  25456 1354928 156924 2925400    0    0     0    20  335  743  1  0 99  0
 0  0  25456 1354928 156924 2925400    0    0     0    14  349  738  0  0 99  0
 0  0  25456 1355148 156924 2925400    0    0     0     0  337  738  0  0 100  0
 0  0  25456 1355176 156924 2925400    0    0     0     0  297  591  1  0 99  0
 0  0  25456 1355020 156924 2925400    0    0     0     6  458  816  4  3 93  0
 0  0  25456 1354896 156924 2925400    0    0     0     6  339  721  1  0 99  0
 0  0  25456 1354928 156924 2925400    0    0     0     0  360  723  1  0 99  0
 0  0  25456 1354740 156924 2925404    0    0     0    28  327  630  0  0 100  0
 0  0  25456 1354616 156924 2925404    0    0     0     0  333  731  1  0 99  0
 0  0  25456 1355056 156924 2925404    0    0     0     0  471  877  1  0 99  0
 0  0  25456 1355084 156924 2925408    0    0     0    20  356  770  1  0 99  0
 0  0  25456 1354928 156924 2925408    0    0     0     0  367  723  1  0 99  0
 0  0  25456 1354552 156924 2925428    0    0     0    10  560  864  1  1 98  0
 0  0  25456 1354428 156924 2925428    0    0     0    16  333  722  1  0 99  0
 0  0  25456 1352756 156924 2925436    0    0     0     0  406  856  1  1 99  0
 0  0  25456 1352976 156924 2925444    0    0     0     0  342  745  1  0 99  0
 0  0  25456 1353080 156924 2925444    0    0     0    26  404  790  1  0 99  0
 0  0  25456 1352956 156924 2925444    0    0     0     0  307  611  0  0 100  0
 0  0  25456 1353692 156924 2925444    0    0     0     0  353  790  1  0 99  0
 0  0  25456 1353692 156924 2925440    0    0     0    18  441  811  3  4 93  0
procs -----------memory---------- ---swap-- -----io---- -system-- ----cpu----
 r  b   swpd   free   buff  cache   si   so    bi    bo   in   cs us sy id wa
 1  0  25456 1353692 156924 2925440    0    0     0     0  334  756  1  0 99  0
 0  0  25456 1353740 156924 2925440    0    0     0     0  341  725  0  0 100  0
 0  0  25456 1353816 156924 2925440    0    0     0    26  301  598  0  0 100  0
 0  0  25456 1353816 156924 2925440    0    0     0     0  358  768  1  0 99  0
 0  0  25456 1353632 156924 2925444    0    0     0     0  408  818  1  0 99  0
 0  0  25456 1353632 156924 2925444    0    0     0    32  625 1026  2  1 98  0
 0  0  25456 1353476 156924 2925464    0    0     0     0  345  695  1  0 99  0
 0  0  25456 1353468 156924 2925464    0    0     0    48  297  591  0  0 100  0
 0  0  25456 1353624 156924 2925468    0    0     0     0  385  830  1  0 99  0
 0  0  25456 1353500 156924 2925468    0    0     0     0  358  721  0  0 99  0
 0  0  25456 1353460 156924 2925468    0    0     0    32  368  781  1  0 99  0
 0  0  25456 1353376 156924 2925468    0    0     0     0  339  720  0  0 100  0
 0  0  25456 1353252 156924 2925468    0    0     0     0  313  598  0  0 99  0
 0  0  25456 1353004 156924 2925468    0    0     0     6  344  738  1  0 99  0
 1  0  25456 1353468 156924 2925468    0    0     0     0  415  764  2  1 97  0
 1  0  25456 1353500 156924 2925468    0    0     0     0  441  817  3  2 95  0
 0  0  25456 1353376 156924 2925468    0    0     0     8  333  685  0  0 99  0
 0  0  25456 1353252 156924 2925468    0    0     0     6  293  591  0  0 100  0
 0  0  25456 1353128 156924 2925468    0    0     0     0  357  776  0  0 99  0
 0  0  25456 1352840 156924 2925468    0    0     0    12  505  876  2  0 98  0
 0  0  25456 1353108 156924 2925468    0    0     0    14  355  778  1  0 99  0
procs -----------memory---------- ---swap-- -----io---- -system-- ----cpu----
 r  b   swpd   free   buff  cache   si   so    bi    bo   in   cs us sy id wa
 1  0  25456 1353244 156924 2925468    0    0     0     0  349  716  1  0 99  0
 0  0  25456 1353120 156924 2925468    0    0     0    34  326  632  0  0 99  0
 0  0  25456 1352996 156924 2925472    0    0     0     0  474  924  1  0 99  0
 0  0  25456 1351176 156924 2925488    0    0     0    10  614 1069  1  0 98  0
 0  0  25456 1351180 156924 2925528    0    0     0     6  356  789  1  0 99  0
 0  0  25456 1351024 156924 2925528    0    0     0     0  323  605  0  0 99  0
 0  0  25456 1350900 156924 2925528    0    0     0    36  341  748  0  0 100  0
 0  0  25456 1352256 156924 2925528    0    0     0     0  376  814  1  0 99  0
 0  0  25456 1352196 156924 2925524    0    0     0     0  356  734  0  0 99  0
 0  0  25456 1352164 156924 2925524    0    0     0    22  483  866  4  3 93  0
 0  0  25456 1352040 156924 2925524    0    0     0     0  293  567  0  0 99  0
 0  0  25456 1351916 156924 2925524    0    0     0     0  334  713  1  0 99  0
 0  0  25456 1351792 156924 2925524    0    0     0     6  353  755  1  0 99  0
 0  0  25456 1352040 156924 2925532    0    0     0     0  614 1039  1  0 98  0
 0  0  25456 1351824 156928 2925544    0    0     0    24  366  777  1  0 99  0
 0  0  25456 1351856 156928 2925544    0    0     0    28  293  557  0  0 100  0
 0  0  25456 1351700 156928 2925544    0    0     0    26  310  699  0  0 100  0
 0  0  25456 1351576 156928 2925544    0    0     0     0  372  790  1  0 99  0
 0  0  25456 1351608 156928 2925544    0    0     0    14  360  729  0  0 99  0
 0  0  25456 1352000 156928 2925544    0    0     0    42  341  743  1  0 99  0
 0  0  25456 1351988 156928 2925544    0    0     0     0  309  581  0  0 100  0
procs -----------memory---------- ---swap-- -----io---- -system-- ----cpu----
 r  b   swpd   free   buff  cache   si   so    bi    bo   in   cs us sy id wa
 1  0  25456 1351864 156928 2925544    0    0     0    12  330  721  0  0 100  0
 0  0  25456 1351864 156928 2925544    0    0     0     0  346  742  1  0 99  0
 0  0  25456 1351832 156928 2925544    0    0     0     0  328  697  0  0 100  0
 0  0  25456 1351708 156928 2925544    0    0     0    26  454  814  3  3 94  0
 1  0  25456 1351584 156928 2925544    0    0     0     0  515  808  1  0 98  0
 0  0  25456 1352048 156928 2925568    0    0     0     0  440  810  1  0 99  0
 0  0  25456 1352048 156928 2925568    0    0     0    10  368  745  1  0 99  0
 0  0  25456 1352072 156928 2925572    0    0     0     0  507  883  1  0 99  0
 0  0  25456 1352040 156928 2925576    0    0     0     0  362  770  1  0 99  0
 0  0  25456 1351916 156928 2925576    0    0     0    12  314  605  0  0 99  0
 0  0  25456 1351916 156928 2925576    0    0     0     8  315  675  0  0 100  0
 0  0  25456 1352136 156928 2925576    0    0     0     0  338  698  1  0 99  0
 0  0  25456 1350412 156928 2925580    0    0     0    26  396  819  0  1 99  0
 0  0  25456 1350476 156928 2925584    0    0     0    16  344  741  1  0 99  0
 0  0  25456 1350352 156928 2925584    0    0     0     0  325  612  0  0 100  0
 0  0  25456 1350352 156928 2925584    0    0     0    48  344  734  0  0 99  0
 0  0  25456 1350608 156928 2925580    0    0     0     0  381  825  1  0 99  0
 0  0  25456 1350500 156928 2925588    0    0     0     0  513  934  1  0 99  0
 0  0  25456 1350652 156928 2925588    0    0     0    28  505  866  4  3 93  0
 0  0  25456 1350684 156928 2925588    0    0     0     0  321  601  0  0 100  0
 0  0  25456 1350684 156928 2925588    0    0     0     8  323  720  0  0 100  0
procs -----------memory---------- ---swap-- -----io---- -system-- ----cpu----
 r  b   swpd   free   buff  cache   si   so    bi    bo   in   cs us sy id wa
 0  0  25456 1350528 156928 2925588    0    0     0    10  412  853  1  0 99  0
 0  0  25456 1350560 156928 2925592    0    0     0     0  424  796  1  0 99  0
 0  0  25456 1350624 156928 2925592    0    0     0    10  348  661  1  0 99  0
 0  0  25456 1350872 156928 2925592    0    0     0    14  332  698  0  0 100  0
 0  0  25456 1350872 156928 2925592    0    0     0     0  313  688  0  0 100  0
 0  0  25456 1350716 156928 2925592    0    0     0     0  396  819  1  0 99  0
 0  0  25456 1350716 156928 2925592    0    0     0     8  336  703  0  0 100  0
 0  0  25456 1350592 156928 2925592    0    0     0    12  310  612  0  0 100  0
 0  0  25456 1350468 156928 2925592    0    0     0     0  487  855  1  0 98  0
 0  0  25456 1350868 156928 2925620    0    0     0    10  510  918  1  0 99  0
 0  0  25456 1350836 156928 2925620    0    0     0     0  354  755  1  0 99  0
 0  0  25456 1350744 156928 2925620    0    0     0     0  369  784  1  0 99  0
 1  0  25456 1350620 156928 2925620    0    0     0    34  375  681  2  2 96  0
 0  0  25456 1350464 156928 2925620    0    0     0     0  392  767  2  2 96  0
 0  0  25456 1350216 156928 2925620    0    0     0    28  323  720  0  0 100  0
 1  0  25456 1350216 156928 2925620    0    0     0    10  378  762  0  0 99  0
 0  0  25456 1350616 156928 2925628    0    0     0     0  435  827  1  0 99  0
 0  0  25456 1350580 156928 2925628    0    0     0    10  358  679  1  0 99  0
 0  0  25456 1350332 156928 2925632    0    0     0    14  559  959  2  0 98  0
 0  0  25456 1350244 156928 2925644    0    0     0     0  333  713  0  0 100  0
 3  0  25456 1350120 156928 2925644    0    0     0     0  382  782  1  0 99  0
procs -----------memory---------- ---swap-- -----io---- -system-- ----cpu----
 r  b   swpd   free   buff  cache   si   so    bi    bo   in   cs us sy id wa
 1  0  25456 1347988 156928 2925652    0    0     0    10  389  810  1  0 99  0
 0  0  25456 1347896 156928 2925656    0    0     0     0  355  682  1  0 99  0
 0  0  25456 1348392 156928 2925656    0    0     0     0  341  719  0  0 100  0
 0  0  25456 1348236 156928 2925656    0    0     0    32  476  906  1  0 99  0
 0  0  25456 1349532 156928 2925652    0    0     0     0  365  801  1  0 99  0
 0  0  25456 1349468 156928 2925652    0    0     0     0  335  734  1  0 99  0
 0  0  25456 1349344 156928 2925652    0    0     0    22  310  624  0  0 100  0
 1  0  25456 1349096 156928 2925652    0    0     0     0  446  818  4  3 93  0
 0  0  25456 1349408 156928 2925652    0    0     0    10  313  694  0  0 100  0
 0  0  25456 1349312 156928 2925652    0    0     0    14  380  766  0  0 99  0
 0  0  25456 1349472 156928 2925664    0    0     0     0  733 1146  2  0 98  0
 0  0  25456 1349380 156928 2925688    0    0     0    38  347  655  0  0 99  0
 0  0  25456 1349256 156928 2925688    0    0     0    24  334  703  0  0 100  0
 0  0  25456 1349256 156928 2925688    0    0     0    12  409  830  0  0 99  0
 0  0  25456 1349744 156928 2925692    0    0     0     0  357  741  1  0 99  0
 0  0  25456 1349816 156928 2925692    0    0     0    16  343  723  1  0 99  0
 0  0  25456 1349692 156928 2925692    0    0     0     4  315  629  0  0 99  0
 0  0  25456 1349568 156928 2925692    0    0     0     0  337  704  1  0 99  0
 0  0  25456 1349476 156928 2925692    0    0     0     6  321  705  0  0 99  0
 0  0  25456 1349476 156928 2925692    0    0     0     0  366  769  0  0 99  0
 0  0  25456 1349352 156928 2925692    0    0     0     0  317  632  0  0 100  0
procs -----------memory---------- ---swap-- -----io---- -system-- ----cpu----
 r  b   swpd   free   buff  cache   si   so    bi    bo   in   cs us sy id wa
 2  0  25456 1349880 156928 2925692    0    0     0    14  345  734  1  0 99  0
 0  0  25456 1349756 156928 2925692    0    0     0     0  493  770  4  3 93  0
 0  0  25456 1349540 156928 2925704    0    0     0     0  574  980  2  0 98  0
 0  0  25456 1349540 156928 2925704    0    0     0    12  401  810  1  0 99  0
 0  0  25456 1349356 156928 2925708    0    0     0     0  387  670  0  0 99  0
 0  0  25456 1349256 156928 2925712    0    0     0    26  410  850  1  0 99  0
 0  0  25456 1349628 156928 2925712    0    0     0    16  338  726  1  0 99  0
 0  0  25456 1349596 156928 2925712    0    0     0    30  310  710  0  0 99  0
 0  0  25456 1349472 156928 2925712    0    0     0     0  390  786  1  0 99  0
 0  0  25456 1347488 156928 2925716    0    0     0    12  368  719  0  0 99  0
 0  0  25456 1347420 156928 2925720    0    0     0    10  340  741  1  0 99  0
 0  0  25456 1347264 156928 2925720    0    0     0     0  359  749  1  0 99  0
 0  0  25456 1347608 156928 2925720    0    0     0    24  335  720  1  0 99  0
 0  0  25456 1348372 156928 2925720    0    0     0     0  395  851  1  0 99  0
 0  0  25456 1348528 156928 2925716    0    0     0     0  432  763  1  0 99  0
 0  0  25456 1348392 156928 2925728    0    0     0    20  432  816  1  0 99  0
 0  0  25456 1348296 156928 2925748    0    0     0     0  646  932  4  4 92  0
 0  0  25456 1348048 156928 2925748    0    0     0     8  380  788  0  0 99  0
 0  0  25456 1348440 156928 2925748    0    0     0    10  383  749  1  0 99  0
 0  0  25456 1348544 156928 2925752    0    0     0     0  358  663  0  0 100  0
 0  0  25456 1348512 156928 2925752    0    0     0    10  367  751  1  0 99  0
procs -----------memory---------- ---swap-- -----io---- -system-- ----cpu----
 r  b   swpd   free   buff  cache   si   so    bi    bo   in   cs us sy id wa
 1  0  25456 1348544 156928 2925752    0    0     0    14  354  710  0  0 100  0
 0  0  25456 1348388 156928 2925756    0    0     0    20  327  684  0  0 99  0
 0  0  25456 1348264 156928 2925756    0    0     0     0  355  711  1  0 99  0
 0  0  25456 1348140 156928 2925756    0    0     0    14  344  635  0  0 100  0
 0  0  25456 1348328 156928 2925756    0    0     0    40  328  706  1  0 99  0
 0  0  25456 1348512 156928 2925756    0    0     0     0  365  712  0  0 99  0
 0  0  25456 1348480 156928 2925756    0    0     0    20  343  717  0  0 100  0
 0  0  25456 1348480 156928 2925756    0    0     0     0  407  810  1  0 99  0
 0  0  25456 1348480 156928 2925756    0    0     0     0  316  611  0  0 100  0
 0  0  25456 1348324 156928 2925756    0    0     0    16  753 1223  2  0 97  0
 1  0  25456 1348292 156928 2925800    0    0     0     0  439  799  3  3 95  0
 0  0  25456 1348684 156928 2925800    0    0     0     0  361  731  1  1 98  0
 0  0  25456 1348664 156928 2925800    0    0     0    10  404  786  1  0 99  0
 0  0  25456 1348504 156928 2925804    0    0     0     0  422  717  1  0 99  0
 0  0  25456 1348504 156928 2925804    0    0     0     8  362  761  1  0 99  0
 0  0  25456 1348380 156928 2925804    0    0     0    14  385  779  1  0 99  0
 0  0  25456 1348016 156928 2925804    0    0     0     0  319  686  0  0 99  0
 0  0  25456 1347892 156928 2925804    0    0     0     0  463  790  1  0 99  0
 0  0  25456 1346920 156928 2925824    0    0     0    12  491  947  1  0 99  0
 0  0  25456 1346440 156928 2925828    0    0     0     0  398  796  1  0 99  0
 0  0  25456 1346284 156928 2925836    0    0     0     0  389  764  1  0 99  0
procs -----------memory---------- ---swap-- -----io---- -system-- ----cpu----
 r  b   swpd   free   buff  cache   si   so    bi    bo   in   cs us sy id wa
 1  0  25456 1346160 156928 2925836    0    0     0    88  357  740  0  0 99  0
 0  0  25456 1346896 156928 2925836    0    0     0     0  411  781  0  0 100  0
 0  0  25456 1347052 156928 2925832    0    0     0     0  346  724  0  0 99  0
 0  0  25456 1347300 156928 2925832    0    0     0    36  353  752  1  0 99  0
 0  0  25456 1347176 156928 2925832    0    0     0     0  345  698  1  0 99  0
 0  0  25456 1347052 156928 2925832    0    0     0    20  479  792  4  3 93  0
 0  0  25456 1346936 156928 2925832    0    0     0     0  359  681  0  0 100  0
 0  0  25456 1346968 156928 2925836    0    0     0     0  370  754  0  0 100  0
 0  0  25456 1346936 156928 2925836    0    0     0    22  346  738  1  0 99  0
 0  0  25456 1347624 156928 2925836    0    0     0     0  347  691  1  0 99  0
 1  0  25456 1347648 156928 2925840    0    0     0     8  752 1110  2  1 97  0
 0  0  25456 1347336 156928 2925872    0    0     0    10  422  722  1  0 99  0
 0  0  25456 1347276 156928 2925876    0    0     0     0  365  722  1  0 99  0
 0  0  25456 1347120 156928 2925880    0    0     0     4  318  717  1  0 99  0
 0  0  25456 1346996 156928 2925880    0    0     0     8  339  699  0  0 100  0
 0  0  25456 1347216 156928 2925880    0    0     0     0  315  683  0  0 99  0
 0  0  25456 1347244 156928 2925880    0    0     0     0  385  734  0  0 99  0
 0  0  25456 1347088 156928 2925880    0    0     0     8  319  685  0  0 100  0
 0  0  25456 1347088 156928 2925880    0    0     0    54  334  720  0  0 99  0
 1  0  25456 1346964 156928 2925880    0    0     0     0  340  714  0  0 100  0
 0  0  25456 1346872 156928 2925884    0    0     0    24  468  823  4  3 93  0
procs -----------memory---------- ---swap-- -----io---- -system-- ----cpu----
 r  b   swpd   free   buff  cache   si   so    bi    bo   in   cs us sy id wa
 1  0  25456 1346716 156928 2925884    0    0     0     0  349  661  0  0 99  0
 0  0  25456 1346988 156928 2925888    0    0     0     0  405  777  1  0 99  0
 0  0  25456 1346864 156928 2925888    0    0     0    14  351  768  0  0 99  0
 0  0  25456 1347784 156928 2925900    0    0     0     0  620  969  2  0 98  0
 0  0  25456 1347544 156928 2925904    0    0     0     0  312  682  1  0 99  0
 0  0  25456 1347452 156928 2925904    0    0     0     8  428  748  1  0 99  0
 0  0  25456 1346136 156928 2925924    0    0     0     0  378  791  1  1 99  0
 0  0  25456 1345976 156928 2925932    0    0     0     8  336  728  1  0 99  0
 0  0  25456 1345972 156928 2925932    0    0     0    28  397  790  1  0 99  0
 2  0  25456 1345972 156928 2925932    0    0     0     0  304  612  0  0 100  0
 2  0  25456 1346880 156928 2925932    0    0     0     0  441  866  1  0 99  0
 0  0  25456 1346988 156928 2925932    0    0     0    20  320  695  0  0 100  0
 0  0  25456 1346956 156928 2925932    0    0     0     0  335  727  1  0 99  0
 0  0  25456 1347816 156928 2925932    0    0     0     0  355  741  0  0 99  0
 0  0  25456 1347824 156928 2925932    0    0     0    52  411  685  3  4 94  0
 0  0  25456 1347856 156928 2925932    0    0     0     0  449  881  1  0 99  0
 0  0  25456 1347888 156928 2925944    0    0     0     0  356  743  0  0 99  0
 0  0  25456 1347640 156928 2925944    0    0     0    40  444  823  2  0 98  0
 0  0  25456 1347452 156928 2925968    0    0     0     0  664 1000  1  0 98  0
 0  0  25456 1347204 156928 2925980    0    0     0    20  340  653  0  0 100  0
 0  0  25456 1347112 156928 2925984    0    0     0     0  428  833  1  0 99  0
procs -----------memory---------- ---swap-- -----io---- -system-- ----cpu----
 r  b   swpd   free   buff  cache   si   so    bi    bo   in   cs us sy id wa
 2  0  25456 1347608 156928 2925988    0    0     0     0  375  742  1  0 99  0
 0  0  25456 1347640 156928 2925988    0    0     0    24  354  730  1  0 99  0
 0  0  25456 1347548 156928 2925988    0    0     0     0  338  681  0  0 99  0
 0  0  25456 1347392 156928 2925988    0    0     0     8  294  589  0  0 100  0
 0  0  25456 1347268 156928 2925988    0    0     0     8  377  767  1  0 99  0
 0  0  25456 1347144 156928 2925988    0    0     0     0  329  719  0  0 99  0
 0  0  25456 1347488 156928 2925988    0    0     0     0  323  702  1  0 99  0
 0  0  25456 1347516 156928 2925988    0    0     0     8  339  706  1  0 99  0
 1  0  25456 1347616 156928 2925996    0    0     0     0  735 1018  5  3 92  0
 0  0  25456 1347460 156928 2926036    0    0     0     0  544  919  2  1 98  0
 0  0  25456 1347268 156928 2926036    0    0     0    12  418  780  1  0 99  0
 0  0  25456 1347268 156928 2926036    0    0     0    70  348  711  1  0 99  0
 0  0  25456 1347364 156928 2926036    0    0     0     0  379  774  1  0 99  0
 0  0  25456 1347276 156928 2926036    0    0     0    26  293  590  0  0 100  0
 0  0  25456 1347244 156928 2926036    0    0     0     0  354  727  1  0 99  0
 0  0  25456 1345616 156928 2926044    0    0     0     0  364  761  1  0 99  0
 0  0  25456 1345360 156928 2926048    0    0     0    36  348  722  1  0 99  0
 0  0  25456 1345236 156928 2926052    0    0     0     0  435  808  1  0 99  0
 0  0  25456 1345028 156928 2926052    0    0     0     0  301  597  0  0 99  0
 0  0  25456 1346392 156928 2926052    0    0     0     8  375  795  0  0 100  0
 0  0  25456 1346388 156928 2926048    0    0     0     0  534  937  2  1 98  0
procs -----------memory---------- ---swap-- -----io---- -system-- ----cpu----
 r  b   swpd   free   buff  cache   si   so    bi    bo   in   cs us sy id wa
 2  0  25456 1346548 156928 2926060    0    0     0     8  353  753  1  0 99  0
 0  0  25456 1346300 156928 2926060    0    0     0    24  331  711  1  0 99  0
 0  0  25456 1346176 156928 2926060    0    0     0     0  343  671  0  0 100  0
 0  0  25456 1346084 156928 2926060    0    0     0     0  450  836  3  3 93  0
 0  0  25456 1346708 156928 2926072    0    0     0    10  442  819  1  0 99  0
 0  0  25456 1346708 156928 2926072    0    0     0    10  337  709  1  0 99  0
 0  0  25456 1346584 156928 2926072    0    0     0     0  302  579  0  0 100  0
 0  0  25456 1346428 156928 2926072    0    0     0    68  323  680  0  0 100  0
 0  0  25456 1346304 156928 2926072    0    0     0     0  327  683  1  0 99  0
 0  0  25456 1346212 156928 2926072    0    0     0     0  354  719  0  0 99  0
 0  0  25456 1346556 156928 2926072    0    0     0    32  352  727  1  0 99  0
 0  0  25456 1346428 156928 2926076    0    0     0     0  445  747  1  0 99  0
 0  0  25456 1346920 156928 2926108    0    0     0    16  742 1063  2  0 98  0
 0  0  25456 1346912 156928 2926124    0    0     0     0  356  727  0  0 100  0
 0  0  25456 1346912 156928 2926124    0    0     0     0  377  781  0  0 99  0
 0  0  25456 1346756 156928 2926124    0    0     0    10  338  704  1  0 99  0
 0  0  25456 1346632 156928 2926124    0    0     0     0  298  583  0  0 100  0
 0  0  25456 1346880 156928 2926124    0    0     0     8  331  729  0  0 99  0
 0  0  25456 1346880 156928 2926124    0    0     0     8  497  892  4  3 93  0
 0  0  25456 1346688 156928 2926128    0    0     0     0  432  801  1  0 99  0
 0  0  25456 1346656 156928 2926128    0    0     0     0  338  722  0  0 99  0
procs -----------memory---------- ---swap-- -----io---- -system-- ----cpu----
 r  b   swpd   free   buff  cache   si   so    bi    bo   in   cs us sy id wa
 1  0  25456 1346408 156928 2926128    0    0     0    12  352  631  1  0 99  0
 0  0  25456 1346384 156928 2926148    0    0     0     0  759 1120  2  0 97  0
 1  0  25456 1346632 156928 2926180    0    0     0     0  440  778  1  0 99  0
 0  0  25456 1345132 156928 2926188    0    0     0    10  401  803  1  0 99  0
 0  0  25456 1345148 156928 2926192    0    0     0    22  409  798  1  0 99  0
 1  0  25456 1345120 156928 2926196    0    0     0     0  376  664  1  0 99  0
 0  0  25456 1344840 156928 2926196    0    0     0    92  338  702  0  0 99  0
 0  0  25456 1345700 156928 2926196    0    0     0     0  424  825  1  0 99  0
 0  0  25456 1346076 156928 2926200    0    0     0     0  346  727  1  0 99  0
 0  0  25456 1346004 156928 2926200    0    0     0    28  346  732  1  0 99  0
 0  0  25456 1345880 156928 2926200    0    0     0     0  377  654  1  0 99  0
 0  0  25456 1345880 156928 2926204    0    0     0     0  323  706  0  0 99  0
 0  0  25456 1345756 156928 2926204    0    0     0     8  596  916  4  3 93  0
 0  0  25456 1345600 156928 2926212    0    0     0     0  655 1029  2  0 98  0
 0  0  25456 1345412 156928 2926232    0    0     0    18  390  736  1  0 99  0
 0  0  25456 1345352 156928 2926236    0    0     0    18  376  697  1  0 99  0
 0  0  25456 1345712 156928 2926240    0    0     0     0  323  682  1  0 99  0
 0  0  25456 1345692 156928 2926244    0    0     0     0  368  728  1  0 99  0
 1  0  25456 1345692 156928 2926244    0    0     0     8  360  716  0  0 99  0
 0  0  25456 1345600 156928 2926244    0    0     0     4  319  678  1  0 99  0
 0  0  25456 1345476 156928 2926248    0    0     0     0  361  657  1  0 99  0
procs -----------memory---------- ---swap-- -----io---- -system-- ----cpu----
 r  b   swpd   free   buff  cache   si   so    bi    bo   in   cs us sy id wa
 1  0  25456 1345476 156928 2926248    0    0     0    54  317  676  0  0 99  0
 1  0  25456 1345572 156928 2926248    0    0     0     0  429  815  1  0 99  0
 0  0  25456 1345568 156928 2926256    0    0     0     0  483  896  1  0 99  0
 0  0  25456 1345608 156928 2926256    0    0     0    52  330  623  1  0 99  0
 1  0  25456 1345360 156928 2926256    0    0     0     0  352  688  1  0 99  0
 1  0  25456 1345352 156928 2926268    0    0     0     0  507  903  1  0 98  0
 0  0  25456 1345352 156928 2926268    0    0     0     8  484  851  3  4 93  0
 0  0  25456 1345408 156928 2926272    0    0     0     0  425  807  1  0 99  0
 0  0  25456 1345212 156928 2926272    0    0     0     0  366  701  0  0 100  0
 0  0  25456 1345180 156928 2926272    0    0     0    10  352  705  1  0 99  0
 0  0  25456 1345056 156928 2926272    0    0     0     8  321  693  0  0 99  0
 0  0  25456 1345056 156928 2926272    0    0     0     0  345  705  1  0 99  0
 0  0  25456 1343568 156928 2926276    0    0     0    12  353  771  1  0 99  0
 0  0  25456 1343396 156928 2926280    0    0     0     0  315  627  0  0 100  0
 0  0  25456 1343892 156928 2926284    0    0     0     0  344  687  0  0 99  0
 0  0  25456 1343892 156928 2926284    0    0     0    24  314  681  0  0 100  0
 0  0  25456 1344628 156928 2926288    0    0     0     0  368  764  1  0 99  0
 0  0  25456 1344628 156928 2926284    0    0     0     0  474  868  1  0 99  0
 0  0  25456 1344348 156928 2926296    0    0     0    28  406  726  1  0 99  0
 0  0  25456 1344348 156928 2926296    0    0     0    22  361  735  1  0 99  0
 2  0  25456 1345372 156928 2926296    0    0     0    20  403  850  0  0 99  0
procs -----------memory---------- ---swap-- -----io---- -system-- ----cpu----
 r  b   swpd   free   buff  cache   si   so    bi    bo   in   cs us sy id wa
 2  0  25456 1345340 156928 2926304    0    0     0    18  455  840  1  1 98  0
 0  0  25456 1345340 156928 2926308    0    0     0     0  486  838  3  3 94  0
 0  0  25456 1345372 156928 2926308    0    0     0    10  337  632  1  0 99  0
 0  0  25456 1345248 156928 2926308    0    0     0     0  364  735  1  0 99  0
 0  0  25456 1345092 156928 2926308    0    0     0    16  379  771  1  0 99  0
 0  0  25456 1345344 156928 2926312    0    0     0     0  366  734  1  0 99  0
 0  0  25456 1345280 156928 2926312    0    0     0     0  341  690  0  0 99  0
 0  0  25456 1345280 156928 2926312    0    0     0    22  332  639  0  0 99  0
 0  0  25456 1345000 156928 2926316    0    0     0     0  457  825  2  0 98  0
 0  0  25456 1344692 156928 2926332    0    0     0     0  521  865  1  0 98  0
 0  0  25456 1344692 156928 2926332    0    0     0    10  397  793  1  0 99  0
 1  0  25456 1344832 156928 2926332    0    0     0     0  347  709  1  0 99  0
 0  0  25456 1344784 156928 2926332    0    0     0     0  365  686  1  0 99  0
 0  0  25456 1344660 156928 2926340    0    0     0     8  406  762  1  0 99  0
 0  0  25456 1344536 156928 2926340    0    0     0    42  321  659  0  0 100  0
 0  0  25456 1344536 156928 2926340    0    0     0     0  402  793  1  0 99  0
 0  0  25456 1344164 156928 2926352    0    0     0    12  607  979  4  3 92  0
 0  0  25456 1344132 156928 2926352    0    0     0    26  340  657  1  0 99  0
 0  0  25456 1344204 156928 2926352    0    0     0     0  360  728  0  0 99  0
 0  0  25456 1344676 156928 2926352    0    0     0    14  315  661  0  0 99  0
 0  0  25456 1344708 156928 2926356    0    0     0     0  419  809  1  0 99  0
procs -----------memory---------- ---swap-- -----io---- -system-- ----cpu----
 r  b   swpd   free   buff  cache   si   so    bi    bo   in   cs us sy id wa
 0  0  25456 1343072 156928 2926360    0    0     0     0  341  681  1  0 99  0
 0  0  25456 1342636 156928 2926384    0    0     0    36  607 1001  1  0 98  0
 0  0  25456 1342504 156928 2926392    0    0     0     0  400  767  1  0 99  0
 0  0  25456 1342472 156928 2926392    0    0     0     0  316  669  1  0 99  0
 0  0  25456 1343616 156928 2926388    0    0     0     8  406  843  1  0 99  0
 0  0  25456 1343736 156928 2926388    0    0     0     0  309  614  0  0 100  0
 0  0  25456 1344324 156928 2926392    0    0     0     0  388  776  1  0 99  0
 0  0  25456 1344200 156928 2926392    0    0     0    22  331  689  0  0 100  0
 0  0  25456 1344200 156928 2926392    0    0     0     0  309  666  1  0 99  0
 0  0  25456 1343920 156928 2926392    0    0     0     0  386  776  1  0 99  0
 0  0  25456 1343860 156928 2926400    0    0     0    56  548  818  3  4 93  0
 0  0  25456 1344324 156928 2926400    0    0     0     0  315  669  0  0 100  0
 0  0  25456 1344232 156928 2926400    0    0     0     0  358  704  1  0 99  0
 0  0  25456 1343972 156928 2926436    0    0     0    56  723 1086  2  1 98  0
 0  0  25456 1343752 156928 2926456    0    0     0     0  548  905  1  0 99  0
 0  0  25456 1343596 156928 2926464    0    0     0    18  412  738  0  0 100  0
 0  0  25456 1343620 156928 2926464    0    0     0     0  352  732  1  0 99  0
 1  0  25456 1343868 156928 2926464    0    0     0     0  329  684  0  0 99  0
 0  0  25456 1343900 156928 2926468    0    0     0    16  443  796  1  1 98  0
 0  0  25456 1343840 156928 2926472    0    0     0     0  348  711  0  0 99  0
 0  0  25456 1343680 156928 2926476    0    0     0    10  435  763  1  0 99  0
procs -----------memory---------- ---swap-- -----io---- -system-- ----cpu----
 r  b   swpd   free   buff  cache   si   so    bi    bo   in   cs us sy id wa
 1  0  25456 1343556 156928 2926480    0    0     0     0  339  709  1  0 99  0
 0  0  25456 1343556 156928 2926480    0    0     0     0  326  678  0  0 100  0
 0  0  25456 1343700 156928 2926480    0    0     0    10  310  661  0  0 99  0
 0  0  25456 1343524 156928 2926484    0    0     0     0  435  814  1  0 99  0
 0  0  25456 1343584 156928 2926488    0    0     0     0  544  776  4  3 93  0
 1  0  25456 1343428 156928 2926496    0    0     0    12  620 1008  2  1 98  0
 0  0  25456 1343176 156928 2926524    0    0     0     0  602  942  1  0 98  0
 0  0  25456 1343052 156928 2926544    0    0     0    34  365  724  1  0 99  0
 0  0  25456 1343272 156928 2926544    0    0     0    10  399  816  1  0 99  0
 0  0  25456 1342284 156928 2926556    0    0     0    68  435  785  1  1 99  0
 0  0  25456 1342316 156928 2926556    0    0     0     0  315  671  1  0 99  0
 0  0  25456 1342224 156928 2926556    0    0     0    34  341  703  0  0 100  0
 2  0  25456 1342068 156928 2926556    0    0     0     8  346  707  1  0 99  0
 2  0  25456 1343036 156928 2926552    0    0     0     0  357  727  0  0 99  0
 1  0  25456 1342928 156928 2926552    0    0     0    20  330  661  0  0 100  0
 1  0  25456 1343424 156928 2926552    0    0     0     0  334  706  0  0 99  0
 0  0  25456 1343424 156928 2926552    0    0     0     0  412  766  1  0 99  0
 0  0  25456 1343144 156928 2926576    0    0     0     8  649 1022  1  0 99  0
 0  0  25456 1343628 156928 2926592    0    0     0     0  370  675  1  0 99  0
 1  0  25456 1343576 156928 2926596    0    0     0    10  482  874  2  1 97  0
 0  0  25456 1343360 156928 2926596    0    0     0    18  439  744  3  2 95  0
procs -----------memory---------- ---swap-- -----io---- -system-- ----cpu----
 r  b   swpd   free   buff  cache   si   so    bi    bo   in   cs us sy id wa
 1  0  25456 1343672 156928 2926596    0    0     0     0  362  724  1  0 99  0
 0  0  25456 1343700 156928 2926596    0    0     0     8  348  711  0  0 99  0
 0  0  25456 1343576 156928 2926596    0    0     0    10  320  604  0  0 99  0
 0  0  25456 1343484 156928 2926596    0    0     0    42  359  726  0  0 99  0
 0  0  25456 1343484 156928 2926596    0    0     0     0  323  710  0  0 100  0
 0  0  25456 1343384 156928 2926596    0    0     0    10  384  741  1  0 99  0
 0  0  25456 1343480 156928 2926632    0    0     0     2  706 1091  2  0 98  0
 1  0  25456 1343352 156928 2926652    0    0     0     0  506  794  1  0 99  0
 0  0  25456 1343260 156928 2926656    0    0     0    18  393  816  0  0 100  0
 0  0  25456 1343168 156928 2926656    0    0     0     0  340  699  1  0 99  0
 0  0  25456 1343136 156928 2926656    0    0     0     0  335  668  1  0 99  0
 0  0  25456 1343012 156928 2926656    0    0     0    68  328  697  0  0 99  0
 0  0  25456 1342888 156928 2926656    0    0     0     0  421  759  1  0 99  0
 0  0  25456 1343628 156928 2926664    0    0     0     0  443  825  1  0 99  0
 0  0  25456 1343628 156928 2926664    0    0     0    12  487  869  3  3 93  0
 0  0  25456 1343440 156928 2926672    0    0     0     0  489  860  1  1 98  0
 0  0  25456 1343224 156928 2926680    0    0     0     0  443  849  1  0 99  0
 0  0  25456 1343192 156928 2926680    0    0     0    10  302  601  0  0 99  0
 0  0  25456 1341432 156928 2926692    0    0     0     8  452  939  1  0 99  0
 0  0  25456 1341216 156928 2926700    0    0     0     0  341  741  0  0 99  0
 0  0  25456 1341960 156928 2926700    0    0     0    28  337  704  0  0 99  0
procs -----------memory---------- ---swap-- -----io---- -system-- ----cpu----
 r  b   swpd   free   buff  cache   si   so    bi    bo   in   cs us sy id wa
 1  0  25456 1341992 156928 2926704    0    0     0    32  399  773  1  0 99  0
 0  0  25456 1342916 156928 2926704    0    0     0     0  349  683  0  0 100  0
 0  0  25456 1342916 156928 2926708    0    0     0    24  432  857  1  0 99  0
 0  0  25456 1342732 156928 2926712    0    0     0     0  334  724  0  0 99  0
 0  0  25456 1342732 156928 2926712    0    0     0     0  356  724  1  0 99  0
 0  0  25456 1343084 156928 2926724    0    0     0    22  556  952  2  1 98  0
 0  0  25456 1343096 156928 2926724    0    0     0     0  356  674  0  0 100  0
 0  0  25456 1343064 156928 2926732    0    0     0    52  436  842  1  0 99  0
 0  0  25456 1342880 156928 2926732    0    0     0     0  520  890  4  4 93  0
 0  0  25456 1342724 156928 2926736    0    0     0     0  395  742  1  0 98  0
 0  0  25456 1342724 156928 2926736    0    0     0    20  340  723  0  0 100  0
 0  0  25456 1342724 156928 2926740    0    0     0     0  372  684  0  0 99  0
