procs -----------memory---------- ---swap-- -----io---- -system-- ----cpu----
 r  b   swpd   free   buff  cache   si   so    bi    bo   in   cs us sy id wa
 1  1  34228 4461904 936188 62576016    0    0     3     5    0    0  0  0 100  0
 0  0  34228 4461920 936188 62575760    0    0     0    70  340  919  0  0 100  0
 0  0  34228 4461968 936188 62575760    0    0     0     0  343  951  0  0 100  0
 0  0  34228 4461968 936188 62575760    0    0     0     0  319  873  0  0 100  0
 1  0  34228 4462092 936188 62575772    0    0     0     8  315  901  0  0 100  0
 0  0  34228 4462092 936188 62575772    0    0     0     0  318  836  0  0 100  0
 0  0  34228 4462092 936188 62575772    0    0     0     4  308  868  0  0 100  0
 0  0  34228 4462176 936188 62575772    0    0     0    18  362  868  0  0 100  0
 1  0  34228 4461988 936188 62575772    0    0     0    82  364  911  0  0 100  0
 0  0  34228 4462052 936188 62575772    0    0     4     0  353  837  0  0 100  0
 0  0  34228 4462052 936188 62575784    0    0     0    24  318  885  0  0 100  0
 2  0  34228 4462052 936188 62575784    0    0     0    34  329  865  0  0 100  0
 0  0  34228 4462052 936188 62575784    0    0     0     0  328  843  0  0 100  0
 0  0  34228 4462232 936188 62575788    0    0     0    10  383  953  0  0 100  0
 0  0  34228 4462356 936188 62575788    0    0     0     0  304  777  0  0 100  0
 0  0  34228 4462328 936188 62575788    0    0     0     0  341  924  0  0 100  0
 0  0  34228 4462360 936188 62575788    0    0     0    14  321  797  0  0 100  0
 0  0  34228 4462360 936188 62575788    0    0     0     0  332  926  0  0 100  0
 0  0  34228 4461584 936188 62575788    0    0     0     0  331  902  0  0 100  0
 0  0  34228 4461616 936188 62575800    0    0     0    12  331  889  0  0 100  0
 0  0  34228 4461616 936188 62575800    0    0     4     0  341  928  0  0 100  0
procs -----------memory---------- ---swap-- -----io---- -system-- ----cpu----
 r  b   swpd   free   buff  cache   si   so    bi    bo   in   cs us sy id wa
 0  0  34228 4461616 936188 62575808    0    0     4    14  323  846  0  0 100  0
 0  0  34228 4461740 936188 62575820    0    0     0    38  329  927  0  0 100  0
 0  0  34228 4461864 936188 62575820    0    0     0     0  308  841  0  0 100  0
 0  0  34228 4460856 936188 62575824    0    0     0     0  351  964  0  0 100  0
 1  0  34228 4460776 936188 62575824    0    0     0    24  328  855  0  0 100  0
 0  0  34228 4460852 936188 62575824    0    0     0    66  334  866  0  0 100  0
 0  0  34228 4460852 936188 62575824    0    0     0     0  344  881  0  0 100  0
 0  0  34228 4461892 936188 62575828    0    0     0    38  332  947  0  0 100  0
 1  0  34228 4461996 936188 62575828    0    0     0     0  349  920  0  0 100  0
 0  0  34228 4462064 936188 62575828    0    0     0     0  312  819  0  0 100  0
 0  0  34228 4462156 936188 62575828    0    0     0    26  348  939  0  0 100  0
 0  0  34228 4462156 936188 62575828    0    0     0     0  305  847  0  0 100  0
 1  0  34228 4462156 936188 62575832    0    0     0     2  332  920  0  0 100  0
 0  0  34228 4462124 936188 62575832    0    0     4     8  306  807  0  0 100  0
 0  0  34228 4462156 936188 62575844    0    0     0     6  328  882  0  0 100  0
 0  0  34228 4462156 936188 62575844    0    0     0     0  315  851  0  0 100  0
 1  0  34228 4462156 936188 62575844    0    0     0    18  324  859  0  0 100  0
 1  0  34228 4462156 936188 62575844    0    0     4     6  343  908  0  0 100  0
 0  0  34228 4462224 936188 62575852    0    0     0     0  332  815  0  0 100  0
 0  0  34228 4462312 936188 62575856    0    0     0    34  342  876  0  0 100  0
 1  0  34228 4462280 936188 62575856    0    0     0     0  302  790  0  0 100  0
procs -----------memory---------- ---swap-- -----io---- -system-- ----cpu----
 r  b   swpd   free   buff  cache   si   so    bi    bo   in   cs us sy id wa
 0  0  34228 4462312 936188 62575856    0    0     0     0  343  943  0  0 100  0
 0  0  34228 4462312 936188 62575856    0    0     0    54  342  849  0  0 100  0
 0  0  34228 4462280 936188 62575856    0    0     0     0  310  848  0  0 100  0
 1  0  34228 4462312 936188 62575860    0    0     0    30  341  896  0  0 100  0
 0  0  34228 4462324 936188 62575864    0    0     0    10  292  773  0  0 100  0
 0  0  34228 4462384 936188 62575864    0    0     0     0  345  943  0  0 100  0
 0  0  34228 4462448 936188 62575864    0    0     0    10  317  822  0  0 100  0
 1  0  34228 4462452 936188 62575864    0    0     0     0  317  873  0  0 100  0
 0  0  34228 4462452 936188 62575864    0    0     0     4  311  807  0  0 100  0
 0  0  34228 4462456 936188 62575868    0    0     0    12  331  906  0  0 100  0
 0  0  34228 4462456 936188 62575868    0    0     0     0  317  922  0  0 100  0
 1  0  34228 4462464 936188 62575872    0    0     0     0  307  823  0  0 100  0
 0  0  34228 4460920 936188 62575872    0    0     0    12  363  992  0  0 100  0
 0  0  34228 4460956 936188 62575872    0    0     0     0  318  855  0  0 100  0
 0  0  34228 4460600 936188 62575888    0    0     0     0  333  900  0  0 100  0
 1  0  34228 4460476 936188 62575888    0    0     0    40  332  893  0  0 100  0
 0  0  34228 4461560 936188 62575888    0    0     0    48  321  921  0  0 100  0
 0  0  34228 4461640 936188 62575884    0    0     0     0  304  794  0  0 100  0
 0  0  34228 4461616 936188 62575884    0    0     0    36  358  936  0  0 100  0
 1  0  34228 4461832 936188 62575884    0    0     0     0  336  887  0  0 100  0
 0  0  34228 4461840 936188 62575884    0    0     0     0  327  889  0  0 100  0
procs -----------memory---------- ---swap-- -----io---- -system-- ----cpu----
 r  b   swpd   free   buff  cache   si   so    bi    bo   in   cs us sy id wa
 0  0  34228 4461840 936188 62575884    0    0     0    48  349  926  0  0 100  0
 0  0  34228 4461840 936188 62575896    0    0     0     0  288  772  0  0 100  0
 1  0  34228 4461840 936188 62575896    0    0     0     0  331  916  0  0 100  0
 0  0  34228 4461840 936188 62575896    0    0     0    12  310  829  0  0 100  0
 0  0  34228 4461808 936188 62575896    0    0     0     0  343  931  0  0 100  0
 0  0  34228 4461716 936188 62575900    0    0     0     6  331  907  0  0 100  0
 0  0  34228 4461724 936188 62575900    0    0     0    16  379  872  0  0 100  0
 0  0  34228 4461700 936188 62575900    0    0     0     4  331  870  0  0 100  0
 0  0  34228 4461608 936188 62575900    0    0     0     0  297  785  0  0 100  0
 0  0  34228 4461696 936188 62575900    0    0     0     8  369 1022  0  0 100  0
 0  0  34228 4461736 936188 62575904    0    0     0     6  335  839  0  0 100  0
 0  0  34228 4461704 936188 62575904    0    0     0     0  414  962  0  0 100  0
 0  0  34228 4461736 936188 62575904    0    0     0    54  363  955  0  0 100  0
 0  0  34228 4461704 936188 62575904    0    0     0     0  291  773  0  0 100  0
 0  0  34228 4461704 936188 62575904    0    0     0     0  377  957  0  0 100  0
 0  0  34228 4461708 936188 62575904    0    0     0    16  306  833  0  0 100  0
 0  0  34228 4461800 936188 62575904    0    0     0     0  317  870  0  0 100  0
 0  0  34228 4461864 936188 62575904    0    0     0    34  293  782  0  0 100  0
 0  0  34228 4461832 936188 62575904    0    0     0    18  323  894  0  0 100  0
 1  0  34228 4461864 936188 62575908    0    0     8     0  312  847  0  0 100  0
 0  0  34228 4461988 936188 62575924    0    0     0     0  332  923  0  0 100  0
procs -----------memory---------- ---swap-- -----io---- -system-- ----cpu----
 r  b   swpd   free   buff  cache   si   so    bi    bo   in   cs us sy id wa
 0  0  34228 4459616 936188 62576248    0    0     0 19050  520 1020  1  0 99  0
 0  0  34228 4460336 936188 62575928    0    0     0     2  341  933  0  0 100  0
 1  0  34228 4460212 936188 62575932    0    0     0     0  310  843  0  0 100  0
 0  0  34228 4460216 936188 62575932    0    0     0    42  386  923  0  0 100  0
 0  0  34228 4461044 936188 62575932    0    0     4     2  345  953  0  0 100  0
 0  0  34228 4461252 936188 62575936    0    0     0     0  314  820  0  0 100  0
 0  0  34228 4461160 936188 62575948    0    0     4    42  321  884  0  0 100  0
 0  0  34228 4461384 936188 62575960    0    0     0     0  331  837  0  0 100  0
 0  0  34228 4461416 936188 62575960    0    0     0     0  323  892  0  0 100  0
 0  0  34228 4461416 936188 62575976    0    0     4    14  339  933  0  0 100  0
 1  0  34228 4461416 936188 62575976    0    0     0     0  280  775  0  0 100  0
 0  0  34228 4461416 936188 62575976    0    0     0    86  336  908  0  0 100  0
 0  0  34228 4461416 936188 62575976    0    0     0     0  293  785  0  0 100  0
 0  0  34228 4461384 936188 62575976    0    0     0     0  354  934  0  0 100  0
 1  0  34228 4461416 936188 62575976    0    0     0    36  310  826  0  0 100  0
 0  0  34228 4461416 936188 62575976    0    0     0     0  342  892  0  0 100  0
 0  0  34228 4461384 936188 62575980    0    0     0    32  299  789  0  0 100  0
 0  0  34228 4461508 936188 62575980    0    0     0     0  311  854  0  0 100  0
 1  0  34228 4461788 936188 62575980    0    0     0     0  344  937  0  0 100  0
 0  0  34228 4461792 936188 62575980    0    0     0    14  320  868  0  0 100  0
 0  0  34228 4461896 936188 62575980    0    0     0     0  328  872  0  0 100  0
procs -----------memory---------- ---swap-- -----io---- -system-- ----cpu----
 r  b   swpd   free   buff  cache   si   so    bi    bo   in   cs us sy id wa
 0  0  34228 4461896 936188 62575988    0    0     0    10  345  878  0  0 100  0
 1  0  34228 4461896 936188 62575988    0    0     0    14  315  873  0  0 100  0
 0  0  34228 4461896 936188 62575988    0    0     4     0  328  886  0  0 100  0
 0  0  34228 4461896 936188 62575996    0    0     0     0  315  892  0  0 100  0
 0  0  34228 4462024 936188 62576000    0    0     0    14  344  930  0  0 100  0
 1  0  34228 4462024 936188 62576000    0    0     0    34  319  830  0  0 100  0
 0  0  34228 4462148 936188 62576000    0    0     0     0  341  912  0  0 100  0
 0  0  34228 4462148 936188 62576000    0    0     0     8  330  899  0  0 100  0
 0  0  34228 4461948 936188 62576008    0    0     0     4  341  905  0  0 100  0
 1  0  34228 4459840 936188 62576008    0    0     0     0  383  962  0  0 100  0
 0  0  34228 4459500 936188 62576008    0    0     0    62  339  930  0  0 100  0
 0  0  34228 4459280 936188 62576012    0    0     0     0  315  789  0  0 100  0
 0  0  34228 4459300 936188 62576012    0    0     0     0  362  979  0  0 100  0
 1  0  34228 4459564 936188 62576012    0    0     0    10  360 1026  0  0 100  0
 0  0  34228 4459564 936188 62576012    0    0     0     2  502  975  1  0 99  0
 0  0  34228 4459828 936188 62576044    0    0    16    14  364  974  0  0 100  0
 0  0  34228 4459804 936188 62576044    0    0     0    48  338  864  0  0 100  0
 1  0  34228 4453072 936188 62578748    0    0     0     0 34847 3605  2  1 97  0
 0  0  34228 4452896 936188 62579200    0    0     0  1708  984 2774  0  1 98  0
 0  0  34228 4453544 936188 62579404    0    0     4    88  314  889  0  0 100  0
 0  0  34228 4453564 936188 62579288    0    0     0     0  304  835  0  0 100  0
procs -----------memory---------- ---swap-- -----io---- -system-- ----cpu----
 r  b   swpd   free   buff  cache   si   so    bi    bo   in   cs us sy id wa
 1  0  34228 4453936 936188 62579288    0    0     0     0  288  779  0  0 100  0
 0  0  34228 4454188 936188 62579288    0    0     4     6  358  957  0  0 100  0
 0  0  34228 4454436 936188 62579296    0    0     0     0  292  804  0  0 100  0
 0  0  34228 4454932 936188 62579296    0    0     4     0  343  916  0  0 100  0
 1  0  34228 4455304 936188 62579312    0    0     4    18  304  796  0  0 100  0
 0  0  34228 4456020 936188 62579320    0    0     0     0  305  826  0  0 100  0
 0  0  34228 4456216 936188 62579320    0    0     0     0  311  838  0  0 100  0
 0  0  34228 4456800 936188 62579324    0    0     0    12  338  957  0  0 100  0
 0  0  34228 4456924 936188 62579324    0    0     0     0  323  859  0  0 100  0
 0  0  34228 4457288 936188 62579324    0    0     0     0  312  826  0  0 100  0
 0  0  34228 4457400 936188 62579324    0    0     0     8  344  895  0  0 100  0
 0  0  34228 4455420 936188 62578952    0    0     0  2070  595 1547  0  0 99  0
 0  0  34228 4455948 936188 62578684    0    0     0    16  360  902  0  0 100  0
 0  0  34228 4455992 936188 62578688    0    0     0     0  300  792  0  0 100  0
 1  0  34228 4456308 936188 62578680    0    0     0   276  350  859  0  0 100  0
 0  0  34228 4456680 936188 62578680    0    0     0     0  322  890  0  0 100  0
 0  0  34228 4456680 936188 62578680    0    0     0     0  319  825  0  0 100  0
 0  0  34228 4456948 936188 62578684    0    0     0    22  324  894  0  0 100  0
 1  0  34228 4456212 936188 62578684    0    0     0     0  323  855  0  0 100  0
 0  0  34228 4456296 936188 62578684    0    0     0     0  347  892  0  0 100  0
 0  0  34228 4456116 936192 62578688    0    0     0    26  324  826  0  0 100  0
procs -----------memory---------- ---swap-- -----io---- -system-- ----cpu----
 r  b   swpd   free   buff  cache   si   so    bi    bo   in   cs us sy id wa
 0  0  34228 4456272 936192 62578704    0    0     0     0  391  964  0  0 100  0
 1  0  34228 4456372 936192 62578704    0    0     0    28  321  864  0  0 100  0
 0  0  34228 4456660 936192 62578700    0    0     0     0 1125 1003  0  0 100  0
 1  0  34228 4441760 936192 62586036    0    0     0     0 40984 18725  1  2 97  0
 0  0  34228 4456428 936192 62579540    0    0     0 19054 40369 20274  1  2 97  0
 1  0  34228 4455620 936192 62580500    0    0     0     0 15628 8041  0  1 99  0
 0  0  34228 4455180 936192 62581272    0    0     0    98 22802 12636  0  1 99  0
 0  0  34228 4454844 936192 62581596    0    0     0     0 35701 17784  0  2 98  0
 0  0  34228 4454328 936192 62582232    0    0     0    12 42940 18533  1  2 97  0
 1  0  34228 4453440 936192 62583516    0    0     0    20 42082 19035  1  2 97  0
 1  0  34228 4452436 936192 62584344    0    0     0     0 39733 18146  1  2 98  0
 0  0  34228 4450536 936192 62585180    0    0     0    46 40433 18348  1  2 97  0
 0  0  34228 4450208 936192 62586016    0    0     0     0 44823 18687  1  2 97  0
 1  0  34228 4449564 936192 62586976    0    0     0  4282 30801 17347  1  1 98  0
 1  0  34228 4449172 936192 62587932    0    0     0    40 34197 18393  1  2 98  0
 0  0  34228 4449544 936192 62587932    0    0     0     0 34188 18210  1  2 98  0
 0  0  34228 4447992 936192 62589216    0    0     0    12 45676 19716  1  2 97  0
 1  0  34228 4447216 936192 62590176    0    0     0     0 43129 18533  1  2 97  0
 0  0  34228 4446816 936192 62591272    0    0     0  2204 37830 19308  1  2 97  0
 0  0  34228 4445584 936192 62592488    0    0     0    24 35089 17212  1  2 98  0
 1  0  34228 4444464 936192 62593384    0    0     0     0 31192 17565  0  1 98  0
procs -----------memory---------- ---swap-- -----io---- -system-- ----cpu----
 r  b   swpd   free   buff  cache   si   so    bi    bo   in   cs us sy id wa
 2  0  34228 4443964 936192 62593708    0    0     0  1152 39544 19569  1  2 97  0
 2  0  34228 4442544 936192 62594664    0    0     0     0 35829 18010  1  2 98  0
 0  0  34228 4442008 936192 62595628    0    0     4  1198 41179 18960  1  2 97  0
 0  0  34228 4441296 936192 62596476    0    0     4    32 32002 17332  0  2 98  0
 1  0  34228 4440560 936192 62597116    0    0     0     0 29403 16304  0  1 98  0
 0  0  34228 4439976 936192 62597892    0    0     0     0 41023 18686  1  2 97  0
 1  0  34228 4437540 936192 62599108    0    0     0    16 44599 19022  1  2 97  0
 0  0  34228 4436520 936192 62599364    0    0     0  1860 45632 18802  1  2 97  0
 2  0  34228 4435752 936192 62600772    0    0     0    48 47154 19250  1  2 97  0
 1  0  34228 4434880 936192 62601728    0    0     0     0 37080 17823  1  2 98  0
 0  0  34228 4435292 936192 62602748    0    0     0     0 36992 18569  1  2 98  0
 1  0  34228 4433668 936192 62603712    0    0     0    48 40767 18645  1  2 97  0
18  0  34228 4429784 936192 62604228    0    0     0  2558 90960 19704  3  4 93  0
 0  0  34228 4422320 936192 62605428    0    0     0 19064 54501 19376  3  2 94  0
 0  0  34228 4421508 936192 62606288    0    0     0     0 36245 18381  1  2 98  0
 0  0  34228 4421640 936192 62607052    0    0     0     0 43739 18897  1  2 97  0
 1  0  34228 4421508 936192 62607884    0    0     0    36 41418 18927  1  2 97  0
 0  0  34228 4421596 936192 62609168    0    0     0     0 34145 17585  1  2 98  0
 0  0  34228 4421320 936192 62609872    0    0     0     0 25924 15604  0  1 98  0
 0  0  34228 4421256 936192 62610776    0    0     4     8 37204 18473  0  2 98  0
 1  0  34228 4421008 936192 62611224    0    0     0     0 34809 18538  1  2 98  0
procs -----------memory---------- ---swap-- -----io---- -system-- ----cpu----
 r  b   swpd   free   buff  cache   si   so    bi    bo   in   cs us sy id wa
 0  0  34228 4420996 936192 62611872    0    0     0    16 36366 18333  1  2 98  0
 0  0  34228 4420260 936192 62613084    0    0     0  4516 31699 17846  0  1 98  0
 1  0  34228 4419752 936192 62613984    0    0     0     0 35208 17714  1  2 98  0
 1  0  34228 4417900 936192 62614752    0    0     0    28 35596 18880  1  2 98  0
 1  0  34228 4417892 936192 62615396    0    0     0     0 32893 17166  0  1 98  0
 1  0  34228 4417232 936192 62616748    0    0     4     0 41873 20052  1  2 97  0
 0  0  34228 4417244 936192 62616940    0    0     0  1996 44924 18507  1  2 97  0
 0  0  34228 4415816 936192 62618348    0    0     0     0 25411 16005  0  1 98  0
 1  0  34228 4415320 936192 62619052    0    0     0    24 28649 16958  0  1 98  0
 0  0  34228 4414956 936192 62619884    0    0     0  1134 43888 18471  1  2 97  0
 1  0  34228 4413840 936192 62620656    0    0     0     0 42125 19596  1  2 97  0
 1  0  34228 4413056 936192 62621488    0    0     0  1280 41614 17666  1  2 97  0
 2  0  34228 4412264 936192 62622192    0    0     4     0 41799 19618  1  2 97  0
 0  0  34228 4410996 936192 62623672    0    0     0     0 42713 18065  1  2 97  0
 1  0  34228 4410356 936192 62624372    0    0     0    30 35903 18070  1  2 98  0
 0  0  34228 4407152 936192 62625024    0    0     0     0 35994 16849  1  2 98  0
 4  0  34228 4406372 936192 62626240    0    0     0  2362 37458 18083  0  2 98  0
 0  0  34228 4405676 936192 62626492    0    0     0    40 45849 19504  1  2 97  0
 0  0  34228 4404908 936192 62627964    0    0     0     0 36462 18763  1  2 98  0
 1  0  34228 4404280 936192 62628624    0    0     0    32 39525 19205  1  2 97  0
 1  0  34228 4404124 936192 62629392    0    0     0     0 30076 17049  0  1 98  0
procs -----------memory---------- ---swap-- -----io---- -system-- ----cpu----
 r  b   swpd   free   buff  cache   si   so    bi    bo   in   cs us sy id wa
 0  0  34228 4403408 936196 62630024    0    0     0  2034 41977 18615  1  2 97  0
 1  0  34228 4390488 936196 62634432    0    0     0    48 33167 17956  0  2 98  0
 0  0  34228 4400620 936196 62632272    0    0     0 19036 31897 19313  1  2 97  0
 0  0  34228 4399360 936196 62632920    0    0     0     0 37936 18628  0  2 98  0
 1  0  34228 4399036 936196 62633620    0    0     0    30 36679 19222  1  2 98  0
 0  0  34228 4398336 936196 62634392    0    0     0     0 32585 16975  1  2 98  0
 1  0  34228 4398276 936196 62635156    0    0     0     0 37410 19528  1  2 98  0
 0  0  34228 4397340 936196 62635928    0    0     0     8 29567 17387  1  1 98  0
 1  0  34228 4396576 936196 62636636    0    0     0     0 44457 19447  1  2 97  0
 1  0  34228 4395016 936196 62637720    0    0     0     0 48786 19200  1  2 97  0
 2  0  34228 4393912 936196 62638940    0    0     0  1712 35945 18290  1  2 98  0
 0  0  34228 4393148 936196 62640028    0    0     0  2770 43188 19551  1  2 98  0
 1  0  34228 4391940 936196 62640412    0    0     0    26 34284 17993  0  2 98  0
 1  0  34228 4391124 936196 62640988    0    0     0     0 28716 17486  0  1 98  0
 1  0  34228 4390280 936196 62642016    0    0     0     0 34963 18095  1  2 98  0
 1  0  34228 4389412 936196 62643232    0    0     0    10 37990 18607  1  2 97  0
 1  0  34228 4388300 936196 62644000    0    0     0     0 37022 18346  1  2 98  0
 1  0  34228 4387760 936196 62644704    0    0     0     8 34754 18362  1  2 98  0
 1  0  34228 4387168 936196 62645476    0    0     0  3024 28229 16106  0  1 98  0
 1  0  34228 4386504 936196 62646188    0    0     0     0 34593 24192  1  5 94  0
 1  0  34228 4386180 936196 62646952    0    0     0    38 44095 21654  1  4 95  0
procs -----------memory---------- ---swap-- -----io---- -system-- ----cpu----
 r  b   swpd   free   buff  cache   si   so    bi    bo   in   cs us sy id wa
 1  0  34228 4385220 936196 62647788    0    0     0     0 29036 16496  1  1 98  0
 1  0  34228 4384696 936196 62648428    0    0     0    16 38005 19149  1  2 98  0
 0  0  34228 4383468 936196 62649456    0    0     0  2310 43605 19196  1  2 97  0
 1  0  34228 4380476 936196 62650868    0    0     0     0 36311 18903  1  2 98  0
 0  0  34228 4380456 936196 62651056    0    0     0    42 25537 15939  0  1 99  0
 1  0  34228 4379292 936196 62651832    0    0     0     0 35383 17695  0  2 98  0
 0  0  34228 4378896 936196 62652596    0    0     0     0 42208 19604  1  2 97  0
 0  0  34228 4378024 936200 62654060    0    0     0  2026 38503 18467  0  2 98  0
 0  0  34228 4378312 936200 62654696    0    0     0     0 36438 18650  0  2 98  0
 1  0  34228 4377436 936200 62655528    0    0     0    72 31051 17418  0  2 98  0
 0  0  34228 4376520 936200 62656616    0    0     0     0 45982 19346  1  2 97  0
 3  0  34228 4375096 936200 62657396    0    0     0 19036 35554 20380  2  2 97  0
 0  0  34228 4374520 936200 62658280    0    0     0     0 26137 15426  0  1 98  0
 1  0  34228 4373992 936200 62659052    0    0     0     0 31565 17539  0  1 98  0
 1  0  34228 4373324 936200 62659368    0    0     0    28 39047 19539  1  2 98  0
 2  0  34228 4372592 936200 62660524    0    0     0     0 31818 18071  1  1 98  0
 0  0  34228 4371608 936200 62661356    0    0     0     0 41449 19008  1  2 98  0
 0  0  34228 4370900 936200 62662188    0    0     0     8 32263 17759  1  1 98  0
 1  0  34228 4370376 936200 62663020    0    0     0     0 30811 18019  0  1 98  0
 1  0  34228 4369468 936200 62663796    0    0     0    10 37018 18851  1  2 98  0
 0  0  34228 4368404 936200 62664624    0    0     0  5440 36739 17955  1  2 98  0
procs -----------memory---------- ---swap-- -----io---- -system-- ----cpu----
 r  b   swpd   free   buff  cache   si   so    bi    bo   in   cs us sy id wa
 1  0  34228 4367660 936200 62665456    0    0     0     0 31414 17519  0  1 98  0
 1  0  34228 4366884 936200 62666424    0    0     0    24 36410 18664  0  2 98  0
 1  0  34228 4366008 936200 62667252    0    0     0     0 44285 18911  1  2 97  0
 1  0  34228 4365728 936200 62667960    0    0     0    10 28441 15476  0  1 99  0
 1  0  34228 4364336 936200 62668792    0    0     0     0 42242 19101  1  2 97  0
 0  0  34228 4363796 936200 62669680    0    0     0     0 39136 19163  1  2 97  0
 0  0  34228 4363132 936200 62670392    0    0     0  3064 40292 17905  1  2 98  0
 1  0  34228 4361804 936200 62671288    0    0     0     0 33890 17213  1  1 98  0
 0  0  34228 4361488 936200 62672508    0    0     0     0 32466 17474  0  1 98  0
 1  0  34228 4361348 936200 62673208    0    0     0    24 36040 18379  1  2 98  0
 1  0  34228 4360700 936200 62673596    0    0     0     0 39243 17623  1  2 98  0
 0  0  34228 4359080 936200 62674688    0    0     0    10 39182 18417  1  2 98  0
 0  0  34228 4356752 936200 62675904    0    0     0     0 33417 17016  1  1 98  0
 1  0  34228 4356508 936200 62676676    0    0     0     0 45405 19348  1  2 97  0
 0  0  34228 4355948 936200 62677508    0    0     0  3482 42319 18215  1  2 98  0
 1  0  34228 4355848 936200 62677508    0    0     0     0 45812 18611  1  2 97  0
 0  0  34228 4355120 936200 62678864    0    0     0     0 38205 18554  0  2 98  0
 1  0  34228 4354100 936200 62680080    0    0     0    46 29456 15825  1  2 98  0
 0  0  34228 4353316 936200 62680720    0    0     0     0 32776 18910  1  2 97  0
 0  0  34228 4352216 936200 62681948    0    0     0     0 45112 18837  1  2 97  0
 2  0  34228 4335928 936200 62696444    0    0     0    14 34278 18522  1  2 97  0
procs -----------memory---------- ---swap-- -----io---- -system-- ----cpu----
 r  b   swpd   free   buff  cache   si   so    bi    bo   in   cs us sy id wa
 0  0  34228 4349924 936200 62683260    0    0     0 19034 25800 16329  1  1 98  0
 1  0  34228 4350168 936200 62684008    0    0     0     0 31986 18127  0  2 98  0
 0  0  34228 4349612 936200 62684776    0    0     0    30 29013 17291  0  1 98  0
 0  0  34228 4348808 936200 62685544    0    0     0     0 36946 17952  1  2 98  0
 0  0  34228 4348528 936200 62686440    0    0     0     0 33586 17908  0  1 98  0
 0  0  34228 4348044 936200 62686948    0    0     0    10 31447 17352  0  1 98  0
 0  0  34228 4346784 936200 62687724    0    0     0     0 34936 17724  1  2 98  0
 0  0  34228 4346092 936200 62688556    0    0     0     0 42635 19052  1  2 97  0
 0  0  34228 4344984 936200 62689772    0    0     0  6088 30998 15967  0  1 98  0
 1  0  34228 4344016 936200 62690536    0    0     0     0 29406 17330  0  2 98  0
 1  0  34228 4342744 936200 62691248    0    0     0    10 43020 18756  1  2 97  0
 1  0  34228 4342812 936200 62691952    0    0     0     0 38977 18967  1  2 98  0
 0  0  34228 4341636 936200 62693296    0    0     0     0 40269 18585  1  2 98  0
 1  0  34228 4340872 936200 62693936    0    0     0    10 41054 18760  1  2 97  0
 1  0  34228 4339904 936200 62694960    0    0     0     0 41421 18188  1  2 97  0
 1  0  34228 4339656 936200 62694960    0    0     0  3232 35161 19053  1  2 98  0
 1  0  34228 4338456 936200 62696108    0    0     0    24 32797 17205  0  2 98  0
 0  0  34228 4337348 936200 62697200    0    0     0     0 37609 18241  1  2 98  0
 1  0  34228 4336676 936200 62698288    0    0     0    16 32952 18021  1  2 98  0
 1  0  34228 4335876 936200 62698996    0    0     0     0 36469 18958  1  2 98  0
 0  0  34228 4334796 936200 62699700    0    0     0  2200 39929 18765  1  2 98  0
procs -----------memory---------- ---swap-- -----io---- -system-- ----cpu----
 r  b   swpd   free   buff  cache   si   so    bi    bo   in   cs us sy id wa
 1  0  34228 4332272 936200 62701056    0    0     0    26 35644 17631  1  2 98  0
 1  0  34228 4331780 936200 62701820    0    0     0     0 41076 18977  1  2 98  0
 1  0  34228 4330804 936200 62702528    0    0     0    28 37988 18683  0  2 98  0
 0  0  34228 4330256 936200 62703292    0    0     0     0 37792 18125  1  2 98  0
 0  0  34228 4329516 936200 62704072    0    0     0  2338 45381 18842  1  2 97  0
 0  0  34228 4327436 936200 62705484    0    0     0    62 40789 19015  1  2 97  0
 1  0  34228 4327388 936200 62706124    0    0     0     0 25967 16048  0  1 99  0
 0  0  34228 4326608 936200 62706828    0    0     0    12 38493 17388  0  2 98  0
 0  0  34228 4325112 936200 62707980    0    0     0     0 39089 19321  1  2 98  0
 4  0  34228 4322476 936200 62709120    0    0     0 21424 42409 19396  2  2 96  0
 0  0  34228 4322072 936200 62709888    0    0     0     0 41871 18997  1  2 97  0
 0  0  34228 4321528 936200 62710656    0    0     0     0 37378 18116  1  2 98  0
 1  0  34228 4321076 936200 62711252    0    0     0    30 33676 17285  1  1 98  0
 1  0  34228 4320132 936200 62712016    0    0     0     0 36166 18761  1  2 98  0
 0  0  34228 4319684 936200 62712728    0    0     0     0 40164 18788  1  2 98  0
 0  0  34228 4309384 936200 62716680    0    0     0    10 70892 21908  3  3 94  0
 0  0  34228 4309520 936200 62718120    0    0     0     0 40958 18466  1  2 98  0
 0  0  34228 4309068 936200 62718820    0    0     0    36 38480 18857  1  2 98  0
 0  0  34228 4308116 936200 62719592    0    0     0     0 41078 18504  1  2 97  0
 1  0  34228 4308316 936204 62720292    0    0     2  6056 38020 18590  0  2 98  0
 0  0  34228 4307108 936204 62721652    0    0     0    62 34006 17873  1  2 98  0
procs -----------memory---------- ---swap-- -----io---- -system-- ----cpu----
 r  b   swpd   free   buff  cache   si   so    bi    bo   in   cs us sy id wa
 0  0  34228 4307428 936204 62722416    0    0     0     0 31586 17028  0  2 98  0
 1  0  34228 4306908 936204 62723252    0    0     0     0 37118 18792  1  2 98  0
 0  0  34228 4306564 936204 62724020    0    0     0    10 32892 18276  0  2 98  0
 1  0  34228 4306192 936204 62724736    0    0     0     0 32903 18559  1  2 98  0
 2  0  34228 4305828 936204 62725696    0    0     0    12 37761 19223  1  2 98  0
 4  0  34228 4305584 936204 62726588    0    0     0     0 40336 18289  1  2 97  0
 0  0  34228 4304828 936204 62727424    0    0     0  3286 39971 19467  1  2 97  0
 0  0  34228 4304376 936204 62728192    0    0     0    32 44101 18993  1  2 97  0
 0  0  34228 4303120 936204 62729148    0    0     0     0 35771 18475  1  2 98  0
 2  0  34228 4295284 936204 62733512    0    0     0  2150 41251 21219  2  2 96  0
 0  0  34228 4294640 936204 62734600    0    0     0     0 41501 19002  1  2 97  0
 1  0  34228 4294344 936204 62735532    0    0     0     0 27932 15529  0  1 98  0
 0  0  34228 4293704 936204 62736236    0    0     0    50 38439 18223  1  2 98  0
 0  0  34228 4293356 936208 62737248    0    0     0  5384 46822 18556  1  2 97  0
 0  0  34228 4293896 936208 62737880    0    0     0     0 39354 18676  1  2 98  0
 1  0  34228 4292688 936208 62739356    0    0     0   102 44080 18110  1  2 97  0
 1  0  34228 4292376 936208 62739928    0    0     0     0 35939 17769  1  2 98  0
 1  0  34228 4291892 936208 62740572    0    0     0    12 38962 18450  1  2 98  0
 1  0  34228 4266400 936208 62759852    0    0     0  2392 41567 19551  1  2 97  0
 2  0  34228 4289880 936208 62742464    0    0     0 19060 34758 18701  1  2 98  0
 0  0  34228 4289204 936208 62743232    0    0     0     0 35749 18181  1  2 98  0
procs -----------memory---------- ---swap-- -----io---- -system-- ----cpu----
 r  b   swpd   free   buff  cache   si   so    bi    bo   in   cs us sy id wa
 0  0  34228 4288412 936208 62744040    0    0     4    42 35293 18841  1  1 98  0
 0  0  34228 4287852 936208 62744620    0    0     0     0 37501 18871  0  2 98  0
 2  0  34228 4287192 936208 62745840    0    0     0     0 37679 18899  1  2 97  0
 0  0  34228 4286948 936208 62746928    0    0     0    10 42032 19253  1  2 97  0
 1  0  34228 4286364 936208 62747628    0    0     0     0 39191 19405  1  2 98  0
 0  0  34228 4285572 936208 62748784    0    0     0  3458 32824 17278  1  1 98  0
 2  0  34228 4285104 936208 62748784    0    0     0    26 43552 19122  1  2 97  0
 1  0  34228 4284208 936208 62749812    0    0     0     0 40213 19115  1  2 97  0
 1  0  34228 4283224 936208 62751280    0    0     0    12 36353 18177  0  2 98  0
 0  0  34228 4282232 936208 62752052    0    0     0     0 29866 16740  0  1 98  0
 1  0  34228 4281476 936208 62752760    0    0     4  2254 34701 17540  0  2 98  0
 0  0  34228 4281228 936208 62753532    0    0     0    30 32879 17855  0  2 98  0
 2  0  34228 4280128 936208 62754296    0    0     0  1082 35885 17689  1  1 98  0
 0  0  34228 4279428 936208 62755072    0    0     4    20 32434 17026  0  1 98  0
 1  0  34228 4278660 936208 62755840    0    0     4     0 34670 17476  1  2 98  0
 2  0  34228 4277976 936208 62756620    0    0     0   914 43165 19792  1  2 97  0
 0  0  34228 4276652 936208 62757968    0    0     0    32 34925 17985  1  2 98  0
 1  0  34228 4276072 936208 62758680    0    0     0  1244 31767 17958  0  1 98  0
 1  0  34228 4274016 936208 62759004    0    0     0    34 40398 19303  0  2 97  0
 0  0  34228 4272928 936208 62759964    0    0     0     0 42515 20128  1  2 98  0
 0  0  34228 4271408 936208 62761440    0    0     0   868 42900 18324  1  2 97  0
procs -----------memory---------- ---swap-- -----io---- -system-- ----cpu----
 r  b   swpd   free   buff  cache   si   so    bi    bo   in   cs us sy id wa
 0  0  34228 4271520 936208 62761888    0    0     0    38 29033 17225  1  1 98  0
 1  0  34228 4271336 936212 62762696    0    0     0  1242 35799 17727  1  2 98  0
 0  0  34228 4270676 936212 62763588    0    0     0     0 40961 17949  1  2 98  0
 1  0  34228 4269688 936212 62764420    0    0     0    58 31553 17205  1  1 98  0
 0  0  34228 4268928 936212 62765248    0    0     0  1260 38744 19178  0  2 98  0
 1  0  34228 4268588 936212 62765960    0    0     0    32 35237 17546  1  2 97  0
 1  0  34228 4268356 936212 62766032    0    0     0   690 47439 18890  1  2 97  0
 1  0  34228 4265576 936212 62767460    0    0     0 19052 35220 18191  2  2 97  0
 0  0  34228 4264388 936212 62769060    0    0     0     0 43193 18212  1  2 97  0
 2  0  34228 4263956 936212 62769636    0    0     0     0 40501 20033  1  2 98  0
 0  0  34228 4262888 936212 62770468    0    0     0    36 36565 17408  1  2 98  0
 1  0  34228 4262008 936212 62771176    0    0     0     0 47844 19132  1  2 97  0
 0  0  34228 4260832 936212 62772500    0    0     0    12 31221 17462  0  2 98  0
 2  0  34228 4260068 936212 62773204    0    0     0     0 33968 17349  0  2 98  0
 1  0  34228 4259416 936212 62773904    0    0     0     0 38515 19374  1  2 98  0
 2  0  34228 4258308 936212 62774676    0    0     0    12 32514 17061  0  2 98  0
 0  0  34228 4258352 936212 62775384    0    0     0  4558 32053 17597  0  1 98  0
 4  0  34228 4256884 936212 62776020    0    0     0    28 32425 17612  0  2 98  0
 1  0  34228 4256444 936212 62776792    0    0     0     0 37966 19028  0  2 98  0
 1  0  34228 4254760 936212 62778264    0    0     0     0 45293 18988  1  2 97  0
 1  0  34228 4254644 936212 62778968    0    0     0    10 39078 18323  0  2 98  0
procs -----------memory---------- ---swap-- -----io---- -system-- ----cpu----
 r  b   swpd   free   buff  cache   si   so    bi    bo   in   cs us sy id wa
 1  0  34228 4254196 936212 62779864    0    0     0  2510 32378 18328  0  2 98  0
 1  0  34228 4253156 936212 62780760    0    0     0     0 29256 17212  0  1 98  0
 0  0  34228 4253032 936212 62781528    0    0     0    26 40489 18884  1  2 97  0
 0  0  34228 4251544 936212 62781852    0    0     0     0 38283 18705  1  2 98  0
 0  0  34228 4250868 936212 62783324    0    0     0    10 42889 19156  1  2 97  0
 0  0  34228 4250032 936212 62784040    0    0     4  2096 24436 15432  0  1 99  0
 1  0  34228 4247408 936212 62784872    0    0     0     0 37395 18697  1  2 97  0
 0  0  34228 4246392 936212 62785644    0    0     0    46 37886 18722  1  2 98  0
 1  0  34228 4245468 936212 62786856    0    0     0   994 30271 16473  0  1 98  0
 0  0  34228 4244284 936212 62787628    0    0     0    32 34509 17745  1  2 98  0
 0  0  34228 4245176 936212 62787784    0    0     0  1014 39780 18883  1  2 98  0
 1  0  34228 4244688 936212 62788296    0    0     0     0 36130 19020  1  2 98  0
 0  0  34228 4243380 936212 62789772    0    0     0    58 33284 16954  0  2 98  0
 0  0  34228 4242640 936212 62790476    0    0     0  1290 30270 17192  0  1 98  0
 1  0  34228 4242072 936212 62791180    0    0     0    32 39087 18502  1  2 97  0
 1  0  34228 4241468 936212 62792340    0    0     0     0 36619 18990  1  2 98  0
 1  0  34228 4210920 936212 62814380    0    0     0     0 38897 18735  1  2 97  0
 0  0  34228 4239456 936212 62793844    0    0     0 19038 31844 16537  1  2 98  0
 1  0  34228 4238672 936212 62794840    0    0     0     0 40557 18508  1  2 97  0
 0  0  34228 4236768 936212 62795544    0    0     0    30 40254 18340  1  2 97  0
 1  0  34228 4235096 936212 62796312    0    0     0     0 30414 17636  0  1 98  0
procs -----------memory---------- ---swap-- -----io---- -system-- ----cpu----
 r  b   swpd   free   buff  cache   si   so    bi    bo   in   cs us sy id wa
 0  0  34228 4234392 936212 62797208    0    0     0     0 30507 16224  0  1 98  0
 1  0  34228 4233532 936212 62797916    0    0     0    10 34825 18407  0  2 98  0
 0  0  34228 4232584 936212 62799196    0    0     4     0 39760 18420  1  2 98  0
 0  0  34228 4232148 936212 62799972    0    0     0    14 30664 17641  1  2 98  0
 1  0  34228 4231032 936212 62800672    0    0     0  5170 30952 16625  1  1 98  0
 0  0  34228 4230700 936212 62801380    0    0     0     0 31831 17381  0  2 98  0
 1  0  34228 4231120 936212 62801832    0    0     0    28 31816 17267  0  2 98  0
 0  0  34228 4229988 936212 62802856    0    0     0     0 27973 17199  1  1 98  0
 1  0  34228 4230272 936212 62803560    0    0     0     8 36017 19011  1  2 98  0
 1  0  34228 4228508 936212 62804324    0    0     0     0 41092 18772  1  2 97  0
 0  0  34228 4228596 936212 62805484    0    0     0     0 37914 18537  1  2 98  0
 1  0  34228 4227612 936212 62806444    0    0     0    16 25573 14848  0  1 98  0
 2  0  34228 4226792 936212 62807212    0    0     0  3100 39953 18668  1  2 98  0
 0  0  34228 4226036 936212 62807984    0    0     0    32 33286 17475  1  2 98  0
 1  0  34228 4225916 936212 62808692    0    0     0     0 33282 17211  1  2 98  0
 0  0  34228 4224128 936212 62809272    0    0     0     0 35669 18180  1  2 98  0
 1  0  34228 4223136 936212 62810296    0    0     4    28 45451 18962  1  2 97  0
 0  0  34228 4222104 936212 62811008    0    0     0  2158 34299 18459  1  2 98  0
 1  0  34228 4220524 936212 62812032    0    0     0    44 31119 17230  0  2 98  0
 0  0  34228 4221348 936212 62812604    0    0     0     0 31166 17921  0  1 98  0
 3  0  34228 4220928 936212 62813428    0    0     0     0 40930 18876  1  2 97  0
procs -----------memory---------- ---swap-- -----io---- -system-- ----cpu----
 r  b   swpd   free   buff  cache   si   so    bi    bo   in   cs us sy id wa
 1  0  34228 4219592 936212 62814452    0    0     0    48 33950 18329  1  2 98  0
 0  0  34228 4219056 936212 62815672    0    0     0  2106 32516 17401  1  2 98  0
 0  0  34228 4219136 936212 62815672    0    0     0     0 40326 19048  1  2 97  0
 2  0  34228 4218676 936212 62816568    0    0     0    34 31742 18069  1  1 98  0
 0  0  34228 4217024 936212 62818040    0    0     0     0 31024 17321  0  2 98  0
 1  0  34228 4215412 936212 62818452    0    0     0 19042 33688 19961  2  2 96  0
 0  0  34228 4214104 936212 62818968    0    0     0     0 40087 18949  1  2 97  0
 2  0  34228 4213024 936212 62820124    0    0     0     0 35942 16785  1  2 98  0
 1  0  34228 4211380 936212 62821380    0    0     0    32 46155 19281  1  2 97  0
 0  0  34228 4211616 936212 62822020    0    0     0     0 41323 19330  1  2 97  0
 1  0  34228 4211156 936212 62823172    0    0     0    10 24795 14963  0  1 98  0
 2  0  34228 4210472 936212 62823824    0    0     4     0 40421 19626  1  2 97  0
 0  0  34228 4208964 936212 62824780    0    0     0     0 50428 19205  1  3 97  0
 1  0  34228 4208360 936212 62825492    0    0     0  5380 37917 18622  1  2 98  0
 1  0  34228 4207776 936212 62826256    0    0     0     0 40169 19038  1  2 98  0
 1  0  34228 4206148 936212 62827412    0    0     0     0 37725 18330  1  2 98  0
 1  0  34228 4205072 936212 62828304    0    0     0    34 38677 19242  1  2 98  0
 0  0  34228 4204776 936212 62829140    0    0     0     0 27706 15929  0  1 98  0
 1  0  34228 4204008 936212 62829784    0    0     0    10 43446 18884  1  2 97  0
 2  0  34228 4203900 936212 62830996    0    0     0     0 33456 16419  0  1 98  0
 1  0  34228 4201680 936212 62831964    0    0     4     0 44492 19168  1  2 97  0
procs -----------memory---------- ---swap-- -----io---- -system-- ----cpu----
 r  b   swpd   free   buff  cache   si   so    bi    bo   in   cs us sy id wa
 1  0  34228 4201984 936212 62832412    0    0     0  3480 31693 18427  0  2 98  0
 1  0  34228 4200780 936212 62833500    0    0     0     0 38733 19002  1  2 97  0
 3  0  34228 4200136 936212 62834400    0    0     0    12 32773 18227  1  1 98  0
 0  0  34228 4198380 936212 62835180    0    0     0     0 34686 17986  1  2 98  0
 0  0  34228 4196484 936212 62836008    0    0     0     0 31835 17554  0  2 98  0
 0  0  34228 4195836 936212 62836652    0    0     0  2082 34279 19528  1  2 98  0
 2  0  34228 4195088 936212 62837544    0    0     0     0 37649 18522  0  2 98  0
 0  0  34228 4194748 936212 62838376    0    0     0    28 37854 19590  1  2 98  0
 0  0  34228 4194796 936212 62839236    0    0     0     0 30669 16410  1  1 98  0
 0  0  34228 4193620 936212 62839888    0    0     4     0 37538 19086  0  2 98  0
 1  0  34228 4193032 936216 62841040    0    0     0  2288 32600 18071  0  1 98  0
 1  0  34228 4191624 936216 62841424    0    0     0     0 36999 18744  1  2 98  0
 0  0  34228 4190740 936216 62842644    0    0     0  1230 35377 18588  0  2 98  0
 0  0  34228 4189912 936216 62843608    0    0     0    22 29731 16531  0  1 98  0
 1  0  34228 4159344 936216 62868000    0    0     4     0 34400 18297  1  2 97  0
 0  0  34228 4187248 936216 62844644    0    0     0 20004 44056 19220  1  2 97  0
 0  0  34228 4186664 936216 62846180    0    0     0     0 40645 19166  1  2 97  0
 0  0  34228 4185700 936216 62846884    0    0     0    34 43756 18648  1  2 97  0
 1  0  34228 4184672 936216 62847844    0    0     0     0 41344 19118  1  2 98  0
 2  0  34228 4183124 936216 62848744    0    0     0     0 41549 18007  1  2 98  0
 1  0  34228 4182588 936216 62849508    0    0     0    10 40206 18424  1  2 98  0
procs -----------memory---------- ---swap-- -----io---- -system-- ----cpu----
 r  b   swpd   free   buff  cache   si   so    bi    bo   in   cs us sy id wa
 0  0  34228 4182188 936216 62850664    0    0     0     0 33844 17655  0  2 98  0
 0  0  34228 4180324 936216 62851656    0    0     0  3308 44306 18985  1  2 97  0
 1  0  34228 4180484 936216 62852068    0    0     0    34 32794 18274  1  2 98  0
 0  0  34228 4179080 936216 62853032    0    0     0     0 29264 16398  0  2 98  0
 0  0  34228 4179072 936216 62853932    0    0     0     0 36266 19157  1  2 98  0
 1  0  34228 4178176 936216 62854632    0    0     0    10 42245 18820  1  2 97  0
 3  0  34228 4177896 936216 62855536    0    0     0  2294 39790 19050  1  2 98  0
 0  0  34228 4177296 936216 62856560    0    0     0    30 40764 19039  1  2 97  0
 1  0  34228 4175952 936216 62857996    0    0     0     0 41202 19070  1  2 97  0
 0  0  34228 4175348 936220 62858096    0    0     0  1264 37584 18111  1  2 98  0
 1  0  34228 4173908 936220 62858928    0    0     0    30 43579 19490  1  2 97  0
 0  0  34228 4173664 936220 62859888    0    0     0     0 27293 16840  0  1 98  0
 0  0  34228 4172300 936220 62860784    0    0     0     0 33813 17493  1  2 98  0
 0  0  34228 4171584 936220 62860784    0    0     0    30 43641 19315  1  2 97  0
 1  0  34228 4169652 936220 62862264    0    0     0  1772 39570 19151  1  2 97  0
 1  0  34228 4169276 936220 62863544    0    0     4     0 44121 18879  0  2 97  0
 0  0  34228 4170112 936220 62864192    0    0     0  1576 34534 18412  1  2 98  0
 0  0  34228 4168252 936220 62865400    0    0     0     0 45080 18813  1  2 97  0
 0  0  34228 4167232 936220 62866228    0    0     0    58 37435 17917  0  2 97  0
 0  0  34228 4166652 936220 62866936    0    0     4     0 41276 18064  1  2 97  0
 1  0  34228 4166648 936220 62867840    0    0     0     0 30448 17143  1  1 98  0
procs -----------memory---------- ---swap-- -----io---- -system-- ----cpu----
 r  b   swpd   free   buff  cache   si   so    bi    bo   in   cs us sy id wa
 1  0  34228 4165900 936220 62868544    0    0     0  2184 30743 17299  0  1 98  0
 1  0  34228 4164256 936220 62869384    0    0     0     0 48397 19019  1  2 97  0
 0  0  34228 4164440 936220 62870344    0    0     0     0 39774 18088  1  2 98  0
 0  0  34228 4162692 936220 62870556    0    0     0 20308 28612 17330  1  1 97  0
 0  0  34228 4161592 936220 62871812    0    0     0     0 33217 17386  1  2 98  0
 1  0  34228 4160676 936220 62872716    0    0     0     0 40348 17611  0  2 98  0
 1  0  34228 4160140 936220 62873804    0    0     0    34 34662 18728  1  2 98  0
 1  0  34228 4159064 936220 62874376    0    0     0     0 37086 17836  1  2 98  0
 0  0  34228 4158468 936220 62875660    0    0     0     8 39612 19500  1  2 98  0
 1  0  34228 4158360 936220 62876424    0    0     0     0 38442 18737  1  2 98  0
 0  0  34228 4157240 936220 62877136    0    0     0     0 27420 16776  0  1 98  0
 1  0  34228 4146996 936220 62880712    0    0     0    10 47355 19778  3  2 95  0
 0  0  34228 4147016 936220 62881908    0    0     0     0 41100 18891  1  2 97  0
 1  0  34228 4147360 936220 62882612    0    0     0  5916 37323 18255  1  2 98  0
 1  0  34228 4146108 936220 62883508    0    0     0     0 39026 17529  1  2 98  0
 1  0  34228 4145616 936220 62884784    0    0     0     0 36469 18806  1  2 98  0
 1  0  34228 4144916 936220 62885424    0    0     0    12 42530 18372  1  2 97  0
 1  0  34228 4144304 936220 62886324    0    0     0     0 32730 16873  1  1 98  0
 0  0  34228 4143488 936220 62887292    0    0     0     0 34562 17918  1  2 98  0
 1  0  34228 4142428 936220 62888316    0    0     0     8 44436 18886  1  2 97  0
 1  0  34228 4142692 936220 62889088    0    0     0  3348 42034 18472  1  2 97  0
procs -----------memory---------- ---swap-- -----io---- -system-- ----cpu----
 r  b   swpd   free   buff  cache   si   so    bi    bo   in   cs us sy id wa
 1  0  34228 4140536 936220 62889728    0    0     0    30 38764 18729  1  2 97  0
 1  0  34228 4139900 936220 62891204    0    0     0     0 43471 19932  1  2 97  0
 1  0  34228 4139368 936220 62892032    0    0     0     0 34567 18455  1  2 98  0
 1  0  34228 4138928 936220 62892676    0    0     0    24 36459 18776  1  2 98  0
 2  0  34228 4138444 936220 62893376    0    0     0  2240 39295 18917  1  2 97  0
 1  0  34228 4112224 936220 62889288    0    0     0  3822 207087 23265  2  4 93  0
 0  0  34228 4111120 936220 62889680    0    0     0     0 40612 18659  1  2 98  0
 0  0  34228 4111408 936220 62891084    0    0     0     0 34288 17986  0  2 98  0
 1  0  34228 4111756 936220 62891792    0    0     0   122 24811 15539  0  1 98  0
 1  0  34228 4111656 936224 62892508    0    0     0  2514 40444 17971  1  2 97  0
 0  0  34228 4110332 936224 62893220    0    0     4    56 44379 19685  1  2 97  0
 0  0  34228 4109904 936224 62894628    0    0     0     0 40732 18508  1  2 98  0
 2  0  34228 4074316 936224 62922584    0    0     0     0 36688 19455  1  2 97  0
 1  0  34228 4109908 936224 62896324    0    0     0 19040 36945 17997  1  2 97  0
 0  0  34228 4111292 936224 62896328    0    0     0     0 33247 17014  0  1 98  0
 0  0  34228 4109008 936224 62897576    0    0     0    32 40662 19225  1  2 97  0
 0  0  34228 4109232 936224 62898920    0    0     0     0 38749 18269  0  2 98  0
 0  0  34228 4109028 936224 62899300    0    0     0     0 48331 18855  1  2 97  0
 0  0  34228 4106840 936224 62900776    0    0     0    10 41914 19410  1  2 97  0
 0  0  34228 4107516 936224 62901548    0    0     0     0 37182 17172  0  2 98  0
 0  0  34228 4106384 936224 62902316    0    0     0    10 44199 19189  1  2 97  0
procs -----------memory---------- ---swap-- -----io---- -system-- ----cpu----
 r  b   swpd   free   buff  cache   si   so    bi    bo   in   cs us sy id wa
 1  0  34228 4106048 936224 62903084    0    0     0     0 41353 18327  1  2 97  0
 1  0  34228 4105088 936224 62904364    0    0     0  5778 24200 15755  1  1 98  0
 1  0  34228 4104860 936224 62904812    0    0     0    28 28900 17709  0  1 98  0
 1  0  34228 4104244 936224 62905512    0    0     0     0 41922 17646  1  2 97  0
 0  0  34228 4103364 936224 62906220    0    0     0    10 43575 18965  1  2 97  0
 1  0  34228 4103172 936224 62907436    0    0     0     0 23228 16832  1  3 96  0
 1  0  34228 4102604 936228 62907820    0    0     0  2034 36080 22673  1  4 95  0
 0  0  34228 4101656 936228 62908848    0    0     0   130 45412 19640  1  2 97  0
 1  0  34228 4100748 936228 62909888    0    0     4     0 42397 18952  1  2 97  0
 1  0  34228 4097940 936228 62910788    0    0     0    36 37126 18454  1  2 98  0
 0  0  34228 4097164 936228 62911940    0    0     0     0 43350 19115  1  2 97  0
 0  0  34228 4095632 936228 62912836    0    0     0  2424 41548 19604  1  2 98  0
 1  0  34228 4096648 936228 62913604    0    0     0    38 32399 16746  1  2 98  0
 0  0  34228 4095940 936228 62914300    0    0     0     0 30797 18041  0  2 98  0
 1  0  34228 4094308 936228 62915008    0    0     0     0 32816 16960  0  2 98  0
 1  0  34228 4092936 936228 62915836    0    0     0    42 42547 18844  1  2 98  0
 2  0  34228 4093652 936228 62917052    0    0     0  2260 36355 17967  0  2 98  0
 1  0  34228 4092896 936228 62917244    0    0     0    50 48657 18928  1  2 97  0
 0  0  34228 4091880 936228 62918716    0    0     0  1124 38533 17834  1  2 98  0
 0  0  34228 4091132 936228 62919432    0    0     0     0 34924 17494  0  2 98  0
 0  0  34228 4090948 936228 62920196    0    0     0    28 36416 18314  1  2 98  0
procs -----------memory---------- ---swap-- -----io---- -system-- ----cpu----
 r  b   swpd   free   buff  cache   si   so    bi    bo   in   cs us sy id wa
 0  0  34228 4090480 936228 62920908    0    0     0  1138 36720 18618  0  2 98  0
 1  0  34228 4088312 936228 62921960    0    0     0 19048 31658 18246  1  2 97  0
 1  0  34228 4087176 936228 62922924    0    0     0     0 31859 17281  1  1 98  0
 1  0  34228 4086920 936228 62923788    0    0     0     0 41756 18809  1  2 97  0
 0  0  34228 4086984 936228 62924240    0    0     0    40 32347 16745  1  1 98  0
 0  0  34228 4086628 936228 62924496    0    0     0     0 36420 18160  1  2 98  0
 0  0  34228 4085544 936228 62925968    0    0     0     8 36040 18613  1  2 98  0
 0  0  34228 4084684 936228 62926800    0    0     0     0 36335 18247  1  2 98  0
 1  0  34228 4083068 936228 62928144    0    0     0     0 43767 19371  1  2 97  0
 0  0  34228 4082480 936228 62928788    0    0     0    10 36386 18043  1  2 98  0
 0  0  34228 4082072 936228 62929620    0    0     0  4184 38772 18017  1  2 98  0
 1  0  34228 4081424 936228 62930388    0    0     0    26 28206 15671  1  1 98  0
 2  0  34228 4080008 936228 62931092    0    0     0     0 40136 17316  1  2 97  0
 1  0  34228 4079300 936228 62931860    0    0     0     0 39065 18057  1  2 98  0
 1  0  34228 4077720 936228 62933268    0    0     0    10 50058 19170  1  2 97  0
 0  0  34228 4078024 936232 62933976    0    0     0  2286 38325 18230  1  2 98  0
 2  0  34228 4077564 936232 62934676    0    0     0    30 31865 18233  0  2 98  0
 0  0  34228 4076516 936232 62935448    0    0     0     0 36318 19011  0  2 98  0
 1  0  34228 4074340 936232 62936216    0    0     0     0 33295 16747  1  2 98  0
 0  0  34228 4073352 936232 62937240    0    0     4    26 39222 19495  1  2 97  0
 2  0  34228 4071672 936232 62938344    0    0     0  2086 42377 19879  1  2 97  0
procs -----------memory---------- ---swap-- -----io---- -system-- ----cpu----
 r  b   swpd   free   buff  cache   si   so    bi    bo   in   cs us sy id wa
 1  0  34228 4071396 936232 62939172    0    0     0    38 42509 18870  1  2 97  0
 1  0  34228 4071396 936232 62939812    0    0     0     0 33688 18023  1  2 98  0
 1  0  34228 4071368 936232 62940584    0    0     0     0 36548 18870  1  2 98  0
 1  0  34228 4070556 936232 62941848    0    0     0    48 41514 19692  1  2 97  0
 1  0  34228 4070044 936232 62942616    0    0     0  2354 29025 17517  1  1 98  0
 1  0  34228 4069540 936232 62943384    0    0     0    32 28226 16694  1  1 98  0
 0  0  34228 4067840 936232 62944092    0    0     0     0 44731 18070  1  3 97  0
 2  0  34228 4067984 936232 62944796    0    0     0     0 36521 18880  1  2 97  0
 1  0  34228 4066796 936232 62946084    0    0     0    12 32955 17613  1  2 97  0
 0  0  34228 4065956 936232 62946848    0    0     0  2168 29990 17619  1  1 98  0
 2  0  34228 4030160 936232 62976412    0    0     4    54 42429 20200  1  2 97  0
 1  0  34228 4063324 936232 62948056    0    0     0 19036 34859 18343  1  2 98  0
 0  0  34228 4062644 936232 62948952    0    0     0     0 31433 17666  0  2 98  0
 1  0  34228 4061312 936232 62949932    0    0     0    32 38363 17535  0  2 98  0
 1  1  34228 4060508 936232 62951216    0    0     2     0 35564 18881  1  2 98  0
 1  0  34228 4060040 936232 62951352    0    0     2     0 33463 17721  0  2 98  0
 1  0  34228 4059292 936232 62952376    0    0     0    14 35811 18519  1  2 98  0
 0  0  34228 4058584 936232 62953588    0    0     0     0 34357 18514  0  2 98  0
 0  0  34228 4057084 936232 62954232    0    0     0     0 39669 17679  0  2 98  0
 1  0  34228 4055764 936232 62954684    0    0     0    10 36289 17865  1  2 98  0
 1  0  34228 4055720 936232 62955836    0    0     0     0 28796 16900  0  1 98  0
procs -----------memory---------- ---swap-- -----io---- -system-- ----cpu----
 r  b   swpd   free   buff  cache   si   so    bi    bo   in   cs us sy id wa
 1  0  34228 4054724 936232 62956804    0    0     4  5400 32983 17808  1  2 98  0
 0  0  34228 4053656 936232 62957700    0    0     0     0 29907 17448  1  1 98  0
 1  0  34228 4052792 936232 62958472    0    0     0     0 36439 18299  1  2 98  0
 1  0  34228 4052620 936232 62958928    0    0     0    26 36683 18125  1  2 98  0
 1  0  34228 4051832 936232 62959952    0    0     0     0 27538 16305  0  1 98  0
 0  0  34228 4051340 936232 62960532    0    0     0     0 41153 20091  1  2 97  0
 1  0  34228 4049252 936232 62961392    0    0    16    14 34842 17641  1  1 98  0
 3  0  34228 4048404 936232 62962228    0    0     0     0 42876 19986  1  2 97  0
 0  0  34228 4046684 936232 62963576    0    0     0  3062 37489 18302  1  2 98  0
 1  0  34228 4045464 936232 62964280    0    0     0     0 39614 17747  1  2 98  0
 0  0  34228 4045912 936232 62965048    0    0     0  1244 32379 17782  1  1 98  0
 2  0  34228 4045060 936232 62965940    0    0     0    48 36483 18263  1  2 98  0
 1  0  34228 4044992 936236 62967140    0    0     0     0 40957 19668  1  2 98  0
 0  0  34228 4044000 936236 62967716    0    0     0    36 45088 19133  1  2 97  0
 1  0  34228 4043360 936236 62968612    0    0     0     0 25408 14648  0  1 98  0
 2  0  34228 4042420 936240 62969380    0    0     0  2290 33747 17610  0  2 98  0
 0  0  34228 4042564 936240 62970348    0    0     0    38 46584 18805  1  2 97  0
 1  0  34228 4042064 936240 62970988    0    0     0     0 44148 19809  1  2 97  0
 0  0  34228 4039956 936240 62972204    0    0     0     0 39573 18645  1  2 98  0
 2  0  34228 4039524 936240 62973036    0    0     0    10 35970 17855  0  2 98  0
 1  0  34228 4038460 936240 62974052    0    0     0 19048 37540 18101  2  2 97  0
procs -----------memory---------- ---swap-- -----io---- -system-- ----cpu----
 r  b   swpd   free   buff  cache   si   so    bi    bo   in   cs us sy id wa
 0  0  34228 4037636 936240 62974636    0    0     0     0 43236 19679  1  2 97  0
 1  0  34228 4036240 936240 62975472    0    0     0     0 32627 16069  0  2 98  0
 1  0  34228 4035624 936240 62976300    0    0     0    38 33286 18180  1  2 98  0
 0  0  34228 4035104 936240 62977008    0    0     0     0 43479 19011  1  2 97  0
 0  0  34228 4034296 936240 62978288    0    0     0    12 36635 18341  0  2 98  0
 0  0  34228 4033244 936240 62978676    0    0     0     0 34309 17392  1  2 98  0
 1  0  34228 4031836 936240 62979572    0    0     0     0 35837 18485  1  2 98  0
 0  0  34228 4031804 936240 62980912    0    0     0  5390 36265 17659  0  2 98  0
 0  0  34228 4031240 936240 62981620    0    0     0     0 26012 16002  1  1 98  0
 0  0  34228 4030072 936240 62982384    0    0     0     0 43544 19635  1  2 97  0
 1  0  34228 4028560 936240 62983092    0    0     0    16 42720 18455  1  2 97  0
 0  0  34228 4028052 936240 62984560    0    0     0     0 35124 18040  1  2 98  0
 1  0  34228 4027440 936244 62985332    0    0     0  2416 31204 17870  0  1 98  0
 0  0  34228 4026280 936244 62986036    0    0     0    34 38938 18990  1  2 97  0
 0  0  34228 4025816 936244 62986300    0    0     0     0 35504 18115  1  2 98  0
 0  0  34228 4023116 936244 62987520    0    0     0    28 40608 19236  1  2 98  0
 1  0  34228 4021344 936244 62988228    0    0     0     0 43430 18210  1  2 97  0
 0  0  34228 4020948 936244 62989568    0    0     0  2116 38201 18127  1  2 98  0
 1  0  34228 4019996 936244 62989828    0    0     0    40 39567 19161  1  2 98  0
 1  0  34228 4019536 936244 62990976    0    0     0  1138 35991 17317  1  2 98  0
 0  0  34228 4019376 936244 62991872    0    0     0     0 37023 18360  0  2 98  0
procs -----------memory---------- ---swap-- -----io---- -system-- ----cpu----
 r  b   swpd   free   buff  cache   si   so    bi    bo   in   cs us sy id wa
 1  0  34228 4018132 936244 62993192    0    0     0    46 33803 18789  1  2 98  0
 1  0  34228 4017388 936244 62993360    0    0     0     0 42510 19232  1  2 97  0
 0  0  34228 4016104 936244 62994768    0    0     0     0 35095 17575  1  2 98  0
 1  0  34228 4015412 936244 62995284    0    0     0  2266 42220 19310  1  2 97  0
 0  0  34228 4014296 936244 62995988    0    0     0     0 31857 16727  0  1 98  0
 0  0  34228 4013532 936244 62997144    0    0     0     0 33147 18128  1  2 98  0
 0  0  34228 4012088 936244 62998580    0    0     0  1030 39220 18991  1  2 97  0
 1  0  34228 4012112 936244 62998424    0    0     0     0 34375 18223  0  2 98  0
 0  0  34228 4011224 936244 62999352    0    0     0 19060 33112 18160  1  2 97  0
 1  0  34228 4010276 936244 63000764    0    0     0     0 35690 17604  1  2 98  0
 2  0  34228 4009468 936244 63001532    0    0     0     0 29819 17540  1  2 98  0
 1  0  34228 4008712 936244 63001696    0    0     0    36 38642 18852  1  2 98  0
 1  0  34228 4007276 936244 63002908    0    0     0     0 49711 20569  1  3 97  0
 0  0  34228 4006992 936244 63003748    0    0     0     0 39624 18733  1  2 98  0
 1  0  34228 4006348 936244 63004708    0    0     0    10 29748 16060  0  1 98  0
 1  0  34228 4005588 936244 63005472    0    0     0     0 43115 20047  1  2 97  0
 1  0  34228 4004288 936244 63007168    0    0     0     8 44762 18454  1  2 97  0
 0  0  34228 4003964 936244 63007332    0    0     0     0 30672 15663  1  1 98  0
 2  0  34228 4002712 936244 63008232    0    0     0  5620 32072 17864  1  1 98  0
 0  0  34228 4001680 936244 63009284    0    0     0    26 37111 18566  1  2 98  0
 1  0  34228 4000988 936244 63010052    0    0     0     0 40356 19051  1  2 98  0
procs -----------memory---------- ---swap-- -----io---- -system-- ----cpu----
 r  b   swpd   free   buff  cache   si   so    bi    bo   in   cs us sy id wa
 1  0  34228 4000000 936244 63010856    0    0     0     0 39124 19956  1  2 97  0
 2  0  34228 3999152 936244 63011556    0    0     0     8 43364 18811  1  2 97  0
 1  0  34228 3998492 936248 63012972    0    0     0  2418 33261 17721  0  2 98  0
 1  0  34228 3996880 936248 63013552    0    0     0     0 32467 18160  1  1 98  0
 1  0  34228 3995748 936248 63014988    0    0     0    46 43524 19054  1  2 97  0
 2  0  34228 3994388 936248 63015088    0    0     0     0 38512 18634  1  2 98  0
 1  0  34228 3993924 936248 63016392    0    0     0     8 35367 18679  1  2 98  0
 0  0  34228 3993920 936248 63017160    0    0     0  1854 26808 16629  0  1 98  0
 0  0  34228 3993388 936248 63017324    0    0     0     0 35703 18187  1  2 98  0
 1  0  34228 3992248 936248 63018144    0    0     0    38 40816 19163  0  2 98  0
 0  0  34228 3991440 936248 63019620    0    0     0     0 43917 18954  1  2 97  0
 0  0  34228 3990600 936248 63020260    0    0     0    32 36244 18684  1  2 98  0
 0  0  34228 3989152 936248 63021220    0    0     0  2412 38035 18199  1  2 98  0
 0  0  34228 3989944 936248 63022124    0    0     0     0 35828 17518  0  2 98  0
 0  0  34228 3988396 936248 63023212    0    0     0    36 35815 18194  1  2 98  0
 1  0  34228 3987320 936248 63023724    0    0     0  1178 44355 18347  1  2 97  0
 0  0  34228 3986772 936248 63024620    0    0     0    20 33491 18377  1  2 98  0
 1  0  34228 3986120 936248 63025388    0    0     0     0 40744 19205  0  2 98  0
 1  0  34228 3984368 936248 63026252    0    0     0 19040 36588 19206  2  2 97  0
 1  0  34228 3984012 936248 63027304    0    0     0     0 41520 18106  1  2 98  0
 1  0  34228 3983404 936248 63028392    0    0     0     0 42401 18838  1  2 97  0
procs -----------memory---------- ---swap-- -----io---- -system-- ----cpu----
 r  b   swpd   free   buff  cache   si   so    bi    bo   in   cs us sy id wa
 0  0  34228 3981756 936248 63029036    0    0     0    28 33996 17485  1  2 98  0
 0  0  34228 3982060 936248 63029808    0    0     0     0 31263 17047  1  1 98  0
 0  0  34228 3981492 936248 63030508    0    0     0    12 38992 18266  1  2 98  0
 0  0  34228 3979484 936248 63031216    0    0     0     0 45420 19260  1  2 97  0
 0  0  34228 3978812 936248 63032624    0    0     0     0 42655 19120  1  2 97  0
 1  0  34228 3978208 936248 63033328    0    0     0     8 43442 18223  1  2 98  0
 1  0  34228 3977564 936248 63034544    0    0     0  5604 40006 18541  1  2 98  0
 1  0  34228 3976592 936248 63035120    0    0     0     0 41760 19286  1  2 97  0
 2  0  34228 3975600 936248 63035696    0    0     0    26 43497 19055  1  2 97  0
 0  0  34228 3974588 936248 63037432    0    0     0     0 43717 19085  0  2 97  0
 1  0  34228 3974800 936248 63037880    0    0     0    10 41694 18920  1  2 97  0
 1  0  34228 3964180 936248 63040580    0    0     0   588 67825 22023  4  2 94  0
 2  0  34228 3961672 936248 63042036    0    0     0     0 36873 18805  1  2 98  0
 0  0  34228 3962156 936248 63042368    0    0     0     0 37345 17209  0  2 98  0
 0  0  34228 3961832 936252 63043392    0    0     0  4962 41064 18122  0  2 97  0
 0  0  34228 3961164 936252 63044544    0    0     0     0 45378 19346  1  2 97  0
 0  0  34228 3962232 936252 63045304    0    0     0    66 41396 18155  1  2 97  0
 1  0  34228 3961320 936252 63046076    0    0     0     0 39478 19015  0  2 98  0
 0  0  34228 3961856 936252 63046904    0    0     0     0 38952 19048  1  2 97  0
 1  0  34228 3961512 936252 63048036    0    0     0    46 35641 18983  1  2 98  0
 0  0  34228 3961676 936252 63048804    0    0     0     0 35796 18025  1  2 98  0
procs -----------memory---------- ---swap-- -----io---- -system-- ----cpu----
 r  b   swpd   free   buff  cache   si   so    bi    bo   in   cs us sy id wa
 0  0  34228 3961080 936252 63049576    0    0     0  3546 48422 18871  1  2 97  0
 0  0  34228 3960284 936252 63050280    0    0     0     0 45536 18789  1  2 97  0
 0  0  34228 3959116 936252 63051556    0    0     0     0 37581 18526  1  2 98  0
 1  0  34228 3958756 936252 63052456    0    0     0    32 37181 18123  1  2 97  0
 0  0  34228 3957936 936252 63053764    0    0     0     0 42229 18748  1  2 97  0
 0  0  34228 3955932 936252 63055132    0    0     0  2914 33703 18727  1  2 97  0
 3  0  34228 3954632 936252 63054912    0    0     0 19158 32570 18415  2  1 97  0
 1  0  34228 3953300 936252 63055808    0    0     0     0 40177 18634  1  2 98  0
 0  0  34228 3953060 936252 63056900    0    0     0     0 36612 18311  0  2 98  0
 0  0  34228 3952676 936252 63057388    0    0     0    30 39144 18917  0  2 97  0
 0  0  34228 3951420 936252 63058344    0    0     0     0 34774 17567  0  2 98  0
 1  0  34228 3951724 936252 63059656    0    0     0     0 37745 18703  0  2 98  0
 0  0  34228 3950412 936252 63060424    0    0     0    10 37827 19111  1  2 98  0
 0  0  34228 3949628 936252 63060976    0    0     0     0 32701 16693  0  1 98  0
 1  0  34228 3948772 936252 63062000    0    0     0     8 35865 18558  0  2 98  0
 1  0  34228 3947020 936252 63062712    0    0     0  6802 44648 18882  1  2 97  0
 0  0  34228 3946788 936252 63064016    0    0     0     0 41554 17671  1  2 97  0
 0  0  34228 3946564 936252 63064788    0    0     0    60 24710 15380  1  1 98  0
 1  0  34228 3945508 936252 63065492    0    0     0     0 32523 17817  0  2 98  0
 3  0  34228 3944216 936252 63065596    0    0     0     0 43419 18886  1  2 97  0
 1  0  34228 3943996 936252 63067004    0    0     0    12 33863 18343  1  2 98  0
procs -----------memory---------- ---swap-- -----io---- -system-- ----cpu----
 r  b   swpd   free   buff  cache   si   so    bi    bo   in   cs us sy id wa
 0  0  34228 3941128 936252 63067776    0    0     0     0 36944 19120  1  2 97  0
 1  0  34228 3940960 936252 63068484    0    0     0    30 35249 18746  1  2 98  0
 1  0  34228 3940452 936252 63069856    0    0     0  2956 45199 19153  1  2 97  0
 1  0  34228 3940208 936252 63070532    0    0     0     0 29592 16840  0  1 98  0
 0  0  34228 3940032 936252 63071164    0    0     0    38 28531 17505  0  1 98  0
 2  0  34228 3939292 936252 63071804    0    0     0     0 34660 17979  1  2 98  0
 0  0  34228 3938816 936252 63072512    0    0     0    30 41055 19243  1  2 97  0
 0  0  34228 3938552 936256 63073328    0    0     0  2312 32298 17776  1  2 98  0
 1  0  34228 3937580 936256 63074416    0    0     0     0 31535 17098  0  2 98  0
 2  0  34228 3936224 936256 63075192    0    0     0    52 38735 18249  1  2 97  0
 0  0  34228 3935292 936256 63075964    0    0     0     0 34864 17671  1  2 97  0
 0  0  34228 3934204 936256 63077056    0    0     0    12 43245 20469  1  3 96  0
 1  0  34228 3934848 936256 63077448    0    0     0  2220 48821 18936  1  3 97  0
 2  0  34228 3933928 936256 63078792    0    0     0     0 31748 18092  0  2 98  0
 0  0  34228 3933360 936256 63079496    0    0     0    38 31812 17259  0  1 98  0
 0  0  34228 3932208 936256 63080260    0    0     0     0 42030 19064  1  2 98  0
 1  0  34228 3929916 936256 63081152    0    0     0 19042 45230 20499  2  2 96  0
 0  0  34228 3929312 936256 63082444    0    0     0     0 49230 19651  1  2 97  0
 1  0  34228 3929644 936256 63083400    0    0     0    32 36968 18114  1  2 98  0
 0  0  34228 3928548 936256 63083916    0    0     0     0 36506 18705  1  2 98  0
 2  0  34228 3927284 936256 63084624    0    0     0     0 42214 18871  1  2 97  0
procs -----------memory---------- ---swap-- -----io---- -system-- ----cpu----
 r  b   swpd   free   buff  cache   si   so    bi    bo   in   cs us sy id wa
 1  0  34228 3925640 936256 63086032    0    0     0    10 42527 18912  1  2 97  0
 0  0  34228 3925660 936256 63086736    0    0     0     0 28804 17553  0  1 98  0
 1  0  34228 3924856 936256 63087436    0    0     0     0 33518 18093  1  2 98  0
 0  0  34228 3923588 936256 63088276    0    0     0  5574 37297 18381  1  2 98  0
 0  0  34228 3922324 936256 63089552    0    0     0     0 36617 18383  0  2 98  0
 0  0  34228 3921404 936256 63090324    0    0     0    28 36878 18884  1  2 98  0
 1  0  34228 3920512 936256 63091088    0    0     0     0 31812 17475  1  1 98  0
 1  0  34228 3919880 936256 63091860    0    0     0     0 33811 17417  1  2 98  0
 1  0  34228 3920012 936256 63092884    0    0     0     8 34645 17861  0  1 98  0
 0  0  34228 3918504 936256 63092888    0    0     0     0 41560 18280  1  2 97  0
 0  0  34228 3916784 936256 63093980    0    0     4    32 45992 18720  1  2 97  0
 0  0  34228 3916192 936256 63095392    0    0     0  3274 32992 17406  0  2 98  0
 1  0  34228 3914972 936256 63096160    0    0     0     0 30600 17015  0  1 98  0
 0  0  34228 3914956 936256 63096796    0    0     0    28 39624 18487  1  2 97  0
 0  0  34228 3914540 936256 63097504    0    0     0     0 39329 18745  1  2 98  0
 1  0  34228 3913912 936256 63098716    0    0     0     0 33684 17120  0  2 98  0
 0  0  34228 3912712 936256 63099668    0    0     0  2292 37527 18078  0  2 98  0
 1  0  34228 3911936 936256 63099988    0    0     0     0 44618 19336  1  2 97  0
 1  0  34228 3912264 936256 63101112    0    0   256    40 35243 17545  1  2 98  0
 0  0  34228 3907340 936256 63104472    0    0  1072     0 33194 18197  1  2 98  0
 0  0  34228 3905060 936256 63107380    0    0   960     0 38884 17821  1  2 98  0
procs -----------memory---------- ---swap-- -----io---- -system-- ----cpu----
 r  b   swpd   free   buff  cache   si   so    bi    bo   in   cs us sy id wa
 1  0  34228 3902156 936256 63110780    0    0  1088  2280 40184 19582  1  2 97  0
 0  0  34228 3898232 936256 63113624    0    0  1024     0 41335 19098  1  2 97  0
 1  0  34228 3895576 936256 63116280    0    0  1024    28 39584 20126  1  2 98  0
 0  0  34228 3892960 936256 63119260    0    0  1024     0 40416 18974  1  2 98  0
 0  0  34228 3886652 936256 63122436    0    0  1088 19038 39062 18475  2  2 96  0
 1  0  34228 3884544 936256 63125592    0    0  1024     0 39760 18987  1  2 97  0
 0  0  34228 3881756 936256 63128412    0    0  1024     0 41328 18781  1  2 97  0
 0  0  34228 3878912 936256 63131612    0    0   960    36 39257 19551  0  2 98  0
 1  0  34228 3875448 936256 63134492    0    0  1024     0 43949 17990  1  2 97  0
 2  0  34228 3873188 936256 63136988    0    0  1024     0 37680 18823  1  2 98  0
 0  0  34228 3870868 936256 63140192    0    0  1024    10 30869 16876  0  1 98  0
 1  0  34228 3867448 936256 63143008    0    0  1024     0 40722 18698  1  2 98  0
 1  0  34228 3864700 936256 63145892    0    0  1088    12 44516 19385  1  2 97  0
 0  0  34228 3861876 936256 63148900    0    0  1024     0 46793 19338  1  2 97  0
 0  0  34228 3858508 936256 63152100    0    0   960     0 38791 18183  1  2 98  0
 0  0  34228 3856612 936256 63154632    0    0  1024  6808 34908 17987  1  1 98  0
 0  0  34228 3852880 936256 63157800    0    0  1024     0 41608 19128  1  2 97  0
 1  0  34228 3850356 936256 63160812    0    0  1024    30 38055 19166  1  2 98  0
 0  0  34228 3846084 936256 63163604    0    0  1024     0 33705 18670  1  2 98  0
 0  0  34228 3842924 936256 63166644    0    0  1024     0 39932 18666  1  2 98  0
 0  0  34228 3841448 936256 63169268    0    0  1024    26 37163 18258  1  2 98  0
procs -----------memory---------- ---swap-- -----io---- -system-- ----cpu----
 r  b   swpd   free   buff  cache   si   so    bi    bo   in   cs us sy id wa
 0  0  34228 3838756 936256 63172532    0    0  1024     0 37035 19123  1  2 98  0
 0  0  34228 3836252 936256 63175276    0    0  1024  3378 43135 19687  1  2 97  0
 1  0  34228 3833420 936256 63178348    0    0  1024     0 42542 18183  1  2 97  0
 1  0  34228 3830812 936256 63180972    0    0  1024     0 28462 17392  1  1 98  0
 0  0  34228 3828224 936256 63183876    0    0  1024    34 31786 17535  0  2 98  0
 0  0  34228 3825340 936256 63186500    0    0  1024     0 39016 18779  1  2 98  0
 2  0  34228 3822380 936260 63189696    0    0  1024  2252 34898 17576  1  2 98  0
 1  0  34228 3819664 936260 63192936    0    0   960     0 31469 17423  0  1 98  0
 0  0  34228 3816764 936260 63195812    0    0  1088     0 29975 17061  0  1 98  0
 0  0  34228 3813688 936260 63198568    0    0  1024    10 32647 17175  1  2 98  0
 2  0  34228 3811800 936260 63200780    0    0  1024     0 39191 18649  1  2 98  0
 0  0  34228 3807876 936264 63204772    0    0  1026  2290 42664 19338  1  2 97  0
 1  0  34228 3804856 936264 63207280    0    0  1024    30 41679 19625  1  2 98  0
 0  0  34228 3802372 936264 63210072    0    0  1024     0 31905 17142  0  2 98  0
 1  0  34228 3798164 936264 63212828    0    0   960 19042 35621 18321  1  2 97  0
 0  0  34228 3796376 936264 63215124    0    0  1024     0 49780 18716  1  2 97  0
 1  0  34228 3793472 936264 63218804    0    0  1088    32 39566 19079  1  2 97  0
 0  0  34228 3789924 936264 63222264    0    0  1024     0 42114 18093  1  2 97  0
 1  0  34228 3787728 936264 63224732    0    0  1024     0 34508 17210  0  1 98  0
 0  0  34228 3784084 936264 63227484    0    0  1024     8 38883 19095  0  2 98  0
 1  0  34228 3780760 936264 63230712    0    0  1024     0 45123 18998  1  2 97  0
procs -----------memory---------- ---swap-- -----io---- -system-- ----cpu----
 r  b   swpd   free   buff  cache   si   so    bi    bo   in   cs us sy id wa
 0  0  34228 3778120 936264 63233376    0    0   960     0 39827 18459  1  2 97  0
 1  0  34228 3776024 936264 63236092    0    0  1024    10 26723 15630  0  1 98  0
 1  0  34228 3773120 936264 63239004    0    0  1024     0 33896 17595  1  2 98  0
 0  0  34228 3769704 936264 63242328    0    0  1088  5288 41620 19672  1  2 97  0
 0  0  34228 3766720 936264 63245208    0    0  1024     0 43450 19455  1  2 97  0
 1  0  34228 3763936 936264 63248100    0    0  1024     0 44292 19075  1  2 97  0
 1  0  34228 3760092 936264 63250596    0    0  1024    26 35836 18276  1  2 98  0
 1  0  34228 3756944 936264 63253416    0    0  1024     0 34566 17444  1  2 98  0
 0  0  34228 3753716 936264 63257092    0    0   960     8 34650 17748  1  2 98  0
 1  0  34228 3750720 936264 63259712    0    0  1024     0 44867 20059  1  2 97  0
 1  0  34228 3748676 936264 63262308    0    0  1024  3380 44633 18961  1  2 97  0
 1  0  34228 3745820 936264 63265404    0    0  1034    36 37266 18654  1  2 98  0
 2  0  34228 3743728 936264 63268220    0    0  1024     0 29620 16406  0  1 98  0
 0  0  34228 3740288 936264 63271332    0    0  1024     0 30891 16818  0  1 98  0
 0  0  34228 3737808 936264 63273728    0    0  1024    32 29106 16864  1  1 98  0
 0  0  34228 3735116 936264 63276740    0    0   960     0 37220 18317  0  2 98  0
 2  0  34228 3732988 936264 63279272    0    0  1024    10 45816 18653  1  2 97  0
 0  0  34228 3729316 936264 63282212    0    0  1024     0 44848 18796  1  2 97  0
 0  0  34228 3726168 936268 63286148    0    0  1024  3268 34257 17368  1  2 98  0
 0  0  34228 3723468 936268 63288620    0    0  1024    32 36077 19275  1  2 98  0
 2  0  34228 3719660 936268 63292124    0    0  1268     0 39490 19156  1  2 96  1
procs -----------memory---------- ---swap-- -----io---- -system-- ----cpu----
 r  b   swpd   free   buff  cache   si   so    bi    bo   in   cs us sy id wa
 1  0  34228 3716380 936268 63295372    0    0  1056   160 39576 17932  1  2 98  0
 1  0  34228 3714036 936268 63297192    0    0   960     2 34387 18069  1  1 98  0
 0  0  34228 3709464 936268 63300748    0    0  1088 21332 42979 19666  2  2 96  0
 1  0  34228 3707192 936268 63303052    0    0  1024     0 38959 18658  1  2 98  0
 0  0  34228 3704172 936268 63306308    0    0  1024     0 38046 18541  0  2 98  0
 1  0  34228 3702020 936268 63309228    0    0  1024    36 33134 17922  1  2 98  0
 0  0  34228 3698528 936268 63312548    0    0  1088     0 32906 17783  0  2 98  0
 2  0  34228 3696184 936268 63315244    0    0  1024     0 35798 19105  1  2 98  0
 1  0  34228 3692852 936268 63318472    0    0   960     8 39553 18193  1  2 97  0
 1  0  34228 3689896 936268 63321548    0    0  1024     0 39397 18578  1  2 97  0
 0  0  34228 3688084 936268 63323600    0    0  1024     0 31273 16309  0  2 98  0
 2  0  34228 3684980 936268 63326864    0    0  1024    10 30470 17759  1  2 98  0
 1  0  34228 3682480 936268 63329048    0    0  1024  4386 35451 19486  1  3 97  0
 1  0  34228 3678916 936268 63332628    0    0  1024    30 34479 23961  1  5 94  0
 0  0  34228 3675644 936268 63335760    0    0  1088     0 38762 20676  1  3 97  0
 1  0  34228 3672120 936268 63338300    0    0   960     0 34834 18309  1  2 98  0
 2  0  34228 3668204 936268 63341176    0    0  1024    30 40403 19250  1  2 97  0
 0  0  34228 3665652 936268 63343896    0    0  1024     0 29528 16976  0  1 98  0
 1  0  34228 3662872 936268 63346588    0    0  1024     0 35050 19100  1  2 98  0
 1  0  34228 3661124 936268 63349688    0    0  1024  3404 33695 17357  0  2 98  0
 2  0  34228 3656916 936268 63353108    0    0  1024     0 42723 18817  1  2 98  0
procs -----------memory---------- ---swap-- -----io---- -system-- ----cpu----
 r  b   swpd   free   buff  cache   si   so    bi    bo   in   cs us sy id wa
 1  0  34228 3654240 936268 63355764    0    0  1024    44 43642 19777  1  2 97  0
 0  0  34228 3650816 936272 63358496    0    0  1024     0 40618 19980  1  2 98  0
 0  0  34228 3648252 936272 63361440    0    0  1024     0 36211 18935  0  2 98  0
 1  0  34228 3644884 936272 63364648    0    0  1024  2354 42197 19563  1  2 97  0
 1  0  34228 3642200 936272 63367556    0    0  1024     0 37965 19142  1  2 98  0
 0  0  34228 3639772 936272 63370344    0    0  1024     0 29838 17002  0  1 98  0
 1  0  34228 3636896 936272 63373124    0    0  1024    28 42196 18838  1  2 97  0
 1  0  34228 3633384 936272 63376040    0    0  1024     0 43490 19792  1  2 97  0
 0  0  34228 3630388 936272 63379624    0    0  1024  2382 37568 19088  1  2 98  0
 0  0  34228 3627332 936272 63382248    0    0  1024    28 39506 19280  1  2 97  0
 1  0  34228 3624732 936272 63385636    0    0  1024     0 36124 18445  1  2 98  0
 0  0  34228 3622068 936272 63388268    0    0  1024    12 38780 19116  1  2 98  0
 1  0  34228 3618740 936272 63391212    0    0  1024 19038 42996 20358  2  2 96  0
 2  0  34228 3615940 936272 63394096    0    0  1024     0 45204 18417  1  2 97  0
 1  0  34228 3613728 936272 63397352    0    0  1024    30 34621 18339  1  2 98  0
 1  0  34228 3610624 936272 63400084    0    0  1024     0 28866 17026  0  1 98  0
 2  0  34228 3607408 936272 63403056    0    0   960     0 36225 18276  0  2 98  0
 1  0  34228 3605256 936272 63405424    0    0  1088    10 42098 18980  0  2 98  0
 1  0  34228 3602100 936272 63408816    0    0  1024     0 40892 19234  1  2 97  0
 0  0  34228 3598388 936272 63412108    0    0  1024     0 39462 18689  1  2 98  0
 2  0  34228 3595336 936272 63414388    0    0  1024    12 31209 17236  1  1 98  0
procs -----------memory---------- ---swap-- -----io---- -system-- ----cpu----
 r  b   swpd   free   buff  cache   si   so    bi    bo   in   cs us sy id wa
 1  0  34228 3592664 936272 63417780    0    0  1024  5568 39985 18347  1  2 97  0
 1  0  34228 3589672 936272 63420088    0    0  1024     0 41961 18727  1  2 97  0
 1  0  34228 3587148 936272 63423284    0    0   960    28 30849 17509  0  1 98  0
 1  0  34228 3582216 936272 63426104    0    0  1024     0 40669 18166  1  2 98  0
 0  0  34228 3578876 936272 63428732    0    0  1024    28 44732 19276  1  2 97  0
 0  0  34228 3576564 936272 63431996    0    0  1088     0 36200 17300  1  2 98  0
 0  0  34228 3573764 936272 63435136    0    0  1024     0 35860 17999  0  2 98  0
 2  0  34228 3571420 936272 63437884    0    0  1024  3298 36475 18736  1  2 98  0
 2  0  34228 3568372 936272 63441300    0    0  1024     0 35093 18266  1  2 98  0
 0  0  34228 3565160 936272 63443460    0    0   960    46 33886 17228  1  2 98  0
 1  0  34228 3564072 936272 63445952    0    0  1024     0 44401 18514  1  2 97  0
 3  0  34228 3539936 936272 63462244    0    0  1024   684 60656 22477  4  3 93  0
 1  0  34228 3527236 936272 63475156    0    0  1024     0 30843 17963  2  2 96  0
 2  0  34228 3524592 936272 63478408    0    0  1034     0 30381 16589  0  2 98  0
 1  0  34228 3522988 936272 63480924    0    0  1024    60 30435 17799  1  2 97  0
 3  0  34228 3519648 936276 63483880    0    0  1024 15440 38102 19179  1  2 97  0
 1  0  34228 3516328 936276 63486992    0    0   960     0 47970 19164  1  2 97  0
 2  0  34228 3513812 936276 63489748    0    0  1024    78 43277 18750  1  2 97  0
 0  0  34228 3511836 936276 63493012    0    0  1024     0 31079 17162  0  1 98  0
 0  0  34228 3509260 936276 63495664    0    0  1024     0 30303 16852  0  1 98  0
 1  0  34228 3507024 936276 63498708    0    0  1024    10 32383 17487  0  2 98  0
procs -----------memory---------- ---swap-- -----io---- -system-- ----cpu----
 r  b   swpd   free   buff  cache   si   so    bi    bo   in   cs us sy id wa
 1  0  34228 3503828 936276 63501528    0    0  1024 19034 33699 18288  2  2 97  0
 1  1  34228 3501980 936276 63504232    0    0   870     0 37802 19915  1  2 94  3
 1  1  34228 3499008 936276 63506624    0    0   922     0 32038 18675  1  1 94  4
 0  1  34228 3496012 936276 63509524    0    0   966   894 28384 17357  0  1 94  4
 5  1  34228 3493976 936276 63511588    0    0   932     0 32419 19530  0  2 94  4
 0  1  34228 3507604 936276 63495040    0    0   956  3214 39733 21460  1  2 94  3
 1  0  34228 3507144 936276 63495320    0    0   414     0 41364 19183  1  2 95  2
 1  0  34228 3507556 936276 63496308    0    0     0     0 34864 17630  1  2 98  0
 1  0  34228 3506552 936276 63497176    0    0     0   394 27949 16428  1  1 98  0
 0  0  34228 3506608 936276 63497880    0    0     0  8538 47866 18809  1  2 97  0
 1  0  34228 3505972 936276 63498716    0    0     0    66 44313 20253  1  2 97  0
 1  0  34228 3505868 936276 63500060    0    0     0     0 26072 16313  1  1 98  0
 1  0  34228 3504312 936276 63500708    0    0     0     0 30772 17265  0  1 98  0
 0  0  34228 3502716 936276 63501476    0    0     0    30 45883 19725  1  2 97  0
 2  0  34228 3501760 936276 63502560    0    0     0     0 39073 19048  1  2 97  0
 1  0  34228 3502084 936276 63503460    0    0     0     0 41247 19174  1  2 97  0
 0  0  34228 3501968 936276 63504156    0    0     0  3406 36142 18931  1  2 98  0
 1  0  34228 3500064 936276 63505056    0    0     0     0 35815 18505  1  2 98  0
 0  0  34228 3499720 936276 63505820    0    0     0    44 36810 18093  1  2 98  0
 2  0  34228 3498716 936276 63506516    0    0     0     0 41085 19617  1  2 97  0
 0  0  34228 3497540 936276 63507668    0    0     0     0 30191 17068  0  1 98  0
procs -----------memory---------- ---swap-- -----io---- -system-- ----cpu----
 r  b   swpd   free   buff  cache   si   so    bi    bo   in   cs us sy id wa
 0  0  34228 3497812 936276 63508432    0    0     0  2262 38567 18259  1  2 98  0
 2  0  34228 3496472 936276 63509400    0    0     0     0 44992 19740  1  2 97  0
 2  0  34228 3496028 936276 63510616    0    0     0    28 36512 18700  1  2 98  0
 1  0  34228 3495400 936276 63511640    0    0     0     0 37590 18516  1  2 98  0
 1  0  34228 3495816 936276 63511900    0    0     0     0 36524 17883  0  2 98  0
 1  0  34228 3494344 936276 63512732    0    0     0  2202 35756 18215  1  2 98  0
 3  0  34228 3493736 936276 63513820    0    0     0     0 33380 17904  1  1 98  0
 0  0  34228 3492208 936276 63514528    0    0     0     0 43838 19328  1  2 97  0
 1  0  34228 3491528 936276 63515488    0    0     0    40 33072 17797  0  2 98  0
 0  0  34228 3490716 936276 63516384    0    0     0     0 31235 15937  1  1 98  0
 1  0  34228 3489272 936276 63517028    0    0     0 19040 33768 17009  1  2 97  0
 1  0  34228 3489160 936276 63517728    0    0     0     0 42872 19012  1  2 97  0
 0  0  34228 3487992 936276 63518500    0    0     0    28 48680 18719  1  2 97  0
 0  0  34228 3487352 936276 63519776    0    0     0     0 34084 17235  1  1 98  0
 2  0  34228 3486892 936276 63520164    0    0     0     0 46873 18450  1  2 97  0
 1  0  34228 3485140 936276 63521248    0    0     0    12 40364 19013  1  2 97  0
 0  0  34228 3484452 936276 63522288    0    0     8     0 29794 16704  0  1 98  0
 1  0  34228 3482828 936276 63523004    0    0     4    20 31663 17456  0  1 98  0
 1  0  34228 3482788 936276 63523648    0    0     0     0 39319 17899  1  2 98  0
 1  0  34228 3481288 936276 63524412    0    0     0     0 40807 19377  1  2 97  0
 0  0  34228 3480820 936280 63525884    0    0     0  6766 38447 19392  1  2 98  0
procs -----------memory---------- ---swap-- -----io---- -system-- ----cpu----
 r  b   swpd   free   buff  cache   si   so    bi    bo   in   cs us sy id wa
 1  0  34228 3479208 936280 63526596    0    0     0     0 33057 18367  1  2 98  0
 2  0  34228 3477868 936280 63527364    0    0     0     0 35713 19229  1  2 98  0
 1  0  34228 3477368 936280 63528396    0    0     4    52 30364 16258  0  1 98  0
 1  0  34228 3475912 936280 63529236    0    0     0     0 40579 18918  1  2 97  0
 0  0  34228 3477516 936280 63529552    0    0     0    28 45271 18466  1  2 97  0
 1  0  34228 3475672 936280 63530964    0    0     0     0 43152 17868  1  2 97  0
 1  0  34228 3474656 936280 63532268    0    0     0     0 42142 18159  1  2 98  0
 1  0  34228 3473988 936280 63532732    0    0     0  3366 39390 19868  1  2 98  0
 0  0  34228 3472720 936280 63533764    0    0     4     0 37156 18624  1  2 98  0
 2  0  34228 3472400 936280 63534480    0    0     0    54 46900 19092  1  2 97  0
 0  0  34228 3471640 936280 63535820    0    0     0     0 38648 18140  1  2 98  0
 1  0  34228 3470136 936280 63536720    0    0     0     0 41662 19636  1  2 97  0
 0  0  34228 3470648 936280 63537048    0    0     4  2282 37120 18682  1  2 98  0
 1  0  34228 3469496 936280 63538264    0    0     0     0 36116 18717  0  2 98  0
 0  0  34228 3468888 936280 63539516    0    0     0    44 33144 17953  0  2 98  0
 0  0  34228 3468212 936280 63540288    0    0     4     0 37795 18734  1  2 98  0
 1  0  34228 3466408 936280 63540388    0    0     0     0 43293 19306  1  2 97  0
 2  0  34228 3466472 936280 63542400    0    0     0  2236 42765 18321  1  2 97  0
 1  0  34228 3465696 936280 63542560    0    0     0     0 39753 18918  0  2 98  0
 1  0  34228 3463000 936280 63543596    0    0     4 20204 32646 17554  1  2 97  0
 1  0  34228 3462624 936280 63544524    0    0     0     0 32199 17654  0  2 98  0
procs -----------memory---------- ---swap-- -----io---- -system-- ----cpu----
 r  b   swpd   free   buff  cache   si   so    bi    bo   in   cs us sy id wa
 1  0  34228 3461576 936280 63545520    0    0     0     0 37382 18152  1  2 98  0
 0  0  34228 3460952 936280 63545644    0    0     0    34 43837 19201  1  2 97  0
 1  0  34228 3460212 936280 63546864    0    0     0     0 35174 16582  0  2 98  0
 1  0  34228 3458620 936280 63547572    0    0     0     0 43674 18596  1  2 97  0
 2  0  34228 3458528 936280 63548916    0    0     0    10 36471 18224  1  2 98  0
 0  0  34228 3457332 936280 63549680    0    0     0     0 45236 18987  1  2 97  0
 0  0  34228 3456832 936280 63550388    0    0     0  3360 40342 17101  1  2 98  0
 1  0  34228 3456172 936280 63551700    0    0     0     0 26091 15451  0  1 98  0
 1  0  34228 3455708 936280 63551864    0    0     0     0 30765 17395  0  1 98  0
 0  0  34228 3453872 936280 63552516    0    0     0    16 44871 19258  1  2 97  0
 0  0  34228 3452080 936280 63553988    0    0     0     0 34613 16538  0  2 98  0
 0  0  34228 3451960 936280 63554756    0    0     0  2140 27070 16625  0  1 98  0
 2  0  34228 3451200 936280 63555588    0    0     0    54 37829 18839  1  2 98  0
 1  0  34228 3451584 936280 63555792    0    0     8   896 47486 19167  1  2 97  0
 0  0  34228 3449788 936280 63557268    0    0     0    46 41302 18061  1  2 97  0
 0  0  34228 3448244 936280 63558096    0    0     0     0 38597 19425  1  2 98  0
 1  0  34228 3447972 936284 63558868    0    0     0  1320 36683 19079  1  2 98  0
 1  0  34228 3447388 936284 63560092    0    0     0    34 33723 17877  1  1 98  0
 1  0  34228 3446048 936284 63560860    0    0     0     0 35669 18674  1  2 98  0
 1  0  34228 3444964 936284 63561348    0    0     0    22 40619 17967  1  2 97  0
 2  0  34228 3443764 936284 63563040    0    0     0     0 42746 19367  1  2 97  0
procs -----------memory---------- ---swap-- -----io---- -system-- ----cpu----
 r  b   swpd   free   buff  cache   si   so    bi    bo   in   cs us sy id wa
 0  0  34228 3443232 936284 63563140    0    0     0  2394 36224 18012  1  2 98  0
 0  0  34228 3442676 936284 63564512    0    0     0    28 35578 17984  1  2 98  0
 1  0  34228 3441884 936284 63565284    0    0     0  1038 41232 18707  1  2 97  0
 1  0  34228 3440636 936284 63566152    0    0     0     0 45043 19568  1  2 97  0
 0  0  34228 3439252 936284 63567468    0    0     4    26 34212 16486  0  2 98  0
 1  0  34228 3438472 936284 63567568    0    0     0  1172 24660 14947  0  1 99  0
 1  0  34228 3437580 936284 63568208    0    0     0    26 37263 19106  1  2 98  0
 1  0  34228 3437356 936284 63569584    0    0     0  1110 44038 18773  1  2 97  0
 0  0  34228 3434756 936284 63570132    0    0     0 19048 50273 19668  2  3 96  0
 0  0  34228 3434984 936284 63571156    0    0     0     0 28977 15634  0  1 98  0
 0  0  34228 3433848 936284 63571860    0    0     0     0 34712 18240  1  1 98  0
 1  0  34228 3432148 936284 63573232    0    0     0    28 45992 19404  1  2 97  0
 0  0  34228 3431572 936284 63573940    0    0     0     0 41766 19289  1  2 97  0
 1  0  34228 3430920 936284 63574808    0    0     0     0 37216 18821  1  2 98  0
 1  0  34228 3430488 936284 63575508    0    0     0    10 36276 18895  1  2 98  0
 0  0  34228 3429152 936284 63576884    0    0     0  3356 39953 18962  1  2 97  0
 1  0  34228 3428608 936284 63577108    0    0     0    26 35099 17072  1  2 98  0
 1  0  34228 3426932 936284 63578488    0    0     0     0 35311 18623  1  2 98  0
 1  0  34228 3424520 936284 63579320    0    0     0     0 38557 18351  1  2 98  0
 1  0  34228 3424400 936284 63580280    0    0     0    26 44439 19704  1  2 97  0
 1  0  34228 3423160 936284 63580792    0    0     0  2140 43709 19267  1  2 97  0
procs -----------memory---------- ---swap-- -----io---- -system-- ----cpu----
 r  b   swpd   free   buff  cache   si   so    bi    bo   in   cs us sy id wa
 1  0  34228 3422576 936284 63582204    0    0     4    30 38663 18804  1  2 98  0
 0  0  34228 3421856 936284 63582908    0    0     0     0 36112 19274  0  2 98  0
 1  0  34228 3421388 936284 63583684    0    0     4     0 38742 19485  1  2 97  0
 0  0  34228 3420920 936284 63584364    0    0     0    34 38410 19134  1  2 98  0
 1  0  34228 3419400 936288 63585860    0    0     0  2478 40620 19262  1  2 97  0
 1  0  34228 3419160 936288 63586084    0    0     0    50 36723 17820  1  2 98  0
 2  0  34228 3418412 936288 63586792    0    0     0     0 40603 18874  1  2 97  0
 0  0  34228 3417512 936288 63587496    0    0     0     0 37393 18613  0  2 98  0
 0  0  34228 3416908 936288 63588776    0    0     0    10 32566 18093  1  1 98  0
 2  0  34228 3416156 936288 63589416    0    0     0  2172 32695 18359  1  1 98  0
 0  0  34228 3415452 936288 63590376    0    0     0    30 35182 18066  1  2 98  0
 0  0  34228 3414496 936288 63591088    0    0     0     0 33200 18437  1  1 98  0
 0  0  34228 3412608 936288 63591792    0    0     0     0 43039 19171  1  2 97  0
 0  0  34228 3411936 936288 63592944    0    0     0    10 37086 18031  1  2 98  0
15  0  34228 3411388 936288 63593648    0    0     0  2226 27162 16387  0  1 98  0
 1  0  34228 3410964 936288 63594604    0    0     0     0 38969 18199  1  2 98  0
 0  0  34228 3409952 936288 63595252    0    0     0   918 37438 18236  0  2 98  0
 0  0  34228 3409348 936288 63596252    0    0     0 19048 43111 19452  2  2 96  0
 1  0  34228 3407556 936288 63597648    0    0     0     0 38978 19413  1  2 98  0
 1  0  34228 3406876 936288 63598068    0    0     0     0 40468 18527  1  2 97  0
 0  0  34228 3406544 936288 63598644    0    0     0    30 33708 18594  1  2 98  0
procs -----------memory---------- ---swap-- -----io---- -system-- ----cpu----
 r  b   swpd   free   buff  cache   si   so    bi    bo   in   cs us sy id wa
 0  0  34228 3405000 936288 63599928    0    0     0     0 36205 18160  1  2 98  0
 0  0  34228 3404384 936288 63600696    0    0     0     0 40466 18412  1  2 98  0
 1  0  34228 3402820 936288 63602004    0    0     0    10 40506 18799  1  2 97  0
 0  0  34228 3402888 936288 63603024    0    0     0     0 40949 19857  1  2 97  0
 0  0  34228 3401716 936288 63603668    0    0     0    12 44261 18858  1  2 97  0
 2  0  34228 3400652 936292 63604340    0    0     0  4614 37761 19626  1  2 98  0
 1  0  34228 3399212 936292 63605376    0    0     0     0 35561 18122  0  2 98  0
 0  0  34228 3398248 936292 63606148    0    0     0    48 39040 18704  1  2 98  0
 2  0  34228 3396728 936292 63606852    0    0     0     0 44024 19896  1  2 97  0
 1  0  34228 3396776 936292 63608132    0    0     0     0 34755 16846  0  2 98  0
 1  0  34228 3396828 936292 63608896    0    0     0  2472 32059 17246  0  2 98  0
 1  0  34228 3396324 936292 63609600    0    0     0     0 38867 17761  1  2 98  0
 1  0  34228 3395636 936292 63610372    0    0     0    48 42362 18935  1  2 97  0
 1  0  34228 3395100 936292 63611612    0    0     0   840 38882 18079  1  2 98  0
 1  0  34228 3394160 936292 63612212    0    0     0     0 39217 19668  1  3 96  0
 0  0  34228 3392788 936292 63613368    0    0     0  1540 42764 19577  1  2 97  0
 0  0  34228 3390932 936292 63614340    0    0     0     0 43001 19241  1  2 97  0
 0  0  34228 3390696 936292 63615296    0    0     0    38 36611 18364  0  2 98  0
 0  0  34228 3389796 936292 63616000    0    0     0   926 31870 17481  0  1 98  0
 0  0  34228 3388300 936292 63616768    0    0     0     0 39827 18342  1  2 97  0
 1  0  34228 3388268 936292 63617476    0    0     0  1120 43226 18718  1  2 97  0
procs -----------memory---------- ---swap-- -----io---- -system-- ----cpu----
 r  b   swpd   free   buff  cache   si   so    bi    bo   in   cs us sy id wa
 1  0  34228 3386732 936292 63618820    0    0     0     0 37853 18491  1  2 98  0
 0  0  34228 3385756 936292 63619648    0    0     0    26 42819 18545  1  2 97  0
 1  0  34228 3385620 936292 63620612    0    0     0  1490 44311 19801  1  2 97  0
 1  0  34228 3384716 936292 63621120    0    0     0     0 34592 18026  1  2 98  0
 2  0  34228 3383296 936292 63622272    0    0     0  1054 35189 18884  1  2 98  0
 0  0  34228 3382736 936292 63622664    0    0     0     0 40767 16797  1  2 98  0
 1  0  34228 3380128 936292 63624020    0    0     0 19052 44291 20582  2  2 96  0
 0  0  34228 3379160 936292 63625304    0    0     0     0 37272 18378  1  2 98  0
 1  0  34228 3378352 936292 63626200    0    0     0    28 24973 15822  0  1 99  0
 0  0  34228 3378368 936292 63626204    0    0     0     0 36375 18555  0  2 98  0
 0  0  34228 3377076 936292 63626952    0    0     0     0 40234 17836  1  2 98  0
 0  0  34228 3376700 936292 63628364    0    0     0    10 48267 19393  1  3 97  0
 2  0  34228 3376372 936292 63629068    0    0     0     0 33784 18190  0  2 98  0
 0  0  34228 3375148 936292 63629960    0    0     0    14 34382 18672  1  2 98  0
 1  0  34228 3373840 936296 63630864    0    0     0  4302 45094 19015  1  2 97  0
 0  0  34228 3372144 936296 63631704    0    0     0     0 34467 17250  1  2 98  0
 2  0  34228 3370988 936296 63632792    0    0     0    56 31931 16434  0  2 98  0
 2  0  34228 3370476 936296 63633304    0    0     0     0 38528 18331  1  2 98  0
 0  0  34228 3368764 936296 63634132    0    0     0     8 46361 18798  1  2 97  0
 1  0  34228 3369308 936296 63635152    0    0     0  2268 38685 18426  1  2 97  0
 1  0  34228 3367740 936296 63636436    0    0     0     0 26567 13034  0  1 98  0
procs -----------memory---------- ---swap-- -----io---- -system-- ----cpu----
 r  b   swpd   free   buff  cache   si   so    bi    bo   in   cs us sy id wa
 0  0  34228 3367848 936296 63636500    0    0     0    50  334  852  0  0 100  0
 2  0  34228 3368096 936296 63636500    0    0     0   750  383  908  0  0 100  0
 0  0  34228 3368452 936296 63636512    0    0     4     0  353  942  0  0 100  0
 1  0  34228 3368420 936296 63636528    0    0     0    40  329  861  0  0 100  0
 0  0  34228 3368708 936296 63636528    0    0     0     0  305  842  0  0 100  0
 0  0  34228 3368740 936296 63636528    0    0     0     0  300  814  0  0 100  0
 0  0  34228 3368888 936296 63636528    0    0     0    10  322  870  0  0 100  0
 1  0  34228 3369012 936296 63636528    0    0     0     0  358  959  0  0 100  0
 0  0  34228 3369200 936296 63636532    0    0     0     0  306  816  0  0 100  0
 0  0  34228 3369416 936296 63636540    0    0     4    14  355  928  0  0 100  0
 0  0  34228 3360744 936296 63638584    0    0     4     0 16228 4400  3  1 97  0
 0  0  34228 3360560 936296 63639368    0    0     0  1692  390  934  0  0 100  0
 0  0  34228 3361088 936296 63639368    0    0     0    80  331  919  0  0 100  0
 0  0  34228 3361428 936296 63639368    0    0     0     0  308  826  0  0 100  0
 0  0  34228 3362028 936296 63639368    0    0     0     0  328  879  0  0 100  0
 0  0  34228 3360972 936296 63639768    0    0     0 19042  541 1019  1  0 99  0
 1  0  34228 3361488 936296 63639804    0    0     0     0  315  874  0  0 100  0
 0  0  34228 3361768 936296 63639804    0    0     0     0  346  974  0  0 100  0
 0  0  34228 3362388 936296 63639804    0    0     0    32  330  838  0  0 100  0
 0  0  34228 3362844 936296 63639804    0    0     0     0  330  876  0  0 100  0
 1  0  34228 3363248 936296 63639808    0    0     0     8  314  814  0  0 100  0
procs -----------memory---------- ---swap-- -----io---- -system-- ----cpu----
 r  b   swpd   free   buff  cache   si   so    bi    bo   in   cs us sy id wa
 0  0  34228 3363496 936296 63639780    0    0     0     0  418  944  0  0 100  0
 0  0  34228 3364032 936296 63639788    0    0     4     0  359 1000  0  0 100  0
 0  0  34228 3364156 936296 63639788    0    0     0    18  325  858  0  0 100  0
 1  0  34228 3362292 936296 63639792    0    0     4     0  436 1042  0  0 100  0
 0  0  34228 3359376 936296 63639780    0    0     0  2006  604 1606  1  0 99  0
 0  0  34228 3360336 936296 63639664    0    0     0    24  374  926  0  0 100  0
 0  0  34228 3360700 936296 63639672    0    0     4     0  360  973  0  0 100  0
 1  0  34228 3361748 936296 63639672    0    0     0   256  336  845  0  0 100  0
 0  0  34228 3362392 936296 63639680    0    0     0     0  401  947  0  0 100  0
 0  0  34228 3362812 936296 63639680    0    0     0    32  369  957  0  0 100  0
 0  0  34228 3363484 936296 63639680    0    0     0     4  375  875  0  0 100  0
 1  0  34228 3363760 936296 63639680    0    0     0     0  343  906  0  0 100  0
 0  0  34228 3364292 936296 63639700    0    0     0    34  383  932  0  0 100  0
 0  0  34228 3364652 936296 63639700    0    0     0     0  318  863  0  0 100  0
 0  0  34228 3364940 936296 63639700    0    0     0     0  383  969  0  0 100  0
 0  0  34228 3364952 936296 63639700    0    0     0     6  332  829  0  0 100  0
 0  0  34228 3364960 936296 63639700    0    0     0     0  349  934  0  0 100  0
 0  0  34228 3365248 936296 63639700    0    0     0     8  331  844  0  0 100  0
 0  0  34228 3365264 936296 63639700    0    0     0    16  363  931  0  0 100  0
